[ 2017-07-13T19:33:38+08:00 ] ::1 /news1/index.php
INFO: [ app_init ] --START--
INFO: Run Behavior\BuildLiteBehavior [ RunTime:0.000000s ]
INFO: [ app_init ] --END-- [ RunTime:0.003000s ]
INFO: [ app_begin ] --START--
INFO: Run Behavior\ReadHtmlCacheBehavior [ RunTime:0.002000s ]
INFO: [ app_begin ] --END-- [ RunTime:0.002000s ]
SQL: SELECT * FROM `category` WHERE ( parent_id=0 )  [ RunTime:0.0230s ]
SQL: SELECT * FROM `article` WHERE ( cate_id=4  and is_checked=1 ) ORDER BY id desc  [ RunTime:0.0120s ]
SQL: SELECT * FROM `article` WHERE ( cate_id=5  and is_checked=1 ) ORDER BY id desc  [ RunTime:0.0010s ]
SQL: SELECT * FROM `article` WHERE ( cate_id=7  and is_checked=1 ) ORDER BY id desc  [ RunTime:0.0010s ]
SQL: SELECT * FROM `article` WHERE ( cate_id=6  and is_checked=1 ) ORDER BY id desc  [ RunTime:0.0010s ]
SQL: SELECT * FROM `article` WHERE ( is_checked=1 ) ORDER BY click_num desc LIMIT 0,10   [ RunTime:0.0010s ]
SQL: SELECT * FROM `article` WHERE ( is_checked=1 ) ORDER BY cmt_num desc LIMIT 0,10   [ RunTime:0.0010s ]
SQL: SELECT * FROM `article` WHERE ( cate_id=24 and is_checked=1 ) ORDER BY id desc LIMIT 0,8   [ RunTime:0.0010s ]
INFO: [ view_parse ] --START--
INFO: [ template_filter ] --START--
INFO: Run Behavior\ContentReplaceBehavior [ RunTime:0.000000s ]
INFO: [ template_filter ] --END-- [ RunTime:0.000000s ]
NOTIC: [8] Undefined variable: cookie D:\www\news1\application\Runtime\Cache\Home\0e9f9964b50249c273d1dbef3ee7dd51.php 第 52 行.
NOTIC: [8] Undefined variable: IP D:\www\news1\application\Runtime\Cache\Home\0e9f9964b50249c273d1dbef3ee7dd51.php 第 260 行.
INFO: Run Behavior\ParseTemplateBehavior [ RunTime:0.046000s ]
INFO: [ view_parse ] --END-- [ RunTime:0.047000s ]
INFO: [ view_filter ] --START--
INFO: Run Behavior\WriteHtmlCacheBehavior [ RunTime:0.010000s ]
INFO: [ view_filter ] --END-- [ RunTime:0.010000s ]
INFO: [ app_end ] --START--
INFO: Run Behavior\ShowPageTraceBehavior [ RunTime:0.002000s ]
INFO: [ app_end ] --END-- [ RunTime:0.002000s ]

[ 2017-07-13T19:36:40+08:00 ] ::1 /news1/index.php
INFO: [ app_init ] --START--
INFO: Run Behavior\BuildLiteBehavior [ RunTime:0.000000s ]
INFO: [ app_init ] --END-- [ RunTime:0.000000s ]
INFO: [ app_begin ] --START--
INFO: Run Behavior\ReadHtmlCacheBehavior [ RunTime:0.000000s ]
INFO: [ app_begin ] --END-- [ RunTime:0.000000s ]
SQL: SELECT * FROM `category` WHERE ( parent_id=0 )  [ RunTime:0.0010s ]
SQL: SELECT * FROM `article` WHERE ( cate_id=4  and is_checked=1 ) ORDER BY id desc  [ RunTime:0.0010s ]
SQL: SELECT * FROM `article` WHERE ( cate_id=5  and is_checked=1 ) ORDER BY id desc  [ RunTime:0.0000s ]
SQL: SELECT * FROM `article` WHERE ( cate_id=7  and is_checked=1 ) ORDER BY id desc  [ RunTime:0.0000s ]
SQL: SELECT * FROM `article` WHERE ( cate_id=6  and is_checked=1 ) ORDER BY id desc  [ RunTime:0.0000s ]
SQL: SELECT * FROM `article` WHERE ( is_checked=1 ) ORDER BY click_num desc LIMIT 0,10   [ RunTime:0.0010s ]
SQL: SELECT * FROM `article` WHERE ( is_checked=1 ) ORDER BY cmt_num desc LIMIT 0,10   [ RunTime:0.0000s ]
SQL: SELECT * FROM `article` WHERE ( cate_id=24 and is_checked=1 ) ORDER BY id desc LIMIT 0,8   [ RunTime:0.0010s ]
INFO: [ view_parse ] --START--
INFO: [ template_filter ] --START--
INFO: Run Behavior\ContentReplaceBehavior [ RunTime:0.000000s ]
INFO: [ template_filter ] --END-- [ RunTime:0.000000s ]
NOTIC: [8] Undefined variable: cookie D:\www\news1\application\Runtime\Cache\Home\0e9f9964b50249c273d1dbef3ee7dd51.php 第 52 行.
NOTIC: [8] Undefined variable: IP D:\www\news1\application\Runtime\Cache\Home\0e9f9964b50249c273d1dbef3ee7dd51.php 第 260 行.
INFO: Run Behavior\ParseTemplateBehavior [ RunTime:0.007000s ]
INFO: [ view_parse ] --END-- [ RunTime:0.007000s ]
INFO: [ view_filter ] --START--
INFO: Run Behavior\WriteHtmlCacheBehavior [ RunTime:0.001000s ]
INFO: [ view_filter ] --END-- [ RunTime:0.001000s ]
INFO: [ app_end ] --START--
INFO: Run Behavior\ShowPageTraceBehavior [ RunTime:0.000000s ]
INFO: [ app_end ] --END-- [ RunTime:0.000000s ]

[ 2017-07-13T19:36:41+08:00 ] ::1 /news1/index.php
INFO: [ app_init ] --START--
INFO: Run Behavior\BuildLiteBehavior [ RunTime:0.000000s ]
INFO: [ app_init ] --END-- [ RunTime:0.000000s ]
INFO: [ app_begin ] --START--
INFO: Run Behavior\ReadHtmlCacheBehavior [ RunTime:0.001000s ]
INFO: [ app_begin ] --END-- [ RunTime:0.001000s ]
SQL: SELECT * FROM `category` WHERE ( parent_id=0 )  [ RunTime:0.0010s ]
SQL: SELECT * FROM `article` WHERE ( cate_id=4  and is_checked=1 ) ORDER BY id desc  [ RunTime:0.0010s ]
SQL: SELECT * FROM `article` WHERE ( cate_id=5  and is_checked=1 ) ORDER BY id desc  [ RunTime:0.0010s ]
SQL: SELECT * FROM `article` WHERE ( cate_id=7  and is_checked=1 ) ORDER BY id desc  [ RunTime:0.0000s ]
SQL: SELECT * FROM `article` WHERE ( cate_id=6  and is_checked=1 ) ORDER BY id desc  [ RunTime:0.0000s ]
SQL: SELECT * FROM `article` WHERE ( is_checked=1 ) ORDER BY click_num desc LIMIT 0,10   [ RunTime:0.0010s ]
SQL: SELECT * FROM `article` WHERE ( is_checked=1 ) ORDER BY cmt_num desc LIMIT 0,10   [ RunTime:0.0000s ]
SQL: SELECT * FROM `article` WHERE ( cate_id=24 and is_checked=1 ) ORDER BY id desc LIMIT 0,8   [ RunTime:0.0010s ]
INFO: [ view_parse ] --START--
INFO: [ template_filter ] --START--
INFO: Run Behavior\ContentReplaceBehavior [ RunTime:0.000000s ]
INFO: [ template_filter ] --END-- [ RunTime:0.000000s ]
NOTIC: [8] Undefined variable: cookie D:\www\news1\application\Runtime\Cache\Home\0e9f9964b50249c273d1dbef3ee7dd51.php 第 52 行.
NOTIC: [8] Undefined variable: IP D:\www\news1\application\Runtime\Cache\Home\0e9f9964b50249c273d1dbef3ee7dd51.php 第 260 行.
INFO: Run Behavior\ParseTemplateBehavior [ RunTime:0.009000s ]
INFO: [ view_parse ] --END-- [ RunTime:0.009000s ]
INFO: [ view_filter ] --START--
INFO: Run Behavior\WriteHtmlCacheBehavior [ RunTime:0.000000s ]
INFO: [ view_filter ] --END-- [ RunTime:0.000000s ]
INFO: [ app_end ] --START--
INFO: Run Behavior\ShowPageTraceBehavior [ RunTime:0.001000s ]
INFO: [ app_end ] --END-- [ RunTime:0.001000s ]

[ 2017-07-13T19:36:41+08:00 ] ::1 /news1/index.php
INFO: [ app_init ] --START--
INFO: Run Behavior\BuildLiteBehavior [ RunTime:0.000000s ]
INFO: [ app_init ] --END-- [ RunTime:0.000000s ]
INFO: [ app_begin ] --START--
INFO: Run Behavior\ReadHtmlCacheBehavior [ RunTime:0.001000s ]
INFO: [ app_begin ] --END-- [ RunTime:0.001000s ]
SQL: SELECT * FROM `category` WHERE ( parent_id=0 )  [ RunTime:0.0000s ]
SQL: SELECT * FROM `article` WHERE ( cate_id=4  and is_checked=1 ) ORDER BY id desc  [ RunTime:0.0000s ]
SQL: SELECT * FROM `article` WHERE ( cate_id=5  and is_checked=1 ) ORDER BY id desc  [ RunTime:0.0000s ]
SQL: SELECT * FROM `article` WHERE ( cate_id=7  and is_checked=1 ) ORDER BY id desc  [ RunTime:0.0000s ]
SQL: SELECT * FROM `article` WHERE ( cate_id=6  and is_checked=1 ) ORDER BY id desc  [ RunTime:0.0000s ]
SQL: SELECT * FROM `article` WHERE ( is_checked=1 ) ORDER BY click_num desc LIMIT 0,10   [ RunTime:0.0000s ]
SQL: SELECT * FROM `article` WHERE ( is_checked=1 ) ORDER BY cmt_num desc LIMIT 0,10   [ RunTime:0.0000s ]
SQL: SELECT * FROM `article` WHERE ( cate_id=24 and is_checked=1 ) ORDER BY id desc LIMIT 0,8   [ RunTime:0.0000s ]
INFO: [ view_parse ] --START--
INFO: [ template_filter ] --START--
INFO: Run Behavior\ContentReplaceBehavior [ RunTime:0.000000s ]
INFO: [ template_filter ] --END-- [ RunTime:0.000000s ]
NOTIC: [8] Undefined variable: cookie D:\www\news1\application\Runtime\Cache\Home\0e9f9964b50249c273d1dbef3ee7dd51.php 第 52 行.
NOTIC: [8] Undefined variable: IP D:\www\news1\application\Runtime\Cache\Home\0e9f9964b50249c273d1dbef3ee7dd51.php 第 260 行.
INFO: Run Behavior\ParseTemplateBehavior [ RunTime:0.006000s ]
INFO: [ view_parse ] --END-- [ RunTime:0.006000s ]
INFO: [ view_filter ] --START--
INFO: Run Behavior\WriteHtmlCacheBehavior [ RunTime:0.000000s ]
INFO: [ view_filter ] --END-- [ RunTime:0.000000s ]
INFO: [ app_end ] --START--
INFO: Run Behavior\ShowPageTraceBehavior [ RunTime:0.001000s ]
INFO: [ app_end ] --END-- [ RunTime:0.001000s ]

[ 2017-07-13T19:36:41+08:00 ] ::1 /news1/index.php
INFO: [ app_init ] --START--
INFO: Run Behavior\BuildLiteBehavior [ RunTime:0.000000s ]
INFO: [ app_init ] --END-- [ RunTime:0.000000s ]
INFO: [ app_begin ] --START--
INFO: Run Behavior\ReadHtmlCacheBehavior [ RunTime:0.000000s ]
INFO: [ app_begin ] --END-- [ RunTime:0.000000s ]
SQL: SELECT * FROM `category` WHERE ( parent_id=0 )  [ RunTime:0.0000s ]
SQL: SELECT * FROM `article` WHERE ( cate_id=4  and is_checked=1 ) ORDER BY id desc  [ RunTime:0.0000s ]
SQL: SELECT * FROM `article` WHERE ( cate_id=5  and is_checked=1 ) ORDER BY id desc  [ RunTime:0.0010s ]
SQL: SELECT * FROM `article` WHERE ( cate_id=7  and is_checked=1 ) ORDER BY id desc  [ RunTime:0.0000s ]
SQL: SELECT * FROM `article` WHERE ( cate_id=6  and is_checked=1 ) ORDER BY id desc  [ RunTime:0.0000s ]
SQL: SELECT * FROM `article` WHERE ( is_checked=1 ) ORDER BY click_num desc LIMIT 0,10   [ RunTime:0.0000s ]
SQL: SELECT * FROM `article` WHERE ( is_checked=1 ) ORDER BY cmt_num desc LIMIT 0,10   [ RunTime:0.0010s ]
SQL: SELECT * FROM `article` WHERE ( cate_id=24 and is_checked=1 ) ORDER BY id desc LIMIT 0,8   [ RunTime:0.0000s ]
INFO: [ view_parse ] --START--
INFO: [ template_filter ] --START--
INFO: Run Behavior\ContentReplaceBehavior [ RunTime:0.000000s ]
INFO: [ template_filter ] --END-- [ RunTime:0.000000s ]
NOTIC: [8] Undefined variable: cookie D:\www\news1\application\Runtime\Cache\Home\0e9f9964b50249c273d1dbef3ee7dd51.php 第 52 行.
NOTIC: [8] Undefined variable: IP D:\www\news1\application\Runtime\Cache\Home\0e9f9964b50249c273d1dbef3ee7dd51.php 第 260 行.
INFO: Run Behavior\ParseTemplateBehavior [ RunTime:0.008000s ]
INFO: [ view_parse ] --END-- [ RunTime:0.008000s ]
INFO: [ view_filter ] --START--
INFO: Run Behavior\WriteHtmlCacheBehavior [ RunTime:0.001000s ]
INFO: [ view_filter ] --END-- [ RunTime:0.001000s ]
INFO: [ app_end ] --START--
INFO: Run Behavior\ShowPageTraceBehavior [ RunTime:0.000000s ]
INFO: [ app_end ] --END-- [ RunTime:0.000000s ]

[ 2017-07-13T19:39:23+08:00 ] ::1 /news1/index.php
INFO: [ app_init ] --START--
INFO: Run Behavior\BuildLiteBehavior [ RunTime:0.000000s ]
INFO: [ app_init ] --END-- [ RunTime:0.001000s ]
INFO: [ app_begin ] --START--
INFO: Run Behavior\ReadHtmlCacheBehavior [ RunTime:0.001000s ]
INFO: [ app_begin ] --END-- [ RunTime:0.001000s ]
SQL: SELECT * FROM `category` WHERE ( parent_id=0 )  [ RunTime:0.0010s ]
SQL: SELECT * FROM `article` WHERE ( cate_id=4  and is_checked=1 ) ORDER BY id desc  [ RunTime:0.0000s ]
SQL: SELECT * FROM `article` WHERE ( cate_id=5  and is_checked=1 ) ORDER BY id desc  [ RunTime:0.0010s ]
SQL: SELECT * FROM `article` WHERE ( cate_id=7  and is_checked=1 ) ORDER BY id desc  [ RunTime:0.0000s ]
SQL: SELECT * FROM `article` WHERE ( cate_id=6  and is_checked=1 ) ORDER BY id desc  [ RunTime:0.0010s ]
SQL: SELECT * FROM `article` WHERE ( is_checked=1 ) ORDER BY click_num desc LIMIT 0,10   [ RunTime:0.0000s ]
SQL: SELECT * FROM `article` WHERE ( is_checked=1 ) ORDER BY cmt_num desc LIMIT 0,10   [ RunTime:0.0000s ]
SQL: SELECT * FROM `article` WHERE ( cate_id=24 and is_checked=1 ) ORDER BY id desc LIMIT 0,8   [ RunTime:0.0010s ]
INFO: [ view_parse ] --START--
INFO: [ template_filter ] --START--
INFO: Run Behavior\ContentReplaceBehavior [ RunTime:0.000000s ]
INFO: [ template_filter ] --END-- [ RunTime:0.000000s ]
NOTIC: [8] Undefined variable: cookie D:\www\news1\application\Runtime\Cache\Home\0e9f9964b50249c273d1dbef3ee7dd51.php 第 52 行.
NOTIC: [8] Undefined variable: IP D:\www\news1\application\Runtime\Cache\Home\0e9f9964b50249c273d1dbef3ee7dd51.php 第 260 行.
INFO: Run Behavior\ParseTemplateBehavior [ RunTime:0.008000s ]
INFO: [ view_parse ] --END-- [ RunTime:0.008000s ]
INFO: [ view_filter ] --START--
INFO: Run Behavior\WriteHtmlCacheBehavior [ RunTime:0.000000s ]
INFO: [ view_filter ] --END-- [ RunTime:0.000000s ]
INFO: [ app_end ] --START--
INFO: Run Behavior\ShowPageTraceBehavior [ RunTime:0.001000s ]
INFO: [ app_end ] --END-- [ RunTime:0.001000s ]

[ 2017-07-13T19:52:12+08:00 ] ::1 /news1/index.php
INFO: [ app_init ] --START--
INFO: Run Behavior\BuildLiteBehavior [ RunTime:0.000000s ]
INFO: [ app_init ] --END-- [ RunTime:0.000000s ]
INFO: [ app_begin ] --START--
INFO: Run Behavior\ReadHtmlCacheBehavior [ RunTime:0.001000s ]
INFO: [ app_begin ] --END-- [ RunTime:0.001000s ]
SQL: SELECT * FROM `category` WHERE ( parent_id=0 )  [ RunTime:0.0000s ]
SQL: SELECT * FROM `article` WHERE ( cate_id=4  and is_checked=1 ) ORDER BY id desc  [ RunTime:0.0000s ]
SQL: SELECT * FROM `article` WHERE ( cate_id=5  and is_checked=1 ) ORDER BY id desc  [ RunTime:0.0010s ]
SQL: SELECT * FROM `article` WHERE ( cate_id=7  and is_checked=1 ) ORDER BY id desc  [ RunTime:0.0000s ]
SQL: SELECT * FROM `article` WHERE ( cate_id=6  and is_checked=1 ) ORDER BY id desc  [ RunTime:0.0010s ]
SQL: SELECT * FROM `article` WHERE ( is_checked=1 ) ORDER BY click_num desc LIMIT 0,10   [ RunTime:0.0000s ]
SQL: SELECT * FROM `article` WHERE ( is_checked=1 ) ORDER BY cmt_num desc LIMIT 0,10   [ RunTime:0.0000s ]
SQL: SELECT * FROM `article` WHERE ( cate_id=24 and is_checked=1 ) ORDER BY id desc LIMIT 0,8   [ RunTime:0.0010s ]
INFO: [ view_parse ] --START--
INFO: [ template_filter ] --START--
INFO: Run Behavior\ContentReplaceBehavior [ RunTime:0.000000s ]
INFO: [ template_filter ] --END-- [ RunTime:0.000000s ]
NOTIC: [8] Undefined variable: cookie D:\www\news1\application\Runtime\Cache\Home\0e9f9964b50249c273d1dbef3ee7dd51.php 第 52 行.
NOTIC: [8] Undefined variable: IP D:\www\news1\application\Runtime\Cache\Home\0e9f9964b50249c273d1dbef3ee7dd51.php 第 260 行.
INFO: Run Behavior\ParseTemplateBehavior [ RunTime:0.011000s ]
INFO: [ view_parse ] --END-- [ RunTime:0.011000s ]
INFO: [ view_filter ] --START--
INFO: Run Behavior\WriteHtmlCacheBehavior [ RunTime:0.000000s ]
INFO: [ view_filter ] --END-- [ RunTime:0.000000s ]
INFO: [ app_end ] --START--
INFO: Run Behavior\ShowPageTraceBehavior [ RunTime:0.000000s ]
INFO: [ app_end ] --END-- [ RunTime:0.000000s ]

[ 2017-07-13T20:01:56+08:00 ] ::1 /news1/index.php
INFO: [ app_init ] --START--
INFO: Run Behavior\BuildLiteBehavior [ RunTime:0.000000s ]
INFO: [ app_init ] --END-- [ RunTime:0.000000s ]
INFO: [ app_begin ] --START--
INFO: Run Behavior\ReadHtmlCacheBehavior [ RunTime:0.001000s ]
INFO: [ app_begin ] --END-- [ RunTime:0.001000s ]
SQL: SELECT * FROM `category` WHERE ( parent_id=0 )  [ RunTime:0.0010s ]
SQL: SELECT * FROM `article` WHERE ( cate_id=4  and is_checked=1 ) ORDER BY id desc  [ RunTime:0.0010s ]
SQL: SELECT * FROM `article` WHERE ( cate_id=5  and is_checked=1 ) ORDER BY id desc  [ RunTime:0.0000s ]
SQL: SELECT * FROM `article` WHERE ( cate_id=7  and is_checked=1 ) ORDER BY id desc  [ RunTime:0.0000s ]
SQL: SELECT * FROM `article` WHERE ( cate_id=6  and is_checked=1 ) ORDER BY id desc  [ RunTime:0.0010s ]
SQL: SELECT * FROM `article` WHERE ( is_checked=1 ) ORDER BY click_num desc LIMIT 0,10   [ RunTime:0.0010s ]
SQL: SELECT * FROM `article` WHERE ( is_checked=1 ) ORDER BY cmt_num desc LIMIT 0,10   [ RunTime:0.0000s ]
SQL: SELECT * FROM `article` WHERE ( cate_id=24 and is_checked=1 ) ORDER BY id desc LIMIT 0,8   [ RunTime:0.0010s ]
INFO: [ view_parse ] --START--
INFO: [ template_filter ] --START--
INFO: Run Behavior\ContentReplaceBehavior [ RunTime:0.001000s ]
INFO: [ template_filter ] --END-- [ RunTime:0.001000s ]
NOTIC: [8] Undefined variable: cookie D:\www\news1\application\Runtime\Cache\Home\0e9f9964b50249c273d1dbef3ee7dd51.php 第 52 行.
NOTIC: [8] Undefined variable: IP D:\www\news1\application\Runtime\Cache\Home\0e9f9964b50249c273d1dbef3ee7dd51.php 第 260 行.
INFO: Run Behavior\ParseTemplateBehavior [ RunTime:0.010000s ]
INFO: [ view_parse ] --END-- [ RunTime:0.010000s ]
INFO: [ view_filter ] --START--
INFO: Run Behavior\WriteHtmlCacheBehavior [ RunTime:0.001000s ]
INFO: [ view_filter ] --END-- [ RunTime:0.001000s ]
INFO: [ app_end ] --START--
INFO: Run Behavior\ShowPageTraceBehavior [ RunTime:0.000000s ]
INFO: [ app_end ] --END-- [ RunTime:0.000000s ]

[ 2017-07-13T20:03:41+08:00 ] ::1 /news1/index.php
INFO: [ app_init ] --START--
INFO: Run Behavior\BuildLiteBehavior [ RunTime:0.000000s ]
INFO: [ app_init ] --END-- [ RunTime:0.001000s ]
INFO: [ app_begin ] --START--
INFO: Run Behavior\ReadHtmlCacheBehavior [ RunTime:0.001000s ]
INFO: [ app_begin ] --END-- [ RunTime:0.001000s ]
SQL: SELECT * FROM `category` WHERE ( parent_id=0 )  [ RunTime:0.0000s ]
SQL: SELECT * FROM `article` WHERE ( cate_id=4  and is_checked=1 ) ORDER BY id desc  [ RunTime:0.0010s ]
SQL: SELECT * FROM `article` WHERE ( cate_id=5  and is_checked=1 ) ORDER BY id desc  [ RunTime:0.0000s ]
SQL: SELECT * FROM `article` WHERE ( cate_id=7  and is_checked=1 ) ORDER BY id desc  [ RunTime:0.0010s ]
SQL: SELECT * FROM `article` WHERE ( cate_id=6  and is_checked=1 ) ORDER BY id desc  [ RunTime:0.0000s ]
SQL: SELECT * FROM `article` WHERE ( is_checked=1 ) ORDER BY click_num desc LIMIT 0,10   [ RunTime:0.0010s ]
SQL: SELECT * FROM `article` WHERE ( is_checked=1 ) ORDER BY cmt_num desc LIMIT 0,10   [ RunTime:0.0000s ]
SQL: SELECT * FROM `article` WHERE ( cate_id=24 and is_checked=1 ) ORDER BY id desc LIMIT 0,8   [ RunTime:0.0000s ]
INFO: [ view_parse ] --START--
INFO: [ template_filter ] --START--
INFO: Run Behavior\ContentReplaceBehavior [ RunTime:0.000000s ]
INFO: [ template_filter ] --END-- [ RunTime:0.000000s ]
NOTIC: [8] Undefined variable: cookie D:\www\news1\application\Runtime\Cache\Home\0e9f9964b50249c273d1dbef3ee7dd51.php 第 52 行.
NOTIC: [8] Undefined variable: IP D:\www\news1\application\Runtime\Cache\Home\0e9f9964b50249c273d1dbef3ee7dd51.php 第 260 行.
INFO: Run Behavior\ParseTemplateBehavior [ RunTime:0.010000s ]
INFO: [ view_parse ] --END-- [ RunTime:0.010000s ]
INFO: [ view_filter ] --START--
INFO: Run Behavior\WriteHtmlCacheBehavior [ RunTime:0.001000s ]
INFO: [ view_filter ] --END-- [ RunTime:0.001000s ]
INFO: [ app_end ] --START--
INFO: Run Behavior\ShowPageTraceBehavior [ RunTime:0.001000s ]
INFO: [ app_end ] --END-- [ RunTime:0.001000s ]

[ 2017-07-13T20:08:08+08:00 ] ::1 /news1/index.php
INFO: [ app_init ] --START--
INFO: Run Behavior\BuildLiteBehavior [ RunTime:0.000000s ]
INFO: [ app_init ] --END-- [ RunTime:0.001000s ]
INFO: [ app_begin ] --START--
INFO: Run Behavior\ReadHtmlCacheBehavior [ RunTime:0.001000s ]
INFO: [ app_begin ] --END-- [ RunTime:0.001000s ]
SQL: SELECT * FROM `category` WHERE ( parent_id=0 )  [ RunTime:0.0010s ]
SQL: SELECT * FROM `article` WHERE ( cate_id=4  and is_checked=1 ) ORDER BY id desc  [ RunTime:0.0010s ]
SQL: SELECT * FROM `article` WHERE ( cate_id=5  and is_checked=1 ) ORDER BY id desc  [ RunTime:0.0000s ]
SQL: SELECT * FROM `article` WHERE ( cate_id=7  and is_checked=1 ) ORDER BY id desc  [ RunTime:0.0000s ]
SQL: SELECT * FROM `article` WHERE ( cate_id=6  and is_checked=1 ) ORDER BY id desc  [ RunTime:0.0000s ]
SQL: SELECT * FROM `article` WHERE ( is_checked=1 ) ORDER BY click_num desc LIMIT 0,10   [ RunTime:0.0000s ]
SQL: SELECT * FROM `article` WHERE ( is_checked=1 ) ORDER BY cmt_num desc LIMIT 0,10   [ RunTime:0.0010s ]
SQL: SELECT * FROM `article` WHERE ( cate_id=24 and is_checked=1 ) ORDER BY id desc LIMIT 0,8   [ RunTime:0.0000s ]
INFO: [ view_parse ] --START--
INFO: [ template_filter ] --START--
INFO: Run Behavior\ContentReplaceBehavior [ RunTime:0.001000s ]
INFO: [ template_filter ] --END-- [ RunTime:0.001000s ]
NOTIC: [8] Undefined variable: cookie D:\www\news1\application\Runtime\Cache\Home\0e9f9964b50249c273d1dbef3ee7dd51.php 第 52 行.
NOTIC: [8] Undefined variable: IP D:\www\news1\application\Runtime\Cache\Home\0e9f9964b50249c273d1dbef3ee7dd51.php 第 260 行.
INFO: Run Behavior\ParseTemplateBehavior [ RunTime:0.007000s ]
INFO: [ view_parse ] --END-- [ RunTime:0.007000s ]
INFO: [ view_filter ] --START--
INFO: Run Behavior\WriteHtmlCacheBehavior [ RunTime:0.000000s ]
INFO: [ view_filter ] --END-- [ RunTime:0.000000s ]
INFO: [ app_end ] --START--
INFO: Run Behavior\ShowPageTraceBehavior [ RunTime:0.001000s ]
INFO: [ app_end ] --END-- [ RunTime:0.001000s ]

[ 2017-07-13T20:12:59+08:00 ] ::1 /news1/index.php
INFO: [ app_init ] --START--
INFO: Run Behavior\BuildLiteBehavior [ RunTime:0.000000s ]
INFO: [ app_init ] --END-- [ RunTime:0.001000s ]
INFO: [ app_begin ] --START--
INFO: Run Behavior\ReadHtmlCacheBehavior [ RunTime:0.001000s ]
INFO: [ app_begin ] --END-- [ RunTime:0.001000s ]
SQL: SELECT * FROM `category` WHERE ( parent_id=0 )  [ RunTime:0.0010s ]
SQL: SELECT * FROM `article` WHERE ( cate_id=4  and is_checked=1 ) ORDER BY id desc  [ RunTime:0.0000s ]
SQL: SELECT * FROM `article` WHERE ( cate_id=5  and is_checked=1 ) ORDER BY id desc  [ RunTime:0.0010s ]
SQL: SELECT * FROM `article` WHERE ( cate_id=7  and is_checked=1 ) ORDER BY id desc  [ RunTime:0.0000s ]
SQL: SELECT * FROM `article` WHERE ( cate_id=6  and is_checked=1 ) ORDER BY id desc  [ RunTime:0.0000s ]
SQL: SELECT * FROM `article` WHERE ( is_checked=1 ) ORDER BY click_num desc LIMIT 0,10   [ RunTime:0.0010s ]
SQL: SELECT * FROM `article` WHERE ( is_checked=1 ) ORDER BY cmt_num desc LIMIT 0,10   [ RunTime:0.0000s ]
SQL: SELECT * FROM `article` WHERE ( cate_id=24 and is_checked=1 ) ORDER BY id desc LIMIT 0,8   [ RunTime:0.0010s ]
INFO: [ view_parse ] --START--
INFO: [ template_filter ] --START--
INFO: Run Behavior\ContentReplaceBehavior [ RunTime:0.000000s ]
INFO: [ template_filter ] --END-- [ RunTime:0.000000s ]
NOTIC: [8] Undefined variable: cookie D:\www\news1\application\Runtime\Cache\Home\0e9f9964b50249c273d1dbef3ee7dd51.php 第 52 行.
NOTIC: [8] Undefined variable: IP D:\www\news1\application\Runtime\Cache\Home\0e9f9964b50249c273d1dbef3ee7dd51.php 第 260 行.
INFO: Run Behavior\ParseTemplateBehavior [ RunTime:0.011000s ]
INFO: [ view_parse ] --END-- [ RunTime:0.011000s ]
INFO: [ view_filter ] --START--
INFO: Run Behavior\WriteHtmlCacheBehavior [ RunTime:0.000000s ]
INFO: [ view_filter ] --END-- [ RunTime:0.000000s ]
INFO: [ app_end ] --START--
INFO: Run Behavior\ShowPageTraceBehavior [ RunTime:0.000000s ]
INFO: [ app_end ] --END-- [ RunTime:0.000000s ]

[ 2017-07-13T20:14:02+08:00 ] ::1 /news1/index.php
INFO: [ app_init ] --START--
INFO: Run Behavior\BuildLiteBehavior [ RunTime:0.000000s ]
INFO: [ app_init ] --END-- [ RunTime:0.001000s ]
INFO: [ app_begin ] --START--
INFO: Run Behavior\ReadHtmlCacheBehavior [ RunTime:0.001000s ]
INFO: [ app_begin ] --END-- [ RunTime:0.001000s ]
SQL: SELECT * FROM `category` WHERE ( parent_id=0 )  [ RunTime:0.0010s ]
SQL: SELECT * FROM `article` WHERE ( cate_id=4  and is_checked=1 ) ORDER BY id desc  [ RunTime:0.0010s ]
SQL: SELECT * FROM `article` WHERE ( cate_id=5  and is_checked=1 ) ORDER BY id desc  [ RunTime:0.0000s ]
SQL: SELECT * FROM `article` WHERE ( cate_id=7  and is_checked=1 ) ORDER BY id desc  [ RunTime:0.0010s ]
SQL: SELECT * FROM `article` WHERE ( cate_id=6  and is_checked=1 ) ORDER BY id desc  [ RunTime:0.0000s ]
SQL: SELECT * FROM `article` WHERE ( is_checked=1 ) ORDER BY click_num desc LIMIT 0,10   [ RunTime:0.0010s ]
SQL: SELECT * FROM `article` WHERE ( is_checked=1 ) ORDER BY cmt_num desc LIMIT 0,10   [ RunTime:0.0000s ]
SQL: SELECT * FROM `article` WHERE ( cate_id=24 and is_checked=1 ) ORDER BY id desc LIMIT 0,8   [ RunTime:0.0010s ]
INFO: [ view_parse ] --START--
INFO: [ template_filter ] --START--
INFO: Run Behavior\ContentReplaceBehavior [ RunTime:0.000000s ]
INFO: [ template_filter ] --END-- [ RunTime:0.000000s ]
NOTIC: [8] Undefined variable: cookie D:\www\news1\application\Runtime\Cache\Home\0e9f9964b50249c273d1dbef3ee7dd51.php 第 52 行.
NOTIC: [8] Undefined variable: IP D:\www\news1\application\Runtime\Cache\Home\0e9f9964b50249c273d1dbef3ee7dd51.php 第 260 行.
INFO: Run Behavior\ParseTemplateBehavior [ RunTime:0.006000s ]
INFO: [ view_parse ] --END-- [ RunTime:0.006000s ]
INFO: [ view_filter ] --START--
INFO: Run Behavior\WriteHtmlCacheBehavior [ RunTime:0.000000s ]
INFO: [ view_filter ] --END-- [ RunTime:0.000000s ]
INFO: [ app_end ] --START--
INFO: Run Behavior\ShowPageTraceBehavior [ RunTime:0.000000s ]
INFO: [ app_end ] --END-- [ RunTime:0.000000s ]

[ 2017-07-13T20:15:07+08:00 ] ::1 /news1/index.php
INFO: [ app_init ] --START--
INFO: Run Behavior\BuildLiteBehavior [ RunTime:0.000000s ]
INFO: [ app_init ] --END-- [ RunTime:0.000000s ]
INFO: [ app_begin ] --START--
INFO: Run Behavior\ReadHtmlCacheBehavior [ RunTime:0.000000s ]
INFO: [ app_begin ] --END-- [ RunTime:0.015600s ]
SQL: SELECT * FROM `category` WHERE ( parent_id=0 )  [ RunTime:0.0010s ]
SQL: SELECT * FROM `article` WHERE ( cate_id=4  and is_checked=1 ) ORDER BY id desc  [ RunTime:0.0000s ]
SQL: SELECT * FROM `article` WHERE ( cate_id=5  and is_checked=1 ) ORDER BY id desc  [ RunTime:0.0010s ]
SQL: SELECT * FROM `article` WHERE ( cate_id=7  and is_checked=1 ) ORDER BY id desc  [ RunTime:0.0000s ]
SQL: SELECT * FROM `article` WHERE ( cate_id=6  and is_checked=1 ) ORDER BY id desc  [ RunTime:0.0010s ]
SQL: SELECT * FROM `article` WHERE ( is_checked=1 ) ORDER BY click_num desc LIMIT 0,10   [ RunTime:0.0000s ]
SQL: SELECT * FROM `article` WHERE ( is_checked=1 ) ORDER BY cmt_num desc LIMIT 0,10   [ RunTime:0.0000s ]
SQL: SELECT * FROM `article` WHERE ( cate_id=24 and is_checked=1 ) ORDER BY id desc LIMIT 0,8   [ RunTime:0.0010s ]
INFO: [ view_parse ] --START--
INFO: [ template_filter ] --START--
INFO: Run Behavior\ContentReplaceBehavior [ RunTime:0.000000s ]
INFO: [ template_filter ] --END-- [ RunTime:0.000000s ]
NOTIC: [8] Undefined variable: cookie D:\www\news1\application\Runtime\Cache\Home\0e9f9964b50249c273d1dbef3ee7dd51.php 第 52 行.
NOTIC: [8] Undefined variable: IP D:\www\news1\application\Runtime\Cache\Home\0e9f9964b50249c273d1dbef3ee7dd51.php 第 260 行.
INFO: Run Behavior\ParseTemplateBehavior [ RunTime:0.008000s ]
INFO: [ view_parse ] --END-- [ RunTime:0.008000s ]
INFO: [ view_filter ] --START--
INFO: Run Behavior\WriteHtmlCacheBehavior [ RunTime:0.000000s ]
INFO: [ view_filter ] --END-- [ RunTime:0.000000s ]
INFO: [ app_end ] --START--
INFO: Run Behavior\ShowPageTraceBehavior [ RunTime:0.001000s ]
INFO: [ app_end ] --END-- [ RunTime:0.001000s ]

[ 2017-07-13T20:16:24+08:00 ] ::1 /news1/index.php
INFO: [ app_init ] --START--
INFO: Run Behavior\BuildLiteBehavior [ RunTime:0.000000s ]
INFO: [ app_init ] --END-- [ RunTime:0.001000s ]
INFO: [ app_begin ] --START--
INFO: Run Behavior\ReadHtmlCacheBehavior [ RunTime:0.001000s ]
INFO: [ app_begin ] --END-- [ RunTime:0.001000s ]
SQL: SELECT * FROM `category` WHERE ( parent_id=0 )  [ RunTime:0.0000s ]
SQL: SELECT * FROM `article` WHERE ( cate_id=4  and is_checked=1 ) ORDER BY id desc  [ RunTime:0.0000s ]
SQL: SELECT * FROM `article` WHERE ( cate_id=5  and is_checked=1 ) ORDER BY id desc  [ RunTime:0.0000s ]
SQL: SELECT * FROM `article` WHERE ( cate_id=7  and is_checked=1 ) ORDER BY id desc  [ RunTime:0.0000s ]
SQL: SELECT * FROM `article` WHERE ( cate_id=6  and is_checked=1 ) ORDER BY id desc  [ RunTime:0.0010s ]
SQL: SELECT * FROM `article` WHERE ( is_checked=1 ) ORDER BY click_num desc LIMIT 0,10   [ RunTime:0.0000s ]
SQL: SELECT * FROM `article` WHERE ( is_checked=1 ) ORDER BY cmt_num desc LIMIT 0,10   [ RunTime:0.0010s ]
SQL: SELECT * FROM `article` WHERE ( cate_id=24 and is_checked=1 ) ORDER BY id desc LIMIT 0,8   [ RunTime:0.0000s ]
INFO: [ view_parse ] --START--
INFO: [ template_filter ] --START--
INFO: Run Behavior\ContentReplaceBehavior [ RunTime:0.000000s ]
INFO: [ template_filter ] --END-- [ RunTime:0.000000s ]
NOTIC: [8] Undefined variable: cookie D:\www\news1\application\Runtime\Cache\Home\0e9f9964b50249c273d1dbef3ee7dd51.php 第 52 行.
NOTIC: [8] Undefined variable: IP D:\www\news1\application\Runtime\Cache\Home\0e9f9964b50249c273d1dbef3ee7dd51.php 第 260 行.
INFO: Run Behavior\ParseTemplateBehavior [ RunTime:0.006000s ]
INFO: [ view_parse ] --END-- [ RunTime:0.006000s ]
INFO: [ view_filter ] --START--
INFO: Run Behavior\WriteHtmlCacheBehavior [ RunTime:0.001000s ]
INFO: [ view_filter ] --END-- [ RunTime:0.001000s ]
INFO: [ app_end ] --START--
INFO: Run Behavior\ShowPageTraceBehavior [ RunTime:0.000000s ]
INFO: [ app_end ] --END-- [ RunTime:0.000000s ]

[ 2017-07-13T20:16:30+08:00 ] ::1 /news1/index.php/Comment/comment/newsid/26
INFO: [ app_init ] --START--
INFO: Run Behavior\BuildLiteBehavior [ RunTime:0.000000s ]
INFO: [ app_init ] --END-- [ RunTime:0.000000s ]
INFO: [ app_begin ] --START--
INFO: Run Behavior\ReadHtmlCacheBehavior [ RunTime:0.001000s ]
INFO: [ app_begin ] --END-- [ RunTime:0.001000s ]
INFO: [ view_parse ] --START--
INFO: [ template_filter ] --START--
INFO: Run Behavior\ContentReplaceBehavior [ RunTime:0.000000s ]
INFO: [ template_filter ] --END-- [ RunTime:0.000000s ]
INFO: Run Behavior\ParseTemplateBehavior [ RunTime:0.025000s ]
INFO: [ view_parse ] --END-- [ RunTime:0.025000s ]
INFO: [ view_filter ] --START--
INFO: Run Behavior\WriteHtmlCacheBehavior [ RunTime:0.000000s ]
INFO: [ view_filter ] --END-- [ RunTime:0.000000s ]
INFO: [ app_end ] --START--
INFO: Run Behavior\ShowPageTraceBehavior [ RunTime:0.001000s ]
INFO: [ app_end ] --END-- [ RunTime:0.001000s ]

[ 2017-07-13T20:16:30+08:00 ] ::1 /news1/index.php/Comment/comment/newsid/comment.css
INFO: [ app_init ] --START--
INFO: Run Behavior\BuildLiteBehavior [ RunTime:0.000000s ]
INFO: [ app_init ] --END-- [ RunTime:0.000000s ]
INFO: [ app_begin ] --START--
INFO: Run Behavior\ReadHtmlCacheBehavior [ RunTime:0.000000s ]
INFO: [ app_begin ] --END-- [ RunTime:0.000000s ]
INFO: [ view_parse ] --START--
INFO: [ template_filter ] --START--
INFO: Run Behavior\ContentReplaceBehavior [ RunTime:0.001000s ]
INFO: [ template_filter ] --END-- [ RunTime:0.001000s ]
INFO: Run Behavior\ParseTemplateBehavior [ RunTime:0.014000s ]
INFO: [ view_parse ] --END-- [ RunTime:0.014000s ]
INFO: [ view_filter ] --START--
INFO: Run Behavior\WriteHtmlCacheBehavior [ RunTime:0.000000s ]
INFO: [ view_filter ] --END-- [ RunTime:0.001000s ]
INFO: [ app_end ] --START--
INFO: Run Behavior\ShowPageTraceBehavior [ RunTime:0.000000s ]
INFO: [ app_end ] --END-- [ RunTime:0.000000s ]

