[ 2017-07-08T14:09:21+08:00 ] ::1 /news/index.php
INFO: [ app_init ] --START--
INFO: Run Behavior\BuildLiteBehavior [ RunTime:0.000000s ]
INFO: [ app_init ] --END-- [ RunTime:0.001000s ]
INFO: [ app_begin ] --START--
INFO: Run Behavior\ReadHtmlCacheBehavior [ RunTime:0.001000s ]
INFO: [ app_begin ] --END-- [ RunTime:0.001000s ]
SQL: SELECT * FROM `category`  [ RunTime:0.0010s ]
SQL: SELECT * FROM `article` WHERE ( cate_id=4  and is_checked=1 )  [ RunTime:0.0010s ]
SQL: SELECT * FROM `article` WHERE ( cate_id=5  and is_checked=1 )  [ RunTime:0.0000s ]
SQL: SELECT * FROM `article` WHERE ( cate_id=6  and is_checked=1 )  [ RunTime:0.0000s ]
SQL: SELECT * FROM `article` WHERE ( cate_id=7  and is_checked=1 )  [ RunTime:0.0000s ]
SQL: SELECT * FROM `article` WHERE ( is_checked=1 ) ORDER BY click_num desc LIMIT 0,10   [ RunTime:0.0020s ]
SQL: SELECT * FROM `article` WHERE ( is_checked=1 ) ORDER BY cmt_num desc LIMIT 0,10   [ RunTime:0.0010s ]
INFO: [ view_parse ] --START--
INFO: [ template_filter ] --START--
INFO: Run Behavior\ContentReplaceBehavior [ RunTime:0.000000s ]
INFO: [ template_filter ] --END-- [ RunTime:0.000000s ]
NOTIC: [8] Undefined variable: cookie D:\www\news\application\Runtime\Cache\Home\0e9f9964b50249c273d1dbef3ee7dd51.php 第 35 行.
NOTIC: [8] Undefined variable: IP D:\www\news\application\Runtime\Cache\Home\0e9f9964b50249c273d1dbef3ee7dd51.php 第 231 行.
INFO: Run Behavior\ParseTemplateBehavior [ RunTime:0.030000s ]
INFO: [ view_parse ] --END-- [ RunTime:0.030000s ]
INFO: [ view_filter ] --START--
INFO: Run Behavior\WriteHtmlCacheBehavior [ RunTime:0.001000s ]
INFO: [ view_filter ] --END-- [ RunTime:0.001000s ]
INFO: [ app_end ] --START--
INFO: Run Behavior\ShowPageTraceBehavior [ RunTime:0.001000s ]
INFO: [ app_end ] --END-- [ RunTime:0.001000s ]

[ 2017-07-08T14:12:38+08:00 ] ::1 /news/index.php
INFO: [ app_init ] --START--
INFO: Run Behavior\BuildLiteBehavior [ RunTime:0.000000s ]
INFO: [ app_init ] --END-- [ RunTime:0.000000s ]
INFO: [ app_begin ] --START--
INFO: Run Behavior\ReadHtmlCacheBehavior [ RunTime:0.001000s ]
INFO: [ app_begin ] --END-- [ RunTime:0.001000s ]
SQL: SELECT * FROM `category`  [ RunTime:0.0010s ]
SQL: SELECT * FROM `article` WHERE ( cate_id=4  and is_checked=1 )  [ RunTime:0.0000s ]
SQL: SELECT * FROM `article` WHERE ( cate_id=5  and is_checked=1 )  [ RunTime:0.0000s ]
SQL: SELECT * FROM `article` WHERE ( cate_id=6  and is_checked=1 )  [ RunTime:0.0000s ]
SQL: SELECT * FROM `article` WHERE ( cate_id=7  and is_checked=1 )  [ RunTime:0.0010s ]
SQL: SELECT * FROM `article` WHERE ( is_checked=1 ) ORDER BY click_num desc LIMIT 0,10   [ RunTime:0.0000s ]
SQL: SELECT * FROM `article` WHERE ( is_checked=1 ) ORDER BY cmt_num desc LIMIT 0,10   [ RunTime:0.0010s ]
INFO: [ view_parse ] --START--
INFO: [ template_filter ] --START--
INFO: Run Behavior\ContentReplaceBehavior [ RunTime:0.000000s ]
INFO: [ template_filter ] --END-- [ RunTime:0.000000s ]
NOTIC: [8] Undefined variable: cookie D:\www\news\application\Runtime\Cache\Home\0e9f9964b50249c273d1dbef3ee7dd51.php 第 35 行.
NOTIC: [8] Undefined variable: IP D:\www\news\application\Runtime\Cache\Home\0e9f9964b50249c273d1dbef3ee7dd51.php 第 231 行.
INFO: Run Behavior\ParseTemplateBehavior [ RunTime:0.007000s ]
INFO: [ view_parse ] --END-- [ RunTime:0.007000s ]
INFO: [ view_filter ] --START--
INFO: Run Behavior\WriteHtmlCacheBehavior [ RunTime:0.000000s ]
INFO: [ view_filter ] --END-- [ RunTime:0.000000s ]
INFO: [ app_end ] --START--
INFO: Run Behavior\ShowPageTraceBehavior [ RunTime:0.001000s ]
INFO: [ app_end ] --END-- [ RunTime:0.001000s ]

[ 2017-07-08T14:13:39+08:00 ] ::1 /news/index.php
INFO: [ app_init ] --START--
INFO: Run Behavior\BuildLiteBehavior [ RunTime:0.000000s ]
INFO: [ app_init ] --END-- [ RunTime:0.001000s ]
INFO: [ app_begin ] --START--
INFO: Run Behavior\ReadHtmlCacheBehavior [ RunTime:0.000000s ]
INFO: [ app_begin ] --END-- [ RunTime:0.000000s ]
SQL: SELECT * FROM `category`  [ RunTime:0.0000s ]
SQL: SELECT * FROM `article` WHERE ( cate_id=4  and is_checked=1 )  [ RunTime:0.0010s ]
SQL: SELECT * FROM `article` WHERE ( cate_id=5  and is_checked=1 )  [ RunTime:0.0000s ]
SQL: SELECT * FROM `article` WHERE ( cate_id=6  and is_checked=1 )  [ RunTime:0.0010s ]
SQL: SELECT * FROM `article` WHERE ( cate_id=7  and is_checked=1 )  [ RunTime:0.0000s ]
SQL: SELECT * FROM `article` WHERE ( is_checked=1 ) ORDER BY click_num desc LIMIT 0,10   [ RunTime:0.0010s ]
SQL: SELECT * FROM `article` WHERE ( is_checked=1 ) ORDER BY cmt_num desc LIMIT 0,10   [ RunTime:0.0000s ]
INFO: [ view_parse ] --START--
INFO: [ template_filter ] --START--
INFO: Run Behavior\ContentReplaceBehavior [ RunTime:0.000000s ]
INFO: [ template_filter ] --END-- [ RunTime:0.000000s ]
NOTIC: [8] Undefined variable: cookie D:\www\news\application\Runtime\Cache\Home\0e9f9964b50249c273d1dbef3ee7dd51.php 第 35 行.
NOTIC: [8] Undefined variable: IP D:\www\news\application\Runtime\Cache\Home\0e9f9964b50249c273d1dbef3ee7dd51.php 第 231 行.
INFO: Run Behavior\ParseTemplateBehavior [ RunTime:0.010000s ]
INFO: [ view_parse ] --END-- [ RunTime:0.010000s ]
INFO: [ view_filter ] --START--
INFO: Run Behavior\WriteHtmlCacheBehavior [ RunTime:0.000000s ]
INFO: [ view_filter ] --END-- [ RunTime:0.000000s ]
INFO: [ app_end ] --START--
INFO: Run Behavior\ShowPageTraceBehavior [ RunTime:0.000000s ]
INFO: [ app_end ] --END-- [ RunTime:0.001000s ]

[ 2017-07-08T14:15:39+08:00 ] ::1 /news/index.php
INFO: [ app_init ] --START--
INFO: Run Behavior\BuildLiteBehavior [ RunTime:0.000000s ]
INFO: [ app_init ] --END-- [ RunTime:0.000000s ]
INFO: [ app_begin ] --START--
INFO: Run Behavior\ReadHtmlCacheBehavior [ RunTime:0.015600s ]
INFO: [ app_begin ] --END-- [ RunTime:0.015600s ]
SQL: SELECT * FROM `category`  [ RunTime:0.0010s ]
SQL: SELECT * FROM `article` WHERE ( cate_id=4  and is_checked=1 )  [ RunTime:0.0000s ]
SQL: SELECT * FROM `article` WHERE ( cate_id=5  and is_checked=1 )  [ RunTime:0.0000s ]
SQL: SELECT * FROM `article` WHERE ( cate_id=6  and is_checked=1 )  [ RunTime:0.0000s ]
SQL: SELECT * FROM `article` WHERE ( cate_id=7  and is_checked=1 )  [ RunTime:0.0010s ]
SQL: SELECT * FROM `article` WHERE ( is_checked=1 ) ORDER BY click_num desc LIMIT 0,10   [ RunTime:0.0000s ]
SQL: SELECT * FROM `article` WHERE ( is_checked=1 ) ORDER BY cmt_num desc LIMIT 0,10   [ RunTime:0.0000s ]
INFO: [ view_parse ] --START--
INFO: [ template_filter ] --START--
INFO: Run Behavior\ContentReplaceBehavior [ RunTime:0.000000s ]
INFO: [ template_filter ] --END-- [ RunTime:0.000000s ]
NOTIC: [8] Undefined variable: cookie D:\www\news\application\Runtime\Cache\Home\0e9f9964b50249c273d1dbef3ee7dd51.php 第 35 行.
NOTIC: [8] Undefined variable: newsrow D:\www\news\application\Runtime\Cache\Home\0e9f9964b50249c273d1dbef3ee7dd51.php 第 161 行.
NOTIC: [8] Undefined variable: IP D:\www\news\application\Runtime\Cache\Home\0e9f9964b50249c273d1dbef3ee7dd51.php 第 229 行.
INFO: Run Behavior\ParseTemplateBehavior [ RunTime:0.005000s ]
INFO: [ view_parse ] --END-- [ RunTime:0.005000s ]
INFO: [ view_filter ] --START--
INFO: Run Behavior\WriteHtmlCacheBehavior [ RunTime:0.001000s ]
INFO: [ view_filter ] --END-- [ RunTime:0.001000s ]
INFO: [ app_end ] --START--
INFO: Run Behavior\ShowPageTraceBehavior [ RunTime:0.001000s ]
INFO: [ app_end ] --END-- [ RunTime:0.001000s ]

[ 2017-07-08T14:15:40+08:00 ] ::1 /news/index.php
INFO: [ app_init ] --START--
INFO: Run Behavior\BuildLiteBehavior [ RunTime:0.000000s ]
INFO: [ app_init ] --END-- [ RunTime:0.000000s ]
INFO: [ app_begin ] --START--
INFO: Run Behavior\ReadHtmlCacheBehavior [ RunTime:0.000000s ]
INFO: [ app_begin ] --END-- [ RunTime:0.000000s ]
SQL: SELECT * FROM `category`  [ RunTime:0.0000s ]
SQL: SELECT * FROM `article` WHERE ( cate_id=4  and is_checked=1 )  [ RunTime:0.0000s ]
SQL: SELECT * FROM `article` WHERE ( cate_id=5  and is_checked=1 )  [ RunTime:0.0010s ]
SQL: SELECT * FROM `article` WHERE ( cate_id=6  and is_checked=1 )  [ RunTime:0.0000s ]
SQL: SELECT * FROM `article` WHERE ( cate_id=7  and is_checked=1 )  [ RunTime:0.0010s ]
SQL: SELECT * FROM `article` WHERE ( is_checked=1 ) ORDER BY click_num desc LIMIT 0,10   [ RunTime:0.0000s ]
SQL: SELECT * FROM `article` WHERE ( is_checked=1 ) ORDER BY cmt_num desc LIMIT 0,10   [ RunTime:0.0000s ]
INFO: [ view_parse ] --START--
INFO: [ template_filter ] --START--
INFO: Run Behavior\ContentReplaceBehavior [ RunTime:0.000000s ]
INFO: [ template_filter ] --END-- [ RunTime:0.000000s ]
NOTIC: [8] Undefined variable: cookie D:\www\news\application\Runtime\Cache\Home\0e9f9964b50249c273d1dbef3ee7dd51.php 第 35 行.
NOTIC: [8] Undefined variable: newsrow D:\www\news\application\Runtime\Cache\Home\0e9f9964b50249c273d1dbef3ee7dd51.php 第 161 行.
NOTIC: [8] Undefined variable: IP D:\www\news\application\Runtime\Cache\Home\0e9f9964b50249c273d1dbef3ee7dd51.php 第 229 行.
INFO: Run Behavior\ParseTemplateBehavior [ RunTime:0.006000s ]
INFO: [ view_parse ] --END-- [ RunTime:0.006000s ]
INFO: [ view_filter ] --START--
INFO: Run Behavior\WriteHtmlCacheBehavior [ RunTime:0.000000s ]
INFO: [ view_filter ] --END-- [ RunTime:0.000000s ]
INFO: [ app_end ] --START--
INFO: Run Behavior\ShowPageTraceBehavior [ RunTime:0.001000s ]
INFO: [ app_end ] --END-- [ RunTime:0.001000s ]

[ 2017-07-08T14:19:09+08:00 ] ::1 /news/index.php
INFO: [ app_init ] --START--
INFO: Run Behavior\BuildLiteBehavior [ RunTime:0.000000s ]
INFO: [ app_init ] --END-- [ RunTime:0.001000s ]
INFO: [ app_begin ] --START--
INFO: Run Behavior\ReadHtmlCacheBehavior [ RunTime:0.001000s ]
INFO: [ app_begin ] --END-- [ RunTime:0.001000s ]
SQL: SELECT * FROM `category`  [ RunTime:0.0000s ]
SQL: SELECT * FROM `article` WHERE ( cate_id=4  and is_checked=1 )  [ RunTime:0.0010s ]
SQL: SELECT * FROM `article` WHERE ( cate_id=5  and is_checked=1 )  [ RunTime:0.0000s ]
SQL: SELECT * FROM `article` WHERE ( cate_id=6  and is_checked=1 )  [ RunTime:0.0000s ]
SQL: SELECT * FROM `article` WHERE ( cate_id=7  and is_checked=1 )  [ RunTime:0.0010s ]
SQL: SELECT * FROM `article` WHERE ( is_checked=1 ) ORDER BY click_num desc LIMIT 0,10   [ RunTime:0.0000s ]
SQL: SELECT * FROM `article` WHERE ( is_checked=1 ) ORDER BY cmt_num desc LIMIT 0,10   [ RunTime:0.0010s ]
INFO: [ view_parse ] --START--
INFO: [ template_filter ] --START--
INFO: Run Behavior\ContentReplaceBehavior [ RunTime:0.000000s ]
INFO: [ template_filter ] --END-- [ RunTime:0.000000s ]
NOTIC: [8] Undefined variable: cookie D:\www\news\application\Runtime\Cache\Home\0e9f9964b50249c273d1dbef3ee7dd51.php 第 35 行.
NOTIC: [8] Undefined variable: IP D:\www\news\application\Runtime\Cache\Home\0e9f9964b50249c273d1dbef3ee7dd51.php 第 229 行.
INFO: Run Behavior\ParseTemplateBehavior [ RunTime:0.005000s ]
INFO: [ view_parse ] --END-- [ RunTime:0.005000s ]
INFO: [ view_filter ] --START--
INFO: Run Behavior\WriteHtmlCacheBehavior [ RunTime:0.001000s ]
INFO: [ view_filter ] --END-- [ RunTime:0.001000s ]
INFO: [ app_end ] --START--
INFO: Run Behavior\ShowPageTraceBehavior [ RunTime:0.000000s ]
INFO: [ app_end ] --END-- [ RunTime:0.000000s ]

[ 2017-07-08T14:21:13+08:00 ] ::1 /news/index.php
INFO: [ app_init ] --START--
INFO: Run Behavior\BuildLiteBehavior [ RunTime:0.000000s ]
INFO: [ app_init ] --END-- [ RunTime:0.001000s ]
INFO: [ app_begin ] --START--
INFO: Run Behavior\ReadHtmlCacheBehavior [ RunTime:0.000000s ]
INFO: [ app_begin ] --END-- [ RunTime:0.000000s ]
SQL: SELECT * FROM `category`  [ RunTime:0.0000s ]
SQL: SELECT * FROM `article` WHERE ( cate_id=4  and is_checked=1 )  [ RunTime:0.0000s ]
SQL: SELECT * FROM `article` WHERE ( cate_id=5  and is_checked=1 )  [ RunTime:0.0000s ]
SQL: SELECT * FROM `article` WHERE ( cate_id=6  and is_checked=1 )  [ RunTime:0.0010s ]
SQL: SELECT * FROM `article` WHERE ( cate_id=7  and is_checked=1 )  [ RunTime:0.0000s ]
SQL: SELECT * FROM `article` WHERE ( is_checked=1 ) ORDER BY click_num desc LIMIT 0,10   [ RunTime:0.0000s ]
SQL: SELECT * FROM `article` WHERE ( is_checked=1 ) ORDER BY cmt_num desc LIMIT 0,10   [ RunTime:0.0010s ]
INFO: [ view_parse ] --START--
INFO: [ template_filter ] --START--
INFO: Run Behavior\ContentReplaceBehavior [ RunTime:0.000000s ]
INFO: [ template_filter ] --END-- [ RunTime:0.000000s ]
NOTIC: [8] Undefined variable: cookie D:\www\news\application\Runtime\Cache\Home\0e9f9964b50249c273d1dbef3ee7dd51.php 第 35 行.
NOTIC: [8] Undefined variable: IP D:\www\news\application\Runtime\Cache\Home\0e9f9964b50249c273d1dbef3ee7dd51.php 第 229 行.
INFO: Run Behavior\ParseTemplateBehavior [ RunTime:0.008000s ]
INFO: [ view_parse ] --END-- [ RunTime:0.008000s ]
INFO: [ view_filter ] --START--
INFO: Run Behavior\WriteHtmlCacheBehavior [ RunTime:0.000000s ]
INFO: [ view_filter ] --END-- [ RunTime:0.000000s ]
INFO: [ app_end ] --START--
INFO: Run Behavior\ShowPageTraceBehavior [ RunTime:0.001000s ]
INFO: [ app_end ] --END-- [ RunTime:0.001000s ]

[ 2017-07-08T14:21:14+08:00 ] ::1 /news/index.php/public/articles/2017-06-26/7bff5043709ffc4c0354db052407b54f.html
INFO: [ app_init ] --START--
INFO: Run Behavior\BuildLiteBehavior [ RunTime:0.000000s ]
INFO: [ app_init ] --END-- [ RunTime:0.000000s ]
INFO: [ app_begin ] --START--
INFO: Run Behavior\ReadHtmlCacheBehavior [ RunTime:0.001000s ]
INFO: [ app_begin ] --END-- [ RunTime:0.001000s ]
ERR: 无法加载控制器:Public

[ 2017-07-08T14:22:07+08:00 ] ::1 /news/index.php
INFO: [ app_init ] --START--
INFO: Run Behavior\BuildLiteBehavior [ RunTime:0.000000s ]
INFO: [ app_init ] --END-- [ RunTime:0.001000s ]
INFO: [ app_begin ] --START--
INFO: Run Behavior\ReadHtmlCacheBehavior [ RunTime:0.001000s ]
INFO: [ app_begin ] --END-- [ RunTime:0.001000s ]
SQL: SELECT * FROM `category`  [ RunTime:0.0010s ]
SQL: SELECT * FROM `article` WHERE ( cate_id=4  and is_checked=1 )  [ RunTime:0.0010s ]
SQL: SELECT * FROM `article` WHERE ( cate_id=5  and is_checked=1 )  [ RunTime:0.0000s ]
SQL: SELECT * FROM `article` WHERE ( cate_id=6  and is_checked=1 )  [ RunTime:0.0010s ]
SQL: SELECT * FROM `article` WHERE ( cate_id=7  and is_checked=1 )  [ RunTime:0.0000s ]
SQL: SELECT * FROM `article` WHERE ( is_checked=1 ) ORDER BY click_num desc LIMIT 0,10   [ RunTime:0.0010s ]
SQL: SELECT * FROM `article` WHERE ( is_checked=1 ) ORDER BY cmt_num desc LIMIT 0,10   [ RunTime:0.0010s ]
INFO: [ view_parse ] --START--
INFO: [ template_filter ] --START--
INFO: Run Behavior\ContentReplaceBehavior [ RunTime:0.000000s ]
INFO: [ template_filter ] --END-- [ RunTime:0.000000s ]
NOTIC: [8] Undefined variable: cookie D:\www\news\application\Runtime\Cache\Home\0e9f9964b50249c273d1dbef3ee7dd51.php 第 35 行.
NOTIC: [8] Undefined variable: IP D:\www\news\application\Runtime\Cache\Home\0e9f9964b50249c273d1dbef3ee7dd51.php 第 229 行.
INFO: Run Behavior\ParseTemplateBehavior [ RunTime:0.006000s ]
INFO: [ view_parse ] --END-- [ RunTime:0.006000s ]
INFO: [ view_filter ] --START--
INFO: Run Behavior\WriteHtmlCacheBehavior [ RunTime:0.000000s ]
INFO: [ view_filter ] --END-- [ RunTime:0.000000s ]
INFO: [ app_end ] --START--
INFO: Run Behavior\ShowPageTraceBehavior [ RunTime:0.001000s ]
INFO: [ app_end ] --END-- [ RunTime:0.001000s ]

[ 2017-07-08T14:23:40+08:00 ] ::1 /news/index.php/id/20
INFO: [ app_init ] --START--
INFO: Run Behavior\BuildLiteBehavior [ RunTime:0.000000s ]
INFO: [ app_init ] --END-- [ RunTime:0.000000s ]
INFO: [ app_begin ] --START--
INFO: Run Behavior\ReadHtmlCacheBehavior [ RunTime:0.001000s ]
INFO: [ app_begin ] --END-- [ RunTime:0.001000s ]
ERR: 无法加载控制器:Id

[ 2017-07-08T14:25:56+08:00 ] ::1 /news/index.php
INFO: [ app_init ] --START--
INFO: Run Behavior\BuildLiteBehavior [ RunTime:0.000000s ]
INFO: [ app_init ] --END-- [ RunTime:0.001000s ]
INFO: [ app_begin ] --START--
INFO: Run Behavior\ReadHtmlCacheBehavior [ RunTime:0.001000s ]
INFO: [ app_begin ] --END-- [ RunTime:0.001000s ]
SQL: SELECT * FROM `category`  [ RunTime:0.0010s ]
SQL: SELECT * FROM `article` WHERE ( cate_id=4  and is_checked=1 )  [ RunTime:0.0010s ]
SQL: SELECT * FROM `article` WHERE ( cate_id=5  and is_checked=1 )  [ RunTime:0.0010s ]
SQL: SELECT * FROM `article` WHERE ( cate_id=6  and is_checked=1 )  [ RunTime:0.0000s ]
SQL: SELECT * FROM `article` WHERE ( cate_id=7  and is_checked=1 )  [ RunTime:0.0010s ]
SQL: SELECT * FROM `article` WHERE ( is_checked=1 ) ORDER BY click_num desc LIMIT 0,10   [ RunTime:0.0010s ]
SQL: SELECT * FROM `article` WHERE ( is_checked=1 ) ORDER BY cmt_num desc LIMIT 0,10   [ RunTime:0.0010s ]
INFO: [ view_parse ] --START--
INFO: [ template_filter ] --START--
INFO: Run Behavior\ContentReplaceBehavior [ RunTime:0.001000s ]
INFO: [ template_filter ] --END-- [ RunTime:0.001000s ]
NOTIC: [8] Undefined variable: cookie D:\www\news\application\Runtime\Cache\Home\0e9f9964b50249c273d1dbef3ee7dd51.php 第 35 行.
NOTIC: [8] Undefined variable: IP D:\www\news\application\Runtime\Cache\Home\0e9f9964b50249c273d1dbef3ee7dd51.php 第 229 行.
INFO: Run Behavior\ParseTemplateBehavior [ RunTime:0.009000s ]
INFO: [ view_parse ] --END-- [ RunTime:0.009000s ]
INFO: [ view_filter ] --START--
INFO: Run Behavior\WriteHtmlCacheBehavior [ RunTime:0.000000s ]
INFO: [ view_filter ] --END-- [ RunTime:0.000000s ]
INFO: [ app_end ] --START--
INFO: Run Behavior\ShowPageTraceBehavior [ RunTime:0.001000s ]
INFO: [ app_end ] --END-- [ RunTime:0.001000s ]

[ 2017-07-08T14:33:26+08:00 ] ::1 /news/index.php
INFO: [ app_init ] --START--
INFO: Run Behavior\BuildLiteBehavior [ RunTime:0.000000s ]
INFO: [ app_init ] --END-- [ RunTime:0.001000s ]
INFO: [ app_begin ] --START--
INFO: Run Behavior\ReadHtmlCacheBehavior [ RunTime:0.000000s ]
INFO: [ app_begin ] --END-- [ RunTime:0.000000s ]
SQL: SELECT * FROM `category`  [ RunTime:0.0000s ]
SQL: SELECT * FROM `article` WHERE ( cate_id=4  and is_checked=1 )  [ RunTime:0.0010s ]
SQL: SELECT * FROM `article` WHERE ( cate_id=5  and is_checked=1 )  [ RunTime:0.0000s ]
SQL: SELECT * FROM `article` WHERE ( cate_id=6  and is_checked=1 )  [ RunTime:0.0000s ]
SQL: SELECT * FROM `article` WHERE ( cate_id=7  and is_checked=1 )  [ RunTime:0.0000s ]
SQL: SELECT * FROM `article` WHERE ( is_checked=1 ) ORDER BY click_num desc LIMIT 0,10   [ RunTime:0.0010s ]
SQL: SELECT * FROM `article` WHERE ( is_checked=1 ) ORDER BY cmt_num desc LIMIT 0,10   [ RunTime:0.0000s ]
INFO: [ view_parse ] --START--
INFO: [ template_filter ] --START--
INFO: Run Behavior\ContentReplaceBehavior [ RunTime:0.000000s ]
INFO: [ template_filter ] --END-- [ RunTime:0.001000s ]
NOTIC: [8] Undefined variable: cookie D:\www\news\application\Runtime\Cache\Home\0e9f9964b50249c273d1dbef3ee7dd51.php 第 35 行.
NOTIC: [8] Undefined variable: IP D:\www\news\application\Runtime\Cache\Home\0e9f9964b50249c273d1dbef3ee7dd51.php 第 229 行.
INFO: Run Behavior\ParseTemplateBehavior [ RunTime:0.009000s ]
INFO: [ view_parse ] --END-- [ RunTime:0.009000s ]
INFO: [ view_filter ] --START--
INFO: Run Behavior\WriteHtmlCacheBehavior [ RunTime:0.001000s ]
INFO: [ view_filter ] --END-- [ RunTime:0.001000s ]
INFO: [ app_end ] --START--
INFO: Run Behavior\ShowPageTraceBehavior [ RunTime:0.001000s ]
INFO: [ app_end ] --END-- [ RunTime:0.001000s ]

[ 2017-07-08T14:37:51+08:00 ] ::1 /news/index.php
INFO: [ app_init ] --START--
INFO: Run Behavior\BuildLiteBehavior [ RunTime:0.000000s ]
INFO: [ app_init ] --END-- [ RunTime:0.001000s ]
INFO: [ app_begin ] --START--
INFO: Run Behavior\ReadHtmlCacheBehavior [ RunTime:0.001000s ]
INFO: [ app_begin ] --END-- [ RunTime:0.001000s ]
SQL: SELECT * FROM `category`  [ RunTime:0.0000s ]
SQL: SELECT * FROM `article` WHERE ( cate_id=4  and is_checked=1 )  [ RunTime:0.0000s ]
SQL: SELECT * FROM `article` WHERE ( cate_id=5  and is_checked=1 )  [ RunTime:0.0010s ]
SQL: SELECT * FROM `article` WHERE ( cate_id=6  and is_checked=1 )  [ RunTime:0.0000s ]
SQL: SELECT * FROM `article` WHERE ( cate_id=7  and is_checked=1 )  [ RunTime:0.0000s ]
SQL: SELECT * FROM `article` WHERE ( is_checked=1 ) ORDER BY click_num desc LIMIT 0,10   [ RunTime:0.0000s ]
SQL: SELECT * FROM `article` WHERE ( is_checked=1 ) ORDER BY cmt_num desc LIMIT 0,10   [ RunTime:0.0000s ]
INFO: [ view_parse ] --START--
INFO: [ template_filter ] --START--
INFO: Run Behavior\ContentReplaceBehavior [ RunTime:0.000000s ]
INFO: [ template_filter ] --END-- [ RunTime:0.000000s ]
NOTIC: [8] Undefined variable: cookie D:\www\news\application\Runtime\Cache\Home\0e9f9964b50249c273d1dbef3ee7dd51.php 第 35 行.
NOTIC: [8] Undefined variable: IP D:\www\news\application\Runtime\Cache\Home\0e9f9964b50249c273d1dbef3ee7dd51.php 第 229 行.
INFO: Run Behavior\ParseTemplateBehavior [ RunTime:0.007000s ]
INFO: [ view_parse ] --END-- [ RunTime:0.007000s ]
INFO: [ view_filter ] --START--
INFO: Run Behavior\WriteHtmlCacheBehavior [ RunTime:0.001000s ]
INFO: [ view_filter ] --END-- [ RunTime:0.001000s ]
INFO: [ app_end ] --START--
INFO: Run Behavior\ShowPageTraceBehavior [ RunTime:0.001000s ]
INFO: [ app_end ] --END-- [ RunTime:0.001000s ]

[ 2017-07-08T14:38:36+08:00 ] ::1 /news/index.php
INFO: [ app_init ] --START--
INFO: Run Behavior\BuildLiteBehavior [ RunTime:0.000000s ]
INFO: [ app_init ] --END-- [ RunTime:0.001000s ]
INFO: [ app_begin ] --START--
INFO: Run Behavior\ReadHtmlCacheBehavior [ RunTime:0.000000s ]
INFO: [ app_begin ] --END-- [ RunTime:0.000000s ]
SQL: SELECT * FROM `category`  [ RunTime:0.0000s ]
SQL: SELECT * FROM `article` WHERE ( cate_id=4  and is_checked=1 )  [ RunTime:0.0000s ]
SQL: SELECT * FROM `article` WHERE ( cate_id=5  and is_checked=1 )  [ RunTime:0.0000s ]
SQL: SELECT * FROM `article` WHERE ( cate_id=6  and is_checked=1 )  [ RunTime:0.0010s ]
SQL: SELECT * FROM `article` WHERE ( cate_id=7  and is_checked=1 )  [ RunTime:0.0000s ]
SQL: SELECT * FROM `article` WHERE ( is_checked=1 ) ORDER BY click_num desc LIMIT 0,10   [ RunTime:0.0000s ]
SQL: SELECT * FROM `article` WHERE ( is_checked=1 ) ORDER BY cmt_num desc LIMIT 0,10   [ RunTime:0.0000s ]
INFO: [ view_parse ] --START--
INFO: [ template_filter ] --START--
INFO: Run Behavior\ContentReplaceBehavior [ RunTime:0.000000s ]
INFO: [ template_filter ] --END-- [ RunTime:0.000000s ]
NOTIC: [8] Undefined variable: cookie D:\www\news\application\Runtime\Cache\Home\0e9f9964b50249c273d1dbef3ee7dd51.php 第 35 行.
NOTIC: [8] Undefined variable: IP D:\www\news\application\Runtime\Cache\Home\0e9f9964b50249c273d1dbef3ee7dd51.php 第 229 行.
INFO: Run Behavior\ParseTemplateBehavior [ RunTime:0.006000s ]
INFO: [ view_parse ] --END-- [ RunTime:0.006000s ]
INFO: [ view_filter ] --START--
INFO: Run Behavior\WriteHtmlCacheBehavior [ RunTime:0.000000s ]
INFO: [ view_filter ] --END-- [ RunTime:0.000000s ]
INFO: [ app_end ] --START--
INFO: Run Behavior\ShowPageTraceBehavior [ RunTime:0.001000s ]
INFO: [ app_end ] --END-- [ RunTime:0.001000s ]

[ 2017-07-08T14:38:38+08:00 ] ::1 /news/index.php
INFO: [ app_init ] --START--
INFO: Run Behavior\BuildLiteBehavior [ RunTime:0.000000s ]
INFO: [ app_init ] --END-- [ RunTime:0.001000s ]
INFO: [ app_begin ] --START--
INFO: Run Behavior\ReadHtmlCacheBehavior [ RunTime:0.001000s ]
INFO: [ app_begin ] --END-- [ RunTime:0.001000s ]
SQL: SELECT * FROM `category`  [ RunTime:0.0010s ]
SQL: SELECT * FROM `article` WHERE ( cate_id=4  and is_checked=1 )  [ RunTime:0.0000s ]
SQL: SELECT * FROM `article` WHERE ( cate_id=5  and is_checked=1 )  [ RunTime:0.0010s ]
SQL: SELECT * FROM `article` WHERE ( cate_id=6  and is_checked=1 )  [ RunTime:0.0000s ]
SQL: SELECT * FROM `article` WHERE ( cate_id=7  and is_checked=1 )  [ RunTime:0.0000s ]
SQL: SELECT * FROM `article` WHERE ( is_checked=1 ) ORDER BY click_num desc LIMIT 0,10   [ RunTime:0.0000s ]
SQL: SELECT * FROM `article` WHERE ( is_checked=1 ) ORDER BY cmt_num desc LIMIT 0,10   [ RunTime:0.0010s ]
INFO: [ view_parse ] --START--
INFO: [ template_filter ] --START--
INFO: Run Behavior\ContentReplaceBehavior [ RunTime:0.000000s ]
INFO: [ template_filter ] --END-- [ RunTime:0.000000s ]
NOTIC: [8] Undefined variable: cookie D:\www\news\application\Runtime\Cache\Home\0e9f9964b50249c273d1dbef3ee7dd51.php 第 35 行.
NOTIC: [8] Undefined variable: IP D:\www\news\application\Runtime\Cache\Home\0e9f9964b50249c273d1dbef3ee7dd51.php 第 229 行.
INFO: Run Behavior\ParseTemplateBehavior [ RunTime:0.007000s ]
INFO: [ view_parse ] --END-- [ RunTime:0.007000s ]
INFO: [ view_filter ] --START--
INFO: Run Behavior\WriteHtmlCacheBehavior [ RunTime:0.000000s ]
INFO: [ view_filter ] --END-- [ RunTime:0.000000s ]
INFO: [ app_end ] --START--
INFO: Run Behavior\ShowPageTraceBehavior [ RunTime:0.000000s ]
INFO: [ app_end ] --END-- [ RunTime:0.000000s ]

[ 2017-07-08T14:40:25+08:00 ] ::1 /news/index.php
INFO: [ app_init ] --START--
INFO: Run Behavior\BuildLiteBehavior [ RunTime:0.000000s ]
INFO: [ app_init ] --END-- [ RunTime:0.001000s ]
INFO: [ app_begin ] --START--
INFO: Run Behavior\ReadHtmlCacheBehavior [ RunTime:0.001000s ]
INFO: [ app_begin ] --END-- [ RunTime:0.001000s ]
SQL: SELECT * FROM `category`  [ RunTime:0.0000s ]
SQL: SELECT * FROM `article` WHERE ( cate_id=4  and is_checked=1 )  [ RunTime:0.0000s ]
SQL: SELECT * FROM `article` WHERE ( cate_id=5  and is_checked=1 )  [ RunTime:0.0000s ]
SQL: SELECT * FROM `article` WHERE ( cate_id=6  and is_checked=1 )  [ RunTime:0.0000s ]
SQL: SELECT * FROM `article` WHERE ( cate_id=7  and is_checked=1 )  [ RunTime:0.0000s ]
SQL: SELECT * FROM `article` WHERE ( is_checked=1 ) ORDER BY click_num desc LIMIT 0,10   [ RunTime:0.0010s ]
SQL: SELECT * FROM `article` WHERE ( is_checked=1 ) ORDER BY cmt_num desc LIMIT 0,10   [ RunTime:0.0000s ]
INFO: [ view_parse ] --START--
INFO: [ template_filter ] --START--
INFO: Run Behavior\ContentReplaceBehavior [ RunTime:0.000000s ]
INFO: [ template_filter ] --END-- [ RunTime:0.000000s ]
NOTIC: [8] Undefined variable: cookie D:\www\news\application\Runtime\Cache\Home\0e9f9964b50249c273d1dbef3ee7dd51.php 第 35 行.
NOTIC: [8] Undefined variable: IP D:\www\news\application\Runtime\Cache\Home\0e9f9964b50249c273d1dbef3ee7dd51.php 第 229 行.
INFO: Run Behavior\ParseTemplateBehavior [ RunTime:0.009000s ]
INFO: [ view_parse ] --END-- [ RunTime:0.009000s ]
INFO: [ view_filter ] --START--
INFO: Run Behavior\WriteHtmlCacheBehavior [ RunTime:0.000000s ]
INFO: [ view_filter ] --END-- [ RunTime:0.000000s ]
INFO: [ app_end ] --START--
INFO: Run Behavior\ShowPageTraceBehavior [ RunTime:0.000000s ]
INFO: [ app_end ] --END-- [ RunTime:0.001000s ]

[ 2017-07-08T14:40:47+08:00 ] ::1 /news/index.php/id/1
INFO: [ app_init ] --START--
INFO: Run Behavior\BuildLiteBehavior [ RunTime:0.000000s ]
INFO: [ app_init ] --END-- [ RunTime:0.001000s ]
INFO: [ app_begin ] --START--
INFO: Run Behavior\ReadHtmlCacheBehavior [ RunTime:0.001000s ]
INFO: [ app_begin ] --END-- [ RunTime:0.001000s ]
ERR: 无法加载控制器:Id

[ 2017-07-08T14:42:02+08:00 ] ::1 /news/index.php/id/1
INFO: [ app_init ] --START--
INFO: Run Behavior\BuildLiteBehavior [ RunTime:0.000000s ]
INFO: [ app_init ] --END-- [ RunTime:0.001000s ]
INFO: [ app_begin ] --START--
INFO: Run Behavior\ReadHtmlCacheBehavior [ RunTime:0.000000s ]
INFO: [ app_begin ] --END-- [ RunTime:0.000000s ]
ERR: 无法加载控制器:Id

[ 2017-07-08T14:42:03+08:00 ] ::1 /news/index.php/id/1
INFO: [ app_init ] --START--
INFO: Run Behavior\BuildLiteBehavior [ RunTime:0.000000s ]
INFO: [ app_init ] --END-- [ RunTime:0.000000s ]
INFO: [ app_begin ] --START--
INFO: Run Behavior\ReadHtmlCacheBehavior [ RunTime:0.000000s ]
INFO: [ app_begin ] --END-- [ RunTime:0.000000s ]
ERR: 无法加载控制器:Id

[ 2017-07-08T14:42:05+08:00 ] ::1 /news/index.php/id/1
INFO: [ app_init ] --START--
INFO: Run Behavior\BuildLiteBehavior [ RunTime:0.000000s ]
INFO: [ app_init ] --END-- [ RunTime:0.001000s ]
INFO: [ app_begin ] --START--
INFO: Run Behavior\ReadHtmlCacheBehavior [ RunTime:0.001000s ]
INFO: [ app_begin ] --END-- [ RunTime:0.001000s ]
ERR: 无法加载控制器:Id

[ 2017-07-08T14:42:08+08:00 ] ::1 /news/index.php
INFO: [ app_init ] --START--
INFO: Run Behavior\BuildLiteBehavior [ RunTime:0.000000s ]
INFO: [ app_init ] --END-- [ RunTime:0.000000s ]
INFO: [ app_begin ] --START--
INFO: Run Behavior\ReadHtmlCacheBehavior [ RunTime:0.001000s ]
INFO: [ app_begin ] --END-- [ RunTime:0.001000s ]
SQL: SELECT * FROM `category`  [ RunTime:0.0000s ]
SQL: SELECT * FROM `article` WHERE ( cate_id=4  and is_checked=1 )  [ RunTime:0.0000s ]
SQL: SELECT * FROM `article` WHERE ( cate_id=5  and is_checked=1 )  [ RunTime:0.0000s ]
SQL: SELECT * FROM `article` WHERE ( cate_id=6  and is_checked=1 )  [ RunTime:0.0010s ]
SQL: SELECT * FROM `article` WHERE ( cate_id=7  and is_checked=1 )  [ RunTime:0.0000s ]
SQL: SELECT * FROM `article` WHERE ( is_checked=1 ) ORDER BY click_num desc LIMIT 0,10   [ RunTime:0.0000s ]
SQL: SELECT * FROM `article` WHERE ( is_checked=1 ) ORDER BY cmt_num desc LIMIT 0,10   [ RunTime:0.0000s ]
INFO: [ view_parse ] --START--
INFO: [ template_filter ] --START--
INFO: Run Behavior\ContentReplaceBehavior [ RunTime:0.000000s ]
INFO: [ template_filter ] --END-- [ RunTime:0.000000s ]
NOTIC: [8] Undefined variable: cookie D:\www\news\application\Runtime\Cache\Home\0e9f9964b50249c273d1dbef3ee7dd51.php 第 35 行.
NOTIC: [8] Undefined variable: IP D:\www\news\application\Runtime\Cache\Home\0e9f9964b50249c273d1dbef3ee7dd51.php 第 229 行.
INFO: Run Behavior\ParseTemplateBehavior [ RunTime:0.006000s ]
INFO: [ view_parse ] --END-- [ RunTime:0.006000s ]
INFO: [ view_filter ] --START--
INFO: Run Behavior\WriteHtmlCacheBehavior [ RunTime:0.001000s ]
INFO: [ view_filter ] --END-- [ RunTime:0.001000s ]
INFO: [ app_end ] --START--
INFO: Run Behavior\ShowPageTraceBehavior [ RunTime:0.000000s ]
INFO: [ app_end ] --END-- [ RunTime:0.000000s ]

[ 2017-07-08T14:43:12+08:00 ] ::1 /news/index.php
INFO: [ app_init ] --START--
INFO: Run Behavior\BuildLiteBehavior [ RunTime:0.000000s ]
INFO: [ app_init ] --END-- [ RunTime:0.000000s ]
INFO: [ app_begin ] --START--
INFO: Run Behavior\ReadHtmlCacheBehavior [ RunTime:0.001000s ]
INFO: [ app_begin ] --END-- [ RunTime:0.001000s ]
SQL: SELECT * FROM `category`  [ RunTime:0.0000s ]
SQL: SELECT * FROM `article` WHERE ( cate_id=4  and is_checked=1 )  [ RunTime:0.0000s ]
SQL: SELECT * FROM `article` WHERE ( cate_id=5  and is_checked=1 )  [ RunTime:0.0010s ]
SQL: SELECT * FROM `article` WHERE ( cate_id=6  and is_checked=1 )  [ RunTime:0.0000s ]
SQL: SELECT * FROM `article` WHERE ( cate_id=7  and is_checked=1 )  [ RunTime:0.0000s ]
SQL: SELECT * FROM `article` WHERE ( is_checked=1 ) ORDER BY click_num desc LIMIT 0,10   [ RunTime:0.0010s ]
SQL: SELECT * FROM `article` WHERE ( is_checked=1 ) ORDER BY cmt_num desc LIMIT 0,10   [ RunTime:0.0000s ]
INFO: [ view_parse ] --START--
INFO: [ template_filter ] --START--
INFO: Run Behavior\ContentReplaceBehavior [ RunTime:0.000000s ]
INFO: [ template_filter ] --END-- [ RunTime:0.000000s ]
NOTIC: [8] Undefined variable: cookie D:\www\news\application\Runtime\Cache\Home\0e9f9964b50249c273d1dbef3ee7dd51.php 第 35 行.
NOTIC: [8] Undefined variable: IP D:\www\news\application\Runtime\Cache\Home\0e9f9964b50249c273d1dbef3ee7dd51.php 第 228 行.
INFO: Run Behavior\ParseTemplateBehavior [ RunTime:0.006000s ]
INFO: [ view_parse ] --END-- [ RunTime:0.006000s ]
INFO: [ view_filter ] --START--
INFO: Run Behavior\WriteHtmlCacheBehavior [ RunTime:0.001000s ]
INFO: [ view_filter ] --END-- [ RunTime:0.001000s ]
INFO: [ app_end ] --START--
INFO: Run Behavior\ShowPageTraceBehavior [ RunTime:0.000000s ]
INFO: [ app_end ] --END-- [ RunTime:0.000000s ]

[ 2017-07-08T14:47:46+08:00 ] ::1 /news/index.php
INFO: [ app_init ] --START--
INFO: Run Behavior\BuildLiteBehavior [ RunTime:0.000000s ]
INFO: [ app_init ] --END-- [ RunTime:0.000000s ]
INFO: [ app_begin ] --START--
INFO: Run Behavior\ReadHtmlCacheBehavior [ RunTime:0.001000s ]
INFO: [ app_begin ] --END-- [ RunTime:0.001000s ]
SQL: SELECT * FROM `category` WHERE ( id=0 )  [ RunTime:0.0010s ]
SQL: SELECT * FROM `article` WHERE ( cate_id=4  and is_checked=1 )  [ RunTime:0.0000s ]
SQL: SELECT * FROM `article` WHERE ( cate_id=5  and is_checked=1 )  [ RunTime:0.0010s ]
SQL: SELECT * FROM `article` WHERE ( cate_id=6  and is_checked=1 )  [ RunTime:0.0000s ]
SQL: SELECT * FROM `article` WHERE ( cate_id=7  and is_checked=1 )  [ RunTime:0.0000s ]
SQL: SELECT * FROM `article` WHERE ( is_checked=1 ) ORDER BY click_num desc LIMIT 0,10   [ RunTime:0.0010s ]
SQL: SELECT * FROM `article` WHERE ( is_checked=1 ) ORDER BY cmt_num desc LIMIT 0,10   [ RunTime:0.0000s ]
INFO: [ view_parse ] --START--
INFO: [ template_filter ] --START--
INFO: Run Behavior\ContentReplaceBehavior [ RunTime:0.000000s ]
INFO: [ template_filter ] --END-- [ RunTime:0.000000s ]
NOTIC: [8] Undefined variable: cookie D:\www\news\application\Runtime\Cache\Home\0e9f9964b50249c273d1dbef3ee7dd51.php 第 35 行.
NOTIC: [8] Undefined variable: IP D:\www\news\application\Runtime\Cache\Home\0e9f9964b50249c273d1dbef3ee7dd51.php 第 228 行.
INFO: Run Behavior\ParseTemplateBehavior [ RunTime:0.007000s ]
INFO: [ view_parse ] --END-- [ RunTime:0.007000s ]
INFO: [ view_filter ] --START--
INFO: Run Behavior\WriteHtmlCacheBehavior [ RunTime:0.000000s ]
INFO: [ view_filter ] --END-- [ RunTime:0.000000s ]
INFO: [ app_end ] --START--
INFO: Run Behavior\ShowPageTraceBehavior [ RunTime:0.001000s ]
INFO: [ app_end ] --END-- [ RunTime:0.001000s ]

[ 2017-07-08T14:48:08+08:00 ] ::1 /news/index.php
INFO: [ app_init ] --START--
INFO: Run Behavior\BuildLiteBehavior [ RunTime:0.000000s ]
INFO: [ app_init ] --END-- [ RunTime:0.001000s ]
INFO: [ app_begin ] --START--
INFO: Run Behavior\ReadHtmlCacheBehavior [ RunTime:0.001000s ]
INFO: [ app_begin ] --END-- [ RunTime:0.001000s ]
ERR: 1054:Unknown column 'partent_id' in 'where clause'
 [ SQL语句 ] : SELECT * FROM `category` WHERE ( partent_id=0 ) 
ERR: 1054:Unknown column 'partent_id' in 'where clause'
 [ SQL语句 ] : SELECT * FROM `category` WHERE ( partent_id=0 ) 

[ 2017-07-08T14:48:10+08:00 ] ::1 /news/index.php
INFO: [ app_init ] --START--
INFO: Run Behavior\BuildLiteBehavior [ RunTime:0.000000s ]
INFO: [ app_init ] --END-- [ RunTime:0.000000s ]
INFO: [ app_begin ] --START--
INFO: Run Behavior\ReadHtmlCacheBehavior [ RunTime:0.000000s ]
INFO: [ app_begin ] --END-- [ RunTime:0.000000s ]
ERR: 1054:Unknown column 'partent_id' in 'where clause'
 [ SQL语句 ] : SELECT * FROM `category` WHERE ( partent_id=0 ) 
ERR: 1054:Unknown column 'partent_id' in 'where clause'
 [ SQL语句 ] : SELECT * FROM `category` WHERE ( partent_id=0 ) 

[ 2017-07-08T14:48:23+08:00 ] ::1 /news/index.php
INFO: [ app_init ] --START--
INFO: Run Behavior\BuildLiteBehavior [ RunTime:0.000000s ]
INFO: [ app_init ] --END-- [ RunTime:0.000000s ]
INFO: [ app_begin ] --START--
INFO: Run Behavior\ReadHtmlCacheBehavior [ RunTime:0.001000s ]
INFO: [ app_begin ] --END-- [ RunTime:0.001000s ]
SQL: SELECT * FROM `category` WHERE ( parent_id=0 )  [ RunTime:0.0010s ]
SQL: SELECT * FROM `article` WHERE ( cate_id=4  and is_checked=1 )  [ RunTime:0.0000s ]
SQL: SELECT * FROM `article` WHERE ( cate_id=5  and is_checked=1 )  [ RunTime:0.0000s ]
SQL: SELECT * FROM `article` WHERE ( cate_id=6  and is_checked=1 )  [ RunTime:0.0000s ]
SQL: SELECT * FROM `article` WHERE ( cate_id=7  and is_checked=1 )  [ RunTime:0.0000s ]
SQL: SELECT * FROM `article` WHERE ( is_checked=1 ) ORDER BY click_num desc LIMIT 0,10   [ RunTime:0.0000s ]
SQL: SELECT * FROM `article` WHERE ( is_checked=1 ) ORDER BY cmt_num desc LIMIT 0,10   [ RunTime:0.0000s ]
INFO: [ view_parse ] --START--
INFO: [ template_filter ] --START--
INFO: Run Behavior\ContentReplaceBehavior [ RunTime:0.000000s ]
INFO: [ template_filter ] --END-- [ RunTime:0.000000s ]
NOTIC: [8] Undefined variable: cookie D:\www\news\application\Runtime\Cache\Home\0e9f9964b50249c273d1dbef3ee7dd51.php 第 35 行.
NOTIC: [8] Undefined variable: IP D:\www\news\application\Runtime\Cache\Home\0e9f9964b50249c273d1dbef3ee7dd51.php 第 228 行.
INFO: Run Behavior\ParseTemplateBehavior [ RunTime:0.006000s ]
INFO: [ view_parse ] --END-- [ RunTime:0.006000s ]
INFO: [ view_filter ] --START--
INFO: Run Behavior\WriteHtmlCacheBehavior [ RunTime:0.000000s ]
INFO: [ view_filter ] --END-- [ RunTime:0.000000s ]
INFO: [ app_end ] --START--
INFO: Run Behavior\ShowPageTraceBehavior [ RunTime:0.001000s ]
INFO: [ app_end ] --END-- [ RunTime:0.001000s ]

[ 2017-07-08T14:58:34+08:00 ] ::1 /news/index.php
INFO: [ app_init ] --START--
INFO: Run Behavior\BuildLiteBehavior [ RunTime:0.000000s ]
INFO: [ app_init ] --END-- [ RunTime:0.000000s ]
INFO: [ app_begin ] --START--
INFO: Run Behavior\ReadHtmlCacheBehavior [ RunTime:0.001000s ]
INFO: [ app_begin ] --END-- [ RunTime:0.001000s ]
SQL: SELECT * FROM `category` WHERE ( parent_id=0 )  [ RunTime:0.0010s ]
SQL: SELECT * FROM `article` WHERE ( cate_id=4  and is_checked=1 )  [ RunTime:0.0010s ]
SQL: SELECT * FROM `article` WHERE ( cate_id=5  and is_checked=1 )  [ RunTime:0.0000s ]
SQL: SELECT * FROM `article` WHERE ( cate_id=6  and is_checked=1 )  [ RunTime:0.0000s ]
SQL: SELECT * FROM `article` WHERE ( cate_id=7  and is_checked=1 )  [ RunTime:0.0010s ]
SQL: SELECT * FROM `article` WHERE ( is_checked=1 ) ORDER BY click_num desc LIMIT 0,10   [ RunTime:0.0000s ]
SQL: SELECT * FROM `article` WHERE ( is_checked=1 ) ORDER BY cmt_num desc LIMIT 0,10   [ RunTime:0.0000s ]
INFO: [ view_parse ] --START--
INFO: [ template_filter ] --START--
INFO: Run Behavior\ContentReplaceBehavior [ RunTime:0.000000s ]
INFO: [ template_filter ] --END-- [ RunTime:0.000000s ]
NOTIC: [8] Undefined variable: cookie D:\www\news\application\Runtime\Cache\Home\0e9f9964b50249c273d1dbef3ee7dd51.php 第 35 行.
NOTIC: [8] Undefined variable: IP D:\www\news\application\Runtime\Cache\Home\0e9f9964b50249c273d1dbef3ee7dd51.php 第 228 行.
INFO: Run Behavior\ParseTemplateBehavior [ RunTime:0.006000s ]
INFO: [ view_parse ] --END-- [ RunTime:0.006000s ]
INFO: [ view_filter ] --START--
INFO: Run Behavior\WriteHtmlCacheBehavior [ RunTime:0.000000s ]
INFO: [ view_filter ] --END-- [ RunTime:0.000000s ]
INFO: [ app_end ] --START--
INFO: Run Behavior\ShowPageTraceBehavior [ RunTime:0.001000s ]
INFO: [ app_end ] --END-- [ RunTime:0.001000s ]

[ 2017-07-08T15:00:16+08:00 ] ::1 /news/index.php
INFO: [ app_init ] --START--
INFO: Run Behavior\BuildLiteBehavior [ RunTime:0.000000s ]
INFO: [ app_init ] --END-- [ RunTime:0.001000s ]
INFO: [ app_begin ] --START--
INFO: Run Behavior\ReadHtmlCacheBehavior [ RunTime:0.002000s ]
INFO: [ app_begin ] --END-- [ RunTime:0.002000s ]
SQL: SELECT * FROM `category` WHERE ( parent_id=0 )  [ RunTime:0.0010s ]
SQL: SELECT * FROM `article` WHERE ( cate_id=4  and is_checked=1 )  [ RunTime:0.0000s ]
SQL: SELECT * FROM `article` WHERE ( cate_id=5  and is_checked=1 )  [ RunTime:0.0000s ]
SQL: SELECT * FROM `article` WHERE ( cate_id=6  and is_checked=1 )  [ RunTime:0.0000s ]
SQL: SELECT * FROM `article` WHERE ( cate_id=7  and is_checked=1 )  [ RunTime:0.0000s ]
SQL: SELECT * FROM `article` WHERE ( is_checked=1 ) ORDER BY click_num desc LIMIT 0,10   [ RunTime:0.0000s ]
SQL: SELECT * FROM `article` WHERE ( is_checked=1 ) ORDER BY cmt_num desc LIMIT 0,10   [ RunTime:0.0010s ]
INFO: [ view_parse ] --START--
INFO: [ template_filter ] --START--
INFO: Run Behavior\ContentReplaceBehavior [ RunTime:0.001000s ]
INFO: [ template_filter ] --END-- [ RunTime:0.001000s ]
NOTIC: [8] Undefined variable: cookie D:\www\news\application\Runtime\Cache\Home\0e9f9964b50249c273d1dbef3ee7dd51.php 第 35 行.
NOTIC: [8] Undefined variable: IP D:\www\news\application\Runtime\Cache\Home\0e9f9964b50249c273d1dbef3ee7dd51.php 第 228 行.
INFO: Run Behavior\ParseTemplateBehavior [ RunTime:0.005000s ]
INFO: [ view_parse ] --END-- [ RunTime:0.005000s ]
INFO: [ view_filter ] --START--
INFO: Run Behavior\WriteHtmlCacheBehavior [ RunTime:0.001000s ]
INFO: [ view_filter ] --END-- [ RunTime:0.001000s ]
INFO: [ app_end ] --START--
INFO: Run Behavior\ShowPageTraceBehavior [ RunTime:0.000000s ]
INFO: [ app_end ] --END-- [ RunTime:0.000000s ]

[ 2017-07-08T15:00:18+08:00 ] ::1 /news/index.php
INFO: [ app_init ] --START--
INFO: Run Behavior\BuildLiteBehavior [ RunTime:0.000000s ]
INFO: [ app_init ] --END-- [ RunTime:0.000000s ]
INFO: [ app_begin ] --START--
INFO: Run Behavior\ReadHtmlCacheBehavior [ RunTime:0.000000s ]
INFO: [ app_begin ] --END-- [ RunTime:0.000000s ]
SQL: SELECT * FROM `category` WHERE ( parent_id=0 )  [ RunTime:0.0010s ]
SQL: SELECT * FROM `article` WHERE ( cate_id=4  and is_checked=1 )  [ RunTime:0.0000s ]
SQL: SELECT * FROM `article` WHERE ( cate_id=5  and is_checked=1 )  [ RunTime:0.0010s ]
SQL: SELECT * FROM `article` WHERE ( cate_id=6  and is_checked=1 )  [ RunTime:0.0000s ]
SQL: SELECT * FROM `article` WHERE ( cate_id=7  and is_checked=1 )  [ RunTime:0.0010s ]
SQL: SELECT * FROM `article` WHERE ( is_checked=1 ) ORDER BY click_num desc LIMIT 0,10   [ RunTime:0.0000s ]
SQL: SELECT * FROM `article` WHERE ( is_checked=1 ) ORDER BY cmt_num desc LIMIT 0,10   [ RunTime:0.0000s ]
INFO: [ view_parse ] --START--
INFO: [ template_filter ] --START--
INFO: Run Behavior\ContentReplaceBehavior [ RunTime:0.000000s ]
INFO: [ template_filter ] --END-- [ RunTime:0.000000s ]
NOTIC: [8] Undefined variable: cookie D:\www\news\application\Runtime\Cache\Home\0e9f9964b50249c273d1dbef3ee7dd51.php 第 35 行.
NOTIC: [8] Undefined variable: IP D:\www\news\application\Runtime\Cache\Home\0e9f9964b50249c273d1dbef3ee7dd51.php 第 228 行.
INFO: Run Behavior\ParseTemplateBehavior [ RunTime:0.008000s ]
INFO: [ view_parse ] --END-- [ RunTime:0.008000s ]
INFO: [ view_filter ] --START--
INFO: Run Behavior\WriteHtmlCacheBehavior [ RunTime:0.000000s ]
INFO: [ view_filter ] --END-- [ RunTime:0.000000s ]
INFO: [ app_end ] --START--
INFO: Run Behavior\ShowPageTraceBehavior [ RunTime:0.001000s ]
INFO: [ app_end ] --END-- [ RunTime:0.001000s ]

[ 2017-07-08T15:00:30+08:00 ] ::1 /news/index.php
INFO: [ app_init ] --START--
INFO: Run Behavior\BuildLiteBehavior [ RunTime:0.000000s ]
INFO: [ app_init ] --END-- [ RunTime:0.000000s ]
INFO: [ app_begin ] --START--
INFO: Run Behavior\ReadHtmlCacheBehavior [ RunTime:0.001000s ]
INFO: [ app_begin ] --END-- [ RunTime:0.001000s ]
SQL: SELECT * FROM `category` WHERE ( parent_id=0 )  [ RunTime:0.0010s ]
SQL: SELECT * FROM `article` WHERE ( cate_id=4  and is_checked=1 )  [ RunTime:0.0000s ]
SQL: SELECT * FROM `article` WHERE ( cate_id=5  and is_checked=1 )  [ RunTime:0.0010s ]
SQL: SELECT * FROM `article` WHERE ( cate_id=6  and is_checked=1 )  [ RunTime:0.0000s ]
SQL: SELECT * FROM `article` WHERE ( cate_id=7  and is_checked=1 )  [ RunTime:0.0010s ]
SQL: SELECT * FROM `article` WHERE ( is_checked=1 ) ORDER BY click_num desc LIMIT 0,10   [ RunTime:0.0000s ]
SQL: SELECT * FROM `article` WHERE ( is_checked=1 ) ORDER BY cmt_num desc LIMIT 0,10   [ RunTime:0.0010s ]
INFO: [ view_parse ] --START--
INFO: [ template_filter ] --START--
INFO: Run Behavior\ContentReplaceBehavior [ RunTime:0.000000s ]
INFO: [ template_filter ] --END-- [ RunTime:0.000000s ]
NOTIC: [8] Undefined variable: cookie D:\www\news\application\Runtime\Cache\Home\0e9f9964b50249c273d1dbef3ee7dd51.php 第 35 行.
NOTIC: [8] Undefined variable: IP D:\www\news\application\Runtime\Cache\Home\0e9f9964b50249c273d1dbef3ee7dd51.php 第 228 行.
INFO: Run Behavior\ParseTemplateBehavior [ RunTime:0.006000s ]
INFO: [ view_parse ] --END-- [ RunTime:0.006000s ]
INFO: [ view_filter ] --START--
INFO: Run Behavior\WriteHtmlCacheBehavior [ RunTime:0.000000s ]
INFO: [ view_filter ] --END-- [ RunTime:0.000000s ]
INFO: [ app_end ] --START--
INFO: Run Behavior\ShowPageTraceBehavior [ RunTime:0.001000s ]
INFO: [ app_end ] --END-- [ RunTime:0.001000s ]

[ 2017-07-08T15:00:31+08:00 ] ::1 /news/index.php
INFO: [ app_init ] --START--
INFO: Run Behavior\BuildLiteBehavior [ RunTime:0.000000s ]
INFO: [ app_init ] --END-- [ RunTime:0.000000s ]
INFO: [ app_begin ] --START--
INFO: Run Behavior\ReadHtmlCacheBehavior [ RunTime:0.001000s ]
INFO: [ app_begin ] --END-- [ RunTime:0.001000s ]
SQL: SELECT * FROM `category` WHERE ( parent_id=0 )  [ RunTime:0.0000s ]
SQL: SELECT * FROM `article` WHERE ( cate_id=4  and is_checked=1 )  [ RunTime:0.0000s ]
SQL: SELECT * FROM `article` WHERE ( cate_id=5  and is_checked=1 )  [ RunTime:0.0010s ]
SQL: SELECT * FROM `article` WHERE ( cate_id=6  and is_checked=1 )  [ RunTime:0.0000s ]
SQL: SELECT * FROM `article` WHERE ( cate_id=7  and is_checked=1 )  [ RunTime:0.0010s ]
SQL: SELECT * FROM `article` WHERE ( is_checked=1 ) ORDER BY click_num desc LIMIT 0,10   [ RunTime:0.0000s ]
SQL: SELECT * FROM `article` WHERE ( is_checked=1 ) ORDER BY cmt_num desc LIMIT 0,10   [ RunTime:0.0010s ]
INFO: [ view_parse ] --START--
INFO: [ template_filter ] --START--
INFO: Run Behavior\ContentReplaceBehavior [ RunTime:0.001000s ]
INFO: [ template_filter ] --END-- [ RunTime:0.001000s ]
NOTIC: [8] Undefined variable: cookie D:\www\news\application\Runtime\Cache\Home\0e9f9964b50249c273d1dbef3ee7dd51.php 第 35 行.
NOTIC: [8] Undefined variable: IP D:\www\news\application\Runtime\Cache\Home\0e9f9964b50249c273d1dbef3ee7dd51.php 第 228 行.
INFO: Run Behavior\ParseTemplateBehavior [ RunTime:0.009000s ]
INFO: [ view_parse ] --END-- [ RunTime:0.009000s ]
INFO: [ view_filter ] --START--
INFO: Run Behavior\WriteHtmlCacheBehavior [ RunTime:0.001000s ]
INFO: [ view_filter ] --END-- [ RunTime:0.001000s ]
INFO: [ app_end ] --START--
INFO: Run Behavior\ShowPageTraceBehavior [ RunTime:0.000000s ]
INFO: [ app_end ] --END-- [ RunTime:0.000000s ]

[ 2017-07-08T15:00:31+08:00 ] ::1 /news/index.php
INFO: [ app_init ] --START--
INFO: Run Behavior\BuildLiteBehavior [ RunTime:0.000000s ]
INFO: [ app_init ] --END-- [ RunTime:0.000000s ]
INFO: [ app_begin ] --START--
INFO: Run Behavior\ReadHtmlCacheBehavior [ RunTime:0.000000s ]
INFO: [ app_begin ] --END-- [ RunTime:0.000000s ]
SQL: SELECT * FROM `category` WHERE ( parent_id=0 )  [ RunTime:0.0000s ]
SQL: SELECT * FROM `article` WHERE ( cate_id=4  and is_checked=1 )  [ RunTime:0.0010s ]
SQL: SELECT * FROM `article` WHERE ( cate_id=5  and is_checked=1 )  [ RunTime:0.0000s ]
SQL: SELECT * FROM `article` WHERE ( cate_id=6  and is_checked=1 )  [ RunTime:0.0010s ]
SQL: SELECT * FROM `article` WHERE ( cate_id=7  and is_checked=1 )  [ RunTime:0.0000s ]
SQL: SELECT * FROM `article` WHERE ( is_checked=1 ) ORDER BY click_num desc LIMIT 0,10   [ RunTime:0.0000s ]
SQL: SELECT * FROM `article` WHERE ( is_checked=1 ) ORDER BY cmt_num desc LIMIT 0,10   [ RunTime:0.0000s ]
INFO: [ view_parse ] --START--
INFO: [ template_filter ] --START--
INFO: Run Behavior\ContentReplaceBehavior [ RunTime:0.000000s ]
INFO: [ template_filter ] --END-- [ RunTime:0.000000s ]
NOTIC: [8] Undefined variable: cookie D:\www\news\application\Runtime\Cache\Home\0e9f9964b50249c273d1dbef3ee7dd51.php 第 35 行.
NOTIC: [8] Undefined variable: IP D:\www\news\application\Runtime\Cache\Home\0e9f9964b50249c273d1dbef3ee7dd51.php 第 228 行.
INFO: Run Behavior\ParseTemplateBehavior [ RunTime:0.008000s ]
INFO: [ view_parse ] --END-- [ RunTime:0.008000s ]
INFO: [ view_filter ] --START--
INFO: Run Behavior\WriteHtmlCacheBehavior [ RunTime:0.000000s ]
INFO: [ view_filter ] --END-- [ RunTime:0.000000s ]
INFO: [ app_end ] --START--
INFO: Run Behavior\ShowPageTraceBehavior [ RunTime:0.000000s ]
INFO: [ app_end ] --END-- [ RunTime:0.000000s ]

[ 2017-07-08T15:00:32+08:00 ] ::1 /news/index.php
INFO: [ app_init ] --START--
INFO: Run Behavior\BuildLiteBehavior [ RunTime:0.000000s ]
INFO: [ app_init ] --END-- [ RunTime:0.001000s ]
INFO: [ app_begin ] --START--
INFO: Run Behavior\ReadHtmlCacheBehavior [ RunTime:0.001000s ]
INFO: [ app_begin ] --END-- [ RunTime:0.001000s ]
SQL: SELECT * FROM `category` WHERE ( parent_id=0 )  [ RunTime:0.0000s ]
SQL: SELECT * FROM `article` WHERE ( cate_id=4  and is_checked=1 )  [ RunTime:0.0000s ]
SQL: SELECT * FROM `article` WHERE ( cate_id=5  and is_checked=1 )  [ RunTime:0.0010s ]
SQL: SELECT * FROM `article` WHERE ( cate_id=6  and is_checked=1 )  [ RunTime:0.0000s ]
SQL: SELECT * FROM `article` WHERE ( cate_id=7  and is_checked=1 )  [ RunTime:0.0010s ]
SQL: SELECT * FROM `article` WHERE ( is_checked=1 ) ORDER BY click_num desc LIMIT 0,10   [ RunTime:0.0000s ]
SQL: SELECT * FROM `article` WHERE ( is_checked=1 ) ORDER BY cmt_num desc LIMIT 0,10   [ RunTime:0.0010s ]
INFO: [ view_parse ] --START--
INFO: [ template_filter ] --START--
INFO: Run Behavior\ContentReplaceBehavior [ RunTime:0.000000s ]
INFO: [ template_filter ] --END-- [ RunTime:0.000000s ]
NOTIC: [8] Undefined variable: cookie D:\www\news\application\Runtime\Cache\Home\0e9f9964b50249c273d1dbef3ee7dd51.php 第 35 行.
NOTIC: [8] Undefined variable: IP D:\www\news\application\Runtime\Cache\Home\0e9f9964b50249c273d1dbef3ee7dd51.php 第 228 行.
INFO: Run Behavior\ParseTemplateBehavior [ RunTime:0.009000s ]
INFO: [ view_parse ] --END-- [ RunTime:0.009000s ]
INFO: [ view_filter ] --START--
INFO: Run Behavior\WriteHtmlCacheBehavior [ RunTime:0.000000s ]
INFO: [ view_filter ] --END-- [ RunTime:0.000000s ]
INFO: [ app_end ] --START--
INFO: Run Behavior\ShowPageTraceBehavior [ RunTime:0.000000s ]
INFO: [ app_end ] --END-- [ RunTime:0.000000s ]

[ 2017-07-08T15:00:32+08:00 ] ::1 /news/index.php
INFO: [ app_init ] --START--
INFO: Run Behavior\BuildLiteBehavior [ RunTime:0.000000s ]
INFO: [ app_init ] --END-- [ RunTime:0.000000s ]
INFO: [ app_begin ] --START--
INFO: Run Behavior\ReadHtmlCacheBehavior [ RunTime:0.000000s ]
INFO: [ app_begin ] --END-- [ RunTime:0.000000s ]
SQL: SELECT * FROM `category` WHERE ( parent_id=0 )  [ RunTime:0.0000s ]
SQL: SELECT * FROM `article` WHERE ( cate_id=4  and is_checked=1 )  [ RunTime:0.0000s ]
SQL: SELECT * FROM `article` WHERE ( cate_id=5  and is_checked=1 )  [ RunTime:0.0000s ]
SQL: SELECT * FROM `article` WHERE ( cate_id=6  and is_checked=1 )  [ RunTime:0.0000s ]
SQL: SELECT * FROM `article` WHERE ( cate_id=7  and is_checked=1 )  [ RunTime:0.0000s ]
SQL: SELECT * FROM `article` WHERE ( is_checked=1 ) ORDER BY click_num desc LIMIT 0,10   [ RunTime:0.0010s ]
SQL: SELECT * FROM `article` WHERE ( is_checked=1 ) ORDER BY cmt_num desc LIMIT 0,10   [ RunTime:0.0010s ]
INFO: [ view_parse ] --START--
INFO: [ template_filter ] --START--
INFO: Run Behavior\ContentReplaceBehavior [ RunTime:0.000000s ]
INFO: [ template_filter ] --END-- [ RunTime:0.000000s ]
NOTIC: [8] Undefined variable: cookie D:\www\news\application\Runtime\Cache\Home\0e9f9964b50249c273d1dbef3ee7dd51.php 第 35 行.
NOTIC: [8] Undefined variable: IP D:\www\news\application\Runtime\Cache\Home\0e9f9964b50249c273d1dbef3ee7dd51.php 第 228 行.
INFO: Run Behavior\ParseTemplateBehavior [ RunTime:0.005000s ]
INFO: [ view_parse ] --END-- [ RunTime:0.005000s ]
INFO: [ view_filter ] --START--
INFO: Run Behavior\WriteHtmlCacheBehavior [ RunTime:0.000000s ]
INFO: [ view_filter ] --END-- [ RunTime:0.000000s ]
INFO: [ app_end ] --START--
INFO: Run Behavior\ShowPageTraceBehavior [ RunTime:0.001000s ]
INFO: [ app_end ] --END-- [ RunTime:0.001000s ]

[ 2017-07-08T15:00:32+08:00 ] ::1 /news/index.php
INFO: [ app_init ] --START--
INFO: Run Behavior\BuildLiteBehavior [ RunTime:0.000000s ]
INFO: [ app_init ] --END-- [ RunTime:0.001000s ]
INFO: [ app_begin ] --START--
INFO: Run Behavior\ReadHtmlCacheBehavior [ RunTime:0.001000s ]
INFO: [ app_begin ] --END-- [ RunTime:0.001000s ]
SQL: SELECT * FROM `category` WHERE ( parent_id=0 )  [ RunTime:0.0010s ]
SQL: SELECT * FROM `article` WHERE ( cate_id=4  and is_checked=1 )  [ RunTime:0.0000s ]
SQL: SELECT * FROM `article` WHERE ( cate_id=5  and is_checked=1 )  [ RunTime:0.0010s ]
SQL: SELECT * FROM `article` WHERE ( cate_id=6  and is_checked=1 )  [ RunTime:0.0000s ]
SQL: SELECT * FROM `article` WHERE ( cate_id=7  and is_checked=1 )  [ RunTime:0.0010s ]
SQL: SELECT * FROM `article` WHERE ( is_checked=1 ) ORDER BY click_num desc LIMIT 0,10   [ RunTime:0.0000s ]
SQL: SELECT * FROM `article` WHERE ( is_checked=1 ) ORDER BY cmt_num desc LIMIT 0,10   [ RunTime:0.0010s ]
INFO: [ view_parse ] --START--
INFO: [ template_filter ] --START--
INFO: Run Behavior\ContentReplaceBehavior [ RunTime:0.000000s ]
INFO: [ template_filter ] --END-- [ RunTime:0.000000s ]
NOTIC: [8] Undefined variable: cookie D:\www\news\application\Runtime\Cache\Home\0e9f9964b50249c273d1dbef3ee7dd51.php 第 35 行.
NOTIC: [8] Undefined variable: IP D:\www\news\application\Runtime\Cache\Home\0e9f9964b50249c273d1dbef3ee7dd51.php 第 228 行.
INFO: Run Behavior\ParseTemplateBehavior [ RunTime:0.008000s ]
INFO: [ view_parse ] --END-- [ RunTime:0.008000s ]
INFO: [ view_filter ] --START--
INFO: Run Behavior\WriteHtmlCacheBehavior [ RunTime:0.000000s ]
INFO: [ view_filter ] --END-- [ RunTime:0.000000s ]
INFO: [ app_end ] --START--
INFO: Run Behavior\ShowPageTraceBehavior [ RunTime:0.000000s ]
INFO: [ app_end ] --END-- [ RunTime:0.000000s ]

[ 2017-07-08T15:00:32+08:00 ] ::1 /news/index.php
INFO: [ app_init ] --START--
INFO: Run Behavior\BuildLiteBehavior [ RunTime:0.000000s ]
INFO: [ app_init ] --END-- [ RunTime:0.001000s ]
INFO: [ app_begin ] --START--
INFO: Run Behavior\ReadHtmlCacheBehavior [ RunTime:0.001000s ]
INFO: [ app_begin ] --END-- [ RunTime:0.001000s ]
SQL: SELECT * FROM `category` WHERE ( parent_id=0 )  [ RunTime:0.0000s ]
SQL: SELECT * FROM `article` WHERE ( cate_id=4  and is_checked=1 )  [ RunTime:0.0010s ]
SQL: SELECT * FROM `article` WHERE ( cate_id=5  and is_checked=1 )  [ RunTime:0.0000s ]
SQL: SELECT * FROM `article` WHERE ( cate_id=6  and is_checked=1 )  [ RunTime:0.0010s ]
SQL: SELECT * FROM `article` WHERE ( cate_id=7  and is_checked=1 )  [ RunTime:0.0000s ]
SQL: SELECT * FROM `article` WHERE ( is_checked=1 ) ORDER BY click_num desc LIMIT 0,10   [ RunTime:0.0000s ]
SQL: SELECT * FROM `article` WHERE ( is_checked=1 ) ORDER BY cmt_num desc LIMIT 0,10   [ RunTime:0.0010s ]
INFO: [ view_parse ] --START--
INFO: [ template_filter ] --START--
INFO: Run Behavior\ContentReplaceBehavior [ RunTime:0.000000s ]
INFO: [ template_filter ] --END-- [ RunTime:0.000000s ]
NOTIC: [8] Undefined variable: cookie D:\www\news\application\Runtime\Cache\Home\0e9f9964b50249c273d1dbef3ee7dd51.php 第 35 行.
NOTIC: [8] Undefined variable: IP D:\www\news\application\Runtime\Cache\Home\0e9f9964b50249c273d1dbef3ee7dd51.php 第 228 行.
INFO: Run Behavior\ParseTemplateBehavior [ RunTime:0.007000s ]
INFO: [ view_parse ] --END-- [ RunTime:0.007000s ]
INFO: [ view_filter ] --START--
INFO: Run Behavior\WriteHtmlCacheBehavior [ RunTime:0.000000s ]
INFO: [ view_filter ] --END-- [ RunTime:0.000000s ]
INFO: [ app_end ] --START--
INFO: Run Behavior\ShowPageTraceBehavior [ RunTime:0.000000s ]
INFO: [ app_end ] --END-- [ RunTime:0.000000s ]

[ 2017-07-08T15:00:47+08:00 ] ::1 /news/index.php
INFO: [ app_init ] --START--
INFO: Run Behavior\BuildLiteBehavior [ RunTime:0.000000s ]
INFO: [ app_init ] --END-- [ RunTime:0.000000s ]
INFO: [ app_begin ] --START--
INFO: Run Behavior\ReadHtmlCacheBehavior [ RunTime:0.000000s ]
INFO: [ app_begin ] --END-- [ RunTime:0.000000s ]
SQL: SELECT * FROM `category` WHERE ( parent_id=0 )  [ RunTime:0.0010s ]
SQL: SELECT * FROM `article` WHERE ( cate_id=4  and is_checked=1 )  [ RunTime:0.0000s ]
SQL: SELECT * FROM `article` WHERE ( cate_id=5  and is_checked=1 )  [ RunTime:0.0010s ]
SQL: SELECT * FROM `article` WHERE ( cate_id=6  and is_checked=1 )  [ RunTime:0.0000s ]
SQL: SELECT * FROM `article` WHERE ( cate_id=7  and is_checked=1 )  [ RunTime:0.0000s ]
SQL: SELECT * FROM `article` WHERE ( is_checked=1 ) ORDER BY click_num desc LIMIT 0,10   [ RunTime:0.0010s ]
SQL: SELECT * FROM `article` WHERE ( is_checked=1 ) ORDER BY cmt_num desc LIMIT 0,10   [ RunTime:0.0000s ]
INFO: [ view_parse ] --START--
INFO: [ template_filter ] --START--
INFO: Run Behavior\ContentReplaceBehavior [ RunTime:0.000000s ]
INFO: [ template_filter ] --END-- [ RunTime:0.000000s ]
NOTIC: [8] Undefined variable: cookie D:\www\news\application\Runtime\Cache\Home\0e9f9964b50249c273d1dbef3ee7dd51.php 第 35 行.
NOTIC: [8] Undefined variable: IP D:\www\news\application\Runtime\Cache\Home\0e9f9964b50249c273d1dbef3ee7dd51.php 第 228 行.
INFO: Run Behavior\ParseTemplateBehavior [ RunTime:0.008000s ]
INFO: [ view_parse ] --END-- [ RunTime:0.008000s ]
INFO: [ view_filter ] --START--
INFO: Run Behavior\WriteHtmlCacheBehavior [ RunTime:0.001000s ]
INFO: [ view_filter ] --END-- [ RunTime:0.001000s ]
INFO: [ app_end ] --START--
INFO: Run Behavior\ShowPageTraceBehavior [ RunTime:0.000000s ]
INFO: [ app_end ] --END-- [ RunTime:0.001000s ]

[ 2017-07-08T15:01:17+08:00 ] ::1 /news/index.php
INFO: [ app_init ] --START--
INFO: Run Behavior\BuildLiteBehavior [ RunTime:0.000000s ]
INFO: [ app_init ] --END-- [ RunTime:0.000000s ]
INFO: [ app_begin ] --START--
INFO: Run Behavior\ReadHtmlCacheBehavior [ RunTime:0.001000s ]
INFO: [ app_begin ] --END-- [ RunTime:0.001000s ]
SQL: SELECT * FROM `category` WHERE ( parent_id=0 )  [ RunTime:0.0000s ]
SQL: SELECT * FROM `article` WHERE ( cate_id=4  and is_checked=1 )  [ RunTime:0.0000s ]
SQL: SELECT * FROM `article` WHERE ( cate_id=5  and is_checked=1 )  [ RunTime:0.0010s ]
SQL: SELECT * FROM `article` WHERE ( cate_id=6  and is_checked=1 )  [ RunTime:0.0000s ]
SQL: SELECT * FROM `article` WHERE ( cate_id=7  and is_checked=1 )  [ RunTime:0.0010s ]
SQL: SELECT * FROM `article` WHERE ( is_checked=1 ) ORDER BY click_num desc LIMIT 0,10   [ RunTime:0.0000s ]
SQL: SELECT * FROM `article` WHERE ( is_checked=1 ) ORDER BY cmt_num desc LIMIT 0,10   [ RunTime:0.0010s ]
INFO: [ view_parse ] --START--
INFO: [ template_filter ] --START--
INFO: Run Behavior\ContentReplaceBehavior [ RunTime:0.000000s ]
INFO: [ template_filter ] --END-- [ RunTime:0.000000s ]
NOTIC: [8] Undefined variable: cookie D:\www\news\application\Runtime\Cache\Home\0e9f9964b50249c273d1dbef3ee7dd51.php 第 35 行.
NOTIC: [8] Undefined variable: IP D:\www\news\application\Runtime\Cache\Home\0e9f9964b50249c273d1dbef3ee7dd51.php 第 228 行.
INFO: Run Behavior\ParseTemplateBehavior [ RunTime:0.005000s ]
INFO: [ view_parse ] --END-- [ RunTime:0.005000s ]
INFO: [ view_filter ] --START--
INFO: Run Behavior\WriteHtmlCacheBehavior [ RunTime:0.000000s ]
INFO: [ view_filter ] --END-- [ RunTime:0.000000s ]
INFO: [ app_end ] --START--
INFO: Run Behavior\ShowPageTraceBehavior [ RunTime:0.001000s ]
INFO: [ app_end ] --END-- [ RunTime:0.001000s ]

[ 2017-07-08T16:11:59+08:00 ] ::1 /news/index.php
INFO: [ app_init ] --START--
INFO: Run Behavior\BuildLiteBehavior [ RunTime:0.000000s ]
INFO: [ app_init ] --END-- [ RunTime:0.001000s ]
INFO: [ app_begin ] --START--
INFO: Run Behavior\ReadHtmlCacheBehavior [ RunTime:0.001000s ]
INFO: [ app_begin ] --END-- [ RunTime:0.001000s ]
SQL: SELECT * FROM `category` WHERE ( parent_id=0 )  [ RunTime:0.0000s ]
SQL: SELECT * FROM `article` WHERE ( cate_id=4  and is_checked=1 )  [ RunTime:0.0000s ]
SQL: SELECT * FROM `article` WHERE ( cate_id=5  and is_checked=1 )  [ RunTime:0.0000s ]
SQL: SELECT * FROM `article` WHERE ( cate_id=6  and is_checked=1 )  [ RunTime:0.0000s ]
SQL: SELECT * FROM `article` WHERE ( cate_id=7  and is_checked=1 )  [ RunTime:0.0000s ]
SQL: SELECT * FROM `article` WHERE ( is_checked=1 ) ORDER BY click_num desc LIMIT 0,10   [ RunTime:0.0010s ]
SQL: SELECT * FROM `article` WHERE ( is_checked=1 ) ORDER BY cmt_num desc LIMIT 0,10   [ RunTime:0.0010s ]
INFO: [ view_parse ] --START--
INFO: [ template_filter ] --START--
INFO: Run Behavior\ContentReplaceBehavior [ RunTime:0.000000s ]
INFO: [ template_filter ] --END-- [ RunTime:0.000000s ]
NOTIC: [8] Undefined variable: cookie D:\www\news\application\Runtime\Cache\Home\0e9f9964b50249c273d1dbef3ee7dd51.php 第 35 行.
NOTIC: [8] Undefined variable: IP D:\www\news\application\Runtime\Cache\Home\0e9f9964b50249c273d1dbef3ee7dd51.php 第 228 行.
INFO: Run Behavior\ParseTemplateBehavior [ RunTime:0.006000s ]
INFO: [ view_parse ] --END-- [ RunTime:0.006000s ]
INFO: [ view_filter ] --START--
INFO: Run Behavior\WriteHtmlCacheBehavior [ RunTime:0.000000s ]
INFO: [ view_filter ] --END-- [ RunTime:0.000000s ]
INFO: [ app_end ] --START--
INFO: Run Behavior\ShowPageTraceBehavior [ RunTime:0.001000s ]
INFO: [ app_end ] --END-- [ RunTime:0.001000s ]

[ 2017-07-08T20:14:13+08:00 ] ::1 /new2/index.php
INFO: [ app_init ] --START--
INFO: Run Behavior\BuildLiteBehavior [ RunTime:0.000011s ]
INFO: [ app_init ] --END-- [ RunTime:0.000668s ]
INFO: [ app_begin ] --START--
INFO: Run Behavior\ReadHtmlCacheBehavior [ RunTime:0.000745s ]
INFO: [ app_begin ] --END-- [ RunTime:0.000775s ]
SQL: SELECT * FROM `category` WHERE ( parent_id=0 )  [ RunTime:0.0338s ]
SQL: SELECT * FROM `article` WHERE ( cate_id=4  and is_checked=1 )  [ RunTime:0.0010s ]
SQL: SELECT * FROM `article` WHERE ( cate_id=5  and is_checked=1 )  [ RunTime:0.0006s ]
SQL: SELECT * FROM `article` WHERE ( cate_id=6  and is_checked=1 )  [ RunTime:0.0004s ]
SQL: SELECT * FROM `article` WHERE ( cate_id=7  and is_checked=1 )  [ RunTime:0.0007s ]
ERR: 1054:Unknown column 'click_num' in 'order clause'
 [ SQL语句 ] : SELECT * FROM `article` WHERE ( is_checked=1 ) ORDER BY click_num desc LIMIT 0,10  
ERR: 1054:Unknown column 'click_num' in 'order clause'
 [ SQL语句 ] : SELECT * FROM `article` WHERE ( is_checked=1 ) ORDER BY click_num desc LIMIT 0,10  

[ 2017-07-08T20:21:51+08:00 ] ::1 /new2/index.php
INFO: [ app_init ] --START--
INFO: Run Behavior\BuildLiteBehavior [ RunTime:0.000013s ]
INFO: [ app_init ] --END-- [ RunTime:0.000773s ]
INFO: [ app_begin ] --START--
INFO: Run Behavior\ReadHtmlCacheBehavior [ RunTime:0.000716s ]
INFO: [ app_begin ] --END-- [ RunTime:0.000754s ]
SQL: SELECT * FROM `category` WHERE ( parent_id=0 )  [ RunTime:0.0005s ]
SQL: SELECT * FROM `article` WHERE ( cate_id=4  and is_checked=1 )  [ RunTime:0.0017s ]
SQL: SELECT * FROM `article` WHERE ( cate_id=5  and is_checked=1 )  [ RunTime:0.0004s ]
SQL: SELECT * FROM `article` WHERE ( cate_id=6  and is_checked=1 )  [ RunTime:0.0004s ]
SQL: SELECT * FROM `article` WHERE ( cate_id=7  and is_checked=1 )  [ RunTime:0.0005s ]
SQL: SELECT * FROM `article` WHERE ( is_checked=1 ) ORDER BY click_num desc LIMIT 0,10   [ RunTime:0.0006s ]
SQL: SELECT * FROM `article` WHERE ( is_checked=1 ) ORDER BY cmt_num desc LIMIT 0,10   [ RunTime:0.0003s ]
INFO: [ view_parse ] --START--
INFO: [ template_filter ] --START--
INFO: Run Behavior\ContentReplaceBehavior [ RunTime:0.000068s ]
INFO: [ template_filter ] --END-- [ RunTime:0.000097s ]
NOTIC: [8] Undefined variable: cookie F:\www\new2\application\Runtime\Cache\Home\0e9f9964b50249c273d1dbef3ee7dd51.php 第 35 行.
NOTIC: [8] Undefined variable: IP F:\www\new2\application\Runtime\Cache\Home\0e9f9964b50249c273d1dbef3ee7dd51.php 第 228 行.
INFO: Run Behavior\ParseTemplateBehavior [ RunTime:0.009460s ]
INFO: [ view_parse ] --END-- [ RunTime:0.009503s ]
INFO: [ view_filter ] --START--
INFO: Run Behavior\WriteHtmlCacheBehavior [ RunTime:0.000904s ]
INFO: [ view_filter ] --END-- [ RunTime:0.000953s ]
INFO: [ app_end ] --START--
INFO: Run Behavior\ShowPageTraceBehavior [ RunTime:0.001262s ]
INFO: [ app_end ] --END-- [ RunTime:0.001329s ]

[ 2017-07-08T20:35:25+08:00 ] ::1 /new2/index.php
INFO: [ app_init ] --START--
INFO: Run Behavior\BuildLiteBehavior [ RunTime:0.000011s ]
INFO: [ app_init ] --END-- [ RunTime:0.000605s ]
INFO: [ app_begin ] --START--
INFO: Run Behavior\ReadHtmlCacheBehavior [ RunTime:0.000743s ]
INFO: [ app_begin ] --END-- [ RunTime:0.000785s ]
SQL: SELECT * FROM `category` WHERE ( parent_id=0 )  [ RunTime:0.0005s ]
SQL: SELECT * FROM `article` WHERE ( cate_id=4  and is_checked=1 )  [ RunTime:0.0005s ]
SQL: SELECT * FROM `article` WHERE ( cate_id=5  and is_checked=1 )  [ RunTime:0.0004s ]
SQL: SELECT * FROM `article` WHERE ( cate_id=6  and is_checked=1 )  [ RunTime:0.0003s ]
SQL: SELECT * FROM `article` WHERE ( cate_id=7  and is_checked=1 )  [ RunTime:0.0002s ]
SQL: SELECT * FROM `article` WHERE ( is_checked=1 ) ORDER BY click_num desc LIMIT 0,10   [ RunTime:0.0002s ]
SQL: SELECT * FROM `article` WHERE ( is_checked=1 ) ORDER BY cmt_num desc LIMIT 0,10   [ RunTime:0.0003s ]
INFO: [ view_parse ] --START--
INFO: [ template_filter ] --START--
INFO: Run Behavior\ContentReplaceBehavior [ RunTime:0.000073s ]
INFO: [ template_filter ] --END-- [ RunTime:0.000135s ]
NOTIC: [8] Undefined variable: cookie F:\www\new2\application\Runtime\Cache\Home\0e9f9964b50249c273d1dbef3ee7dd51.php 第 35 行.
NOTIC: [8] Undefined variable: IP F:\www\new2\application\Runtime\Cache\Home\0e9f9964b50249c273d1dbef3ee7dd51.php 第 228 行.
INFO: Run Behavior\ParseTemplateBehavior [ RunTime:0.009033s ]
INFO: [ view_parse ] --END-- [ RunTime:0.009059s ]
INFO: [ view_filter ] --START--
INFO: Run Behavior\WriteHtmlCacheBehavior [ RunTime:0.000497s ]
INFO: [ view_filter ] --END-- [ RunTime:0.000525s ]
INFO: [ app_end ] --START--
INFO: Run Behavior\ShowPageTraceBehavior [ RunTime:0.000892s ]
INFO: [ app_end ] --END-- [ RunTime:0.000934s ]

[ 2017-07-08T20:36:50+08:00 ] ::1 /new2/index.php
INFO: [ app_init ] --START--
INFO: Run Behavior\BuildLiteBehavior [ RunTime:0.000013s ]
INFO: [ app_init ] --END-- [ RunTime:0.000617s ]
INFO: [ app_begin ] --START--
INFO: Run Behavior\ReadHtmlCacheBehavior [ RunTime:0.000867s ]
INFO: [ app_begin ] --END-- [ RunTime:0.000904s ]
SQL: SELECT * FROM `category` WHERE ( parent_id=0 )  [ RunTime:0.0003s ]
SQL: SELECT * FROM `article` WHERE ( cate_id=4  and is_checked=1 ) ORDER BY id desc  [ RunTime:0.0003s ]
SQL: SELECT * FROM `article` WHERE ( cate_id=5  and is_checked=1 ) ORDER BY id desc  [ RunTime:0.0003s ]
SQL: SELECT * FROM `article` WHERE ( cate_id=6  and is_checked=1 ) ORDER BY id desc  [ RunTime:0.0003s ]
SQL: SELECT * FROM `article` WHERE ( cate_id=7  and is_checked=1 ) ORDER BY id desc  [ RunTime:0.0002s ]
SQL: SELECT * FROM `article` WHERE ( is_checked=1 ) ORDER BY click_num desc LIMIT 0,10   [ RunTime:0.0003s ]
SQL: SELECT * FROM `article` WHERE ( is_checked=1 ) ORDER BY cmt_num desc LIMIT 0,10   [ RunTime:0.0003s ]
INFO: [ view_parse ] --START--
INFO: [ template_filter ] --START--
INFO: Run Behavior\ContentReplaceBehavior [ RunTime:0.000066s ]
INFO: [ template_filter ] --END-- [ RunTime:0.000112s ]
NOTIC: [8] Undefined variable: cookie F:\www\new2\application\Runtime\Cache\Home\0e9f9964b50249c273d1dbef3ee7dd51.php 第 35 行.
NOTIC: [8] Undefined variable: IP F:\www\new2\application\Runtime\Cache\Home\0e9f9964b50249c273d1dbef3ee7dd51.php 第 228 行.
INFO: Run Behavior\ParseTemplateBehavior [ RunTime:0.010578s ]
INFO: [ view_parse ] --END-- [ RunTime:0.010605s ]
INFO: [ view_filter ] --START--
INFO: Run Behavior\WriteHtmlCacheBehavior [ RunTime:0.000597s ]
INFO: [ view_filter ] --END-- [ RunTime:0.000626s ]
INFO: [ app_end ] --START--
INFO: Run Behavior\ShowPageTraceBehavior [ RunTime:0.000806s ]
INFO: [ app_end ] --END-- [ RunTime:0.000843s ]

