[ 2017-07-10T18:38:22+08:00 ] ::1 /news1/index.php
INFO: [ app_init ] --START--
INFO: Run Behavior\BuildLiteBehavior [ RunTime:0.000000s ]
INFO: [ app_init ] --END-- [ RunTime:0.001000s ]
INFO: [ app_begin ] --START--
INFO: Run Behavior\ReadHtmlCacheBehavior [ RunTime:0.000000s ]
INFO: [ app_begin ] --END-- [ RunTime:0.000000s ]
SQL: SELECT * FROM `category` WHERE ( parent_id=0 )  [ RunTime:0.0020s ]
SQL: SELECT * FROM `article` WHERE ( cate_id=4  and is_checked=1 ) ORDER BY id desc  [ RunTime:0.0010s ]
SQL: SELECT * FROM `article` WHERE ( cate_id=5  and is_checked=1 ) ORDER BY id desc  [ RunTime:0.0000s ]
SQL: SELECT * FROM `article` WHERE ( cate_id=7  and is_checked=1 ) ORDER BY id desc  [ RunTime:0.0010s ]
SQL: SELECT * FROM `article` WHERE ( cate_id=6  and is_checked=1 ) ORDER BY id desc  [ RunTime:0.0020s ]
SQL: SELECT * FROM `article` WHERE ( is_checked=1 ) ORDER BY click_num desc LIMIT 0,10   [ RunTime:0.0010s ]
SQL: SELECT * FROM `article` WHERE ( is_checked=1 ) ORDER BY cmt_num desc LIMIT 0,10   [ RunTime:0.0010s ]
SQL: SELECT * FROM `article` WHERE ( cate_id=8 and is_checked=1 ) ORDER BY id desc LIMIT 0,8   [ RunTime:0.0000s ]
NOTIC: [8] Undefined variable: img D:\www\news1\application\Home\Controller\IndexController.class.php 第 32 行.
INFO: [ view_parse ] --START--
INFO: [ template_filter ] --START--
INFO: Run Behavior\ContentReplaceBehavior [ RunTime:0.000000s ]
INFO: [ template_filter ] --END-- [ RunTime:0.000000s ]
NOTIC: [8] Undefined variable: cookie D:\www\news1\application\Runtime\Cache\Home\0e9f9964b50249c273d1dbef3ee7dd51.php 第 35 行.
NOTIC: [8] Undefined variable: IP D:\www\news1\application\Runtime\Cache\Home\0e9f9964b50249c273d1dbef3ee7dd51.php 第 243 行.
INFO: Run Behavior\ParseTemplateBehavior [ RunTime:0.010000s ]
INFO: [ view_parse ] --END-- [ RunTime:0.010000s ]
INFO: [ view_filter ] --START--
INFO: Run Behavior\WriteHtmlCacheBehavior [ RunTime:0.001000s ]
INFO: [ view_filter ] --END-- [ RunTime:0.001000s ]
INFO: [ app_end ] --START--
INFO: Run Behavior\ShowPageTraceBehavior [ RunTime:0.001000s ]
INFO: [ app_end ] --END-- [ RunTime:0.001000s ]

[ 2017-07-10T18:51:13+08:00 ] ::1 /news1/index.php/Category/index/id/6
INFO: [ app_init ] --START--
INFO: Run Behavior\BuildLiteBehavior [ RunTime:0.000000s ]
INFO: [ app_init ] --END-- [ RunTime:0.001000s ]
INFO: [ app_begin ] --START--
INFO: Run Behavior\ReadHtmlCacheBehavior [ RunTime:0.000000s ]
INFO: [ app_begin ] --END-- [ RunTime:0.000000s ]
SQL: SELECT * FROM `category` WHERE ( id=6 ) LIMIT 1   [ RunTime:0.0010s ]
SQL: SELECT * FROM `article` WHERE ( cate_id=6 )  [ RunTime:0.0010s ]
INFO: [ view_parse ] --START--
INFO: [ template_filter ] --START--
INFO: Run Behavior\ContentReplaceBehavior [ RunTime:0.000000s ]
INFO: [ template_filter ] --END-- [ RunTime:0.000000s ]
NOTIC: [8] Undefined variable: cookie D:\www\news1\application\Runtime\Cache\Home\56ece5756b1d63f72922b36f9e05a4d6.php 第 32 行.
NOTIC: [8] Undefined variable: topRow D:\www\news1\application\Runtime\Cache\Home\56ece5756b1d63f72922b36f9e05a4d6.php 第 56 行.
NOTIC: [8] Undefined index: fielpath D:\www\news1\application\Runtime\Cache\Home\56ece5756b1d63f72922b36f9e05a4d6.php 第 64 行.
NOTIC: [8] Undefined variable: IP D:\www\news1\application\Runtime\Cache\Home\56ece5756b1d63f72922b36f9e05a4d6.php 第 92 行.
INFO: Run Behavior\ParseTemplateBehavior [ RunTime:0.006000s ]
INFO: [ view_parse ] --END-- [ RunTime:0.007000s ]
INFO: [ view_filter ] --START--
INFO: Run Behavior\WriteHtmlCacheBehavior [ RunTime:0.000000s ]
INFO: [ view_filter ] --END-- [ RunTime:0.000000s ]
INFO: [ app_end ] --START--
INFO: Run Behavior\ShowPageTraceBehavior [ RunTime:0.001000s ]
INFO: [ app_end ] --END-- [ RunTime:0.001000s ]

[ 2017-07-10T18:51:24+08:00 ] ::1 /news1/index.php/Category/index/id/7
INFO: [ app_init ] --START--
INFO: Run Behavior\BuildLiteBehavior [ RunTime:0.000000s ]
INFO: [ app_init ] --END-- [ RunTime:0.001000s ]
INFO: [ app_begin ] --START--
INFO: Run Behavior\ReadHtmlCacheBehavior [ RunTime:0.001000s ]
INFO: [ app_begin ] --END-- [ RunTime:0.001000s ]
SQL: SELECT * FROM `category` WHERE ( id=7 ) LIMIT 1   [ RunTime:0.0010s ]
SQL: SELECT * FROM `article` WHERE ( cate_id=7 )  [ RunTime:0.0010s ]
INFO: [ view_parse ] --START--
INFO: [ template_filter ] --START--
INFO: Run Behavior\ContentReplaceBehavior [ RunTime:0.000000s ]
INFO: [ template_filter ] --END-- [ RunTime:0.000000s ]
NOTIC: [8] Undefined variable: cookie D:\www\news1\application\Runtime\Cache\Home\56ece5756b1d63f72922b36f9e05a4d6.php 第 32 行.
NOTIC: [8] Undefined variable: topRow D:\www\news1\application\Runtime\Cache\Home\56ece5756b1d63f72922b36f9e05a4d6.php 第 56 行.
NOTIC: [8] Undefined index: fielpath D:\www\news1\application\Runtime\Cache\Home\56ece5756b1d63f72922b36f9e05a4d6.php 第 64 行.
NOTIC: [8] Undefined index: fielpath D:\www\news1\application\Runtime\Cache\Home\56ece5756b1d63f72922b36f9e05a4d6.php 第 64 行.
NOTIC: [8] Undefined variable: IP D:\www\news1\application\Runtime\Cache\Home\56ece5756b1d63f72922b36f9e05a4d6.php 第 92 行.
INFO: Run Behavior\ParseTemplateBehavior [ RunTime:0.009000s ]
INFO: [ view_parse ] --END-- [ RunTime:0.009000s ]
INFO: [ view_filter ] --START--
INFO: Run Behavior\WriteHtmlCacheBehavior [ RunTime:0.000000s ]
INFO: [ view_filter ] --END-- [ RunTime:0.000000s ]
INFO: [ app_end ] --START--
INFO: Run Behavior\ShowPageTraceBehavior [ RunTime:0.001000s ]
INFO: [ app_end ] --END-- [ RunTime:0.001000s ]

[ 2017-07-10T18:51:29+08:00 ] ::1 /news1/index.php/Category/index/id/5
INFO: [ app_init ] --START--
INFO: Run Behavior\BuildLiteBehavior [ RunTime:0.000000s ]
INFO: [ app_init ] --END-- [ RunTime:0.001000s ]
INFO: [ app_begin ] --START--
INFO: Run Behavior\ReadHtmlCacheBehavior [ RunTime:0.001000s ]
INFO: [ app_begin ] --END-- [ RunTime:0.001000s ]
SQL: SELECT * FROM `category` WHERE ( id=5 ) LIMIT 1   [ RunTime:0.0010s ]
SQL: SELECT * FROM `article` WHERE ( cate_id=5 )  [ RunTime:0.0010s ]
INFO: [ view_parse ] --START--
INFO: [ template_filter ] --START--
INFO: Run Behavior\ContentReplaceBehavior [ RunTime:0.000000s ]
INFO: [ template_filter ] --END-- [ RunTime:0.000000s ]
NOTIC: [8] Undefined variable: cookie D:\www\news1\application\Runtime\Cache\Home\56ece5756b1d63f72922b36f9e05a4d6.php 第 32 行.
NOTIC: [8] Undefined variable: topRow D:\www\news1\application\Runtime\Cache\Home\56ece5756b1d63f72922b36f9e05a4d6.php 第 56 行.
NOTIC: [8] Undefined index: fielpath D:\www\news1\application\Runtime\Cache\Home\56ece5756b1d63f72922b36f9e05a4d6.php 第 64 行.
NOTIC: [8] Undefined variable: IP D:\www\news1\application\Runtime\Cache\Home\56ece5756b1d63f72922b36f9e05a4d6.php 第 92 行.
INFO: Run Behavior\ParseTemplateBehavior [ RunTime:0.006000s ]
INFO: [ view_parse ] --END-- [ RunTime:0.006000s ]
INFO: [ view_filter ] --START--
INFO: Run Behavior\WriteHtmlCacheBehavior [ RunTime:0.001000s ]
INFO: [ view_filter ] --END-- [ RunTime:0.001000s ]
INFO: [ app_end ] --START--
INFO: Run Behavior\ShowPageTraceBehavior [ RunTime:0.000000s ]
INFO: [ app_end ] --END-- [ RunTime:0.000000s ]

[ 2017-07-10T18:51:32+08:00 ] ::1 /news1/index.php/Category/index/id/4
INFO: [ app_init ] --START--
INFO: Run Behavior\BuildLiteBehavior [ RunTime:0.000000s ]
INFO: [ app_init ] --END-- [ RunTime:0.001000s ]
INFO: [ app_begin ] --START--
INFO: Run Behavior\ReadHtmlCacheBehavior [ RunTime:0.000000s ]
INFO: [ app_begin ] --END-- [ RunTime:0.000000s ]
SQL: SELECT * FROM `category` WHERE ( id=4 ) LIMIT 1   [ RunTime:0.0010s ]
SQL: SELECT * FROM `article` WHERE ( cate_id=4 )  [ RunTime:0.0010s ]
INFO: [ view_parse ] --START--
INFO: [ template_filter ] --START--
INFO: Run Behavior\ContentReplaceBehavior [ RunTime:0.000000s ]
INFO: [ template_filter ] --END-- [ RunTime:0.000000s ]
NOTIC: [8] Undefined variable: cookie D:\www\news1\application\Runtime\Cache\Home\56ece5756b1d63f72922b36f9e05a4d6.php 第 32 行.
NOTIC: [8] Undefined variable: topRow D:\www\news1\application\Runtime\Cache\Home\56ece5756b1d63f72922b36f9e05a4d6.php 第 56 行.
NOTIC: [8] Undefined index: fielpath D:\www\news1\application\Runtime\Cache\Home\56ece5756b1d63f72922b36f9e05a4d6.php 第 64 行.
NOTIC: [8] Undefined index: fielpath D:\www\news1\application\Runtime\Cache\Home\56ece5756b1d63f72922b36f9e05a4d6.php 第 64 行.
NOTIC: [8] Undefined index: fielpath D:\www\news1\application\Runtime\Cache\Home\56ece5756b1d63f72922b36f9e05a4d6.php 第 64 行.
NOTIC: [8] Undefined index: fielpath D:\www\news1\application\Runtime\Cache\Home\56ece5756b1d63f72922b36f9e05a4d6.php 第 64 行.
NOTIC: [8] Undefined variable: IP D:\www\news1\application\Runtime\Cache\Home\56ece5756b1d63f72922b36f9e05a4d6.php 第 92 行.
INFO: Run Behavior\ParseTemplateBehavior [ RunTime:0.003000s ]
INFO: [ view_parse ] --END-- [ RunTime:0.003000s ]
INFO: [ view_filter ] --START--
INFO: Run Behavior\WriteHtmlCacheBehavior [ RunTime:0.000000s ]
INFO: [ view_filter ] --END-- [ RunTime:0.000000s ]
INFO: [ app_end ] --START--
INFO: Run Behavior\ShowPageTraceBehavior [ RunTime:0.000000s ]
INFO: [ app_end ] --END-- [ RunTime:0.000000s ]

[ 2017-07-10T18:57:46+08:00 ] ::1 /news1/index.php
INFO: [ app_init ] --START--
INFO: Run Behavior\BuildLiteBehavior [ RunTime:0.000000s ]
INFO: [ app_init ] --END-- [ RunTime:0.001000s ]
INFO: [ app_begin ] --START--
INFO: Run Behavior\ReadHtmlCacheBehavior [ RunTime:0.001000s ]
INFO: [ app_begin ] --END-- [ RunTime:0.001000s ]
SQL: SELECT * FROM `category` WHERE ( parent_id=0 )  [ RunTime:0.0000s ]
SQL: SELECT * FROM `article` WHERE ( cate_id=4  and is_checked=1 ) ORDER BY id desc  [ RunTime:0.0010s ]
SQL: SELECT * FROM `article` WHERE ( cate_id=5  and is_checked=1 ) ORDER BY id desc  [ RunTime:0.0000s ]
SQL: SELECT * FROM `article` WHERE ( cate_id=7  and is_checked=1 ) ORDER BY id desc  [ RunTime:0.0000s ]
SQL: SELECT * FROM `article` WHERE ( cate_id=6  and is_checked=1 ) ORDER BY id desc  [ RunTime:0.0000s ]
SQL: SELECT * FROM `article` WHERE ( is_checked=1 ) ORDER BY click_num desc LIMIT 0,10   [ RunTime:0.0010s ]
SQL: SELECT * FROM `article` WHERE ( is_checked=1 ) ORDER BY cmt_num desc LIMIT 0,10   [ RunTime:0.0000s ]
SQL: SELECT * FROM `article` WHERE ( cate_id=8 and is_checked=1 ) ORDER BY id desc LIMIT 0,8   [ RunTime:0.0000s ]
NOTIC: [8] Undefined variable: img D:\www\news1\application\Home\Controller\IndexController.class.php 第 32 行.
INFO: [ view_parse ] --START--
INFO: [ template_filter ] --START--
INFO: Run Behavior\ContentReplaceBehavior [ RunTime:0.000000s ]
INFO: [ template_filter ] --END-- [ RunTime:0.000000s ]
NOTIC: [8] Undefined variable: cookie D:\www\news1\application\Runtime\Cache\Home\0e9f9964b50249c273d1dbef3ee7dd51.php 第 35 行.
NOTIC: [8] Undefined variable: IP D:\www\news1\application\Runtime\Cache\Home\0e9f9964b50249c273d1dbef3ee7dd51.php 第 243 行.
INFO: Run Behavior\ParseTemplateBehavior [ RunTime:0.009000s ]
INFO: [ view_parse ] --END-- [ RunTime:0.009000s ]
INFO: [ view_filter ] --START--
INFO: Run Behavior\WriteHtmlCacheBehavior [ RunTime:0.000000s ]
INFO: [ view_filter ] --END-- [ RunTime:0.000000s ]
INFO: [ app_end ] --START--
INFO: Run Behavior\ShowPageTraceBehavior [ RunTime:0.001000s ]
INFO: [ app_end ] --END-- [ RunTime:0.001000s ]

[ 2017-07-10T18:57:49+08:00 ] ::1 /news1/index.php
INFO: [ app_init ] --START--
INFO: Run Behavior\BuildLiteBehavior [ RunTime:0.000000s ]
INFO: [ app_init ] --END-- [ RunTime:0.000000s ]
INFO: [ app_begin ] --START--
INFO: Run Behavior\ReadHtmlCacheBehavior [ RunTime:0.001000s ]
INFO: [ app_begin ] --END-- [ RunTime:0.001000s ]
SQL: SELECT * FROM `category` WHERE ( parent_id=0 )  [ RunTime:0.0010s ]
SQL: SELECT * FROM `article` WHERE ( cate_id=4  and is_checked=1 ) ORDER BY id desc  [ RunTime:0.0010s ]
SQL: SELECT * FROM `article` WHERE ( cate_id=5  and is_checked=1 ) ORDER BY id desc  [ RunTime:0.0000s ]
SQL: SELECT * FROM `article` WHERE ( cate_id=7  and is_checked=1 ) ORDER BY id desc  [ RunTime:0.0010s ]
SQL: SELECT * FROM `article` WHERE ( cate_id=6  and is_checked=1 ) ORDER BY id desc  [ RunTime:0.0000s ]
SQL: SELECT * FROM `article` WHERE ( is_checked=1 ) ORDER BY click_num desc LIMIT 0,10   [ RunTime:0.0000s ]
SQL: SELECT * FROM `article` WHERE ( is_checked=1 ) ORDER BY cmt_num desc LIMIT 0,10   [ RunTime:0.0010s ]
SQL: SELECT * FROM `article` WHERE ( cate_id=8 and is_checked=1 ) ORDER BY id desc LIMIT 0,8   [ RunTime:0.0000s ]
NOTIC: [8] Undefined variable: img D:\www\news1\application\Home\Controller\IndexController.class.php 第 32 行.
INFO: [ view_parse ] --START--
INFO: [ template_filter ] --START--
INFO: Run Behavior\ContentReplaceBehavior [ RunTime:0.000000s ]
INFO: [ template_filter ] --END-- [ RunTime:0.000000s ]
NOTIC: [8] Undefined variable: cookie D:\www\news1\application\Runtime\Cache\Home\0e9f9964b50249c273d1dbef3ee7dd51.php 第 35 行.
NOTIC: [8] Undefined variable: IP D:\www\news1\application\Runtime\Cache\Home\0e9f9964b50249c273d1dbef3ee7dd51.php 第 243 行.
INFO: Run Behavior\ParseTemplateBehavior [ RunTime:0.010000s ]
INFO: [ view_parse ] --END-- [ RunTime:0.010000s ]
INFO: [ view_filter ] --START--
INFO: Run Behavior\WriteHtmlCacheBehavior [ RunTime:0.000000s ]
INFO: [ view_filter ] --END-- [ RunTime:0.001000s ]
INFO: [ app_end ] --START--
INFO: Run Behavior\ShowPageTraceBehavior [ RunTime:0.000000s ]
INFO: [ app_end ] --END-- [ RunTime:0.000000s ]

[ 2017-07-10T19:01:24+08:00 ] ::1 /news1/index.php
INFO: [ app_init ] --START--
INFO: Run Behavior\BuildLiteBehavior [ RunTime:0.000000s ]
INFO: [ app_init ] --END-- [ RunTime:0.001000s ]
INFO: [ app_begin ] --START--
INFO: Run Behavior\ReadHtmlCacheBehavior [ RunTime:0.000000s ]
INFO: [ app_begin ] --END-- [ RunTime:0.000000s ]
SQL: SELECT * FROM `category` WHERE ( parent_id=0 )  [ RunTime:0.0000s ]
SQL: SELECT * FROM `article` WHERE ( cate_id=4  and is_checked=1 ) ORDER BY id desc  [ RunTime:0.0010s ]
SQL: SELECT * FROM `article` WHERE ( cate_id=5  and is_checked=1 ) ORDER BY id desc  [ RunTime:0.0000s ]
SQL: SELECT * FROM `article` WHERE ( cate_id=7  and is_checked=1 ) ORDER BY id desc  [ RunTime:0.0010s ]
SQL: SELECT * FROM `article` WHERE ( cate_id=6  and is_checked=1 ) ORDER BY id desc  [ RunTime:0.0000s ]
SQL: SELECT * FROM `article` WHERE ( is_checked=1 ) ORDER BY click_num desc LIMIT 0,10   [ RunTime:0.0010s ]
SQL: SELECT * FROM `article` WHERE ( is_checked=1 ) ORDER BY cmt_num desc LIMIT 0,10   [ RunTime:0.0000s ]
SQL: SELECT * FROM `article` WHERE ( cate_id=24 and is_checked=1 ) ORDER BY id desc LIMIT 0,8   [ RunTime:0.0010s ]
INFO: [ view_parse ] --START--
INFO: [ template_filter ] --START--
INFO: Run Behavior\ContentReplaceBehavior [ RunTime:0.000000s ]
INFO: [ template_filter ] --END-- [ RunTime:0.000000s ]
NOTIC: [8] Undefined variable: cookie D:\www\news1\application\Runtime\Cache\Home\0e9f9964b50249c273d1dbef3ee7dd51.php 第 35 行.
NOTIC: [8] Undefined variable: IP D:\www\news1\application\Runtime\Cache\Home\0e9f9964b50249c273d1dbef3ee7dd51.php 第 243 行.
INFO: Run Behavior\ParseTemplateBehavior [ RunTime:0.007000s ]
INFO: [ view_parse ] --END-- [ RunTime:0.007000s ]
INFO: [ view_filter ] --START--
INFO: Run Behavior\WriteHtmlCacheBehavior [ RunTime:0.000000s ]
INFO: [ view_filter ] --END-- [ RunTime:0.000000s ]
INFO: [ app_end ] --START--
INFO: Run Behavior\ShowPageTraceBehavior [ RunTime:0.001000s ]
INFO: [ app_end ] --END-- [ RunTime:0.001000s ]

[ 2017-07-10T19:07:37+08:00 ] ::1 /news1/index.php
INFO: [ app_init ] --START--
INFO: Run Behavior\BuildLiteBehavior [ RunTime:0.000000s ]
INFO: [ app_init ] --END-- [ RunTime:0.000000s ]
INFO: [ app_begin ] --START--
INFO: Run Behavior\ReadHtmlCacheBehavior [ RunTime:0.001000s ]
INFO: [ app_begin ] --END-- [ RunTime:0.002000s ]
SQL: SELECT * FROM `category` WHERE ( parent_id=0 )  [ RunTime:0.0000s ]
SQL: SELECT * FROM `article` WHERE ( cate_id=4  and is_checked=1 ) ORDER BY id desc  [ RunTime:0.0000s ]
SQL: SELECT * FROM `article` WHERE ( cate_id=5  and is_checked=1 ) ORDER BY id desc  [ RunTime:0.0000s ]
SQL: SELECT * FROM `article` WHERE ( cate_id=7  and is_checked=1 ) ORDER BY id desc  [ RunTime:0.0000s ]
SQL: SELECT * FROM `article` WHERE ( cate_id=6  and is_checked=1 ) ORDER BY id desc  [ RunTime:0.0000s ]
SQL: SELECT * FROM `article` WHERE ( is_checked=1 ) ORDER BY click_num desc LIMIT 0,10   [ RunTime:0.0000s ]
SQL: SELECT * FROM `article` WHERE ( is_checked=1 ) ORDER BY cmt_num desc LIMIT 0,10   [ RunTime:0.0010s ]
SQL: SELECT * FROM `article` WHERE ( cate_id=24 and is_checked=1 ) ORDER BY id desc LIMIT 0,8   [ RunTime:0.0010s ]
INFO: [ view_parse ] --START--
INFO: [ template_filter ] --START--
INFO: Run Behavior\ContentReplaceBehavior [ RunTime:0.000000s ]
INFO: [ template_filter ] --END-- [ RunTime:0.000000s ]
NOTIC: [8] Undefined variable: cookie D:\www\news1\application\Runtime\Cache\Home\0e9f9964b50249c273d1dbef3ee7dd51.php 第 35 行.
NOTIC: [8] Undefined variable: IP D:\www\news1\application\Runtime\Cache\Home\0e9f9964b50249c273d1dbef3ee7dd51.php 第 243 行.
INFO: Run Behavior\ParseTemplateBehavior [ RunTime:0.010000s ]
INFO: [ view_parse ] --END-- [ RunTime:0.010000s ]
INFO: [ view_filter ] --START--
INFO: Run Behavior\WriteHtmlCacheBehavior [ RunTime:0.000000s ]
INFO: [ view_filter ] --END-- [ RunTime:0.000000s ]
INFO: [ app_end ] --START--
INFO: Run Behavior\ShowPageTraceBehavior [ RunTime:0.001000s ]
INFO: [ app_end ] --END-- [ RunTime:0.001000s ]

[ 2017-07-10T19:10:01+08:00 ] ::1 /news1/index.php
INFO: [ app_init ] --START--
INFO: Run Behavior\BuildLiteBehavior [ RunTime:0.000000s ]
INFO: [ app_init ] --END-- [ RunTime:0.001000s ]
INFO: [ app_begin ] --START--
INFO: Run Behavior\ReadHtmlCacheBehavior [ RunTime:0.001000s ]
INFO: [ app_begin ] --END-- [ RunTime:0.001000s ]
SQL: SELECT * FROM `category` WHERE ( parent_id=0 )  [ RunTime:0.0010s ]
SQL: SELECT * FROM `article` WHERE ( cate_id=4  and is_checked=1 ) ORDER BY id desc  [ RunTime:0.0010s ]
SQL: SELECT * FROM `article` WHERE ( cate_id=5  and is_checked=1 ) ORDER BY id desc  [ RunTime:0.0000s ]
SQL: SELECT * FROM `article` WHERE ( cate_id=7  and is_checked=1 ) ORDER BY id desc  [ RunTime:0.0000s ]
SQL: SELECT * FROM `article` WHERE ( cate_id=6  and is_checked=1 ) ORDER BY id desc  [ RunTime:0.0010s ]
SQL: SELECT * FROM `article` WHERE ( is_checked=1 ) ORDER BY click_num desc LIMIT 0,10   [ RunTime:0.0000s ]
SQL: SELECT * FROM `article` WHERE ( is_checked=1 ) ORDER BY cmt_num desc LIMIT 0,10   [ RunTime:0.0000s ]
SQL: SELECT * FROM `article` WHERE ( cate_id=24 and is_checked=1 ) ORDER BY id desc LIMIT 0,8   [ RunTime:0.0000s ]
INFO: [ view_parse ] --START--
INFO: [ template_filter ] --START--
INFO: Run Behavior\ContentReplaceBehavior [ RunTime:0.000000s ]
INFO: [ template_filter ] --END-- [ RunTime:0.000000s ]
NOTIC: [8] Undefined variable: cookie D:\www\news1\application\Runtime\Cache\Home\0e9f9964b50249c273d1dbef3ee7dd51.php 第 35 行.
NOTIC: [8] Undefined variable: IP D:\www\news1\application\Runtime\Cache\Home\0e9f9964b50249c273d1dbef3ee7dd51.php 第 243 行.
INFO: Run Behavior\ParseTemplateBehavior [ RunTime:0.008000s ]
INFO: [ view_parse ] --END-- [ RunTime:0.008000s ]
INFO: [ view_filter ] --START--
INFO: Run Behavior\WriteHtmlCacheBehavior [ RunTime:0.000000s ]
INFO: [ view_filter ] --END-- [ RunTime:0.000000s ]
INFO: [ app_end ] --START--
INFO: Run Behavior\ShowPageTraceBehavior [ RunTime:0.001000s ]
INFO: [ app_end ] --END-- [ RunTime:0.001000s ]

[ 2017-07-10T19:47:54+08:00 ] ::1 /news1/index.php
INFO: [ app_init ] --START--
INFO: Run Behavior\BuildLiteBehavior [ RunTime:0.000000s ]
INFO: [ app_init ] --END-- [ RunTime:0.001000s ]
INFO: [ app_begin ] --START--
INFO: Run Behavior\ReadHtmlCacheBehavior [ RunTime:0.001000s ]
INFO: [ app_begin ] --END-- [ RunTime:0.001000s ]
SQL: SELECT * FROM `category` WHERE ( parent_id=0 )  [ RunTime:0.0010s ]
SQL: SELECT * FROM `article` WHERE ( cate_id=4  and is_checked=1 ) ORDER BY id desc  [ RunTime:0.0000s ]
SQL: SELECT * FROM `article` WHERE ( cate_id=5  and is_checked=1 ) ORDER BY id desc  [ RunTime:0.0010s ]
SQL: SELECT * FROM `article` WHERE ( cate_id=7  and is_checked=1 ) ORDER BY id desc  [ RunTime:0.0000s ]
SQL: SELECT * FROM `article` WHERE ( cate_id=6  and is_checked=1 ) ORDER BY id desc  [ RunTime:0.0000s ]
SQL: SELECT * FROM `article` WHERE ( is_checked=1 ) ORDER BY click_num desc LIMIT 0,10   [ RunTime:0.0010s ]
SQL: SELECT * FROM `article` WHERE ( is_checked=1 ) ORDER BY cmt_num desc LIMIT 0,10   [ RunTime:0.0000s ]
SQL: SELECT * FROM `article` WHERE ( cate_id=24 and is_checked=1 ) ORDER BY id desc LIMIT 0,8   [ RunTime:0.0010s ]
INFO: [ view_parse ] --START--
INFO: [ template_filter ] --START--
INFO: Run Behavior\ContentReplaceBehavior [ RunTime:0.000000s ]
INFO: [ template_filter ] --END-- [ RunTime:0.000000s ]
NOTIC: [8] Undefined variable: cookie D:\www\news1\application\Runtime\Cache\Home\0e9f9964b50249c273d1dbef3ee7dd51.php 第 43 行.
NOTIC: [8] Undefined variable: IP D:\www\news1\application\Runtime\Cache\Home\0e9f9964b50249c273d1dbef3ee7dd51.php 第 251 行.
INFO: Run Behavior\ParseTemplateBehavior [ RunTime:0.007000s ]
INFO: [ view_parse ] --END-- [ RunTime:0.007000s ]
INFO: [ view_filter ] --START--
INFO: Run Behavior\WriteHtmlCacheBehavior [ RunTime:0.001000s ]
INFO: [ view_filter ] --END-- [ RunTime:0.001000s ]
INFO: [ app_end ] --START--
INFO: Run Behavior\ShowPageTraceBehavior [ RunTime:0.000000s ]
INFO: [ app_end ] --END-- [ RunTime:0.000000s ]

[ 2017-07-10T19:49:15+08:00 ] ::1 /news1/index.php
INFO: [ app_init ] --START--
INFO: Run Behavior\BuildLiteBehavior [ RunTime:0.000000s ]
INFO: [ app_init ] --END-- [ RunTime:0.000000s ]
INFO: [ app_begin ] --START--
INFO: Run Behavior\ReadHtmlCacheBehavior [ RunTime:0.000000s ]
INFO: [ app_begin ] --END-- [ RunTime:0.000000s ]
SQL: SELECT * FROM `category` WHERE ( parent_id=0 )  [ RunTime:0.0000s ]
SQL: SELECT * FROM `article` WHERE ( cate_id=4  and is_checked=1 ) ORDER BY id desc  [ RunTime:0.0000s ]
SQL: SELECT * FROM `article` WHERE ( cate_id=5  and is_checked=1 ) ORDER BY id desc  [ RunTime:0.0000s ]
SQL: SELECT * FROM `article` WHERE ( cate_id=7  and is_checked=1 ) ORDER BY id desc  [ RunTime:0.0010s ]
SQL: SELECT * FROM `article` WHERE ( cate_id=6  and is_checked=1 ) ORDER BY id desc  [ RunTime:0.0000s ]
SQL: SELECT * FROM `article` WHERE ( is_checked=1 ) ORDER BY click_num desc LIMIT 0,10   [ RunTime:0.0000s ]
SQL: SELECT * FROM `article` WHERE ( is_checked=1 ) ORDER BY cmt_num desc LIMIT 0,10   [ RunTime:0.0010s ]
SQL: SELECT * FROM `article` WHERE ( cate_id=24 and is_checked=1 ) ORDER BY id desc LIMIT 0,8   [ RunTime:0.0000s ]
INFO: [ view_parse ] --START--
INFO: [ template_filter ] --START--
INFO: Run Behavior\ContentReplaceBehavior [ RunTime:0.000000s ]
INFO: [ template_filter ] --END-- [ RunTime:0.000000s ]
NOTIC: [8] Undefined variable: cookie D:\www\news1\application\Runtime\Cache\Home\0e9f9964b50249c273d1dbef3ee7dd51.php 第 52 行.
NOTIC: [8] Undefined variable: IP D:\www\news1\application\Runtime\Cache\Home\0e9f9964b50249c273d1dbef3ee7dd51.php 第 260 行.
INFO: Run Behavior\ParseTemplateBehavior [ RunTime:0.012000s ]
INFO: [ view_parse ] --END-- [ RunTime:0.013000s ]
INFO: [ view_filter ] --START--
INFO: Run Behavior\WriteHtmlCacheBehavior [ RunTime:0.000000s ]
INFO: [ view_filter ] --END-- [ RunTime:0.000000s ]
INFO: [ app_end ] --START--
INFO: Run Behavior\ShowPageTraceBehavior [ RunTime:0.001000s ]
INFO: [ app_end ] --END-- [ RunTime:0.001000s ]

[ 2017-07-10T19:49:35+08:00 ] ::1 /news1/index.php
INFO: [ app_init ] --START--
INFO: Run Behavior\BuildLiteBehavior [ RunTime:0.000000s ]
INFO: [ app_init ] --END-- [ RunTime:0.000000s ]
INFO: [ app_begin ] --START--
INFO: Run Behavior\ReadHtmlCacheBehavior [ RunTime:0.000000s ]
INFO: [ app_begin ] --END-- [ RunTime:0.000000s ]
SQL: SELECT * FROM `category` WHERE ( parent_id=0 )  [ RunTime:0.0010s ]
SQL: SELECT * FROM `article` WHERE ( cate_id=4  and is_checked=1 ) ORDER BY id desc  [ RunTime:0.0010s ]
SQL: SELECT * FROM `article` WHERE ( cate_id=5  and is_checked=1 ) ORDER BY id desc  [ RunTime:0.0000s ]
SQL: SELECT * FROM `article` WHERE ( cate_id=7  and is_checked=1 ) ORDER BY id desc  [ RunTime:0.0010s ]
SQL: SELECT * FROM `article` WHERE ( cate_id=6  and is_checked=1 ) ORDER BY id desc  [ RunTime:0.0000s ]
SQL: SELECT * FROM `article` WHERE ( is_checked=1 ) ORDER BY click_num desc LIMIT 0,10   [ RunTime:0.0010s ]
SQL: SELECT * FROM `article` WHERE ( is_checked=1 ) ORDER BY cmt_num desc LIMIT 0,10   [ RunTime:0.0010s ]
SQL: SELECT * FROM `article` WHERE ( cate_id=24 and is_checked=1 ) ORDER BY id desc LIMIT 0,8   [ RunTime:0.0000s ]
INFO: [ view_parse ] --START--
INFO: [ template_filter ] --START--
INFO: Run Behavior\ContentReplaceBehavior [ RunTime:0.000000s ]
INFO: [ template_filter ] --END-- [ RunTime:0.000000s ]
NOTIC: [8] Undefined variable: cookie D:\www\news1\application\Runtime\Cache\Home\0e9f9964b50249c273d1dbef3ee7dd51.php 第 52 行.
NOTIC: [8] Undefined variable: IP D:\www\news1\application\Runtime\Cache\Home\0e9f9964b50249c273d1dbef3ee7dd51.php 第 260 行.
INFO: Run Behavior\ParseTemplateBehavior [ RunTime:0.011000s ]
INFO: [ view_parse ] --END-- [ RunTime:0.011000s ]
INFO: [ view_filter ] --START--
INFO: Run Behavior\WriteHtmlCacheBehavior [ RunTime:0.000000s ]
INFO: [ view_filter ] --END-- [ RunTime:0.000000s ]
INFO: [ app_end ] --START--
INFO: Run Behavior\ShowPageTraceBehavior [ RunTime:0.001000s ]
INFO: [ app_end ] --END-- [ RunTime:0.001000s ]

[ 2017-07-10T19:49:42+08:00 ] ::1 /news1/index.php
INFO: [ app_init ] --START--
INFO: Run Behavior\BuildLiteBehavior [ RunTime:0.001000s ]
INFO: [ app_init ] --END-- [ RunTime:0.001000s ]
INFO: [ app_begin ] --START--
INFO: Run Behavior\ReadHtmlCacheBehavior [ RunTime:0.001000s ]
INFO: [ app_begin ] --END-- [ RunTime:0.001000s ]
SQL: SELECT * FROM `category` WHERE ( parent_id=0 )  [ RunTime:0.0000s ]
SQL: SELECT * FROM `article` WHERE ( cate_id=4  and is_checked=1 ) ORDER BY id desc  [ RunTime:0.0000s ]
SQL: SELECT * FROM `article` WHERE ( cate_id=5  and is_checked=1 ) ORDER BY id desc  [ RunTime:0.0000s ]
SQL: SELECT * FROM `article` WHERE ( cate_id=7  and is_checked=1 ) ORDER BY id desc  [ RunTime:0.0000s ]
SQL: SELECT * FROM `article` WHERE ( cate_id=6  and is_checked=1 ) ORDER BY id desc  [ RunTime:0.0000s ]
SQL: SELECT * FROM `article` WHERE ( is_checked=1 ) ORDER BY click_num desc LIMIT 0,10   [ RunTime:0.0010s ]
SQL: SELECT * FROM `article` WHERE ( is_checked=1 ) ORDER BY cmt_num desc LIMIT 0,10   [ RunTime:0.0000s ]
SQL: SELECT * FROM `article` WHERE ( cate_id=24 and is_checked=1 ) ORDER BY id desc LIMIT 0,8   [ RunTime:0.0010s ]
INFO: [ view_parse ] --START--
INFO: [ template_filter ] --START--
INFO: Run Behavior\ContentReplaceBehavior [ RunTime:0.000000s ]
INFO: [ template_filter ] --END-- [ RunTime:0.000000s ]
NOTIC: [8] Undefined variable: cookie D:\www\news1\application\Runtime\Cache\Home\0e9f9964b50249c273d1dbef3ee7dd51.php 第 52 行.
NOTIC: [8] Undefined variable: IP D:\www\news1\application\Runtime\Cache\Home\0e9f9964b50249c273d1dbef3ee7dd51.php 第 260 行.
INFO: Run Behavior\ParseTemplateBehavior [ RunTime:0.008000s ]
INFO: [ view_parse ] --END-- [ RunTime:0.008000s ]
INFO: [ view_filter ] --START--
INFO: Run Behavior\WriteHtmlCacheBehavior [ RunTime:0.000000s ]
INFO: [ view_filter ] --END-- [ RunTime:0.000000s ]
INFO: [ app_end ] --START--
INFO: Run Behavior\ShowPageTraceBehavior [ RunTime:0.001000s ]
INFO: [ app_end ] --END-- [ RunTime:0.001000s ]

[ 2017-07-10T19:50:35+08:00 ] ::1 /news1/index.php
INFO: [ app_init ] --START--
INFO: Run Behavior\BuildLiteBehavior [ RunTime:0.000000s ]
INFO: [ app_init ] --END-- [ RunTime:0.001000s ]
INFO: [ app_begin ] --START--
INFO: Run Behavior\ReadHtmlCacheBehavior [ RunTime:0.001000s ]
INFO: [ app_begin ] --END-- [ RunTime:0.001000s ]
SQL: SELECT * FROM `category` WHERE ( parent_id=0 )  [ RunTime:0.0000s ]
SQL: SELECT * FROM `article` WHERE ( cate_id=4  and is_checked=1 ) ORDER BY id desc  [ RunTime:0.0010s ]
SQL: SELECT * FROM `article` WHERE ( cate_id=5  and is_checked=1 ) ORDER BY id desc  [ RunTime:0.0000s ]
SQL: SELECT * FROM `article` WHERE ( cate_id=7  and is_checked=1 ) ORDER BY id desc  [ RunTime:0.0000s ]
SQL: SELECT * FROM `article` WHERE ( cate_id=6  and is_checked=1 ) ORDER BY id desc  [ RunTime:0.0010s ]
SQL: SELECT * FROM `article` WHERE ( is_checked=1 ) ORDER BY click_num desc LIMIT 0,10   [ RunTime:0.0000s ]
SQL: SELECT * FROM `article` WHERE ( is_checked=1 ) ORDER BY cmt_num desc LIMIT 0,10   [ RunTime:0.0000s ]
SQL: SELECT * FROM `article` WHERE ( cate_id=24 and is_checked=1 ) ORDER BY id desc LIMIT 0,8   [ RunTime:0.0000s ]
INFO: [ view_parse ] --START--
INFO: [ template_filter ] --START--
INFO: Run Behavior\ContentReplaceBehavior [ RunTime:0.000000s ]
INFO: [ template_filter ] --END-- [ RunTime:0.000000s ]
NOTIC: [8] Undefined variable: cookie D:\www\news1\application\Runtime\Cache\Home\0e9f9964b50249c273d1dbef3ee7dd51.php 第 52 行.
NOTIC: [8] Undefined variable: IP D:\www\news1\application\Runtime\Cache\Home\0e9f9964b50249c273d1dbef3ee7dd51.php 第 260 行.
INFO: Run Behavior\ParseTemplateBehavior [ RunTime:0.008000s ]
INFO: [ view_parse ] --END-- [ RunTime:0.008000s ]
INFO: [ view_filter ] --START--
INFO: Run Behavior\WriteHtmlCacheBehavior [ RunTime:0.001000s ]
INFO: [ view_filter ] --END-- [ RunTime:0.001000s ]
INFO: [ app_end ] --START--
INFO: Run Behavior\ShowPageTraceBehavior [ RunTime:0.000000s ]
INFO: [ app_end ] --END-- [ RunTime:0.000000s ]

[ 2017-07-10T19:51:21+08:00 ] ::1 /news1/index.php
INFO: [ app_init ] --START--
INFO: Run Behavior\BuildLiteBehavior [ RunTime:0.000000s ]
INFO: [ app_init ] --END-- [ RunTime:0.001000s ]
INFO: [ app_begin ] --START--
INFO: Run Behavior\ReadHtmlCacheBehavior [ RunTime:0.000000s ]
INFO: [ app_begin ] --END-- [ RunTime:0.000000s ]
SQL: SELECT * FROM `category` WHERE ( parent_id=0 )  [ RunTime:0.0010s ]
SQL: SELECT * FROM `article` WHERE ( cate_id=4  and is_checked=1 ) ORDER BY id desc  [ RunTime:0.0010s ]
SQL: SELECT * FROM `article` WHERE ( cate_id=5  and is_checked=1 ) ORDER BY id desc  [ RunTime:0.0000s ]
SQL: SELECT * FROM `article` WHERE ( cate_id=7  and is_checked=1 ) ORDER BY id desc  [ RunTime:0.0000s ]
SQL: SELECT * FROM `article` WHERE ( cate_id=6  and is_checked=1 ) ORDER BY id desc  [ RunTime:0.0010s ]
SQL: SELECT * FROM `article` WHERE ( is_checked=1 ) ORDER BY click_num desc LIMIT 0,10   [ RunTime:0.0000s ]
SQL: SELECT * FROM `article` WHERE ( is_checked=1 ) ORDER BY cmt_num desc LIMIT 0,10   [ RunTime:0.0000s ]
SQL: SELECT * FROM `article` WHERE ( cate_id=24 and is_checked=1 ) ORDER BY id desc LIMIT 0,8   [ RunTime:0.0000s ]
INFO: [ view_parse ] --START--
INFO: [ template_filter ] --START--
INFO: Run Behavior\ContentReplaceBehavior [ RunTime:0.000000s ]
INFO: [ template_filter ] --END-- [ RunTime:0.000000s ]
NOTIC: [8] Undefined variable: cookie D:\www\news1\application\Runtime\Cache\Home\0e9f9964b50249c273d1dbef3ee7dd51.php 第 52 行.
NOTIC: [8] Undefined variable: IP D:\www\news1\application\Runtime\Cache\Home\0e9f9964b50249c273d1dbef3ee7dd51.php 第 260 行.
INFO: Run Behavior\ParseTemplateBehavior [ RunTime:0.007000s ]
INFO: [ view_parse ] --END-- [ RunTime:0.007000s ]
INFO: [ view_filter ] --START--
INFO: Run Behavior\WriteHtmlCacheBehavior [ RunTime:0.001000s ]
INFO: [ view_filter ] --END-- [ RunTime:0.001000s ]
INFO: [ app_end ] --START--
INFO: Run Behavior\ShowPageTraceBehavior [ RunTime:0.000000s ]
INFO: [ app_end ] --END-- [ RunTime:0.000000s ]

[ 2017-07-10T19:51:57+08:00 ] ::1 /news1/index.php
INFO: [ app_init ] --START--
INFO: Run Behavior\BuildLiteBehavior [ RunTime:0.000000s ]
INFO: [ app_init ] --END-- [ RunTime:0.000000s ]
INFO: [ app_begin ] --START--
INFO: Run Behavior\ReadHtmlCacheBehavior [ RunTime:0.001000s ]
INFO: [ app_begin ] --END-- [ RunTime:0.001000s ]
SQL: SELECT * FROM `category` WHERE ( parent_id=0 )  [ RunTime:0.0000s ]
SQL: SELECT * FROM `article` WHERE ( cate_id=4  and is_checked=1 ) ORDER BY id desc  [ RunTime:0.0000s ]
SQL: SELECT * FROM `article` WHERE ( cate_id=5  and is_checked=1 ) ORDER BY id desc  [ RunTime:0.0010s ]
SQL: SELECT * FROM `article` WHERE ( cate_id=7  and is_checked=1 ) ORDER BY id desc  [ RunTime:0.0000s ]
SQL: SELECT * FROM `article` WHERE ( cate_id=6  and is_checked=1 ) ORDER BY id desc  [ RunTime:0.0010s ]
SQL: SELECT * FROM `article` WHERE ( is_checked=1 ) ORDER BY click_num desc LIMIT 0,10   [ RunTime:0.0000s ]
SQL: SELECT * FROM `article` WHERE ( is_checked=1 ) ORDER BY cmt_num desc LIMIT 0,10   [ RunTime:0.0010s ]
SQL: SELECT * FROM `article` WHERE ( cate_id=24 and is_checked=1 ) ORDER BY id desc LIMIT 0,8   [ RunTime:0.0000s ]
INFO: [ view_parse ] --START--
INFO: [ template_filter ] --START--
INFO: Run Behavior\ContentReplaceBehavior [ RunTime:0.000000s ]
INFO: [ template_filter ] --END-- [ RunTime:0.001000s ]
NOTIC: [8] Undefined variable: cookie D:\www\news1\application\Runtime\Cache\Home\0e9f9964b50249c273d1dbef3ee7dd51.php 第 52 行.
NOTIC: [8] Undefined variable: IP D:\www\news1\application\Runtime\Cache\Home\0e9f9964b50249c273d1dbef3ee7dd51.php 第 260 行.
INFO: Run Behavior\ParseTemplateBehavior [ RunTime:0.008000s ]
INFO: [ view_parse ] --END-- [ RunTime:0.008000s ]
INFO: [ view_filter ] --START--
INFO: Run Behavior\WriteHtmlCacheBehavior [ RunTime:0.000000s ]
INFO: [ view_filter ] --END-- [ RunTime:0.000000s ]
INFO: [ app_end ] --START--
INFO: Run Behavior\ShowPageTraceBehavior [ RunTime:0.001000s ]
INFO: [ app_end ] --END-- [ RunTime:0.001000s ]

[ 2017-07-10T20:00:03+08:00 ] ::1 /news1/index.php
INFO: [ app_init ] --START--
INFO: Run Behavior\BuildLiteBehavior [ RunTime:0.000000s ]
INFO: [ app_init ] --END-- [ RunTime:0.001000s ]
INFO: [ app_begin ] --START--
INFO: Run Behavior\ReadHtmlCacheBehavior [ RunTime:0.001000s ]
INFO: [ app_begin ] --END-- [ RunTime:0.001000s ]
SQL: SELECT * FROM `category` WHERE ( parent_id=0 )  [ RunTime:0.0000s ]
SQL: SELECT * FROM `article` WHERE ( cate_id=4  and is_checked=1 ) ORDER BY id desc  [ RunTime:0.0000s ]
SQL: SELECT * FROM `article` WHERE ( cate_id=5  and is_checked=1 ) ORDER BY id desc  [ RunTime:0.0000s ]
SQL: SELECT * FROM `article` WHERE ( cate_id=7  and is_checked=1 ) ORDER BY id desc  [ RunTime:0.0010s ]
SQL: SELECT * FROM `article` WHERE ( cate_id=6  and is_checked=1 ) ORDER BY id desc  [ RunTime:0.0000s ]
SQL: SELECT * FROM `article` WHERE ( is_checked=1 ) ORDER BY click_num desc LIMIT 0,10   [ RunTime:0.0000s ]
SQL: SELECT * FROM `article` WHERE ( is_checked=1 ) ORDER BY cmt_num desc LIMIT 0,10   [ RunTime:0.0010s ]
SQL: SELECT * FROM `article` WHERE ( cate_id=24 and is_checked=1 ) ORDER BY id desc LIMIT 0,8   [ RunTime:0.0000s ]
INFO: [ view_parse ] --START--
INFO: [ template_filter ] --START--
INFO: Run Behavior\ContentReplaceBehavior [ RunTime:0.000000s ]
INFO: [ template_filter ] --END-- [ RunTime:0.000000s ]
NOTIC: [8] Undefined variable: cookie D:\www\news1\application\Runtime\Cache\Home\0e9f9964b50249c273d1dbef3ee7dd51.php 第 52 行.
NOTIC: [8] Undefined variable: IP D:\www\news1\application\Runtime\Cache\Home\0e9f9964b50249c273d1dbef3ee7dd51.php 第 260 行.
INFO: Run Behavior\ParseTemplateBehavior [ RunTime:0.008000s ]
INFO: [ view_parse ] --END-- [ RunTime:0.008000s ]
INFO: [ view_filter ] --START--
INFO: Run Behavior\WriteHtmlCacheBehavior [ RunTime:0.000000s ]
INFO: [ view_filter ] --END-- [ RunTime:0.000000s ]
INFO: [ app_end ] --START--
INFO: Run Behavior\ShowPageTraceBehavior [ RunTime:0.001000s ]
INFO: [ app_end ] --END-- [ RunTime:0.001000s ]

[ 2017-07-10T20:00:04+08:00 ] ::1 /news1/index.php
INFO: [ app_init ] --START--
INFO: Run Behavior\BuildLiteBehavior [ RunTime:0.000000s ]
INFO: [ app_init ] --END-- [ RunTime:0.001000s ]
INFO: [ app_begin ] --START--
INFO: Run Behavior\ReadHtmlCacheBehavior [ RunTime:0.001000s ]
INFO: [ app_begin ] --END-- [ RunTime:0.001000s ]
SQL: SELECT * FROM `category` WHERE ( parent_id=0 )  [ RunTime:0.0000s ]
SQL: SELECT * FROM `article` WHERE ( cate_id=4  and is_checked=1 ) ORDER BY id desc  [ RunTime:0.0000s ]
SQL: SELECT * FROM `article` WHERE ( cate_id=5  and is_checked=1 ) ORDER BY id desc  [ RunTime:0.0000s ]
SQL: SELECT * FROM `article` WHERE ( cate_id=7  and is_checked=1 ) ORDER BY id desc  [ RunTime:0.0010s ]
SQL: SELECT * FROM `article` WHERE ( cate_id=6  and is_checked=1 ) ORDER BY id desc  [ RunTime:0.0000s ]
SQL: SELECT * FROM `article` WHERE ( is_checked=1 ) ORDER BY click_num desc LIMIT 0,10   [ RunTime:0.0000s ]
SQL: SELECT * FROM `article` WHERE ( is_checked=1 ) ORDER BY cmt_num desc LIMIT 0,10   [ RunTime:0.0010s ]
SQL: SELECT * FROM `article` WHERE ( cate_id=24 and is_checked=1 ) ORDER BY id desc LIMIT 0,8   [ RunTime:0.0000s ]
INFO: [ view_parse ] --START--
INFO: [ template_filter ] --START--
INFO: Run Behavior\ContentReplaceBehavior [ RunTime:0.000000s ]
INFO: [ template_filter ] --END-- [ RunTime:0.000000s ]
NOTIC: [8] Undefined variable: cookie D:\www\news1\application\Runtime\Cache\Home\0e9f9964b50249c273d1dbef3ee7dd51.php 第 52 行.
NOTIC: [8] Undefined variable: IP D:\www\news1\application\Runtime\Cache\Home\0e9f9964b50249c273d1dbef3ee7dd51.php 第 260 行.
INFO: Run Behavior\ParseTemplateBehavior [ RunTime:0.008000s ]
INFO: [ view_parse ] --END-- [ RunTime:0.008000s ]
INFO: [ view_filter ] --START--
INFO: Run Behavior\WriteHtmlCacheBehavior [ RunTime:0.001000s ]
INFO: [ view_filter ] --END-- [ RunTime:0.001000s ]
INFO: [ app_end ] --START--
INFO: Run Behavior\ShowPageTraceBehavior [ RunTime:0.000000s ]
INFO: [ app_end ] --END-- [ RunTime:0.000000s ]

[ 2017-07-10T20:00:04+08:00 ] ::1 /news1/index.php
INFO: [ app_init ] --START--
INFO: Run Behavior\BuildLiteBehavior [ RunTime:0.000000s ]
INFO: [ app_init ] --END-- [ RunTime:0.001000s ]
INFO: [ app_begin ] --START--
INFO: Run Behavior\ReadHtmlCacheBehavior [ RunTime:0.001000s ]
INFO: [ app_begin ] --END-- [ RunTime:0.001000s ]
SQL: SELECT * FROM `category` WHERE ( parent_id=0 )  [ RunTime:0.0010s ]
SQL: SELECT * FROM `article` WHERE ( cate_id=4  and is_checked=1 ) ORDER BY id desc  [ RunTime:0.0000s ]
SQL: SELECT * FROM `article` WHERE ( cate_id=5  and is_checked=1 ) ORDER BY id desc  [ RunTime:0.0010s ]
SQL: SELECT * FROM `article` WHERE ( cate_id=7  and is_checked=1 ) ORDER BY id desc  [ RunTime:0.0000s ]
SQL: SELECT * FROM `article` WHERE ( cate_id=6  and is_checked=1 ) ORDER BY id desc  [ RunTime:0.0000s ]
SQL: SELECT * FROM `article` WHERE ( is_checked=1 ) ORDER BY click_num desc LIMIT 0,10   [ RunTime:0.0010s ]
SQL: SELECT * FROM `article` WHERE ( is_checked=1 ) ORDER BY cmt_num desc LIMIT 0,10   [ RunTime:0.0000s ]
SQL: SELECT * FROM `article` WHERE ( cate_id=24 and is_checked=1 ) ORDER BY id desc LIMIT 0,8   [ RunTime:0.0000s ]
INFO: [ view_parse ] --START--
INFO: [ template_filter ] --START--
INFO: Run Behavior\ContentReplaceBehavior [ RunTime:0.000000s ]
INFO: [ template_filter ] --END-- [ RunTime:0.001000s ]
NOTIC: [8] Undefined variable: cookie D:\www\news1\application\Runtime\Cache\Home\0e9f9964b50249c273d1dbef3ee7dd51.php 第 52 行.
NOTIC: [8] Undefined variable: IP D:\www\news1\application\Runtime\Cache\Home\0e9f9964b50249c273d1dbef3ee7dd51.php 第 260 行.
INFO: Run Behavior\ParseTemplateBehavior [ RunTime:0.006000s ]
INFO: [ view_parse ] --END-- [ RunTime:0.006000s ]
INFO: [ view_filter ] --START--
INFO: Run Behavior\WriteHtmlCacheBehavior [ RunTime:0.000000s ]
INFO: [ view_filter ] --END-- [ RunTime:0.000000s ]
INFO: [ app_end ] --START--
INFO: Run Behavior\ShowPageTraceBehavior [ RunTime:0.001000s ]
INFO: [ app_end ] --END-- [ RunTime:0.001000s ]

[ 2017-07-10T20:00:05+08:00 ] ::1 /news1/index.php
INFO: [ app_init ] --START--
INFO: Run Behavior\BuildLiteBehavior [ RunTime:0.000000s ]
INFO: [ app_init ] --END-- [ RunTime:0.000000s ]
INFO: [ app_begin ] --START--
INFO: Run Behavior\ReadHtmlCacheBehavior [ RunTime:0.001000s ]
INFO: [ app_begin ] --END-- [ RunTime:0.001000s ]
SQL: SELECT * FROM `category` WHERE ( parent_id=0 )  [ RunTime:0.0000s ]
SQL: SELECT * FROM `article` WHERE ( cate_id=4  and is_checked=1 ) ORDER BY id desc  [ RunTime:0.0010s ]
SQL: SELECT * FROM `article` WHERE ( cate_id=5  and is_checked=1 ) ORDER BY id desc  [ RunTime:0.0000s ]
SQL: SELECT * FROM `article` WHERE ( cate_id=7  and is_checked=1 ) ORDER BY id desc  [ RunTime:0.0010s ]
SQL: SELECT * FROM `article` WHERE ( cate_id=6  and is_checked=1 ) ORDER BY id desc  [ RunTime:0.0000s ]
SQL: SELECT * FROM `article` WHERE ( is_checked=1 ) ORDER BY click_num desc LIMIT 0,10   [ RunTime:0.0010s ]
SQL: SELECT * FROM `article` WHERE ( is_checked=1 ) ORDER BY cmt_num desc LIMIT 0,10   [ RunTime:0.0000s ]
SQL: SELECT * FROM `article` WHERE ( cate_id=24 and is_checked=1 ) ORDER BY id desc LIMIT 0,8   [ RunTime:0.0010s ]
INFO: [ view_parse ] --START--
INFO: [ template_filter ] --START--
INFO: Run Behavior\ContentReplaceBehavior [ RunTime:0.000000s ]
INFO: [ template_filter ] --END-- [ RunTime:0.000000s ]
NOTIC: [8] Undefined variable: cookie D:\www\news1\application\Runtime\Cache\Home\0e9f9964b50249c273d1dbef3ee7dd51.php 第 52 行.
NOTIC: [8] Undefined variable: IP D:\www\news1\application\Runtime\Cache\Home\0e9f9964b50249c273d1dbef3ee7dd51.php 第 260 行.
INFO: Run Behavior\ParseTemplateBehavior [ RunTime:0.010000s ]
INFO: [ view_parse ] --END-- [ RunTime:0.010000s ]
INFO: [ view_filter ] --START--
INFO: Run Behavior\WriteHtmlCacheBehavior [ RunTime:0.000000s ]
INFO: [ view_filter ] --END-- [ RunTime:0.000000s ]
INFO: [ app_end ] --START--
INFO: Run Behavior\ShowPageTraceBehavior [ RunTime:0.001000s ]
INFO: [ app_end ] --END-- [ RunTime:0.001000s ]

[ 2017-07-10T20:00:05+08:00 ] ::1 /news1/index.php
INFO: [ app_init ] --START--
INFO: Run Behavior\BuildLiteBehavior [ RunTime:0.000000s ]
INFO: [ app_init ] --END-- [ RunTime:0.001000s ]
INFO: [ app_begin ] --START--
INFO: Run Behavior\ReadHtmlCacheBehavior [ RunTime:0.001000s ]
INFO: [ app_begin ] --END-- [ RunTime:0.001000s ]
SQL: SELECT * FROM `category` WHERE ( parent_id=0 )  [ RunTime:0.0000s ]
SQL: SELECT * FROM `article` WHERE ( cate_id=4  and is_checked=1 ) ORDER BY id desc  [ RunTime:0.0010s ]
SQL: SELECT * FROM `article` WHERE ( cate_id=5  and is_checked=1 ) ORDER BY id desc  [ RunTime:0.0000s ]
SQL: SELECT * FROM `article` WHERE ( cate_id=7  and is_checked=1 ) ORDER BY id desc  [ RunTime:0.0000s ]
SQL: SELECT * FROM `article` WHERE ( cate_id=6  and is_checked=1 ) ORDER BY id desc  [ RunTime:0.0000s ]
SQL: SELECT * FROM `article` WHERE ( is_checked=1 ) ORDER BY click_num desc LIMIT 0,10   [ RunTime:0.0010s ]
SQL: SELECT * FROM `article` WHERE ( is_checked=1 ) ORDER BY cmt_num desc LIMIT 0,10   [ RunTime:0.0000s ]
SQL: SELECT * FROM `article` WHERE ( cate_id=24 and is_checked=1 ) ORDER BY id desc LIMIT 0,8   [ RunTime:0.0010s ]
INFO: [ view_parse ] --START--
INFO: [ template_filter ] --START--
INFO: Run Behavior\ContentReplaceBehavior [ RunTime:0.000000s ]
INFO: [ template_filter ] --END-- [ RunTime:0.000000s ]
NOTIC: [8] Undefined variable: cookie D:\www\news1\application\Runtime\Cache\Home\0e9f9964b50249c273d1dbef3ee7dd51.php 第 52 行.
NOTIC: [8] Undefined variable: IP D:\www\news1\application\Runtime\Cache\Home\0e9f9964b50249c273d1dbef3ee7dd51.php 第 260 行.
INFO: Run Behavior\ParseTemplateBehavior [ RunTime:0.007000s ]
INFO: [ view_parse ] --END-- [ RunTime:0.007000s ]
INFO: [ view_filter ] --START--
INFO: Run Behavior\WriteHtmlCacheBehavior [ RunTime:0.000000s ]
INFO: [ view_filter ] --END-- [ RunTime:0.000000s ]
INFO: [ app_end ] --START--
INFO: Run Behavior\ShowPageTraceBehavior [ RunTime:0.001000s ]
INFO: [ app_end ] --END-- [ RunTime:0.001000s ]

[ 2017-07-10T20:00:05+08:00 ] ::1 /news1/index.php
INFO: [ app_init ] --START--
INFO: Run Behavior\BuildLiteBehavior [ RunTime:0.000000s ]
INFO: [ app_init ] --END-- [ RunTime:0.001000s ]
INFO: [ app_begin ] --START--
INFO: Run Behavior\ReadHtmlCacheBehavior [ RunTime:0.001000s ]
INFO: [ app_begin ] --END-- [ RunTime:0.001000s ]
SQL: SELECT * FROM `category` WHERE ( parent_id=0 )  [ RunTime:0.0010s ]
SQL: SELECT * FROM `article` WHERE ( cate_id=4  and is_checked=1 ) ORDER BY id desc  [ RunTime:0.0000s ]
SQL: SELECT * FROM `article` WHERE ( cate_id=5  and is_checked=1 ) ORDER BY id desc  [ RunTime:0.0010s ]
SQL: SELECT * FROM `article` WHERE ( cate_id=7  and is_checked=1 ) ORDER BY id desc  [ RunTime:0.0000s ]
SQL: SELECT * FROM `article` WHERE ( cate_id=6  and is_checked=1 ) ORDER BY id desc  [ RunTime:0.0000s ]
SQL: SELECT * FROM `article` WHERE ( is_checked=1 ) ORDER BY click_num desc LIMIT 0,10   [ RunTime:0.0010s ]
SQL: SELECT * FROM `article` WHERE ( is_checked=1 ) ORDER BY cmt_num desc LIMIT 0,10   [ RunTime:0.0000s ]
SQL: SELECT * FROM `article` WHERE ( cate_id=24 and is_checked=1 ) ORDER BY id desc LIMIT 0,8   [ RunTime:0.0010s ]
INFO: [ view_parse ] --START--
INFO: [ template_filter ] --START--
INFO: Run Behavior\ContentReplaceBehavior [ RunTime:0.000000s ]
INFO: [ template_filter ] --END-- [ RunTime:0.000000s ]
NOTIC: [8] Undefined variable: cookie D:\www\news1\application\Runtime\Cache\Home\0e9f9964b50249c273d1dbef3ee7dd51.php 第 52 行.
NOTIC: [8] Undefined variable: IP D:\www\news1\application\Runtime\Cache\Home\0e9f9964b50249c273d1dbef3ee7dd51.php 第 260 行.
INFO: Run Behavior\ParseTemplateBehavior [ RunTime:0.037000s ]
INFO: [ view_parse ] --END-- [ RunTime:0.037000s ]
INFO: [ view_filter ] --START--
INFO: Run Behavior\WriteHtmlCacheBehavior [ RunTime:0.001000s ]
INFO: [ view_filter ] --END-- [ RunTime:0.001000s ]
INFO: [ app_end ] --START--
INFO: Run Behavior\ShowPageTraceBehavior [ RunTime:0.011000s ]
INFO: [ app_end ] --END-- [ RunTime:0.011000s ]

[ 2017-07-10T20:00:06+08:00 ] ::1 /news1/index.php
INFO: [ app_init ] --START--
INFO: Run Behavior\BuildLiteBehavior [ RunTime:0.000000s ]
INFO: [ app_init ] --END-- [ RunTime:0.000000s ]
INFO: [ app_begin ] --START--
INFO: Run Behavior\ReadHtmlCacheBehavior [ RunTime:0.000000s ]
INFO: [ app_begin ] --END-- [ RunTime:0.000000s ]
SQL: SELECT * FROM `category` WHERE ( parent_id=0 )  [ RunTime:0.0000s ]
SQL: SELECT * FROM `article` WHERE ( cate_id=4  and is_checked=1 ) ORDER BY id desc  [ RunTime:0.0000s ]
SQL: SELECT * FROM `article` WHERE ( cate_id=5  and is_checked=1 ) ORDER BY id desc  [ RunTime:0.0000s ]
SQL: SELECT * FROM `article` WHERE ( cate_id=7  and is_checked=1 ) ORDER BY id desc  [ RunTime:0.0010s ]
SQL: SELECT * FROM `article` WHERE ( cate_id=6  and is_checked=1 ) ORDER BY id desc  [ RunTime:0.0000s ]
SQL: SELECT * FROM `article` WHERE ( is_checked=1 ) ORDER BY click_num desc LIMIT 0,10   [ RunTime:0.0000s ]
SQL: SELECT * FROM `article` WHERE ( is_checked=1 ) ORDER BY cmt_num desc LIMIT 0,10   [ RunTime:0.0000s ]
SQL: SELECT * FROM `article` WHERE ( cate_id=24 and is_checked=1 ) ORDER BY id desc LIMIT 0,8   [ RunTime:0.0000s ]
INFO: [ view_parse ] --START--
INFO: [ template_filter ] --START--
INFO: Run Behavior\ContentReplaceBehavior [ RunTime:0.001000s ]
INFO: [ template_filter ] --END-- [ RunTime:0.001000s ]
NOTIC: [8] Undefined variable: cookie D:\www\news1\application\Runtime\Cache\Home\0e9f9964b50249c273d1dbef3ee7dd51.php 第 52 行.
NOTIC: [8] Undefined variable: IP D:\www\news1\application\Runtime\Cache\Home\0e9f9964b50249c273d1dbef3ee7dd51.php 第 260 行.
INFO: Run Behavior\ParseTemplateBehavior [ RunTime:0.008000s ]
INFO: [ view_parse ] --END-- [ RunTime:0.008000s ]
INFO: [ view_filter ] --START--
INFO: Run Behavior\WriteHtmlCacheBehavior [ RunTime:0.000000s ]
INFO: [ view_filter ] --END-- [ RunTime:0.000000s ]
INFO: [ app_end ] --START--
INFO: Run Behavior\ShowPageTraceBehavior [ RunTime:0.001000s ]
INFO: [ app_end ] --END-- [ RunTime:0.001000s ]

[ 2017-07-10T20:04:33+08:00 ] ::1 /news1/index.php/id/10
INFO: [ app_init ] --START--
INFO: Run Behavior\BuildLiteBehavior [ RunTime:0.000000s ]
INFO: [ app_init ] --END-- [ RunTime:0.000000s ]
INFO: [ app_begin ] --START--
INFO: Run Behavior\ReadHtmlCacheBehavior [ RunTime:0.000000s ]
INFO: [ app_begin ] --END-- [ RunTime:0.001000s ]
ERR: 无法加载控制器:Id

[ 2017-07-10T20:04:45+08:00 ] ::1 /news1/index.php/id/8
INFO: [ app_init ] --START--
INFO: Run Behavior\BuildLiteBehavior [ RunTime:0.000000s ]
INFO: [ app_init ] --END-- [ RunTime:0.001000s ]
INFO: [ app_begin ] --START--
INFO: Run Behavior\ReadHtmlCacheBehavior [ RunTime:0.001000s ]
INFO: [ app_begin ] --END-- [ RunTime:0.002000s ]
ERR: 无法加载控制器:Id

[ 2017-07-10T20:04:48+08:00 ] ::1 /news1/index.php/id/7
INFO: [ app_init ] --START--
INFO: Run Behavior\BuildLiteBehavior [ RunTime:0.000000s ]
INFO: [ app_init ] --END-- [ RunTime:0.000000s ]
INFO: [ app_begin ] --START--
INFO: Run Behavior\ReadHtmlCacheBehavior [ RunTime:0.001000s ]
INFO: [ app_begin ] --END-- [ RunTime:0.001000s ]
ERR: 无法加载控制器:Id

[ 2017-07-10T20:04:51+08:00 ] ::1 /news1/index.php/id/3
INFO: [ app_init ] --START--
INFO: Run Behavior\BuildLiteBehavior [ RunTime:0.000000s ]
INFO: [ app_init ] --END-- [ RunTime:0.001000s ]
INFO: [ app_begin ] --START--
INFO: Run Behavior\ReadHtmlCacheBehavior [ RunTime:0.001000s ]
INFO: [ app_begin ] --END-- [ RunTime:0.001000s ]
ERR: 无法加载控制器:Id

[ 2017-07-10T20:06:05+08:00 ] ::1 /news1/index.php
INFO: [ app_init ] --START--
INFO: Run Behavior\BuildLiteBehavior [ RunTime:0.000000s ]
INFO: [ app_init ] --END-- [ RunTime:0.000000s ]
INFO: [ app_begin ] --START--
INFO: Run Behavior\ReadHtmlCacheBehavior [ RunTime:0.001000s ]
INFO: [ app_begin ] --END-- [ RunTime:0.001000s ]
SQL: SELECT * FROM `category` WHERE ( parent_id=0 )  [ RunTime:0.0000s ]
SQL: SELECT * FROM `article` WHERE ( cate_id=4  and is_checked=1 ) ORDER BY id desc  [ RunTime:0.0010s ]
SQL: SELECT * FROM `article` WHERE ( cate_id=5  and is_checked=1 ) ORDER BY id desc  [ RunTime:0.0000s ]
SQL: SELECT * FROM `article` WHERE ( cate_id=7  and is_checked=1 ) ORDER BY id desc  [ RunTime:0.0010s ]
SQL: SELECT * FROM `article` WHERE ( cate_id=6  and is_checked=1 ) ORDER BY id desc  [ RunTime:0.0000s ]
SQL: SELECT * FROM `article` WHERE ( is_checked=1 ) ORDER BY click_num desc LIMIT 0,10   [ RunTime:0.0010s ]
SQL: SELECT * FROM `article` WHERE ( is_checked=1 ) ORDER BY cmt_num desc LIMIT 0,10   [ RunTime:0.0000s ]
SQL: SELECT * FROM `article` WHERE ( cate_id=24 and is_checked=1 ) ORDER BY id desc LIMIT 0,8   [ RunTime:0.0010s ]
INFO: [ view_parse ] --START--
INFO: [ template_filter ] --START--
INFO: Run Behavior\ContentReplaceBehavior [ RunTime:0.000000s ]
INFO: [ template_filter ] --END-- [ RunTime:0.000000s ]
NOTIC: [8] Undefined variable: cookie D:\www\news1\application\Runtime\Cache\Home\0e9f9964b50249c273d1dbef3ee7dd51.php 第 52 行.
NOTIC: [8] Undefined variable: IP D:\www\news1\application\Runtime\Cache\Home\0e9f9964b50249c273d1dbef3ee7dd51.php 第 260 行.
INFO: Run Behavior\ParseTemplateBehavior [ RunTime:0.008000s ]
INFO: [ view_parse ] --END-- [ RunTime:0.008000s ]
INFO: [ view_filter ] --START--
INFO: Run Behavior\WriteHtmlCacheBehavior [ RunTime:0.000000s ]
INFO: [ view_filter ] --END-- [ RunTime:0.000000s ]
INFO: [ app_end ] --START--
INFO: Run Behavior\ShowPageTraceBehavior [ RunTime:0.001000s ]
INFO: [ app_end ] --END-- [ RunTime:0.001000s ]

[ 2017-07-10T20:07:23+08:00 ] ::1 /news1/index.php
INFO: [ app_init ] --START--
INFO: Run Behavior\BuildLiteBehavior [ RunTime:0.000000s ]
INFO: [ app_init ] --END-- [ RunTime:0.001000s ]
INFO: [ app_begin ] --START--
INFO: Run Behavior\ReadHtmlCacheBehavior [ RunTime:0.001000s ]
INFO: [ app_begin ] --END-- [ RunTime:0.001000s ]
SQL: SELECT * FROM `category` WHERE ( parent_id=0 )  [ RunTime:0.0000s ]
SQL: SELECT * FROM `article` WHERE ( cate_id=4  and is_checked=1 ) ORDER BY id desc  [ RunTime:0.0000s ]
SQL: SELECT * FROM `article` WHERE ( cate_id=5  and is_checked=1 ) ORDER BY id desc  [ RunTime:0.0000s ]
SQL: SELECT * FROM `article` WHERE ( cate_id=7  and is_checked=1 ) ORDER BY id desc  [ RunTime:0.0000s ]
SQL: SELECT * FROM `article` WHERE ( cate_id=6  and is_checked=1 ) ORDER BY id desc  [ RunTime:0.0000s ]
SQL: SELECT * FROM `article` WHERE ( is_checked=1 ) ORDER BY click_num desc LIMIT 0,10   [ RunTime:0.0010s ]
SQL: SELECT * FROM `article` WHERE ( is_checked=1 ) ORDER BY cmt_num desc LIMIT 0,10   [ RunTime:0.0000s ]
SQL: SELECT * FROM `article` WHERE ( cate_id=24 and is_checked=1 ) ORDER BY id desc LIMIT 0,8   [ RunTime:0.0010s ]
INFO: [ view_parse ] --START--
INFO: [ template_filter ] --START--
INFO: Run Behavior\ContentReplaceBehavior [ RunTime:0.000000s ]
INFO: [ template_filter ] --END-- [ RunTime:0.000000s ]
NOTIC: [8] Undefined variable: cookie D:\www\news1\application\Runtime\Cache\Home\0e9f9964b50249c273d1dbef3ee7dd51.php 第 52 行.
NOTIC: [8] Undefined variable: IP D:\www\news1\application\Runtime\Cache\Home\0e9f9964b50249c273d1dbef3ee7dd51.php 第 260 行.
INFO: Run Behavior\ParseTemplateBehavior [ RunTime:0.007000s ]
INFO: [ view_parse ] --END-- [ RunTime:0.007000s ]
INFO: [ view_filter ] --START--
INFO: Run Behavior\WriteHtmlCacheBehavior [ RunTime:0.000000s ]
INFO: [ view_filter ] --END-- [ RunTime:0.000000s ]
INFO: [ app_end ] --START--
INFO: Run Behavior\ShowPageTraceBehavior [ RunTime:0.001000s ]
INFO: [ app_end ] --END-- [ RunTime:0.001000s ]

[ 2017-07-10T20:09:15+08:00 ] ::1 /news1/index.php
INFO: [ app_init ] --START--
INFO: Run Behavior\BuildLiteBehavior [ RunTime:0.000000s ]
INFO: [ app_init ] --END-- [ RunTime:0.000000s ]
INFO: [ app_begin ] --START--
INFO: Run Behavior\ReadHtmlCacheBehavior [ RunTime:0.000000s ]
INFO: [ app_begin ] --END-- [ RunTime:0.000000s ]
SQL: SELECT * FROM `category` WHERE ( parent_id=0 )  [ RunTime:0.0000s ]
SQL: SELECT * FROM `article` WHERE ( cate_id=4  and is_checked=1 ) ORDER BY id desc  [ RunTime:0.0000s ]
SQL: SELECT * FROM `article` WHERE ( cate_id=5  and is_checked=1 ) ORDER BY id desc  [ RunTime:0.0000s ]
SQL: SELECT * FROM `article` WHERE ( cate_id=7  and is_checked=1 ) ORDER BY id desc  [ RunTime:0.0010s ]
SQL: SELECT * FROM `article` WHERE ( cate_id=6  and is_checked=1 ) ORDER BY id desc  [ RunTime:0.0000s ]
SQL: SELECT * FROM `article` WHERE ( is_checked=1 ) ORDER BY click_num desc LIMIT 0,10   [ RunTime:0.0000s ]
SQL: SELECT * FROM `article` WHERE ( is_checked=1 ) ORDER BY cmt_num desc LIMIT 0,10   [ RunTime:0.0000s ]
SQL: SELECT * FROM `article` WHERE ( cate_id=24 and is_checked=1 ) ORDER BY id desc LIMIT 0,8   [ RunTime:0.0000s ]
INFO: [ view_parse ] --START--
INFO: [ template_filter ] --START--
INFO: Run Behavior\ContentReplaceBehavior [ RunTime:0.000000s ]
INFO: [ template_filter ] --END-- [ RunTime:0.000000s ]
NOTIC: [8] Undefined variable: cookie D:\www\news1\application\Runtime\Cache\Home\0e9f9964b50249c273d1dbef3ee7dd51.php 第 52 行.
NOTIC: [8] Undefined variable: IP D:\www\news1\application\Runtime\Cache\Home\0e9f9964b50249c273d1dbef3ee7dd51.php 第 260 行.
INFO: Run Behavior\ParseTemplateBehavior [ RunTime:0.006000s ]
INFO: [ view_parse ] --END-- [ RunTime:0.007000s ]
INFO: [ view_filter ] --START--
INFO: Run Behavior\WriteHtmlCacheBehavior [ RunTime:0.000000s ]
INFO: [ view_filter ] --END-- [ RunTime:0.000000s ]
INFO: [ app_end ] --START--
INFO: Run Behavior\ShowPageTraceBehavior [ RunTime:0.001000s ]
INFO: [ app_end ] --END-- [ RunTime:0.001000s ]

[ 2017-07-10T20:09:52+08:00 ] ::1 /news1/index.php
INFO: [ app_init ] --START--
INFO: Run Behavior\BuildLiteBehavior [ RunTime:0.000000s ]
INFO: [ app_init ] --END-- [ RunTime:0.001000s ]
INFO: [ app_begin ] --START--
INFO: Run Behavior\ReadHtmlCacheBehavior [ RunTime:0.000000s ]
INFO: [ app_begin ] --END-- [ RunTime:0.000000s ]
SQL: SELECT * FROM `category` WHERE ( parent_id=0 )  [ RunTime:0.0000s ]
SQL: SELECT * FROM `article` WHERE ( cate_id=4  and is_checked=1 ) ORDER BY id desc  [ RunTime:0.0000s ]
SQL: SELECT * FROM `article` WHERE ( cate_id=5  and is_checked=1 ) ORDER BY id desc  [ RunTime:0.0010s ]
SQL: SELECT * FROM `article` WHERE ( cate_id=7  and is_checked=1 ) ORDER BY id desc  [ RunTime:0.0000s ]
SQL: SELECT * FROM `article` WHERE ( cate_id=6  and is_checked=1 ) ORDER BY id desc  [ RunTime:0.0000s ]
SQL: SELECT * FROM `article` WHERE ( is_checked=1 ) ORDER BY click_num desc LIMIT 0,10   [ RunTime:0.0010s ]
SQL: SELECT * FROM `article` WHERE ( is_checked=1 ) ORDER BY cmt_num desc LIMIT 0,10   [ RunTime:0.0000s ]
SQL: SELECT * FROM `article` WHERE ( cate_id=24 and is_checked=1 ) ORDER BY id desc LIMIT 0,8   [ RunTime:0.0000s ]
INFO: [ view_parse ] --START--
INFO: [ template_filter ] --START--
INFO: Run Behavior\ContentReplaceBehavior [ RunTime:0.000000s ]
INFO: [ template_filter ] --END-- [ RunTime:0.000000s ]
NOTIC: [8] Undefined variable: cookie D:\www\news1\application\Runtime\Cache\Home\0e9f9964b50249c273d1dbef3ee7dd51.php 第 52 行.
NOTIC: [8] Undefined variable: IP D:\www\news1\application\Runtime\Cache\Home\0e9f9964b50249c273d1dbef3ee7dd51.php 第 260 行.
INFO: Run Behavior\ParseTemplateBehavior [ RunTime:0.010000s ]
INFO: [ view_parse ] --END-- [ RunTime:0.010000s ]
INFO: [ view_filter ] --START--
INFO: Run Behavior\WriteHtmlCacheBehavior [ RunTime:0.000000s ]
INFO: [ view_filter ] --END-- [ RunTime:0.000000s ]
INFO: [ app_end ] --START--
INFO: Run Behavior\ShowPageTraceBehavior [ RunTime:0.001000s ]
INFO: [ app_end ] --END-- [ RunTime:0.001000s ]

[ 2017-07-10T20:15:20+08:00 ] ::1 /news1/index.php
INFO: [ app_init ] --START--
INFO: Run Behavior\BuildLiteBehavior [ RunTime:0.000000s ]
INFO: [ app_init ] --END-- [ RunTime:0.000000s ]
INFO: [ app_begin ] --START--
INFO: Run Behavior\ReadHtmlCacheBehavior [ RunTime:0.000000s ]
INFO: [ app_begin ] --END-- [ RunTime:0.000000s ]
SQL: SELECT * FROM `category` WHERE ( parent_id=0 )  [ RunTime:0.0000s ]
SQL: SELECT * FROM `article` WHERE ( cate_id=4  and is_checked=1 ) ORDER BY id desc  [ RunTime:0.0000s ]
SQL: SELECT * FROM `article` WHERE ( cate_id=5  and is_checked=1 ) ORDER BY id desc  [ RunTime:0.0000s ]
SQL: SELECT * FROM `article` WHERE ( cate_id=7  and is_checked=1 ) ORDER BY id desc  [ RunTime:0.0000s ]
SQL: SELECT * FROM `article` WHERE ( cate_id=6  and is_checked=1 ) ORDER BY id desc  [ RunTime:0.0000s ]
SQL: SELECT * FROM `article` WHERE ( is_checked=1 ) ORDER BY click_num desc LIMIT 0,10   [ RunTime:0.0010s ]
SQL: SELECT * FROM `article` WHERE ( is_checked=1 ) ORDER BY cmt_num desc LIMIT 0,10   [ RunTime:0.0000s ]
SQL: SELECT * FROM `article` WHERE ( cate_id=24 and is_checked=1 ) ORDER BY id desc LIMIT 0,8   [ RunTime:0.0010s ]
INFO: [ view_parse ] --START--
INFO: [ template_filter ] --START--
INFO: Run Behavior\ContentReplaceBehavior [ RunTime:0.000000s ]
INFO: [ template_filter ] --END-- [ RunTime:0.000000s ]
NOTIC: [8] Undefined variable: cookie D:\www\news1\application\Runtime\Cache\Home\0e9f9964b50249c273d1dbef3ee7dd51.php 第 52 行.
NOTIC: [8] Undefined variable: IP D:\www\news1\application\Runtime\Cache\Home\0e9f9964b50249c273d1dbef3ee7dd51.php 第 260 行.
INFO: Run Behavior\ParseTemplateBehavior [ RunTime:0.006000s ]
INFO: [ view_parse ] --END-- [ RunTime:0.006000s ]
INFO: [ view_filter ] --START--
INFO: Run Behavior\WriteHtmlCacheBehavior [ RunTime:0.000000s ]
INFO: [ view_filter ] --END-- [ RunTime:0.001000s ]
INFO: [ app_end ] --START--
INFO: Run Behavior\ShowPageTraceBehavior [ RunTime:0.000000s ]
INFO: [ app_end ] --END-- [ RunTime:0.000000s ]

[ 2017-07-10T20:16:23+08:00 ] ::1 /news1/index.php/Category/index/id/4
INFO: [ app_init ] --START--
INFO: Run Behavior\BuildLiteBehavior [ RunTime:0.000000s ]
INFO: [ app_init ] --END-- [ RunTime:0.000000s ]
INFO: [ app_begin ] --START--
INFO: Run Behavior\ReadHtmlCacheBehavior [ RunTime:0.001000s ]
INFO: [ app_begin ] --END-- [ RunTime:0.001000s ]
SQL: SELECT * FROM `category` WHERE ( id=4 ) LIMIT 1   [ RunTime:0.0010s ]
SQL: SELECT * FROM `article` WHERE ( cate_id=4 )  [ RunTime:0.0000s ]
INFO: [ view_parse ] --START--
INFO: [ template_filter ] --START--
INFO: Run Behavior\ContentReplaceBehavior [ RunTime:0.000000s ]
INFO: [ template_filter ] --END-- [ RunTime:0.000000s ]
NOTIC: [8] Undefined variable: cookie D:\www\news1\application\Runtime\Cache\Home\56ece5756b1d63f72922b36f9e05a4d6.php 第 32 行.
NOTIC: [8] Undefined variable: topRow D:\www\news1\application\Runtime\Cache\Home\56ece5756b1d63f72922b36f9e05a4d6.php 第 56 行.
NOTIC: [8] Undefined index: fielpath D:\www\news1\application\Runtime\Cache\Home\56ece5756b1d63f72922b36f9e05a4d6.php 第 64 行.
NOTIC: [8] Undefined index: fielpath D:\www\news1\application\Runtime\Cache\Home\56ece5756b1d63f72922b36f9e05a4d6.php 第 64 行.
NOTIC: [8] Undefined index: fielpath D:\www\news1\application\Runtime\Cache\Home\56ece5756b1d63f72922b36f9e05a4d6.php 第 64 行.
NOTIC: [8] Undefined index: fielpath D:\www\news1\application\Runtime\Cache\Home\56ece5756b1d63f72922b36f9e05a4d6.php 第 64 行.
NOTIC: [8] Undefined variable: IP D:\www\news1\application\Runtime\Cache\Home\56ece5756b1d63f72922b36f9e05a4d6.php 第 92 行.
INFO: Run Behavior\ParseTemplateBehavior [ RunTime:0.006000s ]
INFO: [ view_parse ] --END-- [ RunTime:0.006000s ]
INFO: [ view_filter ] --START--
INFO: Run Behavior\WriteHtmlCacheBehavior [ RunTime:0.000000s ]
INFO: [ view_filter ] --END-- [ RunTime:0.000000s ]
INFO: [ app_end ] --START--
INFO: Run Behavior\ShowPageTraceBehavior [ RunTime:0.000000s ]
INFO: [ app_end ] --END-- [ RunTime:0.000000s ]

[ 2017-07-10T20:27:46+08:00 ] ::1 /news1/index.php/Category/index/id/4
INFO: [ app_init ] --START--
INFO: Run Behavior\BuildLiteBehavior [ RunTime:0.000000s ]
INFO: [ app_init ] --END-- [ RunTime:0.001000s ]
INFO: [ app_begin ] --START--
INFO: Run Behavior\ReadHtmlCacheBehavior [ RunTime:0.001000s ]
INFO: [ app_begin ] --END-- [ RunTime:0.001000s ]
SQL: SELECT * FROM `category` WHERE ( id=4 ) LIMIT 1   [ RunTime:0.0000s ]
SQL: SELECT * FROM `article` WHERE ( cate_id=4 )  [ RunTime:0.0000s ]
INFO: [ view_parse ] --START--
INFO: [ template_filter ] --START--
INFO: Run Behavior\ContentReplaceBehavior [ RunTime:0.000000s ]
INFO: [ template_filter ] --END-- [ RunTime:0.000000s ]
NOTIC: [8] Undefined variable: cookie D:\www\news1\application\Runtime\Cache\Home\56ece5756b1d63f72922b36f9e05a4d6.php 第 32 行.
NOTIC: [8] Undefined variable: topRow D:\www\news1\application\Runtime\Cache\Home\56ece5756b1d63f72922b36f9e05a4d6.php 第 56 行.
NOTIC: [8] Undefined index: fielpath D:\www\news1\application\Runtime\Cache\Home\56ece5756b1d63f72922b36f9e05a4d6.php 第 64 行.
NOTIC: [8] Undefined index: fielpath D:\www\news1\application\Runtime\Cache\Home\56ece5756b1d63f72922b36f9e05a4d6.php 第 64 行.
NOTIC: [8] Undefined index: fielpath D:\www\news1\application\Runtime\Cache\Home\56ece5756b1d63f72922b36f9e05a4d6.php 第 64 行.
NOTIC: [8] Undefined index: fielpath D:\www\news1\application\Runtime\Cache\Home\56ece5756b1d63f72922b36f9e05a4d6.php 第 64 行.
NOTIC: [8] Undefined variable: IP D:\www\news1\application\Runtime\Cache\Home\56ece5756b1d63f72922b36f9e05a4d6.php 第 92 行.
INFO: Run Behavior\ParseTemplateBehavior [ RunTime:0.008000s ]
INFO: [ view_parse ] --END-- [ RunTime:0.008000s ]
INFO: [ view_filter ] --START--
INFO: Run Behavior\WriteHtmlCacheBehavior [ RunTime:0.000000s ]
INFO: [ view_filter ] --END-- [ RunTime:0.000000s ]
INFO: [ app_end ] --START--
INFO: Run Behavior\ShowPageTraceBehavior [ RunTime:0.001000s ]
INFO: [ app_end ] --END-- [ RunTime:0.001000s ]

[ 2017-07-10T20:36:54+08:00 ] ::1 /news1/index.php
INFO: [ app_init ] --START--
INFO: Run Behavior\BuildLiteBehavior [ RunTime:0.000000s ]
INFO: [ app_init ] --END-- [ RunTime:0.001000s ]
INFO: [ app_begin ] --START--
INFO: Run Behavior\ReadHtmlCacheBehavior [ RunTime:0.001000s ]
INFO: [ app_begin ] --END-- [ RunTime:0.001000s ]
SQL: SELECT * FROM `category` WHERE ( parent_id=0 )  [ RunTime:0.0000s ]
SQL: SELECT * FROM `article` WHERE ( cate_id=4  and is_checked=1 ) ORDER BY id desc  [ RunTime:0.0000s ]
SQL: SELECT * FROM `article` WHERE ( cate_id=5  and is_checked=1 ) ORDER BY id desc  [ RunTime:0.0000s ]
SQL: SELECT * FROM `article` WHERE ( cate_id=7  and is_checked=1 ) ORDER BY id desc  [ RunTime:0.0010s ]
SQL: SELECT * FROM `article` WHERE ( cate_id=6  and is_checked=1 ) ORDER BY id desc  [ RunTime:0.0000s ]
SQL: SELECT * FROM `article` WHERE ( is_checked=1 ) ORDER BY click_num desc LIMIT 0,10   [ RunTime:0.0010s ]
SQL: SELECT * FROM `article` WHERE ( is_checked=1 ) ORDER BY cmt_num desc LIMIT 0,10   [ RunTime:0.0000s ]
SQL: SELECT * FROM `article` WHERE ( cate_id=24 and is_checked=1 ) ORDER BY id desc LIMIT 0,8   [ RunTime:0.0000s ]
INFO: [ view_parse ] --START--
INFO: [ template_filter ] --START--
INFO: Run Behavior\ContentReplaceBehavior [ RunTime:0.000000s ]
INFO: [ template_filter ] --END-- [ RunTime:0.000000s ]
NOTIC: [8] Undefined variable: cookie D:\www\news1\application\Runtime\Cache\Home\0e9f9964b50249c273d1dbef3ee7dd51.php 第 52 行.
NOTIC: [8] Undefined variable: IP D:\www\news1\application\Runtime\Cache\Home\0e9f9964b50249c273d1dbef3ee7dd51.php 第 260 行.
INFO: Run Behavior\ParseTemplateBehavior [ RunTime:0.006000s ]
INFO: [ view_parse ] --END-- [ RunTime:0.006000s ]
INFO: [ view_filter ] --START--
INFO: Run Behavior\WriteHtmlCacheBehavior [ RunTime:0.000000s ]
INFO: [ view_filter ] --END-- [ RunTime:0.000000s ]
INFO: [ app_end ] --START--
INFO: Run Behavior\ShowPageTraceBehavior [ RunTime:0.001000s ]
INFO: [ app_end ] --END-- [ RunTime:0.001000s ]

[ 2017-07-10T20:37:01+08:00 ] ::1 /news1/index.php/Index/index
INFO: [ app_init ] --START--
INFO: Run Behavior\BuildLiteBehavior [ RunTime:0.000000s ]
INFO: [ app_init ] --END-- [ RunTime:0.000000s ]
INFO: [ app_begin ] --START--
INFO: Run Behavior\ReadHtmlCacheBehavior [ RunTime:0.001000s ]
INFO: [ app_begin ] --END-- [ RunTime:0.001000s ]
SQL: SELECT * FROM `category` WHERE ( parent_id=0 )  [ RunTime:0.0010s ]
SQL: SELECT * FROM `article` WHERE ( cate_id=4  and is_checked=1 ) ORDER BY id desc  [ RunTime:0.0010s ]
SQL: SELECT * FROM `article` WHERE ( cate_id=5  and is_checked=1 ) ORDER BY id desc  [ RunTime:0.0000s ]
SQL: SELECT * FROM `article` WHERE ( cate_id=7  and is_checked=1 ) ORDER BY id desc  [ RunTime:0.0010s ]
SQL: SELECT * FROM `article` WHERE ( cate_id=6  and is_checked=1 ) ORDER BY id desc  [ RunTime:0.0000s ]
SQL: SELECT * FROM `article` WHERE ( is_checked=1 ) ORDER BY click_num desc LIMIT 0,10   [ RunTime:0.0010s ]
SQL: SELECT * FROM `article` WHERE ( is_checked=1 ) ORDER BY cmt_num desc LIMIT 0,10   [ RunTime:0.0000s ]
SQL: SELECT * FROM `article` WHERE ( cate_id=24 and is_checked=1 ) ORDER BY id desc LIMIT 0,8   [ RunTime:0.0010s ]
INFO: [ view_parse ] --START--
INFO: [ template_filter ] --START--
INFO: Run Behavior\ContentReplaceBehavior [ RunTime:0.000000s ]
INFO: [ template_filter ] --END-- [ RunTime:0.000000s ]
NOTIC: [8] Undefined variable: cookie D:\www\news1\application\Runtime\Cache\Home\0e9f9964b50249c273d1dbef3ee7dd51.php 第 52 行.
NOTIC: [8] Undefined variable: IP D:\www\news1\application\Runtime\Cache\Home\0e9f9964b50249c273d1dbef3ee7dd51.php 第 260 行.
INFO: Run Behavior\ParseTemplateBehavior [ RunTime:0.011000s ]
INFO: [ view_parse ] --END-- [ RunTime:0.011000s ]
INFO: [ view_filter ] --START--
INFO: Run Behavior\WriteHtmlCacheBehavior [ RunTime:0.001000s ]
INFO: [ view_filter ] --END-- [ RunTime:0.001000s ]
INFO: [ app_end ] --START--
INFO: Run Behavior\ShowPageTraceBehavior [ RunTime:0.001000s ]
INFO: [ app_end ] --END-- [ RunTime:0.001000s ]

[ 2017-07-10T20:37:01+08:00 ] ::1 /news1/index.php/Index/common/photoview/U11594P1DT20150226092629.jpg
INFO: [ app_init ] --START--
INFO: Run Behavior\BuildLiteBehavior [ RunTime:0.000000s ]
INFO: [ app_init ] --END-- [ RunTime:0.001000s ]

[ 2017-07-10T20:37:10+08:00 ] ::1 /news1/index.php/Categroy/index/id/24
INFO: [ app_init ] --START--
INFO: Run Behavior\BuildLiteBehavior [ RunTime:0.000000s ]
INFO: [ app_init ] --END-- [ RunTime:0.000000s ]
INFO: [ app_begin ] --START--
INFO: Run Behavior\ReadHtmlCacheBehavior [ RunTime:0.001000s ]
INFO: [ app_begin ] --END-- [ RunTime:0.001000s ]
ERR: 无法加载控制器:Categroy

[ 2017-07-10T20:40:51+08:00 ] ::1 /news1/index.php
INFO: [ app_init ] --START--
INFO: Run Behavior\BuildLiteBehavior [ RunTime:0.000000s ]
INFO: [ app_init ] --END-- [ RunTime:0.001000s ]
INFO: [ app_begin ] --START--
INFO: Run Behavior\ReadHtmlCacheBehavior [ RunTime:0.001000s ]
INFO: [ app_begin ] --END-- [ RunTime:0.001000s ]
SQL: SELECT * FROM `category` WHERE ( parent_id=0 )  [ RunTime:0.0010s ]
SQL: SELECT * FROM `article` WHERE ( cate_id=4  and is_checked=1 ) ORDER BY id desc  [ RunTime:0.0010s ]
SQL: SELECT * FROM `article` WHERE ( cate_id=5  and is_checked=1 ) ORDER BY id desc  [ RunTime:0.0000s ]
SQL: SELECT * FROM `article` WHERE ( cate_id=7  and is_checked=1 ) ORDER BY id desc  [ RunTime:0.0000s ]
SQL: SELECT * FROM `article` WHERE ( cate_id=6  and is_checked=1 ) ORDER BY id desc  [ RunTime:0.0000s ]
SQL: SELECT * FROM `article` WHERE ( is_checked=1 ) ORDER BY click_num desc LIMIT 0,10   [ RunTime:0.0010s ]
SQL: SELECT * FROM `article` WHERE ( is_checked=1 ) ORDER BY cmt_num desc LIMIT 0,10   [ RunTime:0.0000s ]
SQL: SELECT * FROM `article` WHERE ( cate_id=24 and is_checked=1 ) ORDER BY id desc LIMIT 0,8   [ RunTime:0.0010s ]
INFO: [ view_parse ] --START--
INFO: [ template_filter ] --START--
INFO: Run Behavior\ContentReplaceBehavior [ RunTime:0.001000s ]
INFO: [ template_filter ] --END-- [ RunTime:0.001000s ]
NOTIC: [8] Undefined variable: cookie D:\www\news1\application\Runtime\Cache\Home\0e9f9964b50249c273d1dbef3ee7dd51.php 第 52 行.
NOTIC: [8] Undefined variable: IP D:\www\news1\application\Runtime\Cache\Home\0e9f9964b50249c273d1dbef3ee7dd51.php 第 260 行.
INFO: Run Behavior\ParseTemplateBehavior [ RunTime:0.010000s ]
INFO: [ view_parse ] --END-- [ RunTime:0.010000s ]
INFO: [ view_filter ] --START--
INFO: Run Behavior\WriteHtmlCacheBehavior [ RunTime:0.000000s ]
INFO: [ view_filter ] --END-- [ RunTime:0.000000s ]
INFO: [ app_end ] --START--
INFO: Run Behavior\ShowPageTraceBehavior [ RunTime:0.001000s ]
INFO: [ app_end ] --END-- [ RunTime:0.001000s ]

[ 2017-07-10T20:40:57+08:00 ] ::1 /news1/index.php/Index/index
INFO: [ app_init ] --START--
INFO: Run Behavior\BuildLiteBehavior [ RunTime:0.000000s ]
INFO: [ app_init ] --END-- [ RunTime:0.000000s ]
INFO: [ app_begin ] --START--
INFO: Run Behavior\ReadHtmlCacheBehavior [ RunTime:0.000000s ]
INFO: [ app_begin ] --END-- [ RunTime:0.000000s ]
SQL: SELECT * FROM `category` WHERE ( parent_id=0 )  [ RunTime:0.0000s ]
SQL: SELECT * FROM `article` WHERE ( cate_id=4  and is_checked=1 ) ORDER BY id desc  [ RunTime:0.0010s ]
SQL: SELECT * FROM `article` WHERE ( cate_id=5  and is_checked=1 ) ORDER BY id desc  [ RunTime:0.0000s ]
SQL: SELECT * FROM `article` WHERE ( cate_id=7  and is_checked=1 ) ORDER BY id desc  [ RunTime:0.0000s ]
SQL: SELECT * FROM `article` WHERE ( cate_id=6  and is_checked=1 ) ORDER BY id desc  [ RunTime:0.0000s ]
SQL: SELECT * FROM `article` WHERE ( is_checked=1 ) ORDER BY click_num desc LIMIT 0,10   [ RunTime:0.0000s ]
SQL: SELECT * FROM `article` WHERE ( is_checked=1 ) ORDER BY cmt_num desc LIMIT 0,10   [ RunTime:0.0000s ]
SQL: SELECT * FROM `article` WHERE ( cate_id=24 and is_checked=1 ) ORDER BY id desc LIMIT 0,8   [ RunTime:0.0000s ]
INFO: [ view_parse ] --START--
INFO: [ template_filter ] --START--
INFO: Run Behavior\ContentReplaceBehavior [ RunTime:0.000000s ]
INFO: [ template_filter ] --END-- [ RunTime:0.000000s ]
NOTIC: [8] Undefined variable: cookie D:\www\news1\application\Runtime\Cache\Home\0e9f9964b50249c273d1dbef3ee7dd51.php 第 52 行.
NOTIC: [8] Undefined variable: IP D:\www\news1\application\Runtime\Cache\Home\0e9f9964b50249c273d1dbef3ee7dd51.php 第 260 行.
INFO: Run Behavior\ParseTemplateBehavior [ RunTime:0.007000s ]
INFO: [ view_parse ] --END-- [ RunTime:0.007000s ]
INFO: [ view_filter ] --START--
INFO: Run Behavior\WriteHtmlCacheBehavior [ RunTime:0.001000s ]
INFO: [ view_filter ] --END-- [ RunTime:0.001000s ]
INFO: [ app_end ] --START--
INFO: Run Behavior\ShowPageTraceBehavior [ RunTime:0.001000s ]
INFO: [ app_end ] --END-- [ RunTime:0.001000s ]

[ 2017-07-10T20:40:57+08:00 ] ::1 /news1/index.php/Index/common/photoview/U11594P1DT20150226092629.jpg
INFO: [ app_init ] --START--
INFO: Run Behavior\BuildLiteBehavior [ RunTime:0.000000s ]
INFO: [ app_init ] --END-- [ RunTime:0.001000s ]

[ 2017-07-10T20:41:00+08:00 ] ::1 /news1/index.php/Category/index/id/4
INFO: [ app_init ] --START--
INFO: Run Behavior\BuildLiteBehavior [ RunTime:0.000000s ]
INFO: [ app_init ] --END-- [ RunTime:0.000000s ]
INFO: [ app_begin ] --START--
INFO: Run Behavior\ReadHtmlCacheBehavior [ RunTime:0.001000s ]
INFO: [ app_begin ] --END-- [ RunTime:0.001000s ]
SQL: SELECT * FROM `category` WHERE ( id=4 ) LIMIT 1   [ RunTime:0.0010s ]
SQL: SELECT * FROM `article` WHERE ( cate_id=4 )  [ RunTime:0.0000s ]
INFO: [ view_parse ] --START--
INFO: [ template_filter ] --START--
INFO: Run Behavior\ContentReplaceBehavior [ RunTime:0.000000s ]
INFO: [ template_filter ] --END-- [ RunTime:0.000000s ]
NOTIC: [8] Undefined variable: cookie D:\www\news1\application\Runtime\Cache\Home\56ece5756b1d63f72922b36f9e05a4d6.php 第 32 行.
NOTIC: [8] Undefined variable: topRow D:\www\news1\application\Runtime\Cache\Home\56ece5756b1d63f72922b36f9e05a4d6.php 第 56 行.
NOTIC: [8] Undefined index: fielpath D:\www\news1\application\Runtime\Cache\Home\56ece5756b1d63f72922b36f9e05a4d6.php 第 64 行.
NOTIC: [8] Undefined index: fielpath D:\www\news1\application\Runtime\Cache\Home\56ece5756b1d63f72922b36f9e05a4d6.php 第 64 行.
NOTIC: [8] Undefined index: fielpath D:\www\news1\application\Runtime\Cache\Home\56ece5756b1d63f72922b36f9e05a4d6.php 第 64 行.
NOTIC: [8] Undefined index: fielpath D:\www\news1\application\Runtime\Cache\Home\56ece5756b1d63f72922b36f9e05a4d6.php 第 64 行.
NOTIC: [8] Undefined index: fielpath D:\www\news1\application\Runtime\Cache\Home\56ece5756b1d63f72922b36f9e05a4d6.php 第 64 行.
NOTIC: [8] Undefined variable: IP D:\www\news1\application\Runtime\Cache\Home\56ece5756b1d63f72922b36f9e05a4d6.php 第 92 行.
INFO: Run Behavior\ParseTemplateBehavior [ RunTime:0.005000s ]
INFO: [ view_parse ] --END-- [ RunTime:0.005000s ]
INFO: [ view_filter ] --START--
INFO: Run Behavior\WriteHtmlCacheBehavior [ RunTime:0.001000s ]
INFO: [ view_filter ] --END-- [ RunTime:0.001000s ]
INFO: [ app_end ] --START--
INFO: Run Behavior\ShowPageTraceBehavior [ RunTime:0.000000s ]
INFO: [ app_end ] --END-- [ RunTime:0.000000s ]

