[ 2017-07-03T12:37:39+08:00 ] ::1 /news/index.php
INFO: [ app_init ] --START--
INFO: Run Behavior\BuildLiteBehavior [ RunTime:0.000000s ]
INFO: [ app_init ] --END-- [ RunTime:0.001000s ]
INFO: [ app_begin ] --START--
INFO: Run Behavior\ReadHtmlCacheBehavior [ RunTime:0.000000s ]
INFO: [ app_begin ] --END-- [ RunTime:0.000000s ]
SQL: SELECT * FROM `category`  [ RunTime:0.0570s ]
SQL: SELECT * FROM `article` WHERE ( cate_id=4  and is_checked=1 )  [ RunTime:0.0020s ]
SQL: SELECT * FROM `article` WHERE ( cate_id=5  and is_checked=1 )  [ RunTime:0.0010s ]
SQL: SELECT * FROM `article` WHERE ( cate_id=6  and is_checked=1 )  [ RunTime:0.0000s ]
SQL: SELECT * FROM `article` WHERE ( cate_id=7  and is_checked=1 )  [ RunTime:0.0010s ]
ERR: 1054:Unknown column 'click' in 'order clause'
 [ SQL语句 ] : SELECT * FROM `article` WHERE ( is_checked=1 ) ORDER BY click desc LIMIT 0,10  
ERR: 1054:Unknown column 'click' in 'order clause'
 [ SQL语句 ] : SELECT * FROM `article` WHERE ( is_checked=1 ) ORDER BY click desc LIMIT 0,10  

[ 2017-07-03T12:40:03+08:00 ] ::1 /news/index.php
INFO: [ app_init ] --START--
INFO: Run Behavior\BuildLiteBehavior [ RunTime:0.000000s ]
INFO: [ app_init ] --END-- [ RunTime:0.000000s ]
INFO: [ app_begin ] --START--
INFO: Run Behavior\ReadHtmlCacheBehavior [ RunTime:0.001000s ]
INFO: [ app_begin ] --END-- [ RunTime:0.001000s ]
SQL: SELECT * FROM `category`  [ RunTime:0.0010s ]
SQL: SELECT * FROM `article` WHERE ( cate_id=4  and is_checked=1 )  [ RunTime:0.0010s ]
SQL: SELECT * FROM `article` WHERE ( cate_id=5  and is_checked=1 )  [ RunTime:0.0000s ]
SQL: SELECT * FROM `article` WHERE ( cate_id=6  and is_checked=1 )  [ RunTime:0.0010s ]
SQL: SELECT * FROM `article` WHERE ( cate_id=7  and is_checked=1 )  [ RunTime:0.0000s ]
SQL: SELECT * FROM `article` WHERE ( is_checked=1 ) ORDER BY click_num desc LIMIT 0,10   [ RunTime:0.0000s ]
SQL: SELECT * FROM `article` WHERE ( is_checked=1 ) ORDER BY cmt_num desc LIMIT 0,10   [ RunTime:0.0000s ]
INFO: [ view_parse ] --START--
INFO: [ template_filter ] --START--
INFO: Run Behavior\ContentReplaceBehavior [ RunTime:0.054000s ]
INFO: [ template_filter ] --END-- [ RunTime:0.054000s ]
NOTIC: [8] Undefined variable: cookie D:\www\news\application\Runtime\Cache\Home\0e9f9964b50249c273d1dbef3ee7dd51.php 第 35 行.
NOTIC: [8] Undefined variable: IP D:\www\news\application\Runtime\Cache\Home\0e9f9964b50249c273d1dbef3ee7dd51.php 第 231 行.
INFO: Run Behavior\ParseTemplateBehavior [ RunTime:0.063000s ]
INFO: [ view_parse ] --END-- [ RunTime:0.063000s ]
INFO: [ view_filter ] --START--
INFO: Run Behavior\WriteHtmlCacheBehavior [ RunTime:0.001000s ]
INFO: [ view_filter ] --END-- [ RunTime:0.001000s ]
INFO: [ app_end ] --START--
INFO: Run Behavior\ShowPageTraceBehavior [ RunTime:0.002000s ]
INFO: [ app_end ] --END-- [ RunTime:0.002000s ]

