[ 2017-07-01T20:33:03+08:00 ] ::1 /news/index.php
INFO: [ app_init ] --START--
INFO: Run Behavior\BuildLiteBehavior [ RunTime:0.000011s ]
INFO: [ app_init ] --END-- [ RunTime:0.026795s ]
INFO: [ app_begin ] --START--
INFO: Run Behavior\ReadHtmlCacheBehavior [ RunTime:0.008408s ]
INFO: [ app_begin ] --END-- [ RunTime:0.008452s ]
INFO: [ view_parse ] --START--
INFO: [ template_filter ] --START--
INFO: Run Behavior\ContentReplaceBehavior [ RunTime:0.000061s ]
INFO: [ template_filter ] --END-- [ RunTime:0.000095s ]
ERR: syntax error, unexpected '}', expecting end of file

[ 2017-07-01T20:35:12+08:00 ] ::1 /news/index.php
INFO: [ app_init ] --START--
INFO: Run Behavior\BuildLiteBehavior [ RunTime:0.000008s ]
INFO: [ app_init ] --END-- [ RunTime:0.000584s ]
INFO: [ app_begin ] --START--
INFO: Run Behavior\ReadHtmlCacheBehavior [ RunTime:0.000780s ]
INFO: [ app_begin ] --END-- [ RunTime:0.000816s ]
INFO: [ view_parse ] --START--
INFO: [ template_filter ] --START--
INFO: Run Behavior\ContentReplaceBehavior [ RunTime:0.000025s ]
INFO: [ template_filter ] --END-- [ RunTime:0.000057s ]
NOTIC: [8] Undefined variable: cookie F:\www\news\application\Runtime\Cache\Home\0e9f9964b50249c273d1dbef3ee7dd51.php 第 34 行.
INFO: Run Behavior\ParseTemplateBehavior [ RunTime:0.008830s ]
INFO: [ view_parse ] --END-- [ RunTime:0.008867s ]
INFO: [ view_filter ] --START--
INFO: Run Behavior\WriteHtmlCacheBehavior [ RunTime:0.027187s ]
INFO: [ view_filter ] --END-- [ RunTime:0.027221s ]
INFO: [ app_end ] --START--
INFO: Run Behavior\ShowPageTraceBehavior [ RunTime:0.017452s ]
INFO: [ app_end ] --END-- [ RunTime:0.017481s ]

[ 2017-07-01T20:36:04+08:00 ] ::1 /news/index.php
INFO: [ app_init ] --START--
INFO: Run Behavior\BuildLiteBehavior [ RunTime:0.000007s ]
INFO: [ app_init ] --END-- [ RunTime:0.000474s ]
INFO: [ app_begin ] --START--
INFO: Run Behavior\ReadHtmlCacheBehavior [ RunTime:0.001182s ]
INFO: [ app_begin ] --END-- [ RunTime:0.001280s ]
INFO: [ view_parse ] --START--
INFO: [ template_filter ] --START--
INFO: Run Behavior\ContentReplaceBehavior [ RunTime:0.000023s ]
INFO: [ template_filter ] --END-- [ RunTime:0.000052s ]
NOTIC: [8] Undefined variable: cookie F:\www\news\application\Runtime\Cache\Home\0e9f9964b50249c273d1dbef3ee7dd51.php 第 34 行.
INFO: Run Behavior\ParseTemplateBehavior [ RunTime:0.006329s ]
INFO: [ view_parse ] --END-- [ RunTime:0.006366s ]
INFO: [ view_filter ] --START--
INFO: Run Behavior\WriteHtmlCacheBehavior [ RunTime:0.000834s ]
INFO: [ view_filter ] --END-- [ RunTime:0.000862s ]
INFO: [ app_end ] --START--
INFO: Run Behavior\ShowPageTraceBehavior [ RunTime:0.001049s ]
INFO: [ app_end ] --END-- [ RunTime:0.001078s ]

[ 2017-07-01T20:38:35+08:00 ] ::1 /news/index.php
INFO: [ app_init ] --START--
INFO: Run Behavior\BuildLiteBehavior [ RunTime:0.000009s ]
INFO: [ app_init ] --END-- [ RunTime:0.000620s ]
INFO: [ app_begin ] --START--
INFO: Run Behavior\ReadHtmlCacheBehavior [ RunTime:0.000703s ]
INFO: [ app_begin ] --END-- [ RunTime:0.000734s ]
INFO: [ view_parse ] --START--
INFO: [ template_filter ] --START--
INFO: Run Behavior\ContentReplaceBehavior [ RunTime:0.000031s ]
INFO: [ template_filter ] --END-- [ RunTime:0.000069s ]
NOTIC: [8] Undefined variable: cookie F:\www\news\application\Runtime\Cache\Home\0e9f9964b50249c273d1dbef3ee7dd51.php 第 34 行.
NOTIC: [8] Undefined variable: IP F:\www\news\application\Runtime\Cache\Home\0e9f9964b50249c273d1dbef3ee7dd51.php 第 89 行.
INFO: Run Behavior\ParseTemplateBehavior [ RunTime:0.005649s ]
INFO: [ view_parse ] --END-- [ RunTime:0.005679s ]
INFO: [ view_filter ] --START--
INFO: Run Behavior\WriteHtmlCacheBehavior [ RunTime:0.001268s ]
INFO: [ view_filter ] --END-- [ RunTime:0.001321s ]
INFO: [ app_end ] --START--
INFO: Run Behavior\ShowPageTraceBehavior [ RunTime:0.001366s ]
INFO: [ app_end ] --END-- [ RunTime:0.001414s ]

[ 2017-07-01T20:49:41+08:00 ] ::1 /news/index.php
INFO: [ app_init ] --START--
INFO: Run Behavior\BuildLiteBehavior [ RunTime:0.000008s ]
INFO: [ app_init ] --END-- [ RunTime:0.000583s ]
INFO: [ app_begin ] --START--
INFO: Run Behavior\ReadHtmlCacheBehavior [ RunTime:0.000803s ]
INFO: [ app_begin ] --END-- [ RunTime:0.000837s ]
INFO: [ view_parse ] --START--
INFO: [ template_filter ] --START--
INFO: Run Behavior\ContentReplaceBehavior [ RunTime:0.000032s ]
INFO: [ template_filter ] --END-- [ RunTime:0.000061s ]
NOTIC: [8] Undefined variable: cookie F:\www\news\application\Runtime\Cache\Home\0e9f9964b50249c273d1dbef3ee7dd51.php 第 34 行.
NOTIC: [8] Undefined variable: IP F:\www\news\application\Runtime\Cache\Home\0e9f9964b50249c273d1dbef3ee7dd51.php 第 89 行.
INFO: Run Behavior\ParseTemplateBehavior [ RunTime:0.006179s ]
INFO: [ view_parse ] --END-- [ RunTime:0.006214s ]
INFO: [ view_filter ] --START--
INFO: Run Behavior\WriteHtmlCacheBehavior [ RunTime:0.000592s ]
INFO: [ view_filter ] --END-- [ RunTime:0.000614s ]
INFO: [ app_end ] --START--
INFO: Run Behavior\ShowPageTraceBehavior [ RunTime:0.000715s ]
INFO: [ app_end ] --END-- [ RunTime:0.000739s ]

[ 2017-07-01T20:49:42+08:00 ] ::1 /news/index.php
INFO: [ app_init ] --START--
INFO: Run Behavior\BuildLiteBehavior [ RunTime:0.000007s ]
INFO: [ app_init ] --END-- [ RunTime:0.000540s ]
INFO: [ app_begin ] --START--
INFO: Run Behavior\ReadHtmlCacheBehavior [ RunTime:0.000591s ]
INFO: [ app_begin ] --END-- [ RunTime:0.000619s ]
INFO: [ view_parse ] --START--
INFO: [ template_filter ] --START--
INFO: Run Behavior\ContentReplaceBehavior [ RunTime:0.000028s ]
INFO: [ template_filter ] --END-- [ RunTime:0.000059s ]
NOTIC: [8] Undefined variable: cookie F:\www\news\application\Runtime\Cache\Home\0e9f9964b50249c273d1dbef3ee7dd51.php 第 34 行.
NOTIC: [8] Undefined variable: IP F:\www\news\application\Runtime\Cache\Home\0e9f9964b50249c273d1dbef3ee7dd51.php 第 89 行.
INFO: Run Behavior\ParseTemplateBehavior [ RunTime:0.006360s ]
INFO: [ view_parse ] --END-- [ RunTime:0.006385s ]
INFO: [ view_filter ] --START--
INFO: Run Behavior\WriteHtmlCacheBehavior [ RunTime:0.000471s ]
INFO: [ view_filter ] --END-- [ RunTime:0.000496s ]
INFO: [ app_end ] --START--
INFO: Run Behavior\ShowPageTraceBehavior [ RunTime:0.000628s ]
INFO: [ app_end ] --END-- [ RunTime:0.000652s ]

[ 2017-07-01T20:49:42+08:00 ] ::1 /news/index.php
INFO: [ app_init ] --START--
INFO: Run Behavior\BuildLiteBehavior [ RunTime:0.000009s ]
INFO: [ app_init ] --END-- [ RunTime:0.000527s ]
INFO: [ app_begin ] --START--
INFO: Run Behavior\ReadHtmlCacheBehavior [ RunTime:0.000606s ]
INFO: [ app_begin ] --END-- [ RunTime:0.000654s ]
INFO: [ view_parse ] --START--
INFO: [ template_filter ] --START--
INFO: Run Behavior\ContentReplaceBehavior [ RunTime:0.000032s ]
INFO: [ template_filter ] --END-- [ RunTime:0.000067s ]
NOTIC: [8] Undefined variable: cookie F:\www\news\application\Runtime\Cache\Home\0e9f9964b50249c273d1dbef3ee7dd51.php 第 34 行.
NOTIC: [8] Undefined variable: IP F:\www\news\application\Runtime\Cache\Home\0e9f9964b50249c273d1dbef3ee7dd51.php 第 89 行.
INFO: Run Behavior\ParseTemplateBehavior [ RunTime:0.005180s ]
INFO: [ view_parse ] --END-- [ RunTime:0.005206s ]
INFO: [ view_filter ] --START--
INFO: Run Behavior\WriteHtmlCacheBehavior [ RunTime:0.000484s ]
INFO: [ view_filter ] --END-- [ RunTime:0.000507s ]
INFO: [ app_end ] --START--
INFO: Run Behavior\ShowPageTraceBehavior [ RunTime:0.000594s ]
INFO: [ app_end ] --END-- [ RunTime:0.000618s ]

[ 2017-07-01T20:49:42+08:00 ] ::1 /news/index.php
INFO: [ app_init ] --START--
INFO: Run Behavior\BuildLiteBehavior [ RunTime:0.000007s ]
INFO: [ app_init ] --END-- [ RunTime:0.000545s ]
INFO: [ app_begin ] --START--
INFO: Run Behavior\ReadHtmlCacheBehavior [ RunTime:0.000596s ]
INFO: [ app_begin ] --END-- [ RunTime:0.000624s ]
INFO: [ view_parse ] --START--
INFO: [ template_filter ] --START--
INFO: Run Behavior\ContentReplaceBehavior [ RunTime:0.000036s ]
INFO: [ template_filter ] --END-- [ RunTime:0.000087s ]
NOTIC: [8] Undefined variable: cookie F:\www\news\application\Runtime\Cache\Home\0e9f9964b50249c273d1dbef3ee7dd51.php 第 34 行.
NOTIC: [8] Undefined variable: IP F:\www\news\application\Runtime\Cache\Home\0e9f9964b50249c273d1dbef3ee7dd51.php 第 89 行.
INFO: Run Behavior\ParseTemplateBehavior [ RunTime:0.006125s ]
INFO: [ view_parse ] --END-- [ RunTime:0.006161s ]
INFO: [ view_filter ] --START--
INFO: Run Behavior\WriteHtmlCacheBehavior [ RunTime:0.000586s ]
INFO: [ view_filter ] --END-- [ RunTime:0.000614s ]
INFO: [ app_end ] --START--
INFO: Run Behavior\ShowPageTraceBehavior [ RunTime:0.000618s ]
INFO: [ app_end ] --END-- [ RunTime:0.000641s ]

[ 2017-07-01T20:49:43+08:00 ] ::1 /news/index.php
INFO: [ app_init ] --START--
INFO: Run Behavior\BuildLiteBehavior [ RunTime:0.000007s ]
INFO: [ app_init ] --END-- [ RunTime:0.000531s ]
INFO: [ app_begin ] --START--
INFO: Run Behavior\ReadHtmlCacheBehavior [ RunTime:0.000598s ]
INFO: [ app_begin ] --END-- [ RunTime:0.000628s ]
INFO: [ view_parse ] --START--
INFO: [ template_filter ] --START--
INFO: Run Behavior\ContentReplaceBehavior [ RunTime:0.000040s ]
INFO: [ template_filter ] --END-- [ RunTime:0.000095s ]
NOTIC: [8] Undefined variable: cookie F:\www\news\application\Runtime\Cache\Home\0e9f9964b50249c273d1dbef3ee7dd51.php 第 34 行.
NOTIC: [8] Undefined variable: IP F:\www\news\application\Runtime\Cache\Home\0e9f9964b50249c273d1dbef3ee7dd51.php 第 89 行.
INFO: Run Behavior\ParseTemplateBehavior [ RunTime:0.012987s ]
INFO: [ view_parse ] --END-- [ RunTime:0.013014s ]
INFO: [ view_filter ] --START--
INFO: Run Behavior\WriteHtmlCacheBehavior [ RunTime:0.000503s ]
INFO: [ view_filter ] --END-- [ RunTime:0.000525s ]
INFO: [ app_end ] --START--
INFO: Run Behavior\ShowPageTraceBehavior [ RunTime:0.000610s ]
INFO: [ app_end ] --END-- [ RunTime:0.000633s ]

[ 2017-07-01T20:49:43+08:00 ] ::1 /news/index.php
INFO: [ app_init ] --START--
INFO: Run Behavior\BuildLiteBehavior [ RunTime:0.000007s ]
INFO: [ app_init ] --END-- [ RunTime:0.000533s ]
INFO: [ app_begin ] --START--
INFO: Run Behavior\ReadHtmlCacheBehavior [ RunTime:0.000636s ]
INFO: [ app_begin ] --END-- [ RunTime:0.000665s ]
INFO: [ view_parse ] --START--
INFO: [ template_filter ] --START--
INFO: Run Behavior\ContentReplaceBehavior [ RunTime:0.000027s ]
INFO: [ template_filter ] --END-- [ RunTime:0.000079s ]
NOTIC: [8] Undefined variable: cookie F:\www\news\application\Runtime\Cache\Home\0e9f9964b50249c273d1dbef3ee7dd51.php 第 34 行.
NOTIC: [8] Undefined variable: IP F:\www\news\application\Runtime\Cache\Home\0e9f9964b50249c273d1dbef3ee7dd51.php 第 89 行.
INFO: Run Behavior\ParseTemplateBehavior [ RunTime:0.006318s ]
INFO: [ view_parse ] --END-- [ RunTime:0.006344s ]
INFO: [ view_filter ] --START--
INFO: Run Behavior\WriteHtmlCacheBehavior [ RunTime:0.000480s ]
INFO: [ view_filter ] --END-- [ RunTime:0.000502s ]
INFO: [ app_end ] --START--
INFO: Run Behavior\ShowPageTraceBehavior [ RunTime:0.000607s ]
INFO: [ app_end ] --END-- [ RunTime:0.000630s ]

[ 2017-07-01T20:49:43+08:00 ] ::1 /news/index.php
INFO: [ app_init ] --START--
INFO: Run Behavior\BuildLiteBehavior [ RunTime:0.000007s ]
INFO: [ app_init ] --END-- [ RunTime:0.000531s ]
INFO: [ app_begin ] --START--
INFO: Run Behavior\ReadHtmlCacheBehavior [ RunTime:0.000626s ]
INFO: [ app_begin ] --END-- [ RunTime:0.000658s ]
INFO: [ view_parse ] --START--
INFO: [ template_filter ] --START--
INFO: Run Behavior\ContentReplaceBehavior [ RunTime:0.000036s ]
INFO: [ template_filter ] --END-- [ RunTime:0.000088s ]
NOTIC: [8] Undefined variable: cookie F:\www\news\application\Runtime\Cache\Home\0e9f9964b50249c273d1dbef3ee7dd51.php 第 34 行.
NOTIC: [8] Undefined variable: IP F:\www\news\application\Runtime\Cache\Home\0e9f9964b50249c273d1dbef3ee7dd51.php 第 89 行.
INFO: Run Behavior\ParseTemplateBehavior [ RunTime:0.005912s ]
INFO: [ view_parse ] --END-- [ RunTime:0.005942s ]
INFO: [ view_filter ] --START--
INFO: Run Behavior\WriteHtmlCacheBehavior [ RunTime:0.000597s ]
INFO: [ view_filter ] --END-- [ RunTime:0.000638s ]
INFO: [ app_end ] --START--
INFO: Run Behavior\ShowPageTraceBehavior [ RunTime:0.000777s ]
INFO: [ app_end ] --END-- [ RunTime:0.000806s ]

[ 2017-07-01T21:07:18+08:00 ] ::1 /news/index.php
INFO: [ app_init ] --START--
INFO: Run Behavior\BuildLiteBehavior [ RunTime:0.000016s ]
INFO: [ app_init ] --END-- [ RunTime:0.001251s ]
INFO: [ app_begin ] --START--
INFO: Run Behavior\ReadHtmlCacheBehavior [ RunTime:0.000959s ]
INFO: [ app_begin ] --END-- [ RunTime:0.000995s ]
INFO: [ view_parse ] --START--
INFO: [ template_filter ] --START--
INFO: Run Behavior\ContentReplaceBehavior [ RunTime:0.000046s ]
INFO: [ template_filter ] --END-- [ RunTime:0.000081s ]
NOTIC: [8] Undefined variable: cookie F:\www\news\application\Runtime\Cache\Home\0e9f9964b50249c273d1dbef3ee7dd51.php 第 34 行.
NOTIC: [8] Undefined variable: IP F:\www\news\application\Runtime\Cache\Home\0e9f9964b50249c273d1dbef3ee7dd51.php 第 89 行.
INFO: Run Behavior\ParseTemplateBehavior [ RunTime:0.019232s ]
INFO: [ view_parse ] --END-- [ RunTime:0.019258s ]
INFO: [ view_filter ] --START--
INFO: Run Behavior\WriteHtmlCacheBehavior [ RunTime:0.000576s ]
INFO: [ view_filter ] --END-- [ RunTime:0.000599s ]
INFO: [ app_end ] --START--
INFO: Run Behavior\ShowPageTraceBehavior [ RunTime:0.000748s ]
INFO: [ app_end ] --END-- [ RunTime:0.000773s ]

[ 2017-07-01T21:13:46+08:00 ] ::1 /news/index.php
INFO: [ app_init ] --START--
INFO: Run Behavior\BuildLiteBehavior [ RunTime:0.000008s ]
INFO: [ app_init ] --END-- [ RunTime:0.000584s ]
INFO: [ app_begin ] --START--
INFO: Run Behavior\ReadHtmlCacheBehavior [ RunTime:0.000791s ]
INFO: [ app_begin ] --END-- [ RunTime:0.000835s ]
SQL: SHOW COLUMNS FROM `category` [ RunTime:0.0015s ]
SQL: SELECT * FROM `category`  [ RunTime:0.0042s ]
NOTIC: [8] Undefined variable: top F:\www\news\application\Home\Controller\IndexController.class.php 第 11 行.
INFO: [ view_parse ] --START--
INFO: [ template_filter ] --START--
INFO: Run Behavior\ContentReplaceBehavior [ RunTime:0.000029s ]
INFO: [ template_filter ] --END-- [ RunTime:0.000053s ]
NOTIC: [8] Undefined variable: cookie F:\www\news\application\Runtime\Cache\Home\0e9f9964b50249c273d1dbef3ee7dd51.php 第 34 行.
NOTIC: [8] Undefined variable: IP F:\www\news\application\Runtime\Cache\Home\0e9f9964b50249c273d1dbef3ee7dd51.php 第 90 行.
INFO: Run Behavior\ParseTemplateBehavior [ RunTime:0.006486s ]
INFO: [ view_parse ] --END-- [ RunTime:0.006528s ]
INFO: [ view_filter ] --START--
INFO: Run Behavior\WriteHtmlCacheBehavior [ RunTime:0.001027s ]
INFO: [ view_filter ] --END-- [ RunTime:0.001069s ]
INFO: [ app_end ] --START--
INFO: Run Behavior\ShowPageTraceBehavior [ RunTime:0.001139s ]
INFO: [ app_end ] --END-- [ RunTime:0.001188s ]

[ 2017-07-01T21:13:47+08:00 ] ::1 /news/index.php
INFO: [ app_init ] --START--
INFO: Run Behavior\BuildLiteBehavior [ RunTime:0.000009s ]
INFO: [ app_init ] --END-- [ RunTime:0.000609s ]
INFO: [ app_begin ] --START--
INFO: Run Behavior\ReadHtmlCacheBehavior [ RunTime:0.000606s ]
INFO: [ app_begin ] --END-- [ RunTime:0.000638s ]
SQL: SELECT * FROM `category`  [ RunTime:0.0010s ]
NOTIC: [8] Undefined variable: top F:\www\news\application\Home\Controller\IndexController.class.php 第 11 行.
INFO: [ view_parse ] --START--
INFO: [ template_filter ] --START--
INFO: Run Behavior\ContentReplaceBehavior [ RunTime:0.000027s ]
INFO: [ template_filter ] --END-- [ RunTime:0.000053s ]
NOTIC: [8] Undefined variable: cookie F:\www\news\application\Runtime\Cache\Home\0e9f9964b50249c273d1dbef3ee7dd51.php 第 34 行.
NOTIC: [8] Undefined variable: IP F:\www\news\application\Runtime\Cache\Home\0e9f9964b50249c273d1dbef3ee7dd51.php 第 90 行.
INFO: Run Behavior\ParseTemplateBehavior [ RunTime:0.005367s ]
INFO: [ view_parse ] --END-- [ RunTime:0.005390s ]
INFO: [ view_filter ] --START--
INFO: Run Behavior\WriteHtmlCacheBehavior [ RunTime:0.000414s ]
INFO: [ view_filter ] --END-- [ RunTime:0.000435s ]
INFO: [ app_end ] --START--
INFO: Run Behavior\ShowPageTraceBehavior [ RunTime:0.000611s ]
INFO: [ app_end ] --END-- [ RunTime:0.000634s ]

[ 2017-07-01T21:14:21+08:00 ] ::1 /news/index.php
INFO: [ app_init ] --START--
INFO: Run Behavior\BuildLiteBehavior [ RunTime:0.000010s ]
INFO: [ app_init ] --END-- [ RunTime:0.000586s ]
INFO: [ app_begin ] --START--
INFO: Run Behavior\ReadHtmlCacheBehavior [ RunTime:0.000590s ]
INFO: [ app_begin ] --END-- [ RunTime:0.000621s ]
SQL: SELECT * FROM `category`  [ RunTime:0.0011s ]
NOTIC: [8] Undefined variable: top F:\www\news\application\Home\Controller\IndexController.class.php 第 11 行.
INFO: [ view_parse ] --START--
INFO: [ template_filter ] --START--
INFO: Run Behavior\ContentReplaceBehavior [ RunTime:0.000033s ]
INFO: [ template_filter ] --END-- [ RunTime:0.000066s ]
NOTIC: [8] Undefined variable: cookie F:\www\news\application\Runtime\Cache\Home\0e9f9964b50249c273d1dbef3ee7dd51.php 第 35 行.
NOTIC: [8] Undefined variable: IP F:\www\news\application\Runtime\Cache\Home\0e9f9964b50249c273d1dbef3ee7dd51.php 第 92 行.
INFO: Run Behavior\ParseTemplateBehavior [ RunTime:0.005850s ]
INFO: [ view_parse ] --END-- [ RunTime:0.005884s ]
INFO: [ view_filter ] --START--
INFO: Run Behavior\WriteHtmlCacheBehavior [ RunTime:0.000910s ]
INFO: [ view_filter ] --END-- [ RunTime:0.000956s ]
INFO: [ app_end ] --START--
INFO: Run Behavior\ShowPageTraceBehavior [ RunTime:0.000923s ]
INFO: [ app_end ] --END-- [ RunTime:0.000969s ]

[ 2017-07-01T21:14:21+08:00 ] ::1 /news/index.php
INFO: [ app_init ] --START--
INFO: Run Behavior\BuildLiteBehavior [ RunTime:0.000009s ]
INFO: [ app_init ] --END-- [ RunTime:0.000613s ]
INFO: [ app_begin ] --START--
INFO: Run Behavior\ReadHtmlCacheBehavior [ RunTime:0.000582s ]
INFO: [ app_begin ] --END-- [ RunTime:0.000613s ]
SQL: SELECT * FROM `category`  [ RunTime:0.0009s ]
NOTIC: [8] Undefined variable: top F:\www\news\application\Home\Controller\IndexController.class.php 第 11 行.
INFO: [ view_parse ] --START--
INFO: [ template_filter ] --START--
INFO: Run Behavior\ContentReplaceBehavior [ RunTime:0.000029s ]
INFO: [ template_filter ] --END-- [ RunTime:0.000066s ]
NOTIC: [8] Undefined variable: cookie F:\www\news\application\Runtime\Cache\Home\0e9f9964b50249c273d1dbef3ee7dd51.php 第 35 行.
NOTIC: [8] Undefined variable: IP F:\www\news\application\Runtime\Cache\Home\0e9f9964b50249c273d1dbef3ee7dd51.php 第 92 行.
INFO: Run Behavior\ParseTemplateBehavior [ RunTime:0.006798s ]
INFO: [ view_parse ] --END-- [ RunTime:0.006820s ]
INFO: [ view_filter ] --START--
INFO: Run Behavior\WriteHtmlCacheBehavior [ RunTime:0.000511s ]
INFO: [ view_filter ] --END-- [ RunTime:0.000534s ]
INFO: [ app_end ] --START--
INFO: Run Behavior\ShowPageTraceBehavior [ RunTime:0.000632s ]
INFO: [ app_end ] --END-- [ RunTime:0.000657s ]

[ 2017-07-01T21:14:22+08:00 ] ::1 /news/index.php
INFO: [ app_init ] --START--
INFO: Run Behavior\BuildLiteBehavior [ RunTime:0.000013s ]
INFO: [ app_init ] --END-- [ RunTime:0.000770s ]
INFO: [ app_begin ] --START--
INFO: Run Behavior\ReadHtmlCacheBehavior [ RunTime:0.000604s ]
INFO: [ app_begin ] --END-- [ RunTime:0.000635s ]
SQL: SELECT * FROM `category`  [ RunTime:0.0009s ]
NOTIC: [8] Undefined variable: top F:\www\news\application\Home\Controller\IndexController.class.php 第 11 行.
INFO: [ view_parse ] --START--
INFO: [ template_filter ] --START--
INFO: Run Behavior\ContentReplaceBehavior [ RunTime:0.000038s ]
INFO: [ template_filter ] --END-- [ RunTime:0.000086s ]
NOTIC: [8] Undefined variable: cookie F:\www\news\application\Runtime\Cache\Home\0e9f9964b50249c273d1dbef3ee7dd51.php 第 35 行.
NOTIC: [8] Undefined variable: IP F:\www\news\application\Runtime\Cache\Home\0e9f9964b50249c273d1dbef3ee7dd51.php 第 92 行.
INFO: Run Behavior\ParseTemplateBehavior [ RunTime:0.006573s ]
INFO: [ view_parse ] --END-- [ RunTime:0.006596s ]
INFO: [ view_filter ] --START--
INFO: Run Behavior\WriteHtmlCacheBehavior [ RunTime:0.000608s ]
INFO: [ view_filter ] --END-- [ RunTime:0.000636s ]
INFO: [ app_end ] --START--
INFO: Run Behavior\ShowPageTraceBehavior [ RunTime:0.000727s ]
INFO: [ app_end ] --END-- [ RunTime:0.000760s ]

[ 2017-07-01T21:14:22+08:00 ] ::1 /news/index.php
INFO: [ app_init ] --START--
INFO: Run Behavior\BuildLiteBehavior [ RunTime:0.000012s ]
INFO: [ app_init ] --END-- [ RunTime:0.000575s ]
INFO: [ app_begin ] --START--
INFO: Run Behavior\ReadHtmlCacheBehavior [ RunTime:0.000600s ]
INFO: [ app_begin ] --END-- [ RunTime:0.000641s ]
SQL: SELECT * FROM `category`  [ RunTime:0.0009s ]
NOTIC: [8] Undefined variable: top F:\www\news\application\Home\Controller\IndexController.class.php 第 11 行.
INFO: [ view_parse ] --START--
INFO: [ template_filter ] --START--
INFO: Run Behavior\ContentReplaceBehavior [ RunTime:0.000028s ]
INFO: [ template_filter ] --END-- [ RunTime:0.000052s ]
NOTIC: [8] Undefined variable: cookie F:\www\news\application\Runtime\Cache\Home\0e9f9964b50249c273d1dbef3ee7dd51.php 第 35 行.
NOTIC: [8] Undefined variable: IP F:\www\news\application\Runtime\Cache\Home\0e9f9964b50249c273d1dbef3ee7dd51.php 第 92 行.
INFO: Run Behavior\ParseTemplateBehavior [ RunTime:0.005328s ]
INFO: [ view_parse ] --END-- [ RunTime:0.005351s ]
INFO: [ view_filter ] --START--
INFO: Run Behavior\WriteHtmlCacheBehavior [ RunTime:0.000471s ]
INFO: [ view_filter ] --END-- [ RunTime:0.000494s ]
INFO: [ app_end ] --START--
INFO: Run Behavior\ShowPageTraceBehavior [ RunTime:0.000600s ]
INFO: [ app_end ] --END-- [ RunTime:0.000624s ]

[ 2017-07-01T21:14:22+08:00 ] ::1 /news/index.php
INFO: [ app_init ] --START--
INFO: Run Behavior\BuildLiteBehavior [ RunTime:0.000011s ]
INFO: [ app_init ] --END-- [ RunTime:0.000481s ]
INFO: [ app_begin ] --START--
INFO: Run Behavior\ReadHtmlCacheBehavior [ RunTime:0.000888s ]
INFO: [ app_begin ] --END-- [ RunTime:0.000944s ]
SQL: SELECT * FROM `category`  [ RunTime:0.0010s ]
NOTIC: [8] Undefined variable: top F:\www\news\application\Home\Controller\IndexController.class.php 第 11 行.
INFO: [ view_parse ] --START--
INFO: [ template_filter ] --START--
INFO: Run Behavior\ContentReplaceBehavior [ RunTime:0.000027s ]
INFO: [ template_filter ] --END-- [ RunTime:0.000053s ]
NOTIC: [8] Undefined variable: cookie F:\www\news\application\Runtime\Cache\Home\0e9f9964b50249c273d1dbef3ee7dd51.php 第 35 行.
NOTIC: [8] Undefined variable: IP F:\www\news\application\Runtime\Cache\Home\0e9f9964b50249c273d1dbef3ee7dd51.php 第 92 行.
INFO: Run Behavior\ParseTemplateBehavior [ RunTime:0.005644s ]
INFO: [ view_parse ] --END-- [ RunTime:0.005674s ]
INFO: [ view_filter ] --START--
INFO: Run Behavior\WriteHtmlCacheBehavior [ RunTime:0.000638s ]
INFO: [ view_filter ] --END-- [ RunTime:0.000683s ]
INFO: [ app_end ] --START--
INFO: Run Behavior\ShowPageTraceBehavior [ RunTime:0.001001s ]
INFO: [ app_end ] --END-- [ RunTime:0.001046s ]

[ 2017-07-01T21:14:22+08:00 ] ::1 /news/index.php
INFO: [ app_init ] --START--
INFO: Run Behavior\BuildLiteBehavior [ RunTime:0.000009s ]
INFO: [ app_init ] --END-- [ RunTime:0.000498s ]
INFO: [ app_begin ] --START--
INFO: Run Behavior\ReadHtmlCacheBehavior [ RunTime:0.000585s ]
INFO: [ app_begin ] --END-- [ RunTime:0.000615s ]
SQL: SELECT * FROM `category`  [ RunTime:0.0011s ]
NOTIC: [8] Undefined variable: top F:\www\news\application\Home\Controller\IndexController.class.php 第 11 行.
INFO: [ view_parse ] --START--
INFO: [ template_filter ] --START--
INFO: Run Behavior\ContentReplaceBehavior [ RunTime:0.000027s ]
INFO: [ template_filter ] --END-- [ RunTime:0.000053s ]
NOTIC: [8] Undefined variable: cookie F:\www\news\application\Runtime\Cache\Home\0e9f9964b50249c273d1dbef3ee7dd51.php 第 35 行.
NOTIC: [8] Undefined variable: IP F:\www\news\application\Runtime\Cache\Home\0e9f9964b50249c273d1dbef3ee7dd51.php 第 92 行.
INFO: Run Behavior\ParseTemplateBehavior [ RunTime:0.005100s ]
INFO: [ view_parse ] --END-- [ RunTime:0.005122s ]
INFO: [ view_filter ] --START--
INFO: Run Behavior\WriteHtmlCacheBehavior [ RunTime:0.000465s ]
INFO: [ view_filter ] --END-- [ RunTime:0.000487s ]
INFO: [ app_end ] --START--
INFO: Run Behavior\ShowPageTraceBehavior [ RunTime:0.000570s ]
INFO: [ app_end ] --END-- [ RunTime:0.000591s ]

[ 2017-07-01T21:14:23+08:00 ] ::1 /news/index.php
INFO: [ app_init ] --START--
INFO: Run Behavior\BuildLiteBehavior [ RunTime:0.000011s ]
INFO: [ app_init ] --END-- [ RunTime:0.000775s ]
INFO: [ app_begin ] --START--
INFO: Run Behavior\ReadHtmlCacheBehavior [ RunTime:0.000634s ]
INFO: [ app_begin ] --END-- [ RunTime:0.000668s ]
SQL: SELECT * FROM `category`  [ RunTime:0.0010s ]
NOTIC: [8] Undefined variable: top F:\www\news\application\Home\Controller\IndexController.class.php 第 11 行.
INFO: [ view_parse ] --START--
INFO: [ template_filter ] --START--
INFO: Run Behavior\ContentReplaceBehavior [ RunTime:0.000035s ]
INFO: [ template_filter ] --END-- [ RunTime:0.000077s ]
NOTIC: [8] Undefined variable: cookie F:\www\news\application\Runtime\Cache\Home\0e9f9964b50249c273d1dbef3ee7dd51.php 第 35 行.
NOTIC: [8] Undefined variable: IP F:\www\news\application\Runtime\Cache\Home\0e9f9964b50249c273d1dbef3ee7dd51.php 第 92 行.
INFO: Run Behavior\ParseTemplateBehavior [ RunTime:0.006363s ]
INFO: [ view_parse ] --END-- [ RunTime:0.006396s ]
INFO: [ view_filter ] --START--
INFO: Run Behavior\WriteHtmlCacheBehavior [ RunTime:0.000733s ]
INFO: [ view_filter ] --END-- [ RunTime:0.000772s ]
INFO: [ app_end ] --START--
INFO: Run Behavior\ShowPageTraceBehavior [ RunTime:0.000872s ]
INFO: [ app_end ] --END-- [ RunTime:0.000905s ]

[ 2017-07-01T21:14:23+08:00 ] ::1 /news/index.php
INFO: [ app_init ] --START--
INFO: Run Behavior\BuildLiteBehavior [ RunTime:0.000038s ]
INFO: [ app_init ] --END-- [ RunTime:0.001533s ]
INFO: [ app_begin ] --START--
INFO: Run Behavior\ReadHtmlCacheBehavior [ RunTime:0.000781s ]
INFO: [ app_begin ] --END-- [ RunTime:0.000845s ]
SQL: SELECT * FROM `category`  [ RunTime:0.0009s ]
NOTIC: [8] Undefined variable: top F:\www\news\application\Home\Controller\IndexController.class.php 第 11 行.
INFO: [ view_parse ] --START--
INFO: [ template_filter ] --START--
INFO: Run Behavior\ContentReplaceBehavior [ RunTime:0.000027s ]
INFO: [ template_filter ] --END-- [ RunTime:0.000052s ]
NOTIC: [8] Undefined variable: cookie F:\www\news\application\Runtime\Cache\Home\0e9f9964b50249c273d1dbef3ee7dd51.php 第 35 行.
NOTIC: [8] Undefined variable: IP F:\www\news\application\Runtime\Cache\Home\0e9f9964b50249c273d1dbef3ee7dd51.php 第 92 行.
INFO: Run Behavior\ParseTemplateBehavior [ RunTime:0.005451s ]
INFO: [ view_parse ] --END-- [ RunTime:0.005474s ]
INFO: [ view_filter ] --START--
INFO: Run Behavior\WriteHtmlCacheBehavior [ RunTime:0.000486s ]
INFO: [ view_filter ] --END-- [ RunTime:0.000509s ]
INFO: [ app_end ] --START--
INFO: Run Behavior\ShowPageTraceBehavior [ RunTime:0.000611s ]
INFO: [ app_end ] --END-- [ RunTime:0.000634s ]

[ 2017-07-01T21:14:23+08:00 ] ::1 /news/index.php
INFO: [ app_init ] --START--
INFO: Run Behavior\BuildLiteBehavior [ RunTime:0.000012s ]
INFO: [ app_init ] --END-- [ RunTime:0.000585s ]
INFO: [ app_begin ] --START--
INFO: Run Behavior\ReadHtmlCacheBehavior [ RunTime:0.000837s ]
INFO: [ app_begin ] --END-- [ RunTime:0.000921s ]
SQL: SELECT * FROM `category`  [ RunTime:0.0011s ]
NOTIC: [8] Undefined variable: top F:\www\news\application\Home\Controller\IndexController.class.php 第 11 行.
INFO: [ view_parse ] --START--
INFO: [ template_filter ] --START--
INFO: Run Behavior\ContentReplaceBehavior [ RunTime:0.000039s ]
INFO: [ template_filter ] --END-- [ RunTime:0.000092s ]
NOTIC: [8] Undefined variable: cookie F:\www\news\application\Runtime\Cache\Home\0e9f9964b50249c273d1dbef3ee7dd51.php 第 35 行.
NOTIC: [8] Undefined variable: IP F:\www\news\application\Runtime\Cache\Home\0e9f9964b50249c273d1dbef3ee7dd51.php 第 92 行.
INFO: Run Behavior\ParseTemplateBehavior [ RunTime:0.007271s ]
INFO: [ view_parse ] --END-- [ RunTime:0.007304s ]
INFO: [ view_filter ] --START--
INFO: Run Behavior\WriteHtmlCacheBehavior [ RunTime:0.000608s ]
INFO: [ view_filter ] --END-- [ RunTime:0.000640s ]
INFO: [ app_end ] --START--
INFO: Run Behavior\ShowPageTraceBehavior [ RunTime:0.000671s ]
INFO: [ app_end ] --END-- [ RunTime:0.000702s ]

[ 2017-07-01T21:14:23+08:00 ] ::1 /news/index.php
INFO: [ app_init ] --START--
INFO: Run Behavior\BuildLiteBehavior [ RunTime:0.000008s ]
INFO: [ app_init ] --END-- [ RunTime:0.000538s ]
INFO: [ app_begin ] --START--
INFO: Run Behavior\ReadHtmlCacheBehavior [ RunTime:0.000587s ]
INFO: [ app_begin ] --END-- [ RunTime:0.000615s ]
SQL: SELECT * FROM `category`  [ RunTime:0.0010s ]
NOTIC: [8] Undefined variable: top F:\www\news\application\Home\Controller\IndexController.class.php 第 11 行.
INFO: [ view_parse ] --START--
INFO: [ template_filter ] --START--
INFO: Run Behavior\ContentReplaceBehavior [ RunTime:0.000028s ]
INFO: [ template_filter ] --END-- [ RunTime:0.000053s ]
NOTIC: [8] Undefined variable: cookie F:\www\news\application\Runtime\Cache\Home\0e9f9964b50249c273d1dbef3ee7dd51.php 第 35 行.
NOTIC: [8] Undefined variable: IP F:\www\news\application\Runtime\Cache\Home\0e9f9964b50249c273d1dbef3ee7dd51.php 第 92 行.
INFO: Run Behavior\ParseTemplateBehavior [ RunTime:0.005512s ]
INFO: [ view_parse ] --END-- [ RunTime:0.005534s ]
INFO: [ view_filter ] --START--
INFO: Run Behavior\WriteHtmlCacheBehavior [ RunTime:0.000482s ]
INFO: [ view_filter ] --END-- [ RunTime:0.000503s ]
INFO: [ app_end ] --START--
INFO: Run Behavior\ShowPageTraceBehavior [ RunTime:0.000653s ]
INFO: [ app_end ] --END-- [ RunTime:0.000677s ]

[ 2017-07-01T21:14:55+08:00 ] ::1 /news/index.php
INFO: [ app_init ] --START--
INFO: Run Behavior\BuildLiteBehavior [ RunTime:0.000008s ]
INFO: [ app_init ] --END-- [ RunTime:0.000558s ]
INFO: [ app_begin ] --START--
INFO: Run Behavior\ReadHtmlCacheBehavior [ RunTime:0.000580s ]
INFO: [ app_begin ] --END-- [ RunTime:0.000610s ]
SQL: SELECT * FROM `category`  [ RunTime:0.0012s ]
INFO: [ view_parse ] --START--
INFO: [ template_filter ] --START--
INFO: Run Behavior\ContentReplaceBehavior [ RunTime:0.000028s ]
INFO: [ template_filter ] --END-- [ RunTime:0.000057s ]
NOTIC: [8] Undefined variable: cookie F:\www\news\application\Runtime\Cache\Home\0e9f9964b50249c273d1dbef3ee7dd51.php 第 35 行.
NOTIC: [8] Undefined variable: IP F:\www\news\application\Runtime\Cache\Home\0e9f9964b50249c273d1dbef3ee7dd51.php 第 92 行.
INFO: Run Behavior\ParseTemplateBehavior [ RunTime:0.005276s ]
INFO: [ view_parse ] --END-- [ RunTime:0.005310s ]
INFO: [ view_filter ] --START--
INFO: Run Behavior\WriteHtmlCacheBehavior [ RunTime:0.000530s ]
INFO: [ view_filter ] --END-- [ RunTime:0.000557s ]
INFO: [ app_end ] --START--
INFO: Run Behavior\ShowPageTraceBehavior [ RunTime:0.000611s ]
INFO: [ app_end ] --END-- [ RunTime:0.000635s ]

[ 2017-07-01T21:17:45+08:00 ] ::1 /news/index.php
INFO: [ app_init ] --START--
INFO: Run Behavior\BuildLiteBehavior [ RunTime:0.000009s ]
INFO: [ app_init ] --END-- [ RunTime:0.000576s ]
INFO: [ app_begin ] --START--
INFO: Run Behavior\ReadHtmlCacheBehavior [ RunTime:0.000728s ]
INFO: [ app_begin ] --END-- [ RunTime:0.000758s ]
SQL: SELECT * FROM `category`  [ RunTime:0.0015s ]
INFO: [ view_parse ] --START--
INFO: [ template_filter ] --START--
INFO: Run Behavior\ContentReplaceBehavior [ RunTime:0.000051s ]
INFO: [ template_filter ] --END-- [ RunTime:0.000092s ]
ERR: syntax error, unexpected '}', expecting end of file

[ 2017-07-01T21:46:33+08:00 ] ::1 /news/index.php
INFO: [ app_init ] --START--
INFO: Run Behavior\BuildLiteBehavior [ RunTime:0.000008s ]
INFO: [ app_init ] --END-- [ RunTime:0.000519s ]
INFO: [ app_begin ] --START--
INFO: Run Behavior\ReadHtmlCacheBehavior [ RunTime:0.000713s ]
INFO: [ app_begin ] --END-- [ RunTime:0.000777s ]
SQL: SELECT * FROM `category`  [ RunTime:0.0048s ]
SQL: SHOW COLUMNS FROM `article` [ RunTime:0.0012s ]
SQL: SELECT * FROM `article` WHERE ( cate_id=4  and is_checked=1 )  [ RunTime:0.0005s ]
SQL: SELECT * FROM `article` WHERE ( cate_id=5  and is_checked=1 )  [ RunTime:0.0003s ]
SQL: SELECT * FROM `article` WHERE ( cate_id=6  and is_checked=1 )  [ RunTime:0.0003s ]
SQL: SELECT * FROM `article` WHERE ( cate_id=7  and is_checked=1 )  [ RunTime:0.0003s ]
SQL: SELECT * FROM `article` WHERE ( is_checked=1 ) ORDER BY click desc LIMIT 0,10   [ RunTime:0.0003s ]
SQL: SELECT * FROM `article` WHERE ( is_checked=1 ) ORDER BY cmt_num desc LIMIT 0,10   [ RunTime:0.0002s ]
INFO: [ view_parse ] --START--
INFO: [ template_filter ] --START--
INFO: Run Behavior\ContentReplaceBehavior [ RunTime:0.000057s ]
INFO: [ template_filter ] --END-- [ RunTime:0.000096s ]
ERR: syntax error, unexpected '}', expecting end of file

[ 2017-07-01T21:46:35+08:00 ] ::1 /news/index.php
INFO: [ app_init ] --START--
INFO: Run Behavior\BuildLiteBehavior [ RunTime:0.000008s ]
INFO: [ app_init ] --END-- [ RunTime:0.000518s ]
INFO: [ app_begin ] --START--
INFO: Run Behavior\ReadHtmlCacheBehavior [ RunTime:0.000600s ]
INFO: [ app_begin ] --END-- [ RunTime:0.000631s ]
SQL: SELECT * FROM `category`  [ RunTime:0.0004s ]
SQL: SELECT * FROM `article` WHERE ( cate_id=4  and is_checked=1 )  [ RunTime:0.0012s ]
SQL: SELECT * FROM `article` WHERE ( cate_id=5  and is_checked=1 )  [ RunTime:0.0003s ]
SQL: SELECT * FROM `article` WHERE ( cate_id=6  and is_checked=1 )  [ RunTime:0.0002s ]
SQL: SELECT * FROM `article` WHERE ( cate_id=7  and is_checked=1 )  [ RunTime:0.0002s ]
SQL: SELECT * FROM `article` WHERE ( is_checked=1 ) ORDER BY click desc LIMIT 0,10   [ RunTime:0.0003s ]
SQL: SELECT * FROM `article` WHERE ( is_checked=1 ) ORDER BY cmt_num desc LIMIT 0,10   [ RunTime:0.0003s ]
INFO: [ view_parse ] --START--
INFO: [ template_filter ] --START--
INFO: Run Behavior\ContentReplaceBehavior [ RunTime:0.000052s ]
INFO: [ template_filter ] --END-- [ RunTime:0.000078s ]
ERR: syntax error, unexpected '}', expecting end of file

[ 2017-07-01T21:46:35+08:00 ] ::1 /news/index.php
INFO: [ app_init ] --START--
INFO: Run Behavior\BuildLiteBehavior [ RunTime:0.000009s ]
INFO: [ app_init ] --END-- [ RunTime:0.000648s ]
INFO: [ app_begin ] --START--
INFO: Run Behavior\ReadHtmlCacheBehavior [ RunTime:0.000520s ]
INFO: [ app_begin ] --END-- [ RunTime:0.000552s ]
SQL: SELECT * FROM `category`  [ RunTime:0.0003s ]
SQL: SELECT * FROM `article` WHERE ( cate_id=4  and is_checked=1 )  [ RunTime:0.0066s ]
SQL: SELECT * FROM `article` WHERE ( cate_id=5  and is_checked=1 )  [ RunTime:0.0003s ]
SQL: SELECT * FROM `article` WHERE ( cate_id=6  and is_checked=1 )  [ RunTime:0.0003s ]
SQL: SELECT * FROM `article` WHERE ( cate_id=7  and is_checked=1 )  [ RunTime:0.0003s ]
SQL: SELECT * FROM `article` WHERE ( is_checked=1 ) ORDER BY click desc LIMIT 0,10   [ RunTime:0.0003s ]
SQL: SELECT * FROM `article` WHERE ( is_checked=1 ) ORDER BY cmt_num desc LIMIT 0,10   [ RunTime:0.0003s ]
INFO: [ view_parse ] --START--
INFO: [ template_filter ] --START--
INFO: Run Behavior\ContentReplaceBehavior [ RunTime:0.000053s ]
INFO: [ template_filter ] --END-- [ RunTime:0.000079s ]
ERR: syntax error, unexpected '}', expecting end of file

[ 2017-07-01T21:46:35+08:00 ] ::1 /news/index.php
INFO: [ app_init ] --START--
INFO: Run Behavior\BuildLiteBehavior [ RunTime:0.000012s ]
INFO: [ app_init ] --END-- [ RunTime:0.000628s ]
INFO: [ app_begin ] --START--
INFO: Run Behavior\ReadHtmlCacheBehavior [ RunTime:0.000604s ]
INFO: [ app_begin ] --END-- [ RunTime:0.000636s ]
SQL: SELECT * FROM `category`  [ RunTime:0.0003s ]
SQL: SELECT * FROM `article` WHERE ( cate_id=4  and is_checked=1 )  [ RunTime:0.0011s ]
SQL: SELECT * FROM `article` WHERE ( cate_id=5  and is_checked=1 )  [ RunTime:0.0004s ]
SQL: SELECT * FROM `article` WHERE ( cate_id=6  and is_checked=1 )  [ RunTime:0.0005s ]
SQL: SELECT * FROM `article` WHERE ( cate_id=7  and is_checked=1 )  [ RunTime:0.0004s ]
SQL: SELECT * FROM `article` WHERE ( is_checked=1 ) ORDER BY click desc LIMIT 0,10   [ RunTime:0.0005s ]
SQL: SELECT * FROM `article` WHERE ( is_checked=1 ) ORDER BY cmt_num desc LIMIT 0,10   [ RunTime:0.0004s ]
INFO: [ view_parse ] --START--
INFO: [ template_filter ] --START--
INFO: Run Behavior\ContentReplaceBehavior [ RunTime:0.000053s ]
INFO: [ template_filter ] --END-- [ RunTime:0.000079s ]
ERR: syntax error, unexpected '}', expecting end of file

[ 2017-07-01T21:46:35+08:00 ] ::1 /news/index.php
INFO: [ app_init ] --START--
INFO: Run Behavior\BuildLiteBehavior [ RunTime:0.000008s ]
INFO: [ app_init ] --END-- [ RunTime:0.000592s ]
INFO: [ app_begin ] --START--
INFO: Run Behavior\ReadHtmlCacheBehavior [ RunTime:0.000527s ]
INFO: [ app_begin ] --END-- [ RunTime:0.000556s ]
SQL: SELECT * FROM `category`  [ RunTime:0.0003s ]
SQL: SELECT * FROM `article` WHERE ( cate_id=4  and is_checked=1 )  [ RunTime:0.0014s ]
SQL: SELECT * FROM `article` WHERE ( cate_id=5  and is_checked=1 )  [ RunTime:0.0005s ]
SQL: SELECT * FROM `article` WHERE ( cate_id=6  and is_checked=1 )  [ RunTime:0.0004s ]
SQL: SELECT * FROM `article` WHERE ( cate_id=7  and is_checked=1 )  [ RunTime:0.0004s ]
SQL: SELECT * FROM `article` WHERE ( is_checked=1 ) ORDER BY click desc LIMIT 0,10   [ RunTime:0.0005s ]
SQL: SELECT * FROM `article` WHERE ( is_checked=1 ) ORDER BY cmt_num desc LIMIT 0,10   [ RunTime:0.0003s ]
INFO: [ view_parse ] --START--
INFO: [ template_filter ] --START--
INFO: Run Behavior\ContentReplaceBehavior [ RunTime:0.000053s ]
INFO: [ template_filter ] --END-- [ RunTime:0.000079s ]
ERR: syntax error, unexpected '}', expecting end of file

[ 2017-07-01T21:46:35+08:00 ] ::1 /news/index.php
INFO: [ app_init ] --START--
INFO: Run Behavior\BuildLiteBehavior [ RunTime:0.000011s ]
INFO: [ app_init ] --END-- [ RunTime:0.000536s ]
INFO: [ app_begin ] --START--
INFO: Run Behavior\ReadHtmlCacheBehavior [ RunTime:0.000590s ]
INFO: [ app_begin ] --END-- [ RunTime:0.000621s ]
SQL: SELECT * FROM `category`  [ RunTime:0.0003s ]
SQL: SELECT * FROM `article` WHERE ( cate_id=4  and is_checked=1 )  [ RunTime:0.0010s ]
SQL: SELECT * FROM `article` WHERE ( cate_id=5  and is_checked=1 )  [ RunTime:0.0003s ]
SQL: SELECT * FROM `article` WHERE ( cate_id=6  and is_checked=1 )  [ RunTime:0.0003s ]
SQL: SELECT * FROM `article` WHERE ( cate_id=7  and is_checked=1 )  [ RunTime:0.0003s ]
SQL: SELECT * FROM `article` WHERE ( is_checked=1 ) ORDER BY click desc LIMIT 0,10   [ RunTime:0.0004s ]
SQL: SELECT * FROM `article` WHERE ( is_checked=1 ) ORDER BY cmt_num desc LIMIT 0,10   [ RunTime:0.0004s ]
INFO: [ view_parse ] --START--
INFO: [ template_filter ] --START--
INFO: Run Behavior\ContentReplaceBehavior [ RunTime:0.000057s ]
INFO: [ template_filter ] --END-- [ RunTime:0.000087s ]
ERR: syntax error, unexpected '}', expecting end of file

[ 2017-07-01T21:46:36+08:00 ] ::1 /news/index.php
INFO: [ app_init ] --START--
INFO: Run Behavior\BuildLiteBehavior [ RunTime:0.000008s ]
INFO: [ app_init ] --END-- [ RunTime:0.000556s ]
INFO: [ app_begin ] --START--
INFO: Run Behavior\ReadHtmlCacheBehavior [ RunTime:0.000591s ]
INFO: [ app_begin ] --END-- [ RunTime:0.000621s ]
SQL: SELECT * FROM `category`  [ RunTime:0.0003s ]
SQL: SELECT * FROM `article` WHERE ( cate_id=4  and is_checked=1 )  [ RunTime:0.0017s ]
SQL: SELECT * FROM `article` WHERE ( cate_id=5  and is_checked=1 )  [ RunTime:0.0005s ]
SQL: SELECT * FROM `article` WHERE ( cate_id=6  and is_checked=1 )  [ RunTime:0.0004s ]
SQL: SELECT * FROM `article` WHERE ( cate_id=7  and is_checked=1 )  [ RunTime:0.0004s ]
SQL: SELECT * FROM `article` WHERE ( is_checked=1 ) ORDER BY click desc LIMIT 0,10   [ RunTime:0.0005s ]
SQL: SELECT * FROM `article` WHERE ( is_checked=1 ) ORDER BY cmt_num desc LIMIT 0,10   [ RunTime:0.0004s ]
INFO: [ view_parse ] --START--
INFO: [ template_filter ] --START--
INFO: Run Behavior\ContentReplaceBehavior [ RunTime:0.000054s ]
INFO: [ template_filter ] --END-- [ RunTime:0.000078s ]
ERR: syntax error, unexpected '}', expecting end of file

[ 2017-07-01T21:46:36+08:00 ] ::1 /news/index.php
INFO: [ app_init ] --START--
INFO: Run Behavior\BuildLiteBehavior [ RunTime:0.000008s ]
INFO: [ app_init ] --END-- [ RunTime:0.000553s ]
INFO: [ app_begin ] --START--
INFO: Run Behavior\ReadHtmlCacheBehavior [ RunTime:0.000583s ]
INFO: [ app_begin ] --END-- [ RunTime:0.000612s ]
SQL: SELECT * FROM `category`  [ RunTime:0.0003s ]
SQL: SELECT * FROM `article` WHERE ( cate_id=4  and is_checked=1 )  [ RunTime:0.0285s ]
SQL: SELECT * FROM `article` WHERE ( cate_id=5  and is_checked=1 )  [ RunTime:0.0003s ]
SQL: SELECT * FROM `article` WHERE ( cate_id=6  and is_checked=1 )  [ RunTime:0.0002s ]
SQL: SELECT * FROM `article` WHERE ( cate_id=7  and is_checked=1 )  [ RunTime:0.0002s ]
SQL: SELECT * FROM `article` WHERE ( is_checked=1 ) ORDER BY click desc LIMIT 0,10   [ RunTime:0.0003s ]
SQL: SELECT * FROM `article` WHERE ( is_checked=1 ) ORDER BY cmt_num desc LIMIT 0,10   [ RunTime:0.0003s ]
INFO: [ view_parse ] --START--
INFO: [ template_filter ] --START--
INFO: Run Behavior\ContentReplaceBehavior [ RunTime:0.000053s ]
INFO: [ template_filter ] --END-- [ RunTime:0.000078s ]
ERR: syntax error, unexpected '}', expecting end of file

[ 2017-07-01T21:48:12+08:00 ] ::1 /news/index.php
INFO: [ app_init ] --START--
INFO: Run Behavior\BuildLiteBehavior [ RunTime:0.000009s ]
INFO: [ app_init ] --END-- [ RunTime:0.000569s ]
INFO: [ app_begin ] --START--
INFO: Run Behavior\ReadHtmlCacheBehavior [ RunTime:0.000606s ]
INFO: [ app_begin ] --END-- [ RunTime:0.000637s ]
SQL: SELECT * FROM `category`  [ RunTime:0.0003s ]
SQL: SELECT * FROM `article` WHERE ( cate_id=4  and is_checked=1 )  [ RunTime:0.0010s ]
SQL: SELECT * FROM `article` WHERE ( cate_id=5  and is_checked=1 )  [ RunTime:0.0003s ]
SQL: SELECT * FROM `article` WHERE ( cate_id=6  and is_checked=1 )  [ RunTime:0.0002s ]
SQL: SELECT * FROM `article` WHERE ( cate_id=7  and is_checked=1 )  [ RunTime:0.0003s ]
SQL: SELECT * FROM `article` WHERE ( is_checked=1 ) ORDER BY click desc LIMIT 0,10   [ RunTime:0.0003s ]
SQL: SELECT * FROM `article` WHERE ( is_checked=1 ) ORDER BY cmt_num desc LIMIT 0,10   [ RunTime:0.0003s ]
INFO: [ view_parse ] --START--
INFO: [ template_filter ] --START--
INFO: Run Behavior\ContentReplaceBehavior [ RunTime:0.000068s ]
INFO: [ template_filter ] --END-- [ RunTime:0.000114s ]
ERR: syntax error, unexpected '}', expecting end of file

[ 2017-07-01T21:48:12+08:00 ] ::1 /news/index.php
INFO: [ app_init ] --START--
INFO: Run Behavior\BuildLiteBehavior [ RunTime:0.000008s ]
INFO: [ app_init ] --END-- [ RunTime:0.000539s ]
INFO: [ app_begin ] --START--
INFO: Run Behavior\ReadHtmlCacheBehavior [ RunTime:0.000582s ]
INFO: [ app_begin ] --END-- [ RunTime:0.000612s ]
SQL: SELECT * FROM `category`  [ RunTime:0.0003s ]
SQL: SELECT * FROM `article` WHERE ( cate_id=4  and is_checked=1 )  [ RunTime:0.0547s ]
SQL: SELECT * FROM `article` WHERE ( cate_id=5  and is_checked=1 )  [ RunTime:0.0004s ]
SQL: SELECT * FROM `article` WHERE ( cate_id=6  and is_checked=1 )  [ RunTime:0.0003s ]
SQL: SELECT * FROM `article` WHERE ( cate_id=7  and is_checked=1 )  [ RunTime:0.0003s ]
SQL: SELECT * FROM `article` WHERE ( is_checked=1 ) ORDER BY click desc LIMIT 0,10   [ RunTime:0.0003s ]
SQL: SELECT * FROM `article` WHERE ( is_checked=1 ) ORDER BY cmt_num desc LIMIT 0,10   [ RunTime:0.0003s ]
INFO: [ view_parse ] --START--
INFO: [ template_filter ] --START--
INFO: Run Behavior\ContentReplaceBehavior [ RunTime:0.000054s ]
INFO: [ template_filter ] --END-- [ RunTime:0.000080s ]
ERR: syntax error, unexpected '}', expecting end of file

[ 2017-07-01T21:48:13+08:00 ] ::1 /news/index.php
INFO: [ app_init ] --START--
INFO: Run Behavior\BuildLiteBehavior [ RunTime:0.000009s ]
INFO: [ app_init ] --END-- [ RunTime:0.000513s ]
INFO: [ app_begin ] --START--
INFO: Run Behavior\ReadHtmlCacheBehavior [ RunTime:0.000626s ]
INFO: [ app_begin ] --END-- [ RunTime:0.000660s ]
SQL: SELECT * FROM `category`  [ RunTime:0.0147s ]
SQL: SELECT * FROM `article` WHERE ( cate_id=4  and is_checked=1 )  [ RunTime:0.0013s ]
SQL: SELECT * FROM `article` WHERE ( cate_id=5  and is_checked=1 )  [ RunTime:0.0003s ]
SQL: SELECT * FROM `article` WHERE ( cate_id=6  and is_checked=1 )  [ RunTime:0.0003s ]
SQL: SELECT * FROM `article` WHERE ( cate_id=7  and is_checked=1 )  [ RunTime:0.0003s ]
SQL: SELECT * FROM `article` WHERE ( is_checked=1 ) ORDER BY click desc LIMIT 0,10   [ RunTime:0.0002s ]
SQL: SELECT * FROM `article` WHERE ( is_checked=1 ) ORDER BY cmt_num desc LIMIT 0,10   [ RunTime:0.0003s ]
INFO: [ view_parse ] --START--
INFO: [ template_filter ] --START--
INFO: Run Behavior\ContentReplaceBehavior [ RunTime:0.000052s ]
INFO: [ template_filter ] --END-- [ RunTime:0.000079s ]
ERR: syntax error, unexpected '}', expecting end of file

[ 2017-07-01T21:48:13+08:00 ] ::1 /news/index.php
INFO: [ app_init ] --START--
INFO: Run Behavior\BuildLiteBehavior [ RunTime:0.000008s ]
INFO: [ app_init ] --END-- [ RunTime:0.000535s ]
INFO: [ app_begin ] --START--
INFO: Run Behavior\ReadHtmlCacheBehavior [ RunTime:0.000587s ]
INFO: [ app_begin ] --END-- [ RunTime:0.000617s ]
SQL: SELECT * FROM `category`  [ RunTime:0.0003s ]
SQL: SELECT * FROM `article` WHERE ( cate_id=4  and is_checked=1 )  [ RunTime:0.0010s ]
SQL: SELECT * FROM `article` WHERE ( cate_id=5  and is_checked=1 )  [ RunTime:0.0003s ]
SQL: SELECT * FROM `article` WHERE ( cate_id=6  and is_checked=1 )  [ RunTime:0.0002s ]
SQL: SELECT * FROM `article` WHERE ( cate_id=7  and is_checked=1 )  [ RunTime:0.0002s ]
SQL: SELECT * FROM `article` WHERE ( is_checked=1 ) ORDER BY click desc LIMIT 0,10   [ RunTime:0.0003s ]
SQL: SELECT * FROM `article` WHERE ( is_checked=1 ) ORDER BY cmt_num desc LIMIT 0,10   [ RunTime:0.0003s ]
INFO: [ view_parse ] --START--
INFO: [ template_filter ] --START--
INFO: Run Behavior\ContentReplaceBehavior [ RunTime:0.000054s ]
INFO: [ template_filter ] --END-- [ RunTime:0.000079s ]
ERR: syntax error, unexpected '}', expecting end of file

[ 2017-07-01T21:48:13+08:00 ] ::1 /news/index.php
INFO: [ app_init ] --START--
INFO: Run Behavior\BuildLiteBehavior [ RunTime:0.000008s ]
INFO: [ app_init ] --END-- [ RunTime:0.000573s ]
INFO: [ app_begin ] --START--
INFO: Run Behavior\ReadHtmlCacheBehavior [ RunTime:0.000578s ]
INFO: [ app_begin ] --END-- [ RunTime:0.000607s ]
SQL: SELECT * FROM `category`  [ RunTime:0.0003s ]
SQL: SELECT * FROM `article` WHERE ( cate_id=4  and is_checked=1 )  [ RunTime:0.0012s ]
SQL: SELECT * FROM `article` WHERE ( cate_id=5  and is_checked=1 )  [ RunTime:0.0003s ]
SQL: SELECT * FROM `article` WHERE ( cate_id=6  and is_checked=1 )  [ RunTime:0.0004s ]
SQL: SELECT * FROM `article` WHERE ( cate_id=7  and is_checked=1 )  [ RunTime:0.0004s ]
SQL: SELECT * FROM `article` WHERE ( is_checked=1 ) ORDER BY click desc LIMIT 0,10   [ RunTime:0.0005s ]
SQL: SELECT * FROM `article` WHERE ( is_checked=1 ) ORDER BY cmt_num desc LIMIT 0,10   [ RunTime:0.0005s ]
INFO: [ view_parse ] --START--
INFO: [ template_filter ] --START--
INFO: Run Behavior\ContentReplaceBehavior [ RunTime:0.000053s ]
INFO: [ template_filter ] --END-- [ RunTime:0.000079s ]
ERR: syntax error, unexpected '}', expecting end of file

[ 2017-07-01T21:48:13+08:00 ] ::1 /news/index.php
INFO: [ app_init ] --START--
INFO: Run Behavior\BuildLiteBehavior [ RunTime:0.000008s ]
INFO: [ app_init ] --END-- [ RunTime:0.000552s ]
INFO: [ app_begin ] --START--
INFO: Run Behavior\ReadHtmlCacheBehavior [ RunTime:0.000608s ]
INFO: [ app_begin ] --END-- [ RunTime:0.000647s ]
SQL: SELECT * FROM `category`  [ RunTime:0.0003s ]
SQL: SELECT * FROM `article` WHERE ( cate_id=4  and is_checked=1 )  [ RunTime:0.0004s ]
SQL: SELECT * FROM `article` WHERE ( cate_id=5  and is_checked=1 )  [ RunTime:0.0003s ]
SQL: SELECT * FROM `article` WHERE ( cate_id=6  and is_checked=1 )  [ RunTime:0.0002s ]
SQL: SELECT * FROM `article` WHERE ( cate_id=7  and is_checked=1 )  [ RunTime:0.0003s ]
SQL: SELECT * FROM `article` WHERE ( is_checked=1 ) ORDER BY click desc LIMIT 0,10   [ RunTime:0.0004s ]
SQL: SELECT * FROM `article` WHERE ( is_checked=1 ) ORDER BY cmt_num desc LIMIT 0,10   [ RunTime:0.0006s ]
INFO: [ view_parse ] --START--
INFO: [ template_filter ] --START--
INFO: Run Behavior\ContentReplaceBehavior [ RunTime:0.000053s ]
INFO: [ template_filter ] --END-- [ RunTime:0.000079s ]
ERR: syntax error, unexpected '}', expecting end of file

[ 2017-07-01T21:48:48+08:00 ] ::1 /news/index.php
INFO: [ app_init ] --START--
INFO: Run Behavior\BuildLiteBehavior [ RunTime:0.000010s ]
INFO: [ app_init ] --END-- [ RunTime:0.000571s ]
INFO: [ app_begin ] --START--
INFO: Run Behavior\ReadHtmlCacheBehavior [ RunTime:0.000726s ]
INFO: [ app_begin ] --END-- [ RunTime:0.000766s ]
SQL: SELECT * FROM `category`  [ RunTime:0.0003s ]
SQL: SELECT * FROM `article` WHERE ( cate_id=4  and is_checked=1 )  [ RunTime:0.0004s ]
SQL: SELECT * FROM `article` WHERE ( cate_id=5  and is_checked=1 )  [ RunTime:0.0002s ]
SQL: SELECT * FROM `article` WHERE ( cate_id=6  and is_checked=1 )  [ RunTime:0.0003s ]
SQL: SELECT * FROM `article` WHERE ( cate_id=7  and is_checked=1 )  [ RunTime:0.0002s ]
SQL: SELECT * FROM `article` WHERE ( is_checked=1 ) ORDER BY click desc LIMIT 0,10   [ RunTime:0.0002s ]
SQL: SELECT * FROM `article` WHERE ( is_checked=1 ) ORDER BY cmt_num desc LIMIT 0,10   [ RunTime:0.0002s ]
INFO: [ view_parse ] --START--
INFO: [ template_filter ] --START--
INFO: Run Behavior\ContentReplaceBehavior [ RunTime:0.000055s ]
INFO: [ template_filter ] --END-- [ RunTime:0.000084s ]
ERR: syntax error, unexpected '}', expecting end of file

[ 2017-07-01T21:48:48+08:00 ] ::1 /news/index.php
INFO: [ app_init ] --START--
INFO: Run Behavior\BuildLiteBehavior [ RunTime:0.000015s ]
INFO: [ app_init ] --END-- [ RunTime:0.000672s ]
INFO: [ app_begin ] --START--
INFO: Run Behavior\ReadHtmlCacheBehavior [ RunTime:0.000888s ]
INFO: [ app_begin ] --END-- [ RunTime:0.000943s ]
SQL: SELECT * FROM `category`  [ RunTime:0.0003s ]
SQL: SELECT * FROM `article` WHERE ( cate_id=4  and is_checked=1 )  [ RunTime:0.0004s ]
SQL: SELECT * FROM `article` WHERE ( cate_id=5  and is_checked=1 )  [ RunTime:0.0003s ]
SQL: SELECT * FROM `article` WHERE ( cate_id=6  and is_checked=1 )  [ RunTime:0.0002s ]
SQL: SELECT * FROM `article` WHERE ( cate_id=7  and is_checked=1 )  [ RunTime:0.0003s ]
SQL: SELECT * FROM `article` WHERE ( is_checked=1 ) ORDER BY click desc LIMIT 0,10   [ RunTime:0.0003s ]
SQL: SELECT * FROM `article` WHERE ( is_checked=1 ) ORDER BY cmt_num desc LIMIT 0,10   [ RunTime:0.0003s ]
INFO: [ view_parse ] --START--
INFO: [ template_filter ] --START--
INFO: Run Behavior\ContentReplaceBehavior [ RunTime:0.000054s ]
INFO: [ template_filter ] --END-- [ RunTime:0.000081s ]
ERR: syntax error, unexpected '}', expecting end of file

[ 2017-07-01T21:48:49+08:00 ] ::1 /news/index.php
INFO: [ app_init ] --START--
INFO: Run Behavior\BuildLiteBehavior [ RunTime:0.000013s ]
INFO: [ app_init ] --END-- [ RunTime:0.000536s ]
INFO: [ app_begin ] --START--
INFO: Run Behavior\ReadHtmlCacheBehavior [ RunTime:0.000986s ]
INFO: [ app_begin ] --END-- [ RunTime:0.001047s ]
SQL: SELECT * FROM `category`  [ RunTime:0.0003s ]
SQL: SELECT * FROM `article` WHERE ( cate_id=4  and is_checked=1 )  [ RunTime:0.0004s ]
SQL: SELECT * FROM `article` WHERE ( cate_id=5  and is_checked=1 )  [ RunTime:0.0002s ]
SQL: SELECT * FROM `article` WHERE ( cate_id=6  and is_checked=1 )  [ RunTime:0.0003s ]
SQL: SELECT * FROM `article` WHERE ( cate_id=7  and is_checked=1 )  [ RunTime:0.0002s ]
SQL: SELECT * FROM `article` WHERE ( is_checked=1 ) ORDER BY click desc LIMIT 0,10   [ RunTime:0.0003s ]
SQL: SELECT * FROM `article` WHERE ( is_checked=1 ) ORDER BY cmt_num desc LIMIT 0,10   [ RunTime:0.0003s ]
INFO: [ view_parse ] --START--
INFO: [ template_filter ] --START--
INFO: Run Behavior\ContentReplaceBehavior [ RunTime:0.000071s ]
INFO: [ template_filter ] --END-- [ RunTime:0.000130s ]
ERR: syntax error, unexpected '}', expecting end of file

[ 2017-07-01T21:48:49+08:00 ] ::1 /news/index.php
INFO: [ app_init ] --START--
INFO: Run Behavior\BuildLiteBehavior [ RunTime:0.000007s ]
INFO: [ app_init ] --END-- [ RunTime:0.000546s ]
INFO: [ app_begin ] --START--
INFO: Run Behavior\ReadHtmlCacheBehavior [ RunTime:0.000581s ]
INFO: [ app_begin ] --END-- [ RunTime:0.000610s ]
SQL: SELECT * FROM `category`  [ RunTime:0.0003s ]
SQL: SELECT * FROM `article` WHERE ( cate_id=4  and is_checked=1 )  [ RunTime:0.0004s ]
SQL: SELECT * FROM `article` WHERE ( cate_id=5  and is_checked=1 )  [ RunTime:0.0003s ]
SQL: SELECT * FROM `article` WHERE ( cate_id=6  and is_checked=1 )  [ RunTime:0.0003s ]
SQL: SELECT * FROM `article` WHERE ( cate_id=7  and is_checked=1 )  [ RunTime:0.0003s ]
SQL: SELECT * FROM `article` WHERE ( is_checked=1 ) ORDER BY click desc LIMIT 0,10   [ RunTime:0.0004s ]
SQL: SELECT * FROM `article` WHERE ( is_checked=1 ) ORDER BY cmt_num desc LIMIT 0,10   [ RunTime:0.0003s ]
INFO: [ view_parse ] --START--
INFO: [ template_filter ] --START--
INFO: Run Behavior\ContentReplaceBehavior [ RunTime:0.000052s ]
INFO: [ template_filter ] --END-- [ RunTime:0.000078s ]
ERR: syntax error, unexpected '}', expecting end of file

[ 2017-07-01T21:48:49+08:00 ] ::1 /news/index.php
INFO: [ app_init ] --START--
INFO: Run Behavior\BuildLiteBehavior [ RunTime:0.000019s ]
INFO: [ app_init ] --END-- [ RunTime:0.000830s ]
INFO: [ app_begin ] --START--
INFO: Run Behavior\ReadHtmlCacheBehavior [ RunTime:0.000685s ]
INFO: [ app_begin ] --END-- [ RunTime:0.000728s ]
SQL: SELECT * FROM `category`  [ RunTime:0.0003s ]
SQL: SELECT * FROM `article` WHERE ( cate_id=4  and is_checked=1 )  [ RunTime:0.0003s ]
SQL: SELECT * FROM `article` WHERE ( cate_id=5  and is_checked=1 )  [ RunTime:0.0003s ]
SQL: SELECT * FROM `article` WHERE ( cate_id=6  and is_checked=1 )  [ RunTime:0.0003s ]
SQL: SELECT * FROM `article` WHERE ( cate_id=7  and is_checked=1 )  [ RunTime:0.0003s ]
SQL: SELECT * FROM `article` WHERE ( is_checked=1 ) ORDER BY click desc LIMIT 0,10   [ RunTime:0.0003s ]
SQL: SELECT * FROM `article` WHERE ( is_checked=1 ) ORDER BY cmt_num desc LIMIT 0,10   [ RunTime:0.0003s ]
INFO: [ view_parse ] --START--
INFO: [ template_filter ] --START--
INFO: Run Behavior\ContentReplaceBehavior [ RunTime:0.000064s ]
INFO: [ template_filter ] --END-- [ RunTime:0.000102s ]
ERR: syntax error, unexpected '}', expecting end of file

[ 2017-07-01T21:48:49+08:00 ] ::1 /news/index.php
INFO: [ app_init ] --START--
INFO: Run Behavior\BuildLiteBehavior [ RunTime:0.000011s ]
INFO: [ app_init ] --END-- [ RunTime:0.000900s ]
INFO: [ app_begin ] --START--
INFO: Run Behavior\ReadHtmlCacheBehavior [ RunTime:0.000666s ]
INFO: [ app_begin ] --END-- [ RunTime:0.000704s ]
SQL: SELECT * FROM `category`  [ RunTime:0.0003s ]
SQL: SELECT * FROM `article` WHERE ( cate_id=4  and is_checked=1 )  [ RunTime:0.0004s ]
SQL: SELECT * FROM `article` WHERE ( cate_id=5  and is_checked=1 )  [ RunTime:0.0003s ]
SQL: SELECT * FROM `article` WHERE ( cate_id=6  and is_checked=1 )  [ RunTime:0.0003s ]
SQL: SELECT * FROM `article` WHERE ( cate_id=7  and is_checked=1 )  [ RunTime:0.0002s ]
SQL: SELECT * FROM `article` WHERE ( is_checked=1 ) ORDER BY click desc LIMIT 0,10   [ RunTime:0.0003s ]
SQL: SELECT * FROM `article` WHERE ( is_checked=1 ) ORDER BY cmt_num desc LIMIT 0,10   [ RunTime:0.0005s ]
INFO: [ view_parse ] --START--
INFO: [ template_filter ] --START--
INFO: Run Behavior\ContentReplaceBehavior [ RunTime:0.000053s ]
INFO: [ template_filter ] --END-- [ RunTime:0.000078s ]
ERR: syntax error, unexpected '}', expecting end of file

[ 2017-07-01T21:48:49+08:00 ] ::1 /news/index.php
INFO: [ app_init ] --START--
INFO: Run Behavior\BuildLiteBehavior [ RunTime:0.000008s ]
INFO: [ app_init ] --END-- [ RunTime:0.000534s ]
INFO: [ app_begin ] --START--
INFO: Run Behavior\ReadHtmlCacheBehavior [ RunTime:0.000567s ]
INFO: [ app_begin ] --END-- [ RunTime:0.000596s ]
SQL: SELECT * FROM `category`  [ RunTime:0.0002s ]
SQL: SELECT * FROM `article` WHERE ( cate_id=4  and is_checked=1 )  [ RunTime:0.0004s ]
SQL: SELECT * FROM `article` WHERE ( cate_id=5  and is_checked=1 )  [ RunTime:0.0003s ]
SQL: SELECT * FROM `article` WHERE ( cate_id=6  and is_checked=1 )  [ RunTime:0.0003s ]
SQL: SELECT * FROM `article` WHERE ( cate_id=7  and is_checked=1 )  [ RunTime:0.0002s ]
SQL: SELECT * FROM `article` WHERE ( is_checked=1 ) ORDER BY click desc LIMIT 0,10   [ RunTime:0.0003s ]
SQL: SELECT * FROM `article` WHERE ( is_checked=1 ) ORDER BY cmt_num desc LIMIT 0,10   [ RunTime:0.0003s ]
INFO: [ view_parse ] --START--
INFO: [ template_filter ] --START--
INFO: Run Behavior\ContentReplaceBehavior [ RunTime:0.000053s ]
INFO: [ template_filter ] --END-- [ RunTime:0.000080s ]
ERR: syntax error, unexpected '}', expecting end of file

[ 2017-07-01T21:48:49+08:00 ] ::1 /news/index.php
INFO: [ app_init ] --START--
INFO: Run Behavior\BuildLiteBehavior [ RunTime:0.000008s ]
INFO: [ app_init ] --END-- [ RunTime:0.000526s ]
INFO: [ app_begin ] --START--
INFO: Run Behavior\ReadHtmlCacheBehavior [ RunTime:0.000491s ]
INFO: [ app_begin ] --END-- [ RunTime:0.000521s ]
SQL: SELECT * FROM `category`  [ RunTime:0.0004s ]
SQL: SELECT * FROM `article` WHERE ( cate_id=4  and is_checked=1 )  [ RunTime:0.0004s ]
SQL: SELECT * FROM `article` WHERE ( cate_id=5  and is_checked=1 )  [ RunTime:0.0002s ]
SQL: SELECT * FROM `article` WHERE ( cate_id=6  and is_checked=1 )  [ RunTime:0.0003s ]
SQL: SELECT * FROM `article` WHERE ( cate_id=7  and is_checked=1 )  [ RunTime:0.0003s ]
SQL: SELECT * FROM `article` WHERE ( is_checked=1 ) ORDER BY click desc LIMIT 0,10   [ RunTime:0.0003s ]
SQL: SELECT * FROM `article` WHERE ( is_checked=1 ) ORDER BY cmt_num desc LIMIT 0,10   [ RunTime:0.0003s ]
INFO: [ view_parse ] --START--
INFO: [ template_filter ] --START--
INFO: Run Behavior\ContentReplaceBehavior [ RunTime:0.000053s ]
INFO: [ template_filter ] --END-- [ RunTime:0.000078s ]
ERR: syntax error, unexpected '}', expecting end of file

[ 2017-07-01T21:48:50+08:00 ] ::1 /news/index.php
INFO: [ app_init ] --START--
INFO: Run Behavior\BuildLiteBehavior [ RunTime:0.000010s ]
INFO: [ app_init ] --END-- [ RunTime:0.000631s ]
INFO: [ app_begin ] --START--
INFO: Run Behavior\ReadHtmlCacheBehavior [ RunTime:0.000575s ]
INFO: [ app_begin ] --END-- [ RunTime:0.000605s ]
SQL: SELECT * FROM `category`  [ RunTime:0.0003s ]
SQL: SELECT * FROM `article` WHERE ( cate_id=4  and is_checked=1 )  [ RunTime:0.0004s ]
SQL: SELECT * FROM `article` WHERE ( cate_id=5  and is_checked=1 )  [ RunTime:0.0003s ]
SQL: SELECT * FROM `article` WHERE ( cate_id=6  and is_checked=1 )  [ RunTime:0.0003s ]
SQL: SELECT * FROM `article` WHERE ( cate_id=7  and is_checked=1 )  [ RunTime:0.0002s ]
SQL: SELECT * FROM `article` WHERE ( is_checked=1 ) ORDER BY click desc LIMIT 0,10   [ RunTime:0.0003s ]
SQL: SELECT * FROM `article` WHERE ( is_checked=1 ) ORDER BY cmt_num desc LIMIT 0,10   [ RunTime:0.0003s ]
INFO: [ view_parse ] --START--
INFO: [ template_filter ] --START--
INFO: Run Behavior\ContentReplaceBehavior [ RunTime:0.000056s ]
INFO: [ template_filter ] --END-- [ RunTime:0.000085s ]
ERR: syntax error, unexpected '}', expecting end of file

[ 2017-07-01T21:49:36+08:00 ] ::1 /news/index.php
INFO: [ app_init ] --START--
INFO: Run Behavior\BuildLiteBehavior [ RunTime:0.000009s ]
INFO: [ app_init ] --END-- [ RunTime:0.000628s ]
INFO: [ app_begin ] --START--
INFO: Run Behavior\ReadHtmlCacheBehavior [ RunTime:0.000590s ]
INFO: [ app_begin ] --END-- [ RunTime:0.000621s ]
SQL: SELECT * FROM `category`  [ RunTime:0.0004s ]
SQL: SELECT * FROM `article` WHERE ( cate_id=4  and is_checked=1 )  [ RunTime:0.0006s ]
SQL: SELECT * FROM `article` WHERE ( cate_id=5  and is_checked=1 )  [ RunTime:0.0005s ]
SQL: SELECT * FROM `article` WHERE ( cate_id=6  and is_checked=1 )  [ RunTime:0.0004s ]
SQL: SELECT * FROM `article` WHERE ( cate_id=7  and is_checked=1 )  [ RunTime:0.0003s ]
SQL: SELECT * FROM `article` WHERE ( is_checked=1 ) ORDER BY click desc LIMIT 0,10   [ RunTime:0.0004s ]
SQL: SELECT * FROM `article` WHERE ( is_checked=1 ) ORDER BY cmt_num desc LIMIT 0,10   [ RunTime:0.0003s ]
INFO: [ view_parse ] --START--
INFO: [ template_filter ] --START--
INFO: Run Behavior\ContentReplaceBehavior [ RunTime:0.000060s ]
INFO: [ template_filter ] --END-- [ RunTime:0.000095s ]
ERR: syntax error, unexpected '}', expecting end of file

[ 2017-07-01T21:51:10+08:00 ] ::1 /news/index.php
INFO: [ app_init ] --START--
INFO: Run Behavior\BuildLiteBehavior [ RunTime:0.000008s ]
INFO: [ app_init ] --END-- [ RunTime:0.000586s ]
INFO: [ app_begin ] --START--
INFO: Run Behavior\ReadHtmlCacheBehavior [ RunTime:0.000644s ]
INFO: [ app_begin ] --END-- [ RunTime:0.000674s ]
SQL: SELECT * FROM `category`  [ RunTime:0.0003s ]
SQL: SELECT * FROM `article` WHERE ( cate_id=4  and is_checked=1 )  [ RunTime:0.0003s ]
SQL: SELECT * FROM `article` WHERE ( cate_id=5  and is_checked=1 )  [ RunTime:0.0003s ]
SQL: SELECT * FROM `article` WHERE ( cate_id=6  and is_checked=1 )  [ RunTime:0.0003s ]
SQL: SELECT * FROM `article` WHERE ( cate_id=7  and is_checked=1 )  [ RunTime:0.0003s ]
SQL: SELECT * FROM `article` WHERE ( is_checked=1 ) ORDER BY click desc LIMIT 0,10   [ RunTime:0.0003s ]
SQL: SELECT * FROM `article` WHERE ( is_checked=1 ) ORDER BY cmt_num desc LIMIT 0,10   [ RunTime:0.0003s ]
INFO: [ view_parse ] --START--
INFO: [ template_filter ] --START--
INFO: Run Behavior\ContentReplaceBehavior [ RunTime:0.000075s ]
INFO: [ template_filter ] --END-- [ RunTime:0.000132s ]
ERR: syntax error, unexpected '}', expecting end of file

[ 2017-07-01T21:56:48+08:00 ] ::1 /news/index.php
INFO: [ app_init ] --START--
INFO: Run Behavior\BuildLiteBehavior [ RunTime:0.000008s ]
INFO: [ app_init ] --END-- [ RunTime:0.000546s ]
INFO: [ app_begin ] --START--
INFO: Run Behavior\ReadHtmlCacheBehavior [ RunTime:0.000697s ]
INFO: [ app_begin ] --END-- [ RunTime:0.000727s ]
SQL: SELECT * FROM `category`  [ RunTime:0.0004s ]
SQL: SELECT * FROM `article` WHERE ( cate_id=4  and is_checked=1 )  [ RunTime:0.0005s ]
SQL: SELECT * FROM `article` WHERE ( cate_id=5  and is_checked=1 )  [ RunTime:0.0003s ]
SQL: SELECT * FROM `article` WHERE ( cate_id=6  and is_checked=1 )  [ RunTime:0.0003s ]
SQL: SELECT * FROM `article` WHERE ( cate_id=7  and is_checked=1 )  [ RunTime:0.0003s ]
SQL: SELECT * FROM `article` WHERE ( is_checked=1 ) ORDER BY click desc LIMIT 0,10   [ RunTime:0.0003s ]
SQL: SELECT * FROM `article` WHERE ( is_checked=1 ) ORDER BY cmt_num desc LIMIT 0,10   [ RunTime:0.0003s ]
INFO: [ view_parse ] --START--
INFO: [ template_filter ] --START--
INFO: Run Behavior\ContentReplaceBehavior [ RunTime:0.000056s ]
INFO: [ template_filter ] --END-- [ RunTime:0.000081s ]
NOTIC: [8] Undefined variable: cookie F:\www\news\application\Runtime\Cache\Home\0e9f9964b50249c273d1dbef3ee7dd51.php 第 35 行.
NOTIC: [8] Undefined variable: IP F:\www\news\application\Runtime\Cache\Home\0e9f9964b50249c273d1dbef3ee7dd51.php 第 231 行.
INFO: Run Behavior\ParseTemplateBehavior [ RunTime:0.007241s ]
INFO: [ view_parse ] --END-- [ RunTime:0.007267s ]
INFO: [ view_filter ] --START--
INFO: Run Behavior\WriteHtmlCacheBehavior [ RunTime:0.000577s ]
INFO: [ view_filter ] --END-- [ RunTime:0.000607s ]
INFO: [ app_end ] --START--
INFO: Run Behavior\ShowPageTraceBehavior [ RunTime:0.000718s ]
INFO: [ app_end ] --END-- [ RunTime:0.000753s ]

