[ 2017-07-07T08:37:54+08:00 ] ::1 /news/admin.php
INFO: [ app_init ] --START--
INFO: Run Behavior\BuildLiteBehavior [ RunTime:0.000000s ]
INFO: [ app_init ] --END-- [ RunTime:0.001000s ]
INFO: [ app_begin ] --START--
INFO: Run Behavior\ReadHtmlCacheBehavior [ RunTime:0.000000s ]
INFO: [ app_begin ] --END-- [ RunTime:0.000000s ]
INFO: [ view_parse ] --START--
INFO: [ template_filter ] --START--
INFO: Run Behavior\ContentReplaceBehavior [ RunTime:0.000000s ]
INFO: [ template_filter ] --END-- [ RunTime:0.000000s ]
NOTIC: [8] Undefined variable: session D:\www\news\application\Runtime\Cache\Admin\373bbcfeb28bdb18270c33d3fd1c0cf1.php 第 20 行.
INFO: Run Behavior\ParseTemplateBehavior [ RunTime:0.007000s ]
INFO: [ view_parse ] --END-- [ RunTime:0.007000s ]
INFO: [ view_filter ] --START--
INFO: Run Behavior\WriteHtmlCacheBehavior [ RunTime:0.000000s ]
INFO: [ view_filter ] --END-- [ RunTime:0.000000s ]
INFO: [ app_end ] --START--
INFO: Run Behavior\ShowPageTraceBehavior [ RunTime:0.000000s ]
INFO: [ app_end ] --END-- [ RunTime:0.000000s ]

[ 2017-07-07T08:37:56+08:00 ] ::1 /news/admin.php/Article/create
INFO: [ app_init ] --START--
INFO: Run Behavior\BuildLiteBehavior [ RunTime:0.000000s ]
INFO: [ app_init ] --END-- [ RunTime:0.000000s ]
INFO: [ app_begin ] --START--
INFO: Run Behavior\ReadHtmlCacheBehavior [ RunTime:0.001000s ]
INFO: [ app_begin ] --END-- [ RunTime:0.001000s ]
SQL: SELECT * FROM `category`  [ RunTime:0.0500s ]
SQL: SELECT * FROM `partner`  [ RunTime:0.0010s ]
INFO: [ view_parse ] --START--
INFO: [ template_filter ] --START--
INFO: Run Behavior\ContentReplaceBehavior [ RunTime:0.000000s ]
INFO: [ template_filter ] --END-- [ RunTime:0.000000s ]
NOTIC: [8] Undefined variable: session D:\www\news\application\Runtime\Cache\Admin\9f64657d84f21ed55e904f2fa87ba2d6.php 第 24 行.
INFO: Run Behavior\ParseTemplateBehavior [ RunTime:0.004000s ]
INFO: [ view_parse ] --END-- [ RunTime:0.004000s ]
INFO: [ view_filter ] --START--
INFO: Run Behavior\WriteHtmlCacheBehavior [ RunTime:0.000000s ]
INFO: [ view_filter ] --END-- [ RunTime:0.000000s ]
INFO: [ app_end ] --START--
INFO: Run Behavior\ShowPageTraceBehavior [ RunTime:0.001000s ]
INFO: [ app_end ] --END-- [ RunTime:0.001000s ]

[ 2017-07-07T08:38:26+08:00 ] ::1 /news/admin.php/Article/insert
INFO: [ app_init ] --START--
INFO: Run Behavior\BuildLiteBehavior [ RunTime:0.000000s ]
INFO: [ app_init ] --END-- [ RunTime:0.001000s ]
INFO: [ app_begin ] --START--
INFO: Run Behavior\ReadHtmlCacheBehavior [ RunTime:0.001000s ]
INFO: [ app_begin ] --END-- [ RunTime:0.001000s ]
ERR: 1364:Field 'add_time' doesn't have a default value
 [ SQL语句 ] : INSERT INTO `article` (`art_subject`,`cate_id`,`ptr_id`,`art_content`) VALUES ('今天天晴了','4','1','<p>今天天晴了</p>')
ERR: 1364:Field 'add_time' doesn't have a default value
 [ SQL语句 ] : INSERT INTO `article` (`art_subject`,`cate_id`,`ptr_id`,`art_content`) VALUES ('今天天晴了','4','1','<p>今天天晴了</p>')

[ 2017-07-07T08:39:45+08:00 ] ::1 /news/admin.php/Article/insert
INFO: [ app_init ] --START--
INFO: Run Behavior\BuildLiteBehavior [ RunTime:0.000000s ]
INFO: [ app_init ] --END-- [ RunTime:0.001000s ]
INFO: [ app_begin ] --START--
INFO: Run Behavior\ReadHtmlCacheBehavior [ RunTime:0.001000s ]
INFO: [ app_begin ] --END-- [ RunTime:0.001000s ]
ERR: 1364:Field 'admin_id' doesn't have a default value
 [ SQL语句 ] : INSERT INTO `article` (`art_subject`,`cate_id`,`ptr_id`,`art_content`,`add_time`) VALUES ('今天天晴了','4','1','<p>今天天晴了</p>','1499387985')
ERR: 1364:Field 'admin_id' doesn't have a default value
 [ SQL语句 ] : INSERT INTO `article` (`art_subject`,`cate_id`,`ptr_id`,`art_content`,`add_time`) VALUES ('今天天晴了','4','1','<p>今天天晴了</p>','1499387985')

[ 2017-07-07T08:40:24+08:00 ] ::1 /news/admin.php/Article/insert
INFO: [ app_init ] --START--
INFO: Run Behavior\BuildLiteBehavior [ RunTime:0.000000s ]
INFO: [ app_init ] --END-- [ RunTime:0.000000s ]
INFO: [ app_begin ] --START--
INFO: Run Behavior\ReadHtmlCacheBehavior [ RunTime:0.000000s ]
INFO: [ app_begin ] --END-- [ RunTime:0.000000s ]
ERR: 1364:Field 'filepath' doesn't have a default value
 [ SQL语句 ] : INSERT INTO `article` (`art_subject`,`cate_id`,`ptr_id`,`art_content`,`add_time`,`admin_id`) VALUES ('今天天晴了','4','1','<p>今天天晴了</p>','1499388024','1')
ERR: 1364:Field 'filepath' doesn't have a default value
 [ SQL语句 ] : INSERT INTO `article` (`art_subject`,`cate_id`,`ptr_id`,`art_content`,`add_time`,`admin_id`) VALUES ('今天天晴了','4','1','<p>今天天晴了</p>','1499388024','1')

[ 2017-07-07T08:53:43+08:00 ] ::1 /news/admin.php/Article/create
INFO: [ app_init ] --START--
INFO: Run Behavior\BuildLiteBehavior [ RunTime:0.000000s ]
INFO: [ app_init ] --END-- [ RunTime:0.001000s ]
INFO: [ app_begin ] --START--
INFO: Run Behavior\ReadHtmlCacheBehavior [ RunTime:0.001000s ]
INFO: [ app_begin ] --END-- [ RunTime:0.001000s ]
SQL: SELECT * FROM `category`  [ RunTime:0.0010s ]
SQL: SELECT * FROM `partner`  [ RunTime:0.0000s ]
INFO: [ view_parse ] --START--
INFO: [ template_filter ] --START--
INFO: Run Behavior\ContentReplaceBehavior [ RunTime:0.000000s ]
INFO: [ template_filter ] --END-- [ RunTime:0.000000s ]
NOTIC: [8] Undefined variable: session D:\www\news\application\Runtime\Cache\Admin\9f64657d84f21ed55e904f2fa87ba2d6.php 第 24 行.
INFO: Run Behavior\ParseTemplateBehavior [ RunTime:0.007000s ]
INFO: [ view_parse ] --END-- [ RunTime:0.007000s ]
INFO: [ view_filter ] --START--
INFO: Run Behavior\WriteHtmlCacheBehavior [ RunTime:0.000000s ]
INFO: [ view_filter ] --END-- [ RunTime:0.000000s ]
INFO: [ app_end ] --START--
INFO: Run Behavior\ShowPageTraceBehavior [ RunTime:0.001000s ]
INFO: [ app_end ] --END-- [ RunTime:0.001000s ]

[ 2017-07-07T08:54:06+08:00 ] ::1 /news/admin.php/Article/insert
INFO: [ app_init ] --START--
INFO: Run Behavior\BuildLiteBehavior [ RunTime:0.000000s ]
INFO: [ app_init ] --END-- [ RunTime:0.000000s ]
INFO: [ app_begin ] --START--
INFO: Run Behavior\ReadHtmlCacheBehavior [ RunTime:0.000000s ]
INFO: [ app_begin ] --END-- [ RunTime:0.000000s ]
NOTIC: [2] mkdir(): No such file or directory D:\www\news\application\Admin\Controller\ArticleController.class.php 第 34 行.
NOTIC: [2] file_get_contents(Public/template.html): failed to open stream: No such file or directory D:\www\news\application\Admin\Controller\ArticleController.class.php 第 39 行.
SQL: SELECT * FROM `partner` WHERE ( id='1' ) LIMIT 1   [ RunTime:0.0010s ]
SQL: INSERT INTO `article` (`art_subject`,`cate_id`,`ptr_id`,`art_content`,`add_time`,`admin_id`,`filepath`) VALUES ('今天天气不错','4','1','<p>今天天气不错</p>','1499388845','1','2017-07-07/e2723351c54d3a34bf5a4c7c6f095642.html') [ RunTime:0.2270s ]
INFO: [ view_parse ] --START--
INFO: [ template_filter ] --START--
INFO: Run Behavior\ContentReplaceBehavior [ RunTime:0.000000s ]
INFO: [ template_filter ] --END-- [ RunTime:0.000000s ]
INFO: Run Behavior\ParseTemplateBehavior [ RunTime:0.015000s ]
INFO: [ view_parse ] --END-- [ RunTime:0.015000s ]
INFO: [ view_filter ] --START--
INFO: Run Behavior\WriteHtmlCacheBehavior [ RunTime:0.001000s ]
INFO: [ view_filter ] --END-- [ RunTime:0.001000s ]
INFO: [ app_end ] --START--
INFO: Run Behavior\ShowPageTraceBehavior [ RunTime:0.002000s ]
INFO: [ app_end ] --END-- [ RunTime:0.002000s ]

[ 2017-07-07T08:54:11+08:00 ] ::1 /news/admin.php/Article/index
INFO: [ app_init ] --START--
INFO: Run Behavior\BuildLiteBehavior [ RunTime:0.000000s ]
INFO: [ app_init ] --END-- [ RunTime:0.001000s ]
INFO: [ app_begin ] --START--
INFO: Run Behavior\ReadHtmlCacheBehavior [ RunTime:0.001000s ]
INFO: [ app_begin ] --END-- [ RunTime:0.001000s ]
ERR: 非法操作:index

[ 2017-07-07T08:54:48+08:00 ] ::1 /news/admin.php/Article/index
INFO: [ app_init ] --START--
INFO: Run Behavior\BuildLiteBehavior [ RunTime:0.000000s ]
INFO: [ app_init ] --END-- [ RunTime:0.001000s ]
INFO: [ app_begin ] --START--
INFO: Run Behavior\ReadHtmlCacheBehavior [ RunTime:0.000000s ]
INFO: [ app_begin ] --END-- [ RunTime:0.000000s ]
ERR: 非法操作:index

[ 2017-07-07T08:54:50+08:00 ] ::1 /news/admin.php/Article/index
INFO: [ app_init ] --START--
INFO: Run Behavior\BuildLiteBehavior [ RunTime:0.000000s ]
INFO: [ app_init ] --END-- [ RunTime:0.001000s ]
INFO: [ app_begin ] --START--
INFO: Run Behavior\ReadHtmlCacheBehavior [ RunTime:0.001000s ]
INFO: [ app_begin ] --END-- [ RunTime:0.001000s ]
ERR: 非法操作:index

[ 2017-07-07T08:54:57+08:00 ] ::1 /news/admin.php/Article/index
INFO: [ app_init ] --START--
INFO: Run Behavior\BuildLiteBehavior [ RunTime:0.000000s ]
INFO: [ app_init ] --END-- [ RunTime:0.001000s ]
INFO: [ app_begin ] --START--
INFO: Run Behavior\ReadHtmlCacheBehavior [ RunTime:0.001000s ]
INFO: [ app_begin ] --END-- [ RunTime:0.001000s ]
ERR: 非法操作:index

[ 2017-07-07T08:55:02+08:00 ] ::1 /news/admin.php/Article/create
INFO: [ app_init ] --START--
INFO: Run Behavior\BuildLiteBehavior [ RunTime:0.000000s ]
INFO: [ app_init ] --END-- [ RunTime:0.000000s ]
INFO: [ app_begin ] --START--
INFO: Run Behavior\ReadHtmlCacheBehavior [ RunTime:0.001000s ]
INFO: [ app_begin ] --END-- [ RunTime:0.001000s ]
SQL: SELECT * FROM `category`  [ RunTime:0.0010s ]
SQL: SELECT * FROM `partner`  [ RunTime:0.0000s ]
INFO: [ view_parse ] --START--
INFO: [ template_filter ] --START--
INFO: Run Behavior\ContentReplaceBehavior [ RunTime:0.000000s ]
INFO: [ template_filter ] --END-- [ RunTime:0.000000s ]
NOTIC: [8] Undefined variable: session D:\www\news\application\Runtime\Cache\Admin\9f64657d84f21ed55e904f2fa87ba2d6.php 第 24 行.
INFO: Run Behavior\ParseTemplateBehavior [ RunTime:0.009000s ]
INFO: [ view_parse ] --END-- [ RunTime:0.009000s ]
INFO: [ view_filter ] --START--
INFO: Run Behavior\WriteHtmlCacheBehavior [ RunTime:0.000000s ]
INFO: [ view_filter ] --END-- [ RunTime:0.000000s ]
INFO: [ app_end ] --START--
INFO: Run Behavior\ShowPageTraceBehavior [ RunTime:0.001000s ]
INFO: [ app_end ] --END-- [ RunTime:0.001000s ]

[ 2017-07-07T08:55:10+08:00 ] ::1 /news/admin.php/Article/insert
INFO: [ app_init ] --START--
INFO: Run Behavior\BuildLiteBehavior [ RunTime:0.000000s ]
INFO: [ app_init ] --END-- [ RunTime:0.001000s ]
INFO: [ app_begin ] --START--
INFO: Run Behavior\ReadHtmlCacheBehavior [ RunTime:0.000000s ]
INFO: [ app_begin ] --END-- [ RunTime:0.000000s ]
NOTIC: [2] mkdir(): No such file or directory D:\www\news\application\Admin\Controller\ArticleController.class.php 第 34 行.
NOTIC: [2] file_get_contents(Public/template.html): failed to open stream: No such file or directory D:\www\news\application\Admin\Controller\ArticleController.class.php 第 39 行.
SQL: SELECT * FROM `partner` WHERE ( id='1' ) LIMIT 1   [ RunTime:0.0010s ]
SQL: INSERT INTO `article` (`art_subject`,`cate_id`,`ptr_id`,`art_content`,`add_time`,`admin_id`,`filepath`) VALUES ('今天天气不错','4','1','<p>今天天气不错</p>','1499388910','1','2017-07-07/dd130729f763032541a66625f7202fdf.html') [ RunTime:0.0830s ]
INFO: [ view_parse ] --START--
INFO: [ template_filter ] --START--
INFO: Run Behavior\ContentReplaceBehavior [ RunTime:0.000000s ]
INFO: [ template_filter ] --END-- [ RunTime:0.000000s ]
INFO: Run Behavior\ParseTemplateBehavior [ RunTime:0.016000s ]
INFO: [ view_parse ] --END-- [ RunTime:0.016000s ]
INFO: [ view_filter ] --START--
INFO: Run Behavior\WriteHtmlCacheBehavior [ RunTime:0.001000s ]
INFO: [ view_filter ] --END-- [ RunTime:0.001000s ]
INFO: [ app_end ] --START--
INFO: Run Behavior\ShowPageTraceBehavior [ RunTime:0.002000s ]
INFO: [ app_end ] --END-- [ RunTime:0.002000s ]

[ 2017-07-07T08:55:15+08:00 ] ::1 /news/admin.php/Article/listing
INFO: [ app_init ] --START--
INFO: Run Behavior\BuildLiteBehavior [ RunTime:0.001000s ]
INFO: [ app_init ] --END-- [ RunTime:0.001000s ]
INFO: [ app_begin ] --START--
INFO: Run Behavior\ReadHtmlCacheBehavior [ RunTime:0.001000s ]
INFO: [ app_begin ] --END-- [ RunTime:0.001000s ]
SQL: select art.id,art_subject,add_time,is_checked,filepath,ptr_name,cate_name,ptr_url,true_name from article as art left join category as c on cate_id=c.id  left join partner as p on ptr_id=p.id  left join admin as a on admin_id=a.id  [ RunTime:0.0040s ]
INFO: [ view_parse ] --START--
INFO: [ template_filter ] --START--
INFO: Run Behavior\ContentReplaceBehavior [ RunTime:0.000000s ]
INFO: [ template_filter ] --END-- [ RunTime:0.000000s ]
NOTIC: [8] Undefined variable: session D:\www\news\application\Runtime\Cache\Admin\8d84743535ae44234ad2d5c65187db58.php 第 61 行.
INFO: Run Behavior\ParseTemplateBehavior [ RunTime:0.006000s ]
INFO: [ view_parse ] --END-- [ RunTime:0.006000s ]
INFO: [ view_filter ] --START--
INFO: Run Behavior\WriteHtmlCacheBehavior [ RunTime:0.000000s ]
INFO: [ view_filter ] --END-- [ RunTime:0.000000s ]
INFO: [ app_end ] --START--
INFO: Run Behavior\ShowPageTraceBehavior [ RunTime:0.000000s ]
INFO: [ app_end ] --END-- [ RunTime:0.000000s ]

[ 2017-07-07T08:55:21+08:00 ] ::1 /news/admin.php/Article/checked/id/17
INFO: [ app_init ] --START--
INFO: Run Behavior\BuildLiteBehavior [ RunTime:0.000000s ]
INFO: [ app_init ] --END-- [ RunTime:0.001000s ]
INFO: [ app_begin ] --START--
INFO: Run Behavior\ReadHtmlCacheBehavior [ RunTime:0.000000s ]
INFO: [ app_begin ] --END-- [ RunTime:0.000000s ]
SQL: UPDATE `article` SET `is_checked`='1' WHERE ( id=17 ) [ RunTime:0.1530s ]
INFO: [ app_end ] --START--
INFO: Run Behavior\ShowPageTraceBehavior [ RunTime:0.001000s ]
INFO: [ app_end ] --END-- [ RunTime:0.001000s ]

[ 2017-07-07T08:55:22+08:00 ] ::1 /news/admin.php/Article/unchecked/id/17
INFO: [ app_init ] --START--
INFO: Run Behavior\BuildLiteBehavior [ RunTime:0.000000s ]
INFO: [ app_init ] --END-- [ RunTime:0.001000s ]
INFO: [ app_begin ] --START--
INFO: Run Behavior\ReadHtmlCacheBehavior [ RunTime:0.002000s ]
INFO: [ app_begin ] --END-- [ RunTime:0.002000s ]
SQL: UPDATE `article` SET `is_checked`='0' WHERE ( id=17 ) [ RunTime:0.0610s ]
INFO: [ app_end ] --START--
INFO: Run Behavior\ShowPageTraceBehavior [ RunTime:0.001000s ]
INFO: [ app_end ] --END-- [ RunTime:0.001000s ]

[ 2017-07-07T08:55:23+08:00 ] ::1 /news/admin.php/Article/checked/id/18
INFO: [ app_init ] --START--
INFO: Run Behavior\BuildLiteBehavior [ RunTime:0.000000s ]
INFO: [ app_init ] --END-- [ RunTime:0.000000s ]
INFO: [ app_begin ] --START--
INFO: Run Behavior\ReadHtmlCacheBehavior [ RunTime:0.001000s ]
INFO: [ app_begin ] --END-- [ RunTime:0.001000s ]
SQL: UPDATE `article` SET `is_checked`='1' WHERE ( id=18 ) [ RunTime:0.0920s ]
INFO: [ app_end ] --START--
INFO: Run Behavior\ShowPageTraceBehavior [ RunTime:0.002000s ]
INFO: [ app_end ] --END-- [ RunTime:0.002000s ]

[ 2017-07-07T08:55:23+08:00 ] ::1 /news/admin.php/Article/unchecked/id/18
INFO: [ app_init ] --START--
INFO: Run Behavior\BuildLiteBehavior [ RunTime:0.000000s ]
INFO: [ app_init ] --END-- [ RunTime:0.001000s ]
INFO: [ app_begin ] --START--
INFO: Run Behavior\ReadHtmlCacheBehavior [ RunTime:0.001000s ]
INFO: [ app_begin ] --END-- [ RunTime:0.001000s ]
SQL: UPDATE `article` SET `is_checked`='0' WHERE ( id=18 ) [ RunTime:0.0980s ]
INFO: [ app_end ] --START--
INFO: Run Behavior\ShowPageTraceBehavior [ RunTime:0.002000s ]
INFO: [ app_end ] --END-- [ RunTime:0.002000s ]

[ 2017-07-07T08:57:33+08:00 ] ::1 /news/admin.php/Article/listing
INFO: [ app_init ] --START--
INFO: Run Behavior\BuildLiteBehavior [ RunTime:0.000000s ]
INFO: [ app_init ] --END-- [ RunTime:0.001000s ]
INFO: [ app_begin ] --START--
INFO: Run Behavior\ReadHtmlCacheBehavior [ RunTime:0.000000s ]
INFO: [ app_begin ] --END-- [ RunTime:0.000000s ]
SQL: select art.id,art_subject,add_time,is_checked,filepath,ptr_name,cate_name,ptr_url,true_name from article as art left join category as c on cate_id=c.id  left join partner as p on ptr_id=p.id  left join admin as a on admin_id=a.id  [ RunTime:0.0020s ]
INFO: [ view_parse ] --START--
INFO: [ template_filter ] --START--
INFO: Run Behavior\ContentReplaceBehavior [ RunTime:0.000000s ]
INFO: [ template_filter ] --END-- [ RunTime:0.000000s ]
NOTIC: [8] Undefined variable: session D:\www\news\application\Runtime\Cache\Admin\8d84743535ae44234ad2d5c65187db58.php 第 61 行.
INFO: Run Behavior\ParseTemplateBehavior [ RunTime:0.006000s ]
INFO: [ view_parse ] --END-- [ RunTime:0.006000s ]
INFO: [ view_filter ] --START--
INFO: Run Behavior\WriteHtmlCacheBehavior [ RunTime:0.000000s ]
INFO: [ view_filter ] --END-- [ RunTime:0.000000s ]
INFO: [ app_end ] --START--
INFO: Run Behavior\ShowPageTraceBehavior [ RunTime:0.001000s ]
INFO: [ app_end ] --END-- [ RunTime:0.001000s ]

[ 2017-07-07T08:57:35+08:00 ] ::1 /news/admin.php/Article/create
INFO: [ app_init ] --START--
INFO: Run Behavior\BuildLiteBehavior [ RunTime:0.000000s ]
INFO: [ app_init ] --END-- [ RunTime:0.000000s ]
INFO: [ app_begin ] --START--
INFO: Run Behavior\ReadHtmlCacheBehavior [ RunTime:0.000000s ]
INFO: [ app_begin ] --END-- [ RunTime:0.000000s ]
SQL: SELECT * FROM `category`  [ RunTime:0.0010s ]
SQL: SELECT * FROM `partner`  [ RunTime:0.0010s ]
INFO: [ view_parse ] --START--
INFO: [ template_filter ] --START--
INFO: Run Behavior\ContentReplaceBehavior [ RunTime:0.000000s ]
INFO: [ template_filter ] --END-- [ RunTime:0.000000s ]
NOTIC: [8] Undefined variable: session D:\www\news\application\Runtime\Cache\Admin\9f64657d84f21ed55e904f2fa87ba2d6.php 第 24 行.
INFO: Run Behavior\ParseTemplateBehavior [ RunTime:0.012000s ]
INFO: [ view_parse ] --END-- [ RunTime:0.012000s ]
INFO: [ view_filter ] --START--
INFO: Run Behavior\WriteHtmlCacheBehavior [ RunTime:0.001000s ]
INFO: [ view_filter ] --END-- [ RunTime:0.001000s ]
INFO: [ app_end ] --START--
INFO: Run Behavior\ShowPageTraceBehavior [ RunTime:0.001000s ]
INFO: [ app_end ] --END-- [ RunTime:0.001000s ]

[ 2017-07-07T08:57:44+08:00 ] ::1 /news/admin.php/Article/insert
INFO: [ app_init ] --START--
INFO: Run Behavior\BuildLiteBehavior [ RunTime:0.000000s ]
INFO: [ app_init ] --END-- [ RunTime:0.001000s ]
INFO: [ app_begin ] --START--
INFO: Run Behavior\ReadHtmlCacheBehavior [ RunTime:0.000000s ]
INFO: [ app_begin ] --END-- [ RunTime:0.000000s ]
NOTIC: [2] mkdir(): No such file or directory D:\www\news\application\Admin\Controller\ArticleController.class.php 第 34 行.
NOTIC: [2] file_get_contents(Public/template.html): failed to open stream: No such file or directory D:\www\news\application\Admin\Controller\ArticleController.class.php 第 39 行.
SQL: SELECT * FROM `partner` WHERE ( id='1' ) LIMIT 1   [ RunTime:0.0010s ]
SQL: INSERT INTO `article` (`art_subject`,`cate_id`,`ptr_id`,`art_content`,`add_time`,`admin_id`,`filepath`) VALUES ('aa啊啊','1','1','<p>啊啊啊</p>','1499389064','1','2017-07-07/34687232a537f8ffe03a031905fcb05b.html') [ RunTime:0.0830s ]
INFO: [ view_parse ] --START--
INFO: [ template_filter ] --START--
INFO: Run Behavior\ContentReplaceBehavior [ RunTime:0.000000s ]
INFO: [ template_filter ] --END-- [ RunTime:0.000000s ]
INFO: Run Behavior\ParseTemplateBehavior [ RunTime:0.004000s ]
INFO: [ view_parse ] --END-- [ RunTime:0.004000s ]
INFO: [ view_filter ] --START--
INFO: Run Behavior\WriteHtmlCacheBehavior [ RunTime:0.001000s ]
INFO: [ view_filter ] --END-- [ RunTime:0.001000s ]
INFO: [ app_end ] --START--
INFO: Run Behavior\ShowPageTraceBehavior [ RunTime:0.000000s ]
INFO: [ app_end ] --END-- [ RunTime:0.000000s ]

[ 2017-07-07T08:57:49+08:00 ] ::1 /news/admin.php/Article/listing
INFO: [ app_init ] --START--
INFO: Run Behavior\BuildLiteBehavior [ RunTime:0.000000s ]
INFO: [ app_init ] --END-- [ RunTime:0.001000s ]
INFO: [ app_begin ] --START--
INFO: Run Behavior\ReadHtmlCacheBehavior [ RunTime:0.001000s ]
INFO: [ app_begin ] --END-- [ RunTime:0.001000s ]
SQL: select art.id,art_subject,add_time,is_checked,filepath,ptr_name,cate_name,ptr_url,true_name from article as art left join category as c on cate_id=c.id  left join partner as p on ptr_id=p.id  left join admin as a on admin_id=a.id  [ RunTime:0.0030s ]
INFO: [ view_parse ] --START--
INFO: [ template_filter ] --START--
INFO: Run Behavior\ContentReplaceBehavior [ RunTime:0.000000s ]
INFO: [ template_filter ] --END-- [ RunTime:0.000000s ]
NOTIC: [8] Undefined variable: session D:\www\news\application\Runtime\Cache\Admin\8d84743535ae44234ad2d5c65187db58.php 第 61 行.
INFO: Run Behavior\ParseTemplateBehavior [ RunTime:0.007000s ]
INFO: [ view_parse ] --END-- [ RunTime:0.007000s ]
INFO: [ view_filter ] --START--
INFO: Run Behavior\WriteHtmlCacheBehavior [ RunTime:0.000000s ]
INFO: [ view_filter ] --END-- [ RunTime:0.001000s ]
INFO: [ app_end ] --START--
INFO: Run Behavior\ShowPageTraceBehavior [ RunTime:0.001000s ]
INFO: [ app_end ] --END-- [ RunTime:0.001000s ]

[ 2017-07-07T08:58:08+08:00 ] ::1 /news/admin.php/Article/listing
INFO: [ app_init ] --START--
INFO: Run Behavior\BuildLiteBehavior [ RunTime:0.000000s ]
INFO: [ app_init ] --END-- [ RunTime:0.001000s ]
INFO: [ app_begin ] --START--
INFO: Run Behavior\ReadHtmlCacheBehavior [ RunTime:0.001000s ]
INFO: [ app_begin ] --END-- [ RunTime:0.001000s ]
SQL: select art.id,art_subject,add_time,is_checked,filepath,ptr_name,cate_name,ptr_url,true_name from article as art left join category as c on cate_id=c.id  left join partner as p on ptr_id=p.id  left join admin as a on admin_id=a.id  [ RunTime:0.0030s ]
INFO: [ view_parse ] --START--
INFO: [ template_filter ] --START--
INFO: Run Behavior\ContentReplaceBehavior [ RunTime:0.000000s ]
INFO: [ template_filter ] --END-- [ RunTime:0.000000s ]
NOTIC: [8] Undefined variable: session D:\www\news\application\Runtime\Cache\Admin\8d84743535ae44234ad2d5c65187db58.php 第 61 行.
INFO: Run Behavior\ParseTemplateBehavior [ RunTime:0.007000s ]
INFO: [ view_parse ] --END-- [ RunTime:0.007000s ]
INFO: [ view_filter ] --START--
INFO: Run Behavior\WriteHtmlCacheBehavior [ RunTime:0.001000s ]
INFO: [ view_filter ] --END-- [ RunTime:0.001000s ]
INFO: [ app_end ] --START--
INFO: Run Behavior\ShowPageTraceBehavior [ RunTime:0.001000s ]
INFO: [ app_end ] --END-- [ RunTime:0.001000s ]

[ 2017-07-07T08:58:10+08:00 ] ::1 /news/admin.php/Article/create
INFO: [ app_init ] --START--
INFO: Run Behavior\BuildLiteBehavior [ RunTime:0.000000s ]
INFO: [ app_init ] --END-- [ RunTime:0.001000s ]
INFO: [ app_begin ] --START--
INFO: Run Behavior\ReadHtmlCacheBehavior [ RunTime:0.001000s ]
INFO: [ app_begin ] --END-- [ RunTime:0.001000s ]
SQL: SELECT * FROM `category`  [ RunTime:0.0010s ]
SQL: SELECT * FROM `partner`  [ RunTime:0.0000s ]
INFO: [ view_parse ] --START--
INFO: [ template_filter ] --START--
INFO: Run Behavior\ContentReplaceBehavior [ RunTime:0.000000s ]
INFO: [ template_filter ] --END-- [ RunTime:0.000000s ]
NOTIC: [8] Undefined variable: session D:\www\news\application\Runtime\Cache\Admin\9f64657d84f21ed55e904f2fa87ba2d6.php 第 24 行.
INFO: Run Behavior\ParseTemplateBehavior [ RunTime:0.006000s ]
INFO: [ view_parse ] --END-- [ RunTime:0.006000s ]
INFO: [ view_filter ] --START--
INFO: Run Behavior\WriteHtmlCacheBehavior [ RunTime:0.000000s ]
INFO: [ view_filter ] --END-- [ RunTime:0.000000s ]
INFO: [ app_end ] --START--
INFO: Run Behavior\ShowPageTraceBehavior [ RunTime:0.001000s ]
INFO: [ app_end ] --END-- [ RunTime:0.001000s ]

[ 2017-07-07T08:58:18+08:00 ] ::1 /news/admin.php/Article/insert
INFO: [ app_init ] --START--
INFO: Run Behavior\BuildLiteBehavior [ RunTime:0.000000s ]
INFO: [ app_init ] --END-- [ RunTime:0.000000s ]
INFO: [ app_begin ] --START--
INFO: Run Behavior\ReadHtmlCacheBehavior [ RunTime:0.001000s ]
INFO: [ app_begin ] --END-- [ RunTime:0.001000s ]
NOTIC: [2] mkdir(): No such file or directory D:\www\news\application\Admin\Controller\ArticleController.class.php 第 34 行.
NOTIC: [2] file_get_contents(Public/template.html): failed to open stream: No such file or directory D:\www\news\application\Admin\Controller\ArticleController.class.php 第 39 行.
SQL: SELECT * FROM `partner` WHERE ( id='1' ) LIMIT 1   [ RunTime:0.0010s ]
SQL: INSERT INTO `article` (`art_subject`,`cate_id`,`ptr_id`,`art_content`,`add_time`,`admin_id`,`filepath`) VALUES ('bb八佰伴八佰伴','1','1','<p>&nbsp; 爸爸八佰伴八佰伴八佰伴八佰伴八佰伴</p>','1499389098','1','2017-07-07/288be905e5714ef87876516b438b729c.html') [ RunTime:0.0900s ]
INFO: [ app_end ] --START--
INFO: Run Behavior\ShowPageTraceBehavior [ RunTime:0.001000s ]
INFO: [ app_end ] --END-- [ RunTime:0.001000s ]

[ 2017-07-07T08:58:54+08:00 ] ::1 /news/admin.php/Article/insert
INFO: [ app_init ] --START--
INFO: Run Behavior\BuildLiteBehavior [ RunTime:0.000000s ]
INFO: [ app_init ] --END-- [ RunTime:0.000000s ]
INFO: [ app_begin ] --START--
INFO: Run Behavior\ReadHtmlCacheBehavior [ RunTime:0.001000s ]
INFO: [ app_begin ] --END-- [ RunTime:0.001000s ]
NOTIC: [2] mkdir(): No such file or directory D:\www\news\application\Admin\Controller\ArticleController.class.php 第 35 行.
NOTIC: [2] file_get_contents(Public/template.html): failed to open stream: No such file or directory D:\www\news\application\Admin\Controller\ArticleController.class.php 第 40 行.
SQL: SELECT * FROM `partner` WHERE ( id='1' ) LIMIT 1   [ RunTime:0.0000s ]
SQL: INSERT INTO `article` (`art_subject`,`cate_id`,`ptr_id`,`art_content`,`add_time`,`admin_id`,`filepath`) VALUES ('bb八佰伴八佰伴','1','1','<p>&nbsp; 爸爸八佰伴八佰伴八佰伴八佰伴八佰伴</p>','1499389134','1','2017-07-07/4188b3020aba3577effba5700be1b476.html') [ RunTime:0.0840s ]
INFO: [ app_end ] --START--
INFO: Run Behavior\ShowPageTraceBehavior [ RunTime:0.001000s ]
INFO: [ app_end ] --END-- [ RunTime:0.001000s ]

[ 2017-07-07T08:59:13+08:00 ] ::1 /news/admin.php/Article/insert
INFO: [ app_init ] --START--
INFO: Run Behavior\BuildLiteBehavior [ RunTime:0.000000s ]
INFO: [ app_init ] --END-- [ RunTime:0.001000s ]
INFO: [ app_begin ] --START--
INFO: Run Behavior\ReadHtmlCacheBehavior [ RunTime:0.000000s ]
INFO: [ app_begin ] --END-- [ RunTime:0.001000s ]
NOTIC: [2] mkdir(): No such file or directory D:\www\news\application\Admin\Controller\ArticleController.class.php 第 35 行.
NOTIC: [2] file_get_contents(Public/template.html): failed to open stream: No such file or directory D:\www\news\application\Admin\Controller\ArticleController.class.php 第 40 行.
SQL: SELECT * FROM `partner` WHERE ( id='1' ) LIMIT 1   [ RunTime:0.0010s ]
SQL: INSERT INTO `article` (`art_subject`,`cate_id`,`ptr_id`,`art_content`,`add_time`,`admin_id`,`filepath`) VALUES ('bb八佰伴八佰伴','1','1','<p>&nbsp; 爸爸八佰伴八佰伴八佰伴八佰伴八佰伴</p>','1499389153','1','2017-07-07/4ed565d96757c264413626c37f78cbe6.html') [ RunTime:0.0980s ]
INFO: [ app_end ] --START--
INFO: Run Behavior\ShowPageTraceBehavior [ RunTime:0.001000s ]
INFO: [ app_end ] --END-- [ RunTime:0.001000s ]

[ 2017-07-07T09:00:02+08:00 ] ::1 /news/admin.php/Article/insert
INFO: [ app_init ] --START--
INFO: Run Behavior\BuildLiteBehavior [ RunTime:0.000000s ]
INFO: [ app_init ] --END-- [ RunTime:0.001000s ]
INFO: [ app_begin ] --START--
INFO: Run Behavior\ReadHtmlCacheBehavior [ RunTime:0.001000s ]
INFO: [ app_begin ] --END-- [ RunTime:0.001000s ]
NOTIC: [2] mkdir(): No such file or directory D:\www\news\application\Admin\Controller\ArticleController.class.php 第 35 行.
NOTIC: [2] file_get_contents(Public/template.html): failed to open stream: No such file or directory D:\www\news\application\Admin\Controller\ArticleController.class.php 第 41 行.
SQL: SELECT * FROM `partner` WHERE ( id='1' ) LIMIT 1   [ RunTime:0.0010s ]
SQL: INSERT INTO `article` (`art_subject`,`cate_id`,`ptr_id`,`art_content`,`add_time`,`admin_id`,`filepath`) VALUES ('bb八佰伴八佰伴','1','1','<p>&nbsp; 爸爸八佰伴八佰伴八佰伴八佰伴八佰伴</p>','1499389201','1','2017-07-07/3b4ac2dd4a94fb1f58b950c98769160e.html') [ RunTime:0.1820s ]
INFO: [ app_end ] --START--
INFO: Run Behavior\ShowPageTraceBehavior [ RunTime:0.002000s ]
INFO: [ app_end ] --END-- [ RunTime:0.002000s ]

[ 2017-07-07T09:00:44+08:00 ] ::1 /news/admin.php/Article/insert
INFO: [ app_init ] --START--
INFO: Run Behavior\BuildLiteBehavior [ RunTime:0.000000s ]
INFO: [ app_init ] --END-- [ RunTime:0.001000s ]
INFO: [ app_begin ] --START--
INFO: Run Behavior\ReadHtmlCacheBehavior [ RunTime:0.001000s ]
INFO: [ app_begin ] --END-- [ RunTime:0.001000s ]
NOTIC: [2] mkdir(): No such file or directory D:\www\news\application\Admin\Controller\ArticleController.class.php 第 35 行.
NOTIC: [2] file_get_contents(../Public/template.html): failed to open stream: No such file or directory D:\www\news\application\Admin\Controller\ArticleController.class.php 第 41 行.
SQL: SELECT * FROM `partner` WHERE ( id='1' ) LIMIT 1   [ RunTime:0.0010s ]
SQL: INSERT INTO `article` (`art_subject`,`cate_id`,`ptr_id`,`art_content`,`add_time`,`admin_id`,`filepath`) VALUES ('bb八佰伴八佰伴','1','1','<p>&nbsp; 爸爸八佰伴八佰伴八佰伴八佰伴八佰伴</p>','1499389244','1','2017-07-07/6ea1c08f10a4009eadcd1dfaa8b31d24.html') [ RunTime:0.0720s ]
INFO: [ app_end ] --START--
INFO: Run Behavior\ShowPageTraceBehavior [ RunTime:0.001000s ]
INFO: [ app_end ] --END-- [ RunTime:0.001000s ]

[ 2017-07-07T09:01:13+08:00 ] ::1 /news/admin.php/Article/insert
INFO: [ app_init ] --START--
INFO: Run Behavior\BuildLiteBehavior [ RunTime:0.000000s ]
INFO: [ app_init ] --END-- [ RunTime:0.001000s ]
INFO: [ app_begin ] --START--
INFO: Run Behavior\ReadHtmlCacheBehavior [ RunTime:0.001000s ]
INFO: [ app_begin ] --END-- [ RunTime:0.001000s ]
NOTIC: [2] mkdir(): No such file or directory D:\www\news\application\Admin\Controller\ArticleController.class.php 第 35 行.
NOTIC: [2] file_get_contents(../Public/template.html): failed to open stream: No such file or directory D:\www\news\application\Admin\Controller\ArticleController.class.php 第 41 行.
SQL: SELECT * FROM `partner` WHERE ( id='1' ) LIMIT 1   [ RunTime:0.0010s ]
SQL: INSERT INTO `article` (`art_subject`,`cate_id`,`ptr_id`,`art_content`,`add_time`,`admin_id`,`filepath`) VALUES ('bb八佰伴八佰伴','1','1','<p>&nbsp; 爸爸八佰伴八佰伴八佰伴八佰伴八佰伴</p>','1499389273','1','2017-07-07/5dd2ec05bd21b7f8e2b110b2247fed98.html') [ RunTime:0.0900s ]
INFO: [ app_end ] --START--
INFO: Run Behavior\ShowPageTraceBehavior [ RunTime:0.001000s ]
INFO: [ app_end ] --END-- [ RunTime:0.001000s ]

[ 2017-07-07T09:01:55+08:00 ] ::1 /news/admin.php/Article/insert
INFO: [ app_init ] --START--
INFO: Run Behavior\BuildLiteBehavior [ RunTime:0.000000s ]
INFO: [ app_init ] --END-- [ RunTime:0.001000s ]
INFO: [ app_begin ] --START--
INFO: Run Behavior\ReadHtmlCacheBehavior [ RunTime:0.001000s ]
INFO: [ app_begin ] --END-- [ RunTime:0.001000s ]
NOTIC: [2] mkdir(): No such file or directory D:\www\news\application\Admin\Controller\ArticleController.class.php 第 35 行.
NOTIC: [2] file_get_contents(__ROOT__/Public/template.html): failed to open stream: No such file or directory D:\www\news\application\Admin\Controller\ArticleController.class.php 第 41 行.
SQL: SELECT * FROM `partner` WHERE ( id='1' ) LIMIT 1   [ RunTime:0.0010s ]
SQL: INSERT INTO `article` (`art_subject`,`cate_id`,`ptr_id`,`art_content`,`add_time`,`admin_id`,`filepath`) VALUES ('bb八佰伴八佰伴','1','1','<p>&nbsp; 爸爸八佰伴八佰伴八佰伴八佰伴八佰伴</p>','1499389315','1','2017-07-07/a44324cca49473ac645c4d798b2a7366.html') [ RunTime:0.0810s ]
INFO: [ app_end ] --START--
INFO: Run Behavior\ShowPageTraceBehavior [ RunTime:0.002000s ]
INFO: [ app_end ] --END-- [ RunTime:0.002000s ]

[ 2017-07-07T09:04:37+08:00 ] ::1 /news/admin.php/Article/insert
INFO: [ app_init ] --START--
INFO: Run Behavior\BuildLiteBehavior [ RunTime:0.000000s ]
INFO: [ app_init ] --END-- [ RunTime:0.001000s ]
INFO: [ app_begin ] --START--
INFO: Run Behavior\ReadHtmlCacheBehavior [ RunTime:0.001000s ]
INFO: [ app_begin ] --END-- [ RunTime:0.001000s ]
NOTIC: [2] mkdir(): No such file or directory D:\www\news\application\Admin\Controller\ArticleController.class.php 第 35 行.
NOTIC: [2] file_get_contents(Public:template): failed to open stream: No such file or directory D:\www\news\application\Admin\Controller\ArticleController.class.php 第 41 行.
SQL: SELECT * FROM `partner` WHERE ( id='1' ) LIMIT 1   [ RunTime:0.0010s ]
SQL: INSERT INTO `article` (`art_subject`,`cate_id`,`ptr_id`,`art_content`,`add_time`,`admin_id`,`filepath`) VALUES ('bb八佰伴八佰伴','1','1','<p>&nbsp; 爸爸八佰伴八佰伴八佰伴八佰伴八佰伴</p>','1499389477','1','2017-07-07/2361d5f016bff0fb41d6544715c0bd92.html') [ RunTime:0.0650s ]
INFO: [ app_end ] --START--
INFO: Run Behavior\ShowPageTraceBehavior [ RunTime:0.002000s ]
INFO: [ app_end ] --END-- [ RunTime:0.002000s ]

[ 2017-07-07T09:04:42+08:00 ] ::1 /news/admin.php/Article/insert
INFO: [ app_init ] --START--
INFO: Run Behavior\BuildLiteBehavior [ RunTime:0.001000s ]
INFO: [ app_init ] --END-- [ RunTime:0.001000s ]
INFO: [ app_begin ] --START--
INFO: Run Behavior\ReadHtmlCacheBehavior [ RunTime:0.001000s ]
INFO: [ app_begin ] --END-- [ RunTime:0.001000s ]
NOTIC: [2] mkdir(): No such file or directory D:\www\news\application\Admin\Controller\ArticleController.class.php 第 35 行.
NOTIC: [2] file_get_contents(Public:template): failed to open stream: No such file or directory D:\www\news\application\Admin\Controller\ArticleController.class.php 第 41 行.
SQL: SELECT * FROM `partner` WHERE ( id='1' ) LIMIT 1   [ RunTime:0.0010s ]
SQL: INSERT INTO `article` (`art_subject`,`cate_id`,`ptr_id`,`art_content`,`add_time`,`admin_id`,`filepath`) VALUES ('bb八佰伴八佰伴','1','1','<p>&nbsp; 爸爸八佰伴八佰伴八佰伴八佰伴八佰伴</p>','1499389482','1','2017-07-07/e95bbee4bd6a143a7200c85ca39d7b86.html') [ RunTime:0.0730s ]
INFO: [ app_end ] --START--
INFO: Run Behavior\ShowPageTraceBehavior [ RunTime:0.001000s ]
INFO: [ app_end ] --END-- [ RunTime:0.001000s ]

[ 2017-07-07T09:28:17+08:00 ] ::1 /news/admin.php/Article/insert
INFO: [ app_init ] --START--
INFO: Run Behavior\BuildLiteBehavior [ RunTime:0.000000s ]
INFO: [ app_init ] --END-- [ RunTime:0.001000s ]
INFO: [ app_begin ] --START--
INFO: Run Behavior\ReadHtmlCacheBehavior [ RunTime:0.001000s ]
INFO: [ app_begin ] --END-- [ RunTime:0.001000s ]
NOTIC: [2] mkdir(): No such file or directory D:\www\news\application\Admin\Controller\ArticleController.class.php 第 35 行.
NOTIC: [2] file_get_contents(__ROOT__/public/template.html): failed to open stream: No such file or directory D:\www\news\application\Admin\Controller\ArticleController.class.php 第 41 行.
SQL: SELECT * FROM `partner` WHERE ( id='1' ) LIMIT 1   [ RunTime:0.0020s ]
SQL: INSERT INTO `article` (`art_subject`,`cate_id`,`ptr_id`,`art_content`,`add_time`,`admin_id`,`filepath`) VALUES ('bb八佰伴八佰伴','1','1','<p>&nbsp; 爸爸八佰伴八佰伴八佰伴八佰伴八佰伴</p>','1499390896','1','2017-07-07/73f473edb6a141f52c1b45872e8d48ce.html') [ RunTime:0.0890s ]
INFO: [ app_end ] --START--
INFO: Run Behavior\ShowPageTraceBehavior [ RunTime:0.001000s ]
INFO: [ app_end ] --END-- [ RunTime:0.001000s ]

[ 2017-07-07T09:29:50+08:00 ] ::1 /news/admin.php/Article/insert
INFO: [ app_init ] --START--
INFO: Run Behavior\BuildLiteBehavior [ RunTime:0.000000s ]
INFO: [ app_init ] --END-- [ RunTime:0.001000s ]
INFO: [ app_begin ] --START--
INFO: Run Behavior\ReadHtmlCacheBehavior [ RunTime:0.000000s ]
INFO: [ app_begin ] --END-- [ RunTime:0.000000s ]
NOTIC: [2] mkdir(): No such file or directory D:\www\news\application\Admin\Controller\ArticleController.class.php 第 35 行.
NOTIC: [2] file_get_contents(__ROOT__/public/css/admin.css): failed to open stream: No such file or directory D:\www\news\application\Admin\Controller\ArticleController.class.php 第 41 行.
SQL: SELECT * FROM `partner` WHERE ( id='1' ) LIMIT 1   [ RunTime:0.0010s ]
SQL: INSERT INTO `article` (`art_subject`,`cate_id`,`ptr_id`,`art_content`,`add_time`,`admin_id`,`filepath`) VALUES ('bb八佰伴八佰伴','1','1','<p>&nbsp; 爸爸八佰伴八佰伴八佰伴八佰伴八佰伴</p>','1499390990','1','2017-07-07/1bf611f156c1d4e4cf7a53d11ddf55b2.html') [ RunTime:0.0970s ]
INFO: [ app_end ] --START--
INFO: Run Behavior\ShowPageTraceBehavior [ RunTime:0.002000s ]
INFO: [ app_end ] --END-- [ RunTime:0.002000s ]

[ 2017-07-07T09:30:50+08:00 ] ::1 /news/admin.php/Article/insert
INFO: [ app_init ] --START--
INFO: Run Behavior\BuildLiteBehavior [ RunTime:0.000000s ]
INFO: [ app_init ] --END-- [ RunTime:0.001000s ]
INFO: [ app_begin ] --START--
INFO: Run Behavior\ReadHtmlCacheBehavior [ RunTime:0.001000s ]
INFO: [ app_begin ] --END-- [ RunTime:0.002000s ]
NOTIC: [2] mkdir(): No such file or directory D:\www\news\application\Admin\Controller\ArticleController.class.php 第 35 行.
SQL: SELECT * FROM `partner` WHERE ( id='1' ) LIMIT 1   [ RunTime:0.0000s ]
SQL: INSERT INTO `article` (`art_subject`,`cate_id`,`ptr_id`,`art_content`,`add_time`,`admin_id`,`filepath`) VALUES ('bb八佰伴八佰伴','1','1','<p>&nbsp; 爸爸八佰伴八佰伴八佰伴八佰伴八佰伴</p>','1499391050','1','2017-07-07/b09ce5462204f48800f25e9f88f1c0e5.html') [ RunTime:0.0950s ]
INFO: [ app_end ] --START--
INFO: Run Behavior\ShowPageTraceBehavior [ RunTime:0.002000s ]
INFO: [ app_end ] --END-- [ RunTime:0.002000s ]

[ 2017-07-07T09:32:34+08:00 ] ::1 /news/admin.php/Article/insert
INFO: [ app_init ] --START--
INFO: Run Behavior\BuildLiteBehavior [ RunTime:0.000000s ]
INFO: [ app_init ] --END-- [ RunTime:0.001000s ]
INFO: [ app_begin ] --START--
INFO: Run Behavior\ReadHtmlCacheBehavior [ RunTime:0.001000s ]
INFO: [ app_begin ] --END-- [ RunTime:0.001000s ]
NOTIC: [2] mkdir(): No such file or directory D:\www\news\application\Admin\Controller\ArticleController.class.php 第 35 行.
NOTIC: [2] file_get_contents(admin.php/public/template.html): failed to open stream: No such file or directory D:\www\news\application\Admin\Controller\ArticleController.class.php 第 41 行.
SQL: SELECT * FROM `partner` WHERE ( id='1' ) LIMIT 1   [ RunTime:0.0010s ]
SQL: INSERT INTO `article` (`art_subject`,`cate_id`,`ptr_id`,`art_content`,`add_time`,`admin_id`,`filepath`) VALUES ('bb八佰伴八佰伴','1','1','<p>&nbsp; 爸爸八佰伴八佰伴八佰伴八佰伴八佰伴</p>','1499391154','1','2017-07-07/0217766bb209b75eb628be54e8236353.html') [ RunTime:0.0860s ]
INFO: [ app_end ] --START--
INFO: Run Behavior\ShowPageTraceBehavior [ RunTime:0.001000s ]
INFO: [ app_end ] --END-- [ RunTime:0.001000s ]

[ 2017-07-07T09:33:08+08:00 ] ::1 /news/admin.php/Article/insert
INFO: [ app_init ] --START--
INFO: Run Behavior\BuildLiteBehavior [ RunTime:0.000000s ]
INFO: [ app_init ] --END-- [ RunTime:0.000000s ]
INFO: [ app_begin ] --START--
INFO: Run Behavior\ReadHtmlCacheBehavior [ RunTime:0.000000s ]
INFO: [ app_begin ] --END-- [ RunTime:0.000000s ]
NOTIC: [2] mkdir(): No such file or directory D:\www\news\application\Admin\Controller\ArticleController.class.php 第 35 行.
NOTIC: [2] file_get_contents(admin.php/Public/template.html): failed to open stream: No such file or directory D:\www\news\application\Admin\Controller\ArticleController.class.php 第 41 行.
SQL: SELECT * FROM `partner` WHERE ( id='1' ) LIMIT 1   [ RunTime:0.0000s ]
SQL: INSERT INTO `article` (`art_subject`,`cate_id`,`ptr_id`,`art_content`,`add_time`,`admin_id`,`filepath`) VALUES ('bb八佰伴八佰伴','1','1','<p>&nbsp; 爸爸八佰伴八佰伴八佰伴八佰伴八佰伴</p>','1499391188','1','2017-07-07/6773f0888e70b9b2324d6a21c14595aa.html') [ RunTime:0.0760s ]
INFO: [ app_end ] --START--
INFO: Run Behavior\ShowPageTraceBehavior [ RunTime:0.001000s ]
INFO: [ app_end ] --END-- [ RunTime:0.001000s ]

[ 2017-07-07T09:33:24+08:00 ] ::1 /news/admin.php/Article/insert
INFO: [ app_init ] --START--
INFO: Run Behavior\BuildLiteBehavior [ RunTime:0.000000s ]
INFO: [ app_init ] --END-- [ RunTime:0.001000s ]
INFO: [ app_begin ] --START--
INFO: Run Behavior\ReadHtmlCacheBehavior [ RunTime:0.001000s ]
INFO: [ app_begin ] --END-- [ RunTime:0.001000s ]
NOTIC: [2] mkdir(): No such file or directory D:\www\news\application\Admin\Controller\ArticleController.class.php 第 35 行.
NOTIC: [2] file_get_contents(admin.php/Public/template): failed to open stream: No such file or directory D:\www\news\application\Admin\Controller\ArticleController.class.php 第 41 行.
SQL: SELECT * FROM `partner` WHERE ( id='1' ) LIMIT 1   [ RunTime:0.0000s ]
SQL: INSERT INTO `article` (`art_subject`,`cate_id`,`ptr_id`,`art_content`,`add_time`,`admin_id`,`filepath`) VALUES ('bb八佰伴八佰伴','1','1','<p>&nbsp; 爸爸八佰伴八佰伴八佰伴八佰伴八佰伴</p>','1499391204','1','2017-07-07/cee878501f9b8e8ad302e1d62228d6d1.html') [ RunTime:0.0870s ]
INFO: [ app_end ] --START--
INFO: Run Behavior\ShowPageTraceBehavior [ RunTime:0.000000s ]
INFO: [ app_end ] --END-- [ RunTime:0.000000s ]

[ 2017-07-07T19:22:27+08:00 ] ::1 /news/admin.php
INFO: [ app_init ] --START--
INFO: Run Behavior\BuildLiteBehavior [ RunTime:0.000000s ]
INFO: [ app_init ] --END-- [ RunTime:0.000000s ]
INFO: [ app_begin ] --START--
INFO: Run Behavior\ReadHtmlCacheBehavior [ RunTime:0.001000s ]
INFO: [ app_begin ] --END-- [ RunTime:0.001000s ]
INFO: [ view_parse ] --START--
INFO: [ template_filter ] --START--
INFO: Run Behavior\ContentReplaceBehavior [ RunTime:0.000000s ]
INFO: [ template_filter ] --END-- [ RunTime:0.000000s ]
NOTIC: [8] Undefined variable: session D:\www\news\application\Runtime\Cache\Admin\373bbcfeb28bdb18270c33d3fd1c0cf1.php 第 20 行.
INFO: Run Behavior\ParseTemplateBehavior [ RunTime:0.005000s ]
INFO: [ view_parse ] --END-- [ RunTime:0.005000s ]
INFO: [ view_filter ] --START--
INFO: Run Behavior\WriteHtmlCacheBehavior [ RunTime:0.000000s ]
INFO: [ view_filter ] --END-- [ RunTime:0.000000s ]
INFO: [ app_end ] --START--
INFO: Run Behavior\ShowPageTraceBehavior [ RunTime:0.001000s ]
INFO: [ app_end ] --END-- [ RunTime:0.001000s ]

[ 2017-07-07T19:22:33+08:00 ] ::1 /news/admin.php/Article/listing
INFO: [ app_init ] --START--
INFO: Run Behavior\BuildLiteBehavior [ RunTime:0.000000s ]
INFO: [ app_init ] --END-- [ RunTime:0.000000s ]
INFO: [ app_begin ] --START--
INFO: Run Behavior\ReadHtmlCacheBehavior [ RunTime:0.001000s ]
INFO: [ app_begin ] --END-- [ RunTime:0.001000s ]
SQL: select art.id,art_subject,add_time,is_checked,filepath,ptr_name,cate_name,ptr_url,true_name from article as art left join category as c on cate_id=c.id  left join partner as p on ptr_id=p.id  left join admin as a on admin_id=a.id  [ RunTime:0.0010s ]
INFO: [ view_parse ] --START--
INFO: [ template_filter ] --START--
INFO: Run Behavior\ContentReplaceBehavior [ RunTime:0.000000s ]
INFO: [ template_filter ] --END-- [ RunTime:0.000000s ]
NOTIC: [8] Undefined variable: session D:\www\news\application\Runtime\Cache\Admin\8d84743535ae44234ad2d5c65187db58.php 第 61 行.
INFO: Run Behavior\ParseTemplateBehavior [ RunTime:0.006000s ]
INFO: [ view_parse ] --END-- [ RunTime:0.006000s ]
INFO: [ view_filter ] --START--
INFO: Run Behavior\WriteHtmlCacheBehavior [ RunTime:0.000000s ]
INFO: [ view_filter ] --END-- [ RunTime:0.000000s ]
INFO: [ app_end ] --START--
INFO: Run Behavior\ShowPageTraceBehavior [ RunTime:0.001000s ]
INFO: [ app_end ] --END-- [ RunTime:0.001000s ]

[ 2017-07-07T19:22:38+08:00 ] ::1 /news/admin.php/Article/checked/id/27
INFO: [ app_init ] --START--
INFO: Run Behavior\BuildLiteBehavior [ RunTime:0.000000s ]
INFO: [ app_init ] --END-- [ RunTime:0.000000s ]
INFO: [ app_begin ] --START--
INFO: Run Behavior\ReadHtmlCacheBehavior [ RunTime:0.001000s ]
INFO: [ app_begin ] --END-- [ RunTime:0.001000s ]
SQL: UPDATE `article` SET `is_checked`='1' WHERE ( id=27 ) [ RunTime:0.1110s ]
INFO: [ app_end ] --START--
INFO: Run Behavior\ShowPageTraceBehavior [ RunTime:0.001000s ]
INFO: [ app_end ] --END-- [ RunTime:0.001000s ]

[ 2017-07-07T19:22:39+08:00 ] ::1 /news/admin.php/Article/unchecked/id/27
INFO: [ app_init ] --START--
INFO: Run Behavior\BuildLiteBehavior [ RunTime:0.000000s ]
INFO: [ app_init ] --END-- [ RunTime:0.000000s ]
INFO: [ app_begin ] --START--
INFO: Run Behavior\ReadHtmlCacheBehavior [ RunTime:0.001000s ]
INFO: [ app_begin ] --END-- [ RunTime:0.001000s ]
SQL: UPDATE `article` SET `is_checked`='0' WHERE ( id=27 ) [ RunTime:0.1020s ]
INFO: [ app_end ] --START--
INFO: Run Behavior\ShowPageTraceBehavior [ RunTime:0.001000s ]
INFO: [ app_end ] --END-- [ RunTime:0.002000s ]

[ 2017-07-07T19:22:51+08:00 ] ::1 /news/admin.php/Article/create
INFO: [ app_init ] --START--
INFO: Run Behavior\BuildLiteBehavior [ RunTime:0.000000s ]
INFO: [ app_init ] --END-- [ RunTime:0.001000s ]
INFO: [ app_begin ] --START--
INFO: Run Behavior\ReadHtmlCacheBehavior [ RunTime:0.001000s ]
INFO: [ app_begin ] --END-- [ RunTime:0.001000s ]
SQL: SELECT * FROM `category`  [ RunTime:0.0000s ]
SQL: SELECT * FROM `partner`  [ RunTime:0.0010s ]
INFO: [ view_parse ] --START--
INFO: [ template_filter ] --START--
INFO: Run Behavior\ContentReplaceBehavior [ RunTime:0.000000s ]
INFO: [ template_filter ] --END-- [ RunTime:0.000000s ]
NOTIC: [8] Undefined variable: session D:\www\news\application\Runtime\Cache\Admin\9f64657d84f21ed55e904f2fa87ba2d6.php 第 24 行.
INFO: Run Behavior\ParseTemplateBehavior [ RunTime:0.009000s ]
INFO: [ view_parse ] --END-- [ RunTime:0.009000s ]
INFO: [ view_filter ] --START--
INFO: Run Behavior\WriteHtmlCacheBehavior [ RunTime:0.000000s ]
INFO: [ view_filter ] --END-- [ RunTime:0.000000s ]
INFO: [ app_end ] --START--
INFO: Run Behavior\ShowPageTraceBehavior [ RunTime:0.000000s ]
INFO: [ app_end ] --END-- [ RunTime:0.000000s ]

[ 2017-07-07T19:26:55+08:00 ] ::1 /news/admin.php/Article/insert
INFO: [ app_init ] --START--
INFO: Run Behavior\BuildLiteBehavior [ RunTime:0.000000s ]
INFO: [ app_init ] --END-- [ RunTime:0.001000s ]
INFO: [ app_begin ] --START--
INFO: Run Behavior\ReadHtmlCacheBehavior [ RunTime:0.000000s ]
INFO: [ app_begin ] --END-- [ RunTime:0.000000s ]
NOTIC: [2] mkdir(): No such file or directory D:\www\news\application\Admin\Controller\ArticleController.class.php 第 35 行.
NOTIC: [2] file_get_contents(../View/Public/template.html): failed to open stream: No such file or directory D:\www\news\application\Admin\Controller\ArticleController.class.php 第 41 行.
SQL: SELECT * FROM `partner` WHERE ( id='1' ) LIMIT 1   [ RunTime:0.0010s ]
SQL: INSERT INTO `article` (`art_subject`,`cate_id`,`ptr_id`,`art_content`,`add_time`,`admin_id`,`filepath`) VALUES ('得到','7','1','<p>大锅饭</p>','1499426815','1','2017-07-07/26131996a321b4880ac241aa4b22c6a8.html') [ RunTime:0.0660s ]
INFO: [ app_end ] --START--
INFO: Run Behavior\ShowPageTraceBehavior [ RunTime:0.002000s ]
INFO: [ app_end ] --END-- [ RunTime:0.002000s ]

[ 2017-07-07T19:27:52+08:00 ] ::1 /news/admin.php/Article/insert
INFO: [ app_init ] --START--
INFO: Run Behavior\BuildLiteBehavior [ RunTime:0.000000s ]
INFO: [ app_init ] --END-- [ RunTime:0.000000s ]
INFO: [ app_begin ] --START--
INFO: Run Behavior\ReadHtmlCacheBehavior [ RunTime:0.001000s ]
INFO: [ app_begin ] --END-- [ RunTime:0.001000s ]
NOTIC: [2] mkdir(): No such file or directory D:\www\news\application\Admin\Controller\ArticleController.class.php 第 35 行.
NOTIC: [2] file_get_contents(View/Public/template.html): failed to open stream: No such file or directory D:\www\news\application\Admin\Controller\ArticleController.class.php 第 41 行.
SQL: SELECT * FROM `partner` WHERE ( id='1' ) LIMIT 1   [ RunTime:0.0000s ]
SQL: INSERT INTO `article` (`art_subject`,`cate_id`,`ptr_id`,`art_content`,`add_time`,`admin_id`,`filepath`) VALUES ('得到','7','1','<p>大锅饭</p>','1499426872','1','2017-07-07/e20d6474fe8544635fe97fbe5760f3eb.html') [ RunTime:0.1400s ]
INFO: [ app_end ] --START--
INFO: Run Behavior\ShowPageTraceBehavior [ RunTime:0.002000s ]
INFO: [ app_end ] --END-- [ RunTime:0.002000s ]

[ 2017-07-07T19:28:10+08:00 ] ::1 /news/admin.php/Article/insert
INFO: [ app_init ] --START--
INFO: Run Behavior\BuildLiteBehavior [ RunTime:0.000000s ]
INFO: [ app_init ] --END-- [ RunTime:0.001000s ]
INFO: [ app_begin ] --START--
INFO: Run Behavior\ReadHtmlCacheBehavior [ RunTime:0.001000s ]
INFO: [ app_begin ] --END-- [ RunTime:0.001000s ]
NOTIC: [2] mkdir(): No such file or directory D:\www\news\application\Admin\Controller\ArticleController.class.php 第 35 行.
SQL: SELECT * FROM `partner` WHERE ( id='1' ) LIMIT 1   [ RunTime:0.0000s ]
SQL: INSERT INTO `article` (`art_subject`,`cate_id`,`ptr_id`,`art_content`,`add_time`,`admin_id`,`filepath`) VALUES ('得到','7','1','<p>大锅饭</p>','1499426890','1','2017-07-07/c989d86c468a5fed390dfbdcd8bc31ff.html') [ RunTime:0.0820s ]
INFO: [ app_end ] --START--
INFO: Run Behavior\ShowPageTraceBehavior [ RunTime:0.002000s ]
INFO: [ app_end ] --END-- [ RunTime:0.002000s ]

[ 2017-07-07T19:31:45+08:00 ] ::1 /news/admin.php/Article/insert
INFO: [ app_init ] --START--
INFO: Run Behavior\BuildLiteBehavior [ RunTime:0.000000s ]
INFO: [ app_init ] --END-- [ RunTime:0.000000s ]
INFO: [ app_begin ] --START--
INFO: Run Behavior\ReadHtmlCacheBehavior [ RunTime:0.001000s ]
INFO: [ app_begin ] --END-- [ RunTime:0.001000s ]
NOTIC: [2] mkdir(): No such file or directory D:\www\news\application\Admin\Controller\ArticleController.class.php 第 35 行.
SQL: SELECT * FROM `partner` WHERE ( id='1' ) LIMIT 1   [ RunTime:0.0010s ]
SQL: INSERT INTO `article` (`art_subject`,`cate_id`,`ptr_id`,`art_content`,`add_time`,`admin_id`,`filepath`) VALUES ('得到','7','1','<p>大锅饭</p>','1499427105','1','2017-07-07/147d514cd8063cd978645df68c5291cb.html') [ RunTime:0.0810s ]
NOTIC: [2] file_put_contents(__ROOT__/public/articles/2017-07-07/147d514cd8063cd978645df68c5291cb.html): failed to open stream: No such file or directory D:\www\news\application\Admin\Controller\ArticleController.class.php 第 66 行.
INFO: [ app_end ] --START--
INFO: Run Behavior\ShowPageTraceBehavior [ RunTime:0.000000s ]
INFO: [ app_end ] --END-- [ RunTime:0.000000s ]

[ 2017-07-07T19:37:58+08:00 ] ::1 /news/admin.php/Article/create
INFO: [ app_init ] --START--
INFO: Run Behavior\BuildLiteBehavior [ RunTime:0.000000s ]
INFO: [ app_init ] --END-- [ RunTime:0.001000s ]
INFO: [ app_begin ] --START--
INFO: Run Behavior\ReadHtmlCacheBehavior [ RunTime:0.001000s ]
INFO: [ app_begin ] --END-- [ RunTime:0.001000s ]
SQL: SELECT * FROM `category`  [ RunTime:0.0010s ]
SQL: SELECT * FROM `partner`  [ RunTime:0.0010s ]
INFO: [ view_parse ] --START--
INFO: [ template_filter ] --START--
INFO: Run Behavior\ContentReplaceBehavior [ RunTime:0.000000s ]
INFO: [ template_filter ] --END-- [ RunTime:0.000000s ]
NOTIC: [8] Undefined variable: session D:\www\news\application\Runtime\Cache\Admin\9f64657d84f21ed55e904f2fa87ba2d6.php 第 24 行.
INFO: Run Behavior\ParseTemplateBehavior [ RunTime:0.008000s ]
INFO: [ view_parse ] --END-- [ RunTime:0.008000s ]
INFO: [ view_filter ] --START--
INFO: Run Behavior\WriteHtmlCacheBehavior [ RunTime:0.000000s ]
INFO: [ view_filter ] --END-- [ RunTime:0.000000s ]
INFO: [ app_end ] --START--
INFO: Run Behavior\ShowPageTraceBehavior [ RunTime:0.001000s ]
INFO: [ app_end ] --END-- [ RunTime:0.001000s ]

[ 2017-07-07T19:38:03+08:00 ] ::1 /news/admin.php/Article/insert
INFO: [ app_init ] --START--
INFO: Run Behavior\BuildLiteBehavior [ RunTime:0.000000s ]
INFO: [ app_init ] --END-- [ RunTime:0.001000s ]
INFO: [ app_begin ] --START--
INFO: Run Behavior\ReadHtmlCacheBehavior [ RunTime:0.001000s ]
INFO: [ app_begin ] --END-- [ RunTime:0.001000s ]
NOTIC: [2] mkdir(): No such file or directory D:\www\news\application\Admin\Controller\ArticleController.class.php 第 35 行.
SQL: SELECT * FROM `partner` WHERE ( id='1' ) LIMIT 1   [ RunTime:0.0010s ]
SQL: INSERT INTO `article` (`art_subject`,`cate_id`,`ptr_id`,`art_content`,`add_time`,`admin_id`,`filepath`) VALUES ('高峰会议','1','1','<p>更符合规范</p>','1499427483','1','2017-07-07/d73ec378f110a6a20baba9db88ab7d2b.html') [ RunTime:0.0720s ]
NOTIC: [2] file_put_contents(__ROOT__/public/articles/2017-07-07/d73ec378f110a6a20baba9db88ab7d2b.html): failed to open stream: No such file or directory D:\www\news\application\Admin\Controller\ArticleController.class.php 第 66 行.
INFO: [ app_end ] --START--
INFO: Run Behavior\ShowPageTraceBehavior [ RunTime:0.001000s ]
INFO: [ app_end ] --END-- [ RunTime:0.001000s ]

[ 2017-07-07T19:39:37+08:00 ] ::1 /news/admin.php/Article/insert
INFO: [ app_init ] --START--
INFO: Run Behavior\BuildLiteBehavior [ RunTime:0.000000s ]
INFO: [ app_init ] --END-- [ RunTime:0.001000s ]
INFO: [ app_begin ] --START--
INFO: Run Behavior\ReadHtmlCacheBehavior [ RunTime:0.001000s ]
INFO: [ app_begin ] --END-- [ RunTime:0.001000s ]
NOTIC: [2] mkdir(): No such file or directory D:\www\news\application\Admin\Controller\ArticleController.class.php 第 35 行.
SQL: SELECT * FROM `partner` WHERE ( id='1' ) LIMIT 1   [ RunTime:0.0000s ]
SQL: INSERT INTO `article` (`art_subject`,`cate_id`,`ptr_id`,`art_content`,`add_time`,`admin_id`,`filepath`) VALUES ('高峰会议','1','1','<p>更符合规范</p>','1499427577','1','2017-07-07/6b50be7aabb1f0f9f417eca861e6798b.html') [ RunTime:0.0800s ]
NOTIC: [2] file_put_contents(__ROOT__/public/articles/2017-07-07/6b50be7aabb1f0f9f417eca861e6798b.html): failed to open stream: No such file or directory D:\www\news\application\Admin\Controller\ArticleController.class.php 第 66 行.
INFO: [ app_end ] --START--
INFO: Run Behavior\ShowPageTraceBehavior [ RunTime:0.001000s ]
INFO: [ app_end ] --END-- [ RunTime:0.001000s ]

[ 2017-07-07T19:40:35+08:00 ] ::1 /news/admin.php/Article/insert
INFO: [ app_init ] --START--
INFO: Run Behavior\BuildLiteBehavior [ RunTime:0.000000s ]
INFO: [ app_init ] --END-- [ RunTime:0.002000s ]
INFO: [ app_begin ] --START--
INFO: Run Behavior\ReadHtmlCacheBehavior [ RunTime:0.001000s ]
INFO: [ app_begin ] --END-- [ RunTime:0.001000s ]
SQL: SELECT * FROM `partner` WHERE ( id='1' ) LIMIT 1   [ RunTime:0.0000s ]
SQL: INSERT INTO `article` (`art_subject`,`cate_id`,`ptr_id`,`art_content`,`add_time`,`admin_id`,`filepath`) VALUES ('高峰会议','1','1','<p>更符合规范</p>','1499427634','1','2017-07-07/60c74826d9d75e71179a75e53b659bce.html') [ RunTime:0.1100s ]
INFO: [ app_end ] --START--
INFO: Run Behavior\ShowPageTraceBehavior [ RunTime:0.002000s ]
INFO: [ app_end ] --END-- [ RunTime:0.002000s ]

[ 2017-07-07T19:41:13+08:00 ] ::1 /news/admin.php/Article/create
INFO: [ app_init ] --START--
INFO: Run Behavior\BuildLiteBehavior [ RunTime:0.000000s ]
INFO: [ app_init ] --END-- [ RunTime:0.001000s ]
INFO: [ app_begin ] --START--
INFO: Run Behavior\ReadHtmlCacheBehavior [ RunTime:0.001000s ]
INFO: [ app_begin ] --END-- [ RunTime:0.001000s ]
SQL: SELECT * FROM `category`  [ RunTime:0.0010s ]
SQL: SELECT * FROM `partner`  [ RunTime:0.0000s ]
INFO: [ view_parse ] --START--
INFO: [ template_filter ] --START--
INFO: Run Behavior\ContentReplaceBehavior [ RunTime:0.000000s ]
INFO: [ template_filter ] --END-- [ RunTime:0.001000s ]
NOTIC: [8] Undefined variable: session D:\www\news\application\Runtime\Cache\Admin\9f64657d84f21ed55e904f2fa87ba2d6.php 第 24 行.
INFO: Run Behavior\ParseTemplateBehavior [ RunTime:0.004000s ]
INFO: [ view_parse ] --END-- [ RunTime:0.004000s ]
INFO: [ view_filter ] --START--
INFO: Run Behavior\WriteHtmlCacheBehavior [ RunTime:0.001000s ]
INFO: [ view_filter ] --END-- [ RunTime:0.001000s ]
INFO: [ app_end ] --START--
INFO: Run Behavior\ShowPageTraceBehavior [ RunTime:0.000000s ]
INFO: [ app_end ] --END-- [ RunTime:0.000000s ]

[ 2017-07-07T19:41:18+08:00 ] ::1 /news/admin.php/Article/insert
INFO: [ app_init ] --START--
INFO: Run Behavior\BuildLiteBehavior [ RunTime:0.000000s ]
INFO: [ app_init ] --END-- [ RunTime:0.001000s ]
INFO: [ app_begin ] --START--
INFO: Run Behavior\ReadHtmlCacheBehavior [ RunTime:0.001000s ]
INFO: [ app_begin ] --END-- [ RunTime:0.001000s ]
SQL: SELECT * FROM `partner` WHERE ( id='1' ) LIMIT 1   [ RunTime:0.0010s ]
SQL: INSERT INTO `article` (`art_subject`,`cate_id`,`ptr_id`,`art_content`,`add_time`,`admin_id`,`filepath`) VALUES ('发达后一句','1','1','<p>都发给他人就好</p>','1499427677','1','2017-07-07/aa17b942b2b8753ad2b518df3c39bed0.html') [ RunTime:0.2520s ]
INFO: [ app_end ] --START--
INFO: Run Behavior\ShowPageTraceBehavior [ RunTime:0.001000s ]
INFO: [ app_end ] --END-- [ RunTime:0.002000s ]

[ 2017-07-07T20:09:06+08:00 ] ::1 /news/admin.php
INFO: [ app_init ] --START--
INFO: Run Behavior\BuildLiteBehavior [ RunTime:0.000000s ]
INFO: [ app_init ] --END-- [ RunTime:0.000000s ]
INFO: [ app_begin ] --START--
INFO: Run Behavior\ReadHtmlCacheBehavior [ RunTime:0.001000s ]
INFO: [ app_begin ] --END-- [ RunTime:0.001000s ]
INFO: [ view_parse ] --START--
INFO: [ template_filter ] --START--
INFO: Run Behavior\ContentReplaceBehavior [ RunTime:0.000000s ]
INFO: [ template_filter ] --END-- [ RunTime:0.000000s ]
NOTIC: [8] Undefined variable: session D:\www\news\application\Runtime\Cache\Admin\373bbcfeb28bdb18270c33d3fd1c0cf1.php 第 20 行.
INFO: Run Behavior\ParseTemplateBehavior [ RunTime:0.005000s ]
INFO: [ view_parse ] --END-- [ RunTime:0.005000s ]
INFO: [ view_filter ] --START--
INFO: Run Behavior\WriteHtmlCacheBehavior [ RunTime:0.001000s ]
INFO: [ view_filter ] --END-- [ RunTime:0.001000s ]
INFO: [ app_end ] --START--
INFO: Run Behavior\ShowPageTraceBehavior [ RunTime:0.000000s ]
INFO: [ app_end ] --END-- [ RunTime:0.000000s ]

[ 2017-07-07T20:09:08+08:00 ] ::1 /news/admin.php/Article/listing
INFO: [ app_init ] --START--
INFO: Run Behavior\BuildLiteBehavior [ RunTime:0.000000s ]
INFO: [ app_init ] --END-- [ RunTime:0.001000s ]
INFO: [ app_begin ] --START--
INFO: Run Behavior\ReadHtmlCacheBehavior [ RunTime:0.001000s ]
INFO: [ app_begin ] --END-- [ RunTime:0.001000s ]
SQL: select art.id,art_subject,add_time,is_checked,filepath,ptr_name,cate_name,ptr_url,true_name from article as art left join category as c on cate_id=c.id  left join partner as p on ptr_id=p.id  left join admin as a on admin_id=a.id  [ RunTime:0.0010s ]
INFO: [ view_parse ] --START--
INFO: [ template_filter ] --START--
INFO: Run Behavior\ContentReplaceBehavior [ RunTime:0.000000s ]
INFO: [ template_filter ] --END-- [ RunTime:0.000000s ]
NOTIC: [8] Undefined variable: session D:\www\news\application\Runtime\Cache\Admin\8d84743535ae44234ad2d5c65187db58.php 第 61 行.
INFO: Run Behavior\ParseTemplateBehavior [ RunTime:0.005000s ]
INFO: [ view_parse ] --END-- [ RunTime:0.005000s ]
INFO: [ view_filter ] --START--
INFO: Run Behavior\WriteHtmlCacheBehavior [ RunTime:0.001000s ]
INFO: [ view_filter ] --END-- [ RunTime:0.001000s ]
INFO: [ app_end ] --START--
INFO: Run Behavior\ShowPageTraceBehavior [ RunTime:0.000000s ]
INFO: [ app_end ] --END-- [ RunTime:0.000000s ]

[ 2017-07-07T20:23:36+08:00 ] ::1 /news/admin.php/Article/listing
INFO: [ app_init ] --START--
INFO: Run Behavior\BuildLiteBehavior [ RunTime:0.000000s ]
INFO: [ app_init ] --END-- [ RunTime:0.000000s ]
INFO: [ app_begin ] --START--
INFO: Run Behavior\ReadHtmlCacheBehavior [ RunTime:0.001000s ]
INFO: [ app_begin ] --END-- [ RunTime:0.001000s ]
SQL: SELECT COUNT(*) AS tp_count FROM `article` LIMIT 1   [ RunTime:0.0480s ]
SQL: select art.id,art_subject,add_time,is_checked,filepath,ptr_name,cate_name,ptr_url,true_name from article as art left join category as c on cate_id=c.id  left join partner as p on ptr_id=p.id  left join admin as a on admin_id=a.id  limit 0,10 [ RunTime:0.0040s ]
INFO: [ view_parse ] --START--
INFO: [ template_filter ] --START--
INFO: Run Behavior\ContentReplaceBehavior [ RunTime:0.001000s ]
INFO: [ template_filter ] --END-- [ RunTime:0.001000s ]
NOTIC: [8] Undefined variable: session D:\www\news\application\Runtime\Cache\Admin\8d84743535ae44234ad2d5c65187db58.php 第 61 行.
INFO: Run Behavior\ParseTemplateBehavior [ RunTime:0.016000s ]
INFO: [ view_parse ] --END-- [ RunTime:0.016000s ]
INFO: [ view_filter ] --START--
INFO: Run Behavior\WriteHtmlCacheBehavior [ RunTime:0.001000s ]
INFO: [ view_filter ] --END-- [ RunTime:0.001000s ]
INFO: [ app_end ] --START--
INFO: Run Behavior\ShowPageTraceBehavior [ RunTime:0.001000s ]
INFO: [ app_end ] --END-- [ RunTime:0.001000s ]

[ 2017-07-07T20:25:10+08:00 ] ::1 /news/admin.php/Article/listing
INFO: [ app_init ] --START--
INFO: Run Behavior\BuildLiteBehavior [ RunTime:0.000000s ]
INFO: [ app_init ] --END-- [ RunTime:0.001000s ]
INFO: [ app_begin ] --START--
INFO: Run Behavior\ReadHtmlCacheBehavior [ RunTime:0.001000s ]
INFO: [ app_begin ] --END-- [ RunTime:0.001000s ]
SQL: SELECT COUNT(*) AS tp_count FROM `article` LIMIT 1   [ RunTime:0.0000s ]
SQL: select art.id,art_subject,add_time,is_checked,filepath,ptr_name,cate_name,ptr_url,true_name from article as art left join category as c on cate_id=c.id  left join partner as p on ptr_id=p.id  left join admin as a on admin_id=a.id  limit 0,10 [ RunTime:0.0010s ]
INFO: [ view_parse ] --START--
INFO: [ template_filter ] --START--
INFO: Run Behavior\ContentReplaceBehavior [ RunTime:0.000000s ]
INFO: [ template_filter ] --END-- [ RunTime:0.000000s ]
NOTIC: [8] Undefined variable: session D:\www\news\application\Runtime\Cache\Admin\8d84743535ae44234ad2d5c65187db58.php 第 61 行.
INFO: Run Behavior\ParseTemplateBehavior [ RunTime:0.005000s ]
INFO: [ view_parse ] --END-- [ RunTime:0.005000s ]
INFO: [ view_filter ] --START--
INFO: Run Behavior\WriteHtmlCacheBehavior [ RunTime:0.001000s ]
INFO: [ view_filter ] --END-- [ RunTime:0.001000s ]
INFO: [ app_end ] --START--
INFO: Run Behavior\ShowPageTraceBehavior [ RunTime:0.000000s ]
INFO: [ app_end ] --END-- [ RunTime:0.000000s ]

[ 2017-07-07T20:26:02+08:00 ] ::1 /news/admin.php/Article/listing
INFO: [ app_init ] --START--
INFO: Run Behavior\BuildLiteBehavior [ RunTime:0.000000s ]
INFO: [ app_init ] --END-- [ RunTime:0.000000s ]
INFO: [ app_begin ] --START--
INFO: Run Behavior\ReadHtmlCacheBehavior [ RunTime:0.000000s ]
INFO: [ app_begin ] --END-- [ RunTime:0.000000s ]
SQL: SELECT COUNT(*) AS tp_count FROM `article` LIMIT 1   [ RunTime:0.0000s ]
SQL: select art.id,art_subject,add_time,is_checked,filepath,ptr_name,cate_name,ptr_url,true_name from article as art left join category as c on cate_id=c.id  left join partner as p on ptr_id=p.id  left join admin as a on admin_id=a.id  limit 0,10 [ RunTime:0.0010s ]
INFO: [ view_parse ] --START--
INFO: [ template_filter ] --START--
INFO: Run Behavior\ContentReplaceBehavior [ RunTime:0.000000s ]
INFO: [ template_filter ] --END-- [ RunTime:0.001000s ]
NOTIC: [8] Undefined variable: session D:\www\news\application\Runtime\Cache\Admin\8d84743535ae44234ad2d5c65187db58.php 第 61 行.
INFO: Run Behavior\ParseTemplateBehavior [ RunTime:0.004000s ]
INFO: [ view_parse ] --END-- [ RunTime:0.004000s ]
INFO: [ view_filter ] --START--
INFO: Run Behavior\WriteHtmlCacheBehavior [ RunTime:0.001000s ]
INFO: [ view_filter ] --END-- [ RunTime:0.001000s ]
INFO: [ app_end ] --START--
INFO: Run Behavior\ShowPageTraceBehavior [ RunTime:0.000000s ]
INFO: [ app_end ] --END-- [ RunTime:0.000000s ]

[ 2017-07-07T20:28:15+08:00 ] ::1 /news/admin.php/Article/listing
INFO: [ app_init ] --START--
INFO: Run Behavior\BuildLiteBehavior [ RunTime:0.000000s ]
INFO: [ app_init ] --END-- [ RunTime:0.001000s ]
INFO: [ app_begin ] --START--
INFO: Run Behavior\ReadHtmlCacheBehavior [ RunTime:0.001000s ]
INFO: [ app_begin ] --END-- [ RunTime:0.001000s ]
SQL: SELECT COUNT(*) AS tp_count FROM `article` LIMIT 1   [ RunTime:0.0010s ]
SQL: select art.id,art_subject,add_time,is_checked,filepath,ptr_name,cate_name,ptr_url,true_name from article as art left join category as c on cate_id=c.id  left join partner as p on ptr_id=p.id  left join admin as a on admin_id=a.id  limit 0,10 [ RunTime:0.0010s ]
INFO: [ view_parse ] --START--
INFO: [ template_filter ] --START--
INFO: Run Behavior\ContentReplaceBehavior [ RunTime:0.001000s ]
INFO: [ template_filter ] --END-- [ RunTime:0.001000s ]
NOTIC: [8] Undefined variable: session D:\www\news\application\Runtime\Cache\Admin\8d84743535ae44234ad2d5c65187db58.php 第 61 行.
INFO: Run Behavior\ParseTemplateBehavior [ RunTime:0.004000s ]
INFO: [ view_parse ] --END-- [ RunTime:0.004000s ]
INFO: [ view_filter ] --START--
INFO: Run Behavior\WriteHtmlCacheBehavior [ RunTime:0.001000s ]
INFO: [ view_filter ] --END-- [ RunTime:0.001000s ]
INFO: [ app_end ] --START--
INFO: Run Behavior\ShowPageTraceBehavior [ RunTime:0.000000s ]
INFO: [ app_end ] --END-- [ RunTime:0.000000s ]

[ 2017-07-07T20:29:50+08:00 ] ::1 /news/admin.php/Article/listing
INFO: [ app_init ] --START--
INFO: Run Behavior\BuildLiteBehavior [ RunTime:0.000000s ]
INFO: [ app_init ] --END-- [ RunTime:0.000000s ]
INFO: [ app_begin ] --START--
INFO: Run Behavior\ReadHtmlCacheBehavior [ RunTime:0.000000s ]
INFO: [ app_begin ] --END-- [ RunTime:0.000000s ]
SQL: SELECT COUNT(*) AS tp_count FROM `article` LIMIT 1   [ RunTime:0.0010s ]
SQL: select art.id,art_subject,add_time,is_checked,filepath,ptr_name,cate_name,ptr_url,true_name from article as art left join category as c on cate_id=c.id  left join partner as p on ptr_id=p.id  left join admin as a on admin_id=a.id  limit 0,10 [ RunTime:0.0010s ]
INFO: [ view_parse ] --START--
INFO: [ template_filter ] --START--
INFO: Run Behavior\ContentReplaceBehavior [ RunTime:0.000000s ]
INFO: [ template_filter ] --END-- [ RunTime:0.000000s ]
NOTIC: [8] Undefined variable: session D:\www\news\application\Runtime\Cache\Admin\8d84743535ae44234ad2d5c65187db58.php 第 61 行.
INFO: Run Behavior\ParseTemplateBehavior [ RunTime:0.005000s ]
INFO: [ view_parse ] --END-- [ RunTime:0.005000s ]
INFO: [ view_filter ] --START--
INFO: Run Behavior\WriteHtmlCacheBehavior [ RunTime:0.000000s ]
INFO: [ view_filter ] --END-- [ RunTime:0.000000s ]
INFO: [ app_end ] --START--
INFO: Run Behavior\ShowPageTraceBehavior [ RunTime:0.001000s ]
INFO: [ app_end ] --END-- [ RunTime:0.001000s ]

[ 2017-07-07T20:31:43+08:00 ] ::1 /news/admin.php/Article/listing
INFO: [ app_init ] --START--
INFO: Run Behavior\BuildLiteBehavior [ RunTime:0.000000s ]
INFO: [ app_init ] --END-- [ RunTime:0.001000s ]
INFO: [ app_begin ] --START--
INFO: Run Behavior\ReadHtmlCacheBehavior [ RunTime:0.001000s ]
INFO: [ app_begin ] --END-- [ RunTime:0.001000s ]
SQL: SELECT COUNT(*) AS tp_count FROM `article` LIMIT 1   [ RunTime:0.0000s ]
SQL: select art.id,art_subject,add_time,is_checked,filepath,ptr_name,cate_name,ptr_url,true_name from article as art left join category as c on cate_id=c.id  left join partner as p on ptr_id=p.id  left join admin as a on admin_id=a.id  limit 0,10 [ RunTime:0.0010s ]
INFO: [ view_parse ] --START--
INFO: [ template_filter ] --START--
INFO: Run Behavior\ContentReplaceBehavior [ RunTime:0.000000s ]
INFO: [ template_filter ] --END-- [ RunTime:0.000000s ]
NOTIC: [8] Undefined variable: session D:\www\news\application\Runtime\Cache\Admin\8d84743535ae44234ad2d5c65187db58.php 第 61 行.
INFO: Run Behavior\ParseTemplateBehavior [ RunTime:0.008000s ]
INFO: [ view_parse ] --END-- [ RunTime:0.008000s ]
INFO: [ view_filter ] --START--
INFO: Run Behavior\WriteHtmlCacheBehavior [ RunTime:0.000000s ]
INFO: [ view_filter ] --END-- [ RunTime:0.000000s ]
INFO: [ app_end ] --START--
INFO: Run Behavior\ShowPageTraceBehavior [ RunTime:0.000000s ]
INFO: [ app_end ] --END-- [ RunTime:0.001000s ]

[ 2017-07-07T20:32:30+08:00 ] ::1 /news/admin.php/Article/listing
INFO: [ app_init ] --START--
INFO: Run Behavior\BuildLiteBehavior [ RunTime:0.000000s ]
INFO: [ app_init ] --END-- [ RunTime:0.001000s ]
INFO: [ app_begin ] --START--
INFO: Run Behavior\ReadHtmlCacheBehavior [ RunTime:0.000000s ]
INFO: [ app_begin ] --END-- [ RunTime:0.001000s ]
SQL: SELECT COUNT(*) AS tp_count FROM `article` LIMIT 1   [ RunTime:0.0000s ]
SQL: select art.id,art_subject,add_time,is_checked,filepath,ptr_name,cate_name,ptr_url,true_name from article as art left join category as c on cate_id=c.id  left join partner as p on ptr_id=p.id  left join admin as a on admin_id=a.id  limit 0,10 [ RunTime:0.0020s ]
INFO: [ view_parse ] --START--
INFO: [ template_filter ] --START--
INFO: Run Behavior\ContentReplaceBehavior [ RunTime:0.000000s ]
INFO: [ template_filter ] --END-- [ RunTime:0.000000s ]
NOTIC: [8] Undefined variable: session D:\www\news\application\Runtime\Cache\Admin\8d84743535ae44234ad2d5c65187db58.php 第 61 行.
INFO: Run Behavior\ParseTemplateBehavior [ RunTime:0.004000s ]
INFO: [ view_parse ] --END-- [ RunTime:0.004000s ]
INFO: [ view_filter ] --START--
INFO: Run Behavior\WriteHtmlCacheBehavior [ RunTime:0.001000s ]
INFO: [ view_filter ] --END-- [ RunTime:0.001000s ]
INFO: [ app_end ] --START--
INFO: Run Behavior\ShowPageTraceBehavior [ RunTime:0.000000s ]
INFO: [ app_end ] --END-- [ RunTime:0.000000s ]

[ 2017-07-07T20:32:35+08:00 ] ::1 /news/admin.php/Article/listing/p/2.html
INFO: [ app_init ] --START--
INFO: Run Behavior\BuildLiteBehavior [ RunTime:0.001000s ]
INFO: [ app_init ] --END-- [ RunTime:0.002000s ]
INFO: [ app_begin ] --START--
INFO: Run Behavior\ReadHtmlCacheBehavior [ RunTime:0.000000s ]
INFO: [ app_begin ] --END-- [ RunTime:0.000000s ]
SQL: SELECT COUNT(*) AS tp_count FROM `article` LIMIT 1   [ RunTime:0.0000s ]
SQL: select art.id,art_subject,add_time,is_checked,filepath,ptr_name,cate_name,ptr_url,true_name from article as art left join category as c on cate_id=c.id  left join partner as p on ptr_id=p.id  left join admin as a on admin_id=a.id  limit 10,10 [ RunTime:0.0020s ]
INFO: [ view_parse ] --START--
INFO: [ template_filter ] --START--
INFO: Run Behavior\ContentReplaceBehavior [ RunTime:0.001000s ]
INFO: [ template_filter ] --END-- [ RunTime:0.001000s ]
NOTIC: [8] Undefined variable: session D:\www\news\application\Runtime\Cache\Admin\8d84743535ae44234ad2d5c65187db58.php 第 61 行.
INFO: Run Behavior\ParseTemplateBehavior [ RunTime:0.009000s ]
INFO: [ view_parse ] --END-- [ RunTime:0.009000s ]
INFO: [ view_filter ] --START--
INFO: Run Behavior\WriteHtmlCacheBehavior [ RunTime:0.000000s ]
INFO: [ view_filter ] --END-- [ RunTime:0.000000s ]
INFO: [ app_end ] --START--
INFO: Run Behavior\ShowPageTraceBehavior [ RunTime:0.000000s ]
INFO: [ app_end ] --END-- [ RunTime:0.000000s ]

[ 2017-07-07T20:37:10+08:00 ] ::1 /news/admin.php/Article/listing/p/2.html
INFO: [ app_init ] --START--
INFO: Run Behavior\BuildLiteBehavior [ RunTime:0.000000s ]
INFO: [ app_init ] --END-- [ RunTime:0.000000s ]
INFO: [ app_begin ] --START--
INFO: Run Behavior\ReadHtmlCacheBehavior [ RunTime:0.000000s ]
INFO: [ app_begin ] --END-- [ RunTime:0.000000s ]
SQL: SELECT COUNT(*) AS tp_count FROM `article` LIMIT 1   [ RunTime:0.0010s ]
SQL: select art.id,art_subject,add_time,is_checked,filepath,ptr_name,cate_name,ptr_url,true_name from article as art left join category as c on cate_id=c.id  left join partner as p on ptr_id=p.id  left join admin as a on admin_id=a.id  limit 10,10 [ RunTime:0.0010s ]
INFO: [ view_parse ] --START--
INFO: [ template_filter ] --START--
INFO: Run Behavior\ContentReplaceBehavior [ RunTime:0.000000s ]
INFO: [ template_filter ] --END-- [ RunTime:0.000000s ]
NOTIC: [8] Undefined variable: session D:\www\news\application\Runtime\Cache\Admin\8d84743535ae44234ad2d5c65187db58.php 第 61 行.
INFO: Run Behavior\ParseTemplateBehavior [ RunTime:0.007000s ]
INFO: [ view_parse ] --END-- [ RunTime:0.007000s ]
INFO: [ view_filter ] --START--
INFO: Run Behavior\WriteHtmlCacheBehavior [ RunTime:0.001000s ]
INFO: [ view_filter ] --END-- [ RunTime:0.001000s ]
INFO: [ app_end ] --START--
INFO: Run Behavior\ShowPageTraceBehavior [ RunTime:0.001000s ]
INFO: [ app_end ] --END-- [ RunTime:0.001000s ]

[ 2017-07-07T20:37:45+08:00 ] ::1 /news/admin.php/Article/listing/p/2.html
INFO: [ app_init ] --START--
INFO: Run Behavior\BuildLiteBehavior [ RunTime:0.000000s ]
INFO: [ app_init ] --END-- [ RunTime:0.000000s ]
INFO: [ app_begin ] --START--
INFO: Run Behavior\ReadHtmlCacheBehavior [ RunTime:0.000000s ]
INFO: [ app_begin ] --END-- [ RunTime:0.001000s ]
SQL: SELECT COUNT(*) AS tp_count FROM `article` LIMIT 1   [ RunTime:0.0000s ]
SQL: select art.id,art_subject,add_time,is_checked,filepath,ptr_name,cate_name,ptr_url,true_name from article as art left join category as c on cate_id=c.id  left join partner as p on ptr_id=p.id  left join admin as a on admin_id=a.id  limit 10,10 [ RunTime:0.0010s ]
INFO: [ view_parse ] --START--
INFO: [ template_filter ] --START--
INFO: Run Behavior\ContentReplaceBehavior [ RunTime:0.000000s ]
INFO: [ template_filter ] --END-- [ RunTime:0.000000s ]
NOTIC: [8] Undefined variable: session D:\www\news\application\Runtime\Cache\Admin\8d84743535ae44234ad2d5c65187db58.php 第 61 行.
INFO: Run Behavior\ParseTemplateBehavior [ RunTime:0.005000s ]
INFO: [ view_parse ] --END-- [ RunTime:0.005000s ]
INFO: [ view_filter ] --START--
INFO: Run Behavior\WriteHtmlCacheBehavior [ RunTime:0.000000s ]
INFO: [ view_filter ] --END-- [ RunTime:0.000000s ]
INFO: [ app_end ] --START--
INFO: Run Behavior\ShowPageTraceBehavior [ RunTime:0.001000s ]
INFO: [ app_end ] --END-- [ RunTime:0.001000s ]

[ 2017-07-07T20:37:59+08:00 ] ::1 /news/admin.php/Article/listing/p/2.html
INFO: [ app_init ] --START--
INFO: Run Behavior\BuildLiteBehavior [ RunTime:0.000000s ]
INFO: [ app_init ] --END-- [ RunTime:0.001000s ]
INFO: [ app_begin ] --START--
INFO: Run Behavior\ReadHtmlCacheBehavior [ RunTime:0.001000s ]
INFO: [ app_begin ] --END-- [ RunTime:0.001000s ]
SQL: SELECT COUNT(*) AS tp_count FROM `article` LIMIT 1   [ RunTime:0.0000s ]
SQL: select art.id,art_subject,add_time,is_checked,filepath,ptr_name,cate_name,ptr_url,true_name from article as art left join category as c on cate_id=c.id  left join partner as p on ptr_id=p.id  left join admin as a on admin_id=a.id  limit 10,10 [ RunTime:0.0010s ]
INFO: [ view_parse ] --START--
INFO: [ template_filter ] --START--
INFO: Run Behavior\ContentReplaceBehavior [ RunTime:0.000000s ]
INFO: [ template_filter ] --END-- [ RunTime:0.000000s ]
NOTIC: [8] Undefined variable: session D:\www\news\application\Runtime\Cache\Admin\8d84743535ae44234ad2d5c65187db58.php 第 61 行.
INFO: Run Behavior\ParseTemplateBehavior [ RunTime:0.004000s ]
INFO: [ view_parse ] --END-- [ RunTime:0.004000s ]
INFO: [ view_filter ] --START--
INFO: Run Behavior\WriteHtmlCacheBehavior [ RunTime:0.000000s ]
INFO: [ view_filter ] --END-- [ RunTime:0.000000s ]
INFO: [ app_end ] --START--
INFO: Run Behavior\ShowPageTraceBehavior [ RunTime:0.001000s ]
INFO: [ app_end ] --END-- [ RunTime:0.001000s ]

[ 2017-07-07T20:38:05+08:00 ] ::1 /news/admin.php/Article/listing/p/1.html
INFO: [ app_init ] --START--
INFO: Run Behavior\BuildLiteBehavior [ RunTime:0.000000s ]
INFO: [ app_init ] --END-- [ RunTime:0.001000s ]
INFO: [ app_begin ] --START--
INFO: Run Behavior\ReadHtmlCacheBehavior [ RunTime:0.000000s ]
INFO: [ app_begin ] --END-- [ RunTime:0.000000s ]
SQL: SELECT COUNT(*) AS tp_count FROM `article` LIMIT 1   [ RunTime:0.0010s ]
SQL: select art.id,art_subject,add_time,is_checked,filepath,ptr_name,cate_name,ptr_url,true_name from article as art left join category as c on cate_id=c.id  left join partner as p on ptr_id=p.id  left join admin as a on admin_id=a.id  limit 0,10 [ RunTime:0.0000s ]
INFO: [ view_parse ] --START--
INFO: [ template_filter ] --START--
INFO: Run Behavior\ContentReplaceBehavior [ RunTime:0.000000s ]
INFO: [ template_filter ] --END-- [ RunTime:0.000000s ]
NOTIC: [8] Undefined variable: session D:\www\news\application\Runtime\Cache\Admin\8d84743535ae44234ad2d5c65187db58.php 第 61 行.
INFO: Run Behavior\ParseTemplateBehavior [ RunTime:0.006000s ]
INFO: [ view_parse ] --END-- [ RunTime:0.006000s ]
INFO: [ view_filter ] --START--
INFO: Run Behavior\WriteHtmlCacheBehavior [ RunTime:0.001000s ]
INFO: [ view_filter ] --END-- [ RunTime:0.001000s ]
INFO: [ app_end ] --START--
INFO: Run Behavior\ShowPageTraceBehavior [ RunTime:0.001000s ]
INFO: [ app_end ] --END-- [ RunTime:0.001000s ]

[ 2017-07-07T20:38:11+08:00 ] ::1 /news/admin.php/Article/listing/p/2.html
INFO: [ app_init ] --START--
INFO: Run Behavior\BuildLiteBehavior [ RunTime:0.000000s ]
INFO: [ app_init ] --END-- [ RunTime:0.000000s ]
INFO: [ app_begin ] --START--
INFO: Run Behavior\ReadHtmlCacheBehavior [ RunTime:0.000000s ]
INFO: [ app_begin ] --END-- [ RunTime:0.000000s ]
SQL: SELECT COUNT(*) AS tp_count FROM `article` LIMIT 1   [ RunTime:0.0010s ]
SQL: select art.id,art_subject,add_time,is_checked,filepath,ptr_name,cate_name,ptr_url,true_name from article as art left join category as c on cate_id=c.id  left join partner as p on ptr_id=p.id  left join admin as a on admin_id=a.id  limit 10,10 [ RunTime:0.0010s ]
INFO: [ view_parse ] --START--
INFO: [ template_filter ] --START--
INFO: Run Behavior\ContentReplaceBehavior [ RunTime:0.000000s ]
INFO: [ template_filter ] --END-- [ RunTime:0.000000s ]
NOTIC: [8] Undefined variable: session D:\www\news\application\Runtime\Cache\Admin\8d84743535ae44234ad2d5c65187db58.php 第 61 行.
INFO: Run Behavior\ParseTemplateBehavior [ RunTime:0.005000s ]
INFO: [ view_parse ] --END-- [ RunTime:0.005000s ]
INFO: [ view_filter ] --START--
INFO: Run Behavior\WriteHtmlCacheBehavior [ RunTime:0.000000s ]
INFO: [ view_filter ] --END-- [ RunTime:0.000000s ]
INFO: [ app_end ] --START--
INFO: Run Behavior\ShowPageTraceBehavior [ RunTime:0.000000s ]
INFO: [ app_end ] --END-- [ RunTime:0.000000s ]

[ 2017-07-07T20:38:13+08:00 ] ::1 /news/admin.php/Article/listing/p/3.html
INFO: [ app_init ] --START--
INFO: Run Behavior\BuildLiteBehavior [ RunTime:0.000000s ]
INFO: [ app_init ] --END-- [ RunTime:0.000000s ]
INFO: [ app_begin ] --START--
INFO: Run Behavior\ReadHtmlCacheBehavior [ RunTime:0.000000s ]
INFO: [ app_begin ] --END-- [ RunTime:0.000000s ]
SQL: SELECT COUNT(*) AS tp_count FROM `article` LIMIT 1   [ RunTime:0.0010s ]
SQL: select art.id,art_subject,add_time,is_checked,filepath,ptr_name,cate_name,ptr_url,true_name from article as art left join category as c on cate_id=c.id  left join partner as p on ptr_id=p.id  left join admin as a on admin_id=a.id  limit 20,10 [ RunTime:0.0020s ]
INFO: [ view_parse ] --START--
INFO: [ template_filter ] --START--
INFO: Run Behavior\ContentReplaceBehavior [ RunTime:0.000000s ]
INFO: [ template_filter ] --END-- [ RunTime:0.000000s ]
NOTIC: [8] Undefined variable: session D:\www\news\application\Runtime\Cache\Admin\8d84743535ae44234ad2d5c65187db58.php 第 61 行.
INFO: Run Behavior\ParseTemplateBehavior [ RunTime:0.008000s ]
INFO: [ view_parse ] --END-- [ RunTime:0.008000s ]
INFO: [ view_filter ] --START--
INFO: Run Behavior\WriteHtmlCacheBehavior [ RunTime:0.001000s ]
INFO: [ view_filter ] --END-- [ RunTime:0.001000s ]
INFO: [ app_end ] --START--
INFO: Run Behavior\ShowPageTraceBehavior [ RunTime:0.001000s ]
INFO: [ app_end ] --END-- [ RunTime:0.001000s ]

[ 2017-07-07T20:38:15+08:00 ] ::1 /news/admin.php/Article/listing/p/4.html
INFO: [ app_init ] --START--
INFO: Run Behavior\BuildLiteBehavior [ RunTime:0.000000s ]
INFO: [ app_init ] --END-- [ RunTime:0.001000s ]
INFO: [ app_begin ] --START--
INFO: Run Behavior\ReadHtmlCacheBehavior [ RunTime:0.001000s ]
INFO: [ app_begin ] --END-- [ RunTime:0.001000s ]
SQL: SELECT COUNT(*) AS tp_count FROM `article` LIMIT 1   [ RunTime:0.0010s ]
SQL: select art.id,art_subject,add_time,is_checked,filepath,ptr_name,cate_name,ptr_url,true_name from article as art left join category as c on cate_id=c.id  left join partner as p on ptr_id=p.id  left join admin as a on admin_id=a.id  limit 30,10 [ RunTime:0.0010s ]
INFO: [ view_parse ] --START--
INFO: [ template_filter ] --START--
INFO: Run Behavior\ContentReplaceBehavior [ RunTime:0.000000s ]
INFO: [ template_filter ] --END-- [ RunTime:0.000000s ]
NOTIC: [8] Undefined variable: session D:\www\news\application\Runtime\Cache\Admin\8d84743535ae44234ad2d5c65187db58.php 第 61 行.
INFO: Run Behavior\ParseTemplateBehavior [ RunTime:0.004000s ]
INFO: [ view_parse ] --END-- [ RunTime:0.004000s ]
INFO: [ view_filter ] --START--
INFO: Run Behavior\WriteHtmlCacheBehavior [ RunTime:0.000000s ]
INFO: [ view_filter ] --END-- [ RunTime:0.000000s ]
INFO: [ app_end ] --START--
INFO: Run Behavior\ShowPageTraceBehavior [ RunTime:0.001000s ]
INFO: [ app_end ] --END-- [ RunTime:0.001000s ]

[ 2017-07-07T20:39:24+08:00 ] ::1 /news/admin.php/Article/listing/p/4.html
INFO: [ app_init ] --START--
INFO: Run Behavior\BuildLiteBehavior [ RunTime:0.000000s ]
INFO: [ app_init ] --END-- [ RunTime:0.000000s ]
INFO: [ app_begin ] --START--
INFO: Run Behavior\ReadHtmlCacheBehavior [ RunTime:0.000000s ]
INFO: [ app_begin ] --END-- [ RunTime:0.000000s ]
SQL: SELECT COUNT(*) AS tp_count FROM `article` LIMIT 1   [ RunTime:0.0000s ]
SQL: select art.id,art_subject,add_time,is_checked,filepath,ptr_name,cate_name,ptr_url,true_name from article as art left join category as c on cate_id=c.id  left join partner as p on ptr_id=p.id  left join admin as a on admin_id=a.id  limit 30,10 [ RunTime:0.0010s ]
INFO: [ view_parse ] --START--
INFO: [ template_filter ] --START--
INFO: Run Behavior\ContentReplaceBehavior [ RunTime:0.001000s ]
INFO: [ template_filter ] --END-- [ RunTime:0.001000s ]
NOTIC: [8] Undefined variable: session D:\www\news\application\Runtime\Cache\Admin\8d84743535ae44234ad2d5c65187db58.php 第 61 行.
INFO: Run Behavior\ParseTemplateBehavior [ RunTime:0.004000s ]
INFO: [ view_parse ] --END-- [ RunTime:0.004000s ]
INFO: [ view_filter ] --START--
INFO: Run Behavior\WriteHtmlCacheBehavior [ RunTime:0.001000s ]
INFO: [ view_filter ] --END-- [ RunTime:0.001000s ]
INFO: [ app_end ] --START--
INFO: Run Behavior\ShowPageTraceBehavior [ RunTime:0.000000s ]
INFO: [ app_end ] --END-- [ RunTime:0.000000s ]

[ 2017-07-07T20:39:26+08:00 ] ::1 /news/admin.php/Article/listing/p/3.html
INFO: [ app_init ] --START--
INFO: Run Behavior\BuildLiteBehavior [ RunTime:0.000000s ]
INFO: [ app_init ] --END-- [ RunTime:0.000000s ]
INFO: [ app_begin ] --START--
INFO: Run Behavior\ReadHtmlCacheBehavior [ RunTime:0.000000s ]
INFO: [ app_begin ] --END-- [ RunTime:0.000000s ]
SQL: SELECT COUNT(*) AS tp_count FROM `article` LIMIT 1   [ RunTime:0.0010s ]
SQL: select art.id,art_subject,add_time,is_checked,filepath,ptr_name,cate_name,ptr_url,true_name from article as art left join category as c on cate_id=c.id  left join partner as p on ptr_id=p.id  left join admin as a on admin_id=a.id  limit 20,10 [ RunTime:0.0010s ]
INFO: [ view_parse ] --START--
INFO: [ template_filter ] --START--
INFO: Run Behavior\ContentReplaceBehavior [ RunTime:0.001000s ]
INFO: [ template_filter ] --END-- [ RunTime:0.001000s ]
NOTIC: [8] Undefined variable: session D:\www\news\application\Runtime\Cache\Admin\8d84743535ae44234ad2d5c65187db58.php 第 61 行.
INFO: Run Behavior\ParseTemplateBehavior [ RunTime:0.004000s ]
INFO: [ view_parse ] --END-- [ RunTime:0.004000s ]
INFO: [ view_filter ] --START--
INFO: Run Behavior\WriteHtmlCacheBehavior [ RunTime:0.000000s ]
INFO: [ view_filter ] --END-- [ RunTime:0.001000s ]
INFO: [ app_end ] --START--
INFO: Run Behavior\ShowPageTraceBehavior [ RunTime:0.001000s ]
INFO: [ app_end ] --END-- [ RunTime:0.001000s ]

[ 2017-07-07T20:39:28+08:00 ] ::1 /news/admin.php/Article/listing/p/2.html
INFO: [ app_init ] --START--
INFO: Run Behavior\BuildLiteBehavior [ RunTime:0.000000s ]
INFO: [ app_init ] --END-- [ RunTime:0.001000s ]
INFO: [ app_begin ] --START--
INFO: Run Behavior\ReadHtmlCacheBehavior [ RunTime:0.001000s ]
INFO: [ app_begin ] --END-- [ RunTime:0.001000s ]
SQL: SELECT COUNT(*) AS tp_count FROM `article` LIMIT 1   [ RunTime:0.0010s ]
SQL: select art.id,art_subject,add_time,is_checked,filepath,ptr_name,cate_name,ptr_url,true_name from article as art left join category as c on cate_id=c.id  left join partner as p on ptr_id=p.id  left join admin as a on admin_id=a.id  limit 10,10 [ RunTime:0.0010s ]
INFO: [ view_parse ] --START--
INFO: [ template_filter ] --START--
INFO: Run Behavior\ContentReplaceBehavior [ RunTime:0.000000s ]
INFO: [ template_filter ] --END-- [ RunTime:0.000000s ]
NOTIC: [8] Undefined variable: session D:\www\news\application\Runtime\Cache\Admin\8d84743535ae44234ad2d5c65187db58.php 第 61 行.
INFO: Run Behavior\ParseTemplateBehavior [ RunTime:0.004000s ]
INFO: [ view_parse ] --END-- [ RunTime:0.004000s ]
INFO: [ view_filter ] --START--
INFO: Run Behavior\WriteHtmlCacheBehavior [ RunTime:0.001000s ]
INFO: [ view_filter ] --END-- [ RunTime:0.001000s ]
INFO: [ app_end ] --START--
INFO: Run Behavior\ShowPageTraceBehavior [ RunTime:0.000000s ]
INFO: [ app_end ] --END-- [ RunTime:0.000000s ]

[ 2017-07-07T20:39:29+08:00 ] ::1 /news/admin.php/Article/listing/p/1.html
INFO: [ app_init ] --START--
INFO: Run Behavior\BuildLiteBehavior [ RunTime:0.000000s ]
INFO: [ app_init ] --END-- [ RunTime:0.000000s ]
INFO: [ app_begin ] --START--
INFO: Run Behavior\ReadHtmlCacheBehavior [ RunTime:0.001000s ]
INFO: [ app_begin ] --END-- [ RunTime:0.001000s ]
SQL: SELECT COUNT(*) AS tp_count FROM `article` LIMIT 1   [ RunTime:0.0000s ]
SQL: select art.id,art_subject,add_time,is_checked,filepath,ptr_name,cate_name,ptr_url,true_name from article as art left join category as c on cate_id=c.id  left join partner as p on ptr_id=p.id  left join admin as a on admin_id=a.id  limit 0,10 [ RunTime:0.0010s ]
INFO: [ view_parse ] --START--
INFO: [ template_filter ] --START--
INFO: Run Behavior\ContentReplaceBehavior [ RunTime:0.000000s ]
INFO: [ template_filter ] --END-- [ RunTime:0.000000s ]
NOTIC: [8] Undefined variable: session D:\www\news\application\Runtime\Cache\Admin\8d84743535ae44234ad2d5c65187db58.php 第 61 行.
INFO: Run Behavior\ParseTemplateBehavior [ RunTime:0.006000s ]
INFO: [ view_parse ] --END-- [ RunTime:0.006000s ]
INFO: [ view_filter ] --START--
INFO: Run Behavior\WriteHtmlCacheBehavior [ RunTime:0.000000s ]
INFO: [ view_filter ] --END-- [ RunTime:0.000000s ]
INFO: [ app_end ] --START--
INFO: Run Behavior\ShowPageTraceBehavior [ RunTime:0.000000s ]
INFO: [ app_end ] --END-- [ RunTime:0.000000s ]

[ 2017-07-07T20:40:31+08:00 ] ::1 /news/admin.php/Article/listing/p/1.html
INFO: [ app_init ] --START--
INFO: Run Behavior\BuildLiteBehavior [ RunTime:0.000000s ]
INFO: [ app_init ] --END-- [ RunTime:0.001000s ]
INFO: [ app_begin ] --START--
INFO: Run Behavior\ReadHtmlCacheBehavior [ RunTime:0.001000s ]
INFO: [ app_begin ] --END-- [ RunTime:0.001000s ]
SQL: SELECT COUNT(*) AS tp_count FROM `article` LIMIT 1   [ RunTime:0.0000s ]
SQL: select art.id,art_subject,add_time,is_checked,filepath,ptr_name,cate_name,ptr_url,true_name from article as art left join category as c on cate_id=c.id  left join partner as p on ptr_id=p.id  left join admin as a on admin_id=a.id  limit 0,10 [ RunTime:0.0010s ]
INFO: [ view_parse ] --START--
INFO: [ template_filter ] --START--
INFO: Run Behavior\ContentReplaceBehavior [ RunTime:0.000000s ]
INFO: [ template_filter ] --END-- [ RunTime:0.000000s ]
NOTIC: [8] Undefined variable: session D:\www\news\application\Runtime\Cache\Admin\8d84743535ae44234ad2d5c65187db58.php 第 61 行.
INFO: Run Behavior\ParseTemplateBehavior [ RunTime:0.005000s ]
INFO: [ view_parse ] --END-- [ RunTime:0.005000s ]
INFO: [ view_filter ] --START--
INFO: Run Behavior\WriteHtmlCacheBehavior [ RunTime:0.000000s ]
INFO: [ view_filter ] --END-- [ RunTime:0.000000s ]
INFO: [ app_end ] --START--
INFO: Run Behavior\ShowPageTraceBehavior [ RunTime:0.001000s ]
INFO: [ app_end ] --END-- [ RunTime:0.001000s ]

