[ 2017-07-03T12:40:28+08:00 ] ::1 /news/admin.php
INFO: [ app_init ] --START--
INFO: Run Behavior\BuildLiteBehavior [ RunTime:0.000000s ]
INFO: [ app_init ] --END-- [ RunTime:0.000000s ]
INFO: [ app_begin ] --START--
INFO: Run Behavior\ReadHtmlCacheBehavior [ RunTime:0.001000s ]
INFO: [ app_begin ] --END-- [ RunTime:0.001000s ]
INFO: [ view_parse ] --START--
INFO: [ template_filter ] --START--
INFO: Run Behavior\ContentReplaceBehavior [ RunTime:0.000000s ]
INFO: [ template_filter ] --END-- [ RunTime:0.000000s ]
INFO: Run Behavior\ParseTemplateBehavior [ RunTime:0.007000s ]
INFO: [ view_parse ] --END-- [ RunTime:0.007000s ]
INFO: [ view_filter ] --START--
INFO: Run Behavior\WriteHtmlCacheBehavior [ RunTime:0.000000s ]
INFO: [ view_filter ] --END-- [ RunTime:0.000000s ]
INFO: [ app_end ] --START--
INFO: Run Behavior\ShowPageTraceBehavior [ RunTime:0.001000s ]
INFO: [ app_end ] --END-- [ RunTime:0.001000s ]

[ 2017-07-03T12:40:39+08:00 ] ::1 /news/admin.php/Index/login
INFO: [ app_init ] --START--
INFO: Run Behavior\BuildLiteBehavior [ RunTime:0.000000s ]
INFO: [ app_init ] --END-- [ RunTime:0.001000s ]
INFO: [ app_begin ] --START--
INFO: Run Behavior\ReadHtmlCacheBehavior [ RunTime:0.001000s ]
INFO: [ app_begin ] --END-- [ RunTime:0.001000s ]
SQL: SELECT * FROM `admin` WHERE ( admin_name='admin' and admin_pass='admin' )  [ RunTime:0.0010s ]
INFO: [ view_parse ] --START--
INFO: [ template_filter ] --START--
INFO: Run Behavior\ContentReplaceBehavior [ RunTime:0.000000s ]
INFO: [ template_filter ] --END-- [ RunTime:0.000000s ]
NOTIC: [8] Undefined variable: session D:\www\news\application\Runtime\Cache\Admin\180b80e477c880808520e84ec9e0407f.php 第 32 行.
INFO: Run Behavior\ParseTemplateBehavior [ RunTime:0.007000s ]
INFO: [ view_parse ] --END-- [ RunTime:0.007000s ]
INFO: [ view_filter ] --START--
INFO: Run Behavior\WriteHtmlCacheBehavior [ RunTime:0.000000s ]
INFO: [ view_filter ] --END-- [ RunTime:0.000000s ]
INFO: [ app_end ] --START--
INFO: Run Behavior\ShowPageTraceBehavior [ RunTime:0.001000s ]
INFO: [ app_end ] --END-- [ RunTime:0.001000s ]

[ 2017-07-03T12:40:44+08:00 ] ::1 /news/admin.php/Index/index
INFO: [ app_init ] --START--
INFO: Run Behavior\BuildLiteBehavior [ RunTime:0.000000s ]
INFO: [ app_init ] --END-- [ RunTime:0.001000s ]
INFO: [ app_begin ] --START--
INFO: Run Behavior\ReadHtmlCacheBehavior [ RunTime:0.000000s ]
INFO: [ app_begin ] --END-- [ RunTime:0.000000s ]
INFO: [ view_parse ] --START--
INFO: [ template_filter ] --START--
INFO: Run Behavior\ContentReplaceBehavior [ RunTime:0.000000s ]
INFO: [ template_filter ] --END-- [ RunTime:0.000000s ]
INFO: Run Behavior\ParseTemplateBehavior [ RunTime:0.006000s ]
INFO: [ view_parse ] --END-- [ RunTime:0.006000s ]
INFO: [ view_filter ] --START--
INFO: Run Behavior\WriteHtmlCacheBehavior [ RunTime:0.001000s ]
INFO: [ view_filter ] --END-- [ RunTime:0.001000s ]
INFO: [ app_end ] --START--
INFO: Run Behavior\ShowPageTraceBehavior [ RunTime:0.001000s ]
INFO: [ app_end ] --END-- [ RunTime:0.001000s ]

[ 2017-07-03T12:40:57+08:00 ] ::1 /news/admin.php/Index/login
INFO: [ app_init ] --START--
INFO: Run Behavior\BuildLiteBehavior [ RunTime:0.000000s ]
INFO: [ app_init ] --END-- [ RunTime:0.000000s ]
INFO: [ app_begin ] --START--
INFO: Run Behavior\ReadHtmlCacheBehavior [ RunTime:0.001000s ]
INFO: [ app_begin ] --END-- [ RunTime:0.001000s ]
SQL: SELECT * FROM `admin` WHERE ( admin_name='tom' and admin_pass='tom' )  [ RunTime:0.0010s ]
INFO: [ view_parse ] --START--
INFO: [ template_filter ] --START--
INFO: Run Behavior\ContentReplaceBehavior [ RunTime:0.000000s ]
INFO: [ template_filter ] --END-- [ RunTime:0.000000s ]
NOTIC: [8] Undefined variable: session D:\www\news\application\Runtime\Cache\Admin\180b80e477c880808520e84ec9e0407f.php 第 32 行.
INFO: Run Behavior\ParseTemplateBehavior [ RunTime:0.003000s ]
INFO: [ view_parse ] --END-- [ RunTime:0.003000s ]
INFO: [ view_filter ] --START--
INFO: Run Behavior\WriteHtmlCacheBehavior [ RunTime:0.000000s ]
INFO: [ view_filter ] --END-- [ RunTime:0.000000s ]
INFO: [ app_end ] --START--
INFO: Run Behavior\ShowPageTraceBehavior [ RunTime:0.001000s ]
INFO: [ app_end ] --END-- [ RunTime:0.001000s ]

[ 2017-07-03T12:41:02+08:00 ] ::1 /news/admin.php/Index/index
INFO: [ app_init ] --START--
INFO: Run Behavior\BuildLiteBehavior [ RunTime:0.000000s ]
INFO: [ app_init ] --END-- [ RunTime:0.000000s ]
INFO: [ app_begin ] --START--
INFO: Run Behavior\ReadHtmlCacheBehavior [ RunTime:0.000000s ]
INFO: [ app_begin ] --END-- [ RunTime:0.000000s ]
INFO: [ view_parse ] --START--
INFO: [ template_filter ] --START--
INFO: Run Behavior\ContentReplaceBehavior [ RunTime:0.000000s ]
INFO: [ template_filter ] --END-- [ RunTime:0.000000s ]
INFO: Run Behavior\ParseTemplateBehavior [ RunTime:0.000000s ]
INFO: [ view_parse ] --END-- [ RunTime:0.000000s ]
INFO: [ view_filter ] --START--
INFO: Run Behavior\WriteHtmlCacheBehavior [ RunTime:0.000000s ]
INFO: [ view_filter ] --END-- [ RunTime:0.000000s ]
INFO: [ app_end ] --START--
INFO: Run Behavior\ShowPageTraceBehavior [ RunTime:0.000000s ]
INFO: [ app_end ] --END-- [ RunTime:0.000000s ]

[ 2017-07-03T12:43:00+08:00 ] ::1 /news/admin.php/Index/index
INFO: [ app_init ] --START--
INFO: Run Behavior\BuildLiteBehavior [ RunTime:0.000000s ]
INFO: [ app_init ] --END-- [ RunTime:0.000000s ]
INFO: [ app_begin ] --START--
INFO: Run Behavior\ReadHtmlCacheBehavior [ RunTime:0.000000s ]
INFO: [ app_begin ] --END-- [ RunTime:0.000000s ]
INFO: [ view_parse ] --START--
INFO: [ template_filter ] --START--
INFO: Run Behavior\ContentReplaceBehavior [ RunTime:0.000000s ]
INFO: [ template_filter ] --END-- [ RunTime:0.000000s ]
INFO: Run Behavior\ParseTemplateBehavior [ RunTime:0.017600s ]
INFO: [ view_parse ] --END-- [ RunTime:0.017600s ]
INFO: [ view_filter ] --START--
INFO: Run Behavior\WriteHtmlCacheBehavior [ RunTime:0.001000s ]
INFO: [ view_filter ] --END-- [ RunTime:0.001000s ]
INFO: [ app_end ] --START--
INFO: Run Behavior\ShowPageTraceBehavior [ RunTime:0.000000s ]
INFO: [ app_end ] --END-- [ RunTime:0.000000s ]

[ 2017-07-03T12:43:10+08:00 ] ::1 /news/admin.php/Index/login
INFO: [ app_init ] --START--
INFO: Run Behavior\BuildLiteBehavior [ RunTime:0.000000s ]
INFO: [ app_init ] --END-- [ RunTime:0.000000s ]
INFO: [ app_begin ] --START--
INFO: Run Behavior\ReadHtmlCacheBehavior [ RunTime:0.000000s ]
INFO: [ app_begin ] --END-- [ RunTime:0.000000s ]
SQL: SELECT * FROM `admin` WHERE ( admin_name='admin' and admin_pass='admin' )  [ RunTime:0.0000s ]
INFO: [ view_parse ] --START--
INFO: [ template_filter ] --START--
INFO: Run Behavior\ContentReplaceBehavior [ RunTime:0.000000s ]
INFO: [ template_filter ] --END-- [ RunTime:0.000000s ]
NOTIC: [8] Undefined variable: session D:\www\news\application\Runtime\Cache\Admin\180b80e477c880808520e84ec9e0407f.php 第 32 行.
INFO: Run Behavior\ParseTemplateBehavior [ RunTime:0.005000s ]
INFO: [ view_parse ] --END-- [ RunTime:0.005000s ]
INFO: [ view_filter ] --START--
INFO: Run Behavior\WriteHtmlCacheBehavior [ RunTime:0.000000s ]
INFO: [ view_filter ] --END-- [ RunTime:0.000000s ]
INFO: [ app_end ] --START--
INFO: Run Behavior\ShowPageTraceBehavior [ RunTime:0.001000s ]
INFO: [ app_end ] --END-- [ RunTime:0.001000s ]

[ 2017-07-03T12:43:15+08:00 ] ::1 /news/admin.php/Index/index
INFO: [ app_init ] --START--
INFO: Run Behavior\BuildLiteBehavior [ RunTime:0.000000s ]
INFO: [ app_init ] --END-- [ RunTime:0.001000s ]
INFO: [ app_begin ] --START--
INFO: Run Behavior\ReadHtmlCacheBehavior [ RunTime:0.000000s ]
INFO: [ app_begin ] --END-- [ RunTime:0.000000s ]
INFO: [ view_parse ] --START--
INFO: [ template_filter ] --START--
INFO: Run Behavior\ContentReplaceBehavior [ RunTime:0.000000s ]
INFO: [ template_filter ] --END-- [ RunTime:0.000000s ]
INFO: Run Behavior\ParseTemplateBehavior [ RunTime:0.005000s ]
INFO: [ view_parse ] --END-- [ RunTime:0.005000s ]
INFO: [ view_filter ] --START--
INFO: Run Behavior\WriteHtmlCacheBehavior [ RunTime:0.000000s ]
INFO: [ view_filter ] --END-- [ RunTime:0.000000s ]
INFO: [ app_end ] --START--
INFO: Run Behavior\ShowPageTraceBehavior [ RunTime:0.000000s ]
INFO: [ app_end ] --END-- [ RunTime:0.001000s ]

[ 2017-07-03T12:43:46+08:00 ] ::1 /news/admin.php/Index/login
INFO: [ app_init ] --START--
INFO: Run Behavior\BuildLiteBehavior [ RunTime:0.000000s ]
INFO: [ app_init ] --END-- [ RunTime:0.000000s ]
INFO: [ app_begin ] --START--
INFO: Run Behavior\ReadHtmlCacheBehavior [ RunTime:0.001000s ]
INFO: [ app_begin ] --END-- [ RunTime:0.001000s ]
SQL: SELECT * FROM `admin` WHERE ( admin_name='rose' and admin_pass='123' )  [ RunTime:0.0010s ]
INFO: [ view_parse ] --START--
INFO: [ template_filter ] --START--
INFO: Run Behavior\ContentReplaceBehavior [ RunTime:0.001000s ]
INFO: [ template_filter ] --END-- [ RunTime:0.001000s ]
NOTIC: [8] Undefined variable: session D:\www\news\application\Runtime\Cache\Admin\180b80e477c880808520e84ec9e0407f.php 第 32 行.
INFO: Run Behavior\ParseTemplateBehavior [ RunTime:0.005000s ]
INFO: [ view_parse ] --END-- [ RunTime:0.005000s ]
INFO: [ view_filter ] --START--
INFO: Run Behavior\WriteHtmlCacheBehavior [ RunTime:0.001000s ]
INFO: [ view_filter ] --END-- [ RunTime:0.001000s ]
INFO: [ app_end ] --START--
INFO: Run Behavior\ShowPageTraceBehavior [ RunTime:0.001000s ]
INFO: [ app_end ] --END-- [ RunTime:0.001000s ]

[ 2017-07-03T12:43:51+08:00 ] ::1 /news/admin.php/Index/menu
INFO: [ app_init ] --START--
INFO: Run Behavior\BuildLiteBehavior [ RunTime:0.000000s ]
INFO: [ app_init ] --END-- [ RunTime:0.000000s ]
INFO: [ app_begin ] --START--
INFO: Run Behavior\ReadHtmlCacheBehavior [ RunTime:0.001000s ]
INFO: [ app_begin ] --END-- [ RunTime:0.001000s ]
INFO: [ view_parse ] --START--
INFO: [ template_filter ] --START--
INFO: Run Behavior\ContentReplaceBehavior [ RunTime:0.000000s ]
INFO: [ template_filter ] --END-- [ RunTime:0.000000s ]
INFO: Run Behavior\ParseTemplateBehavior [ RunTime:0.006000s ]
INFO: [ view_parse ] --END-- [ RunTime:0.006000s ]
INFO: [ view_filter ] --START--
INFO: Run Behavior\WriteHtmlCacheBehavior [ RunTime:0.001000s ]
INFO: [ view_filter ] --END-- [ RunTime:0.001000s ]
INFO: [ app_end ] --START--
INFO: Run Behavior\ShowPageTraceBehavior [ RunTime:0.000000s ]
INFO: [ app_end ] --END-- [ RunTime:0.000000s ]

[ 2017-07-03T12:44:30+08:00 ] ::1 /news/admin.php/Article/create
INFO: [ app_init ] --START--
INFO: Run Behavior\BuildLiteBehavior [ RunTime:0.000000s ]
INFO: [ app_init ] --END-- [ RunTime:0.001000s ]
INFO: [ app_begin ] --START--
INFO: Run Behavior\ReadHtmlCacheBehavior [ RunTime:0.001000s ]
INFO: [ app_begin ] --END-- [ RunTime:0.001000s ]
SQL: SELECT * FROM `partner`  [ RunTime:0.0010s ]
INFO: [ view_parse ] --START--
INFO: [ template_filter ] --START--
INFO: Run Behavior\ContentReplaceBehavior [ RunTime:0.000000s ]
INFO: [ template_filter ] --END-- [ RunTime:0.000000s ]
NOTIC: [8] Undefined variable: option D:\www\news\application\Runtime\Cache\Admin\9f64657d84f21ed55e904f2fa87ba2d6.php 第 81 行.
INFO: Run Behavior\ParseTemplateBehavior [ RunTime:0.004000s ]
INFO: [ view_parse ] --END-- [ RunTime:0.004000s ]
INFO: [ view_filter ] --START--
INFO: Run Behavior\WriteHtmlCacheBehavior [ RunTime:0.001000s ]
INFO: [ view_filter ] --END-- [ RunTime:0.001000s ]
INFO: [ app_end ] --START--
INFO: Run Behavior\ShowPageTraceBehavior [ RunTime:0.000000s ]
INFO: [ app_end ] --END-- [ RunTime:0.000000s ]

[ 2017-07-03T12:44:37+08:00 ] ::1 /news/admin.php/Article/index
INFO: [ app_init ] --START--
INFO: Run Behavior\BuildLiteBehavior [ RunTime:0.000000s ]
INFO: [ app_init ] --END-- [ RunTime:0.001000s ]
INFO: [ app_begin ] --START--
INFO: Run Behavior\ReadHtmlCacheBehavior [ RunTime:0.000000s ]
INFO: [ app_begin ] --END-- [ RunTime:0.000000s ]
SQL: select art.id,art_subject,add_time,is_checked,filepath,ptr_name,cate_name,ptr_url,true_name from article as art left join category as c on cate_id=c.id  left join partner as p on ptr_id=p.id  left join admin as a on admin_id=a.id  [ RunTime:0.0030s ]
INFO: [ view_parse ] --START--
INFO: [ template_filter ] --START--
INFO: Run Behavior\ContentReplaceBehavior [ RunTime:0.000000s ]
INFO: [ template_filter ] --END-- [ RunTime:0.000000s ]
NOTIC: [8] Undefined variable: session D:\www\news\application\Runtime\Cache\Admin\d3f8518c73fe761d1ad395b22c52639e.php 第 19 行.
NOTIC: [8] Undefined index: keywords D:\www\news\application\Runtime\Cache\Admin\d3f8518c73fe761d1ad395b22c52639e.php 第 94 行.
NOTIC: [8] Undefined variable: row D:\www\news\application\Runtime\Cache\Admin\d3f8518c73fe761d1ad395b22c52639e.php 第 94 行.
NOTIC: [8] Undefined variable: row D:\www\news\application\Runtime\Cache\Admin\d3f8518c73fe761d1ad395b22c52639e.php 第 103 行.
NOTIC: [8] Undefined variable: row D:\www\news\application\Runtime\Cache\Admin\d3f8518c73fe761d1ad395b22c52639e.php 第 103 行.
NOTIC: [8] Undefined variable: row D:\www\news\application\Runtime\Cache\Admin\d3f8518c73fe761d1ad395b22c52639e.php 第 104 行.
NOTIC: [8] Undefined index: keywords D:\www\news\application\Runtime\Cache\Admin\d3f8518c73fe761d1ad395b22c52639e.php 第 94 行.
NOTIC: [8] Undefined variable: row D:\www\news\application\Runtime\Cache\Admin\d3f8518c73fe761d1ad395b22c52639e.php 第 94 行.
NOTIC: [8] Undefined variable: row D:\www\news\application\Runtime\Cache\Admin\d3f8518c73fe761d1ad395b22c52639e.php 第 103 行.
NOTIC: [8] Undefined variable: row D:\www\news\application\Runtime\Cache\Admin\d3f8518c73fe761d1ad395b22c52639e.php 第 103 行.
NOTIC: [8] Undefined variable: row D:\www\news\application\Runtime\Cache\Admin\d3f8518c73fe761d1ad395b22c52639e.php 第 104 行.
NOTIC: [8] Undefined index: keywords D:\www\news\application\Runtime\Cache\Admin\d3f8518c73fe761d1ad395b22c52639e.php 第 94 行.
NOTIC: [8] Undefined variable: row D:\www\news\application\Runtime\Cache\Admin\d3f8518c73fe761d1ad395b22c52639e.php 第 94 行.
NOTIC: [8] Undefined variable: row D:\www\news\application\Runtime\Cache\Admin\d3f8518c73fe761d1ad395b22c52639e.php 第 103 行.
NOTIC: [8] Undefined variable: row D:\www\news\application\Runtime\Cache\Admin\d3f8518c73fe761d1ad395b22c52639e.php 第 103 行.
NOTIC: [8] Undefined variable: row D:\www\news\application\Runtime\Cache\Admin\d3f8518c73fe761d1ad395b22c52639e.php 第 104 行.
NOTIC: [8] Undefined index: keywords D:\www\news\application\Runtime\Cache\Admin\d3f8518c73fe761d1ad395b22c52639e.php 第 94 行.
NOTIC: [8] Undefined variable: row D:\www\news\application\Runtime\Cache\Admin\d3f8518c73fe761d1ad395b22c52639e.php 第 94 行.
NOTIC: [8] Undefined variable: row D:\www\news\application\Runtime\Cache\Admin\d3f8518c73fe761d1ad395b22c52639e.php 第 103 行.
NOTIC: [8] Undefined variable: row D:\www\news\application\Runtime\Cache\Admin\d3f8518c73fe761d1ad395b22c52639e.php 第 103 行.
NOTIC: [8] Undefined variable: row D:\www\news\application\Runtime\Cache\Admin\d3f8518c73fe761d1ad395b22c52639e.php 第 104 行.
NOTIC: [8] Undefined index: keywords D:\www\news\application\Runtime\Cache\Admin\d3f8518c73fe761d1ad395b22c52639e.php 第 94 行.
NOTIC: [8] Undefined variable: row D:\www\news\application\Runtime\Cache\Admin\d3f8518c73fe761d1ad395b22c52639e.php 第 94 行.
NOTIC: [8] Undefined variable: row D:\www\news\application\Runtime\Cache\Admin\d3f8518c73fe761d1ad395b22c52639e.php 第 103 行.
NOTIC: [8] Undefined variable: row D:\www\news\application\Runtime\Cache\Admin\d3f8518c73fe761d1ad395b22c52639e.php 第 103 行.
NOTIC: [8] Undefined variable: row D:\www\news\application\Runtime\Cache\Admin\d3f8518c73fe761d1ad395b22c52639e.php 第 104 行.
NOTIC: [8] Undefined index: keywords D:\www\news\application\Runtime\Cache\Admin\d3f8518c73fe761d1ad395b22c52639e.php 第 94 行.
NOTIC: [8] Undefined variable: row D:\www\news\application\Runtime\Cache\Admin\d3f8518c73fe761d1ad395b22c52639e.php 第 94 行.
NOTIC: [8] Undefined variable: row D:\www\news\application\Runtime\Cache\Admin\d3f8518c73fe761d1ad395b22c52639e.php 第 103 行.
NOTIC: [8] Undefined variable: row D:\www\news\application\Runtime\Cache\Admin\d3f8518c73fe761d1ad395b22c52639e.php 第 103 行.
NOTIC: [8] Undefined variable: row D:\www\news\application\Runtime\Cache\Admin\d3f8518c73fe761d1ad395b22c52639e.php 第 104 行.
NOTIC: [8] Undefined index: keywords D:\www\news\application\Runtime\Cache\Admin\d3f8518c73fe761d1ad395b22c52639e.php 第 94 行.
NOTIC: [8] Undefined variable: row D:\www\news\application\Runtime\Cache\Admin\d3f8518c73fe761d1ad395b22c52639e.php 第 94 行.
NOTIC: [8] Undefined variable: row D:\www\news\application\Runtime\Cache\Admin\d3f8518c73fe761d1ad395b22c52639e.php 第 103 行.
NOTIC: [8] Undefined variable: row D:\www\news\application\Runtime\Cache\Admin\d3f8518c73fe761d1ad395b22c52639e.php 第 103 行.
NOTIC: [8] Undefined variable: row D:\www\news\application\Runtime\Cache\Admin\d3f8518c73fe761d1ad395b22c52639e.php 第 104 行.
NOTIC: [8] Undefined index: keywords D:\www\news\application\Runtime\Cache\Admin\d3f8518c73fe761d1ad395b22c52639e.php 第 94 行.
NOTIC: [8] Undefined variable: row D:\www\news\application\Runtime\Cache\Admin\d3f8518c73fe761d1ad395b22c52639e.php 第 94 行.
NOTIC: [8] Undefined variable: row D:\www\news\application\Runtime\Cache\Admin\d3f8518c73fe761d1ad395b22c52639e.php 第 103 行.
NOTIC: [8] Undefined variable: row D:\www\news\application\Runtime\Cache\Admin\d3f8518c73fe761d1ad395b22c52639e.php 第 103 行.
NOTIC: [8] Undefined variable: row D:\www\news\application\Runtime\Cache\Admin\d3f8518c73fe761d1ad395b22c52639e.php 第 104 行.
NOTIC: [8] Undefined index: keywords D:\www\news\application\Runtime\Cache\Admin\d3f8518c73fe761d1ad395b22c52639e.php 第 94 行.
NOTIC: [8] Undefined variable: row D:\www\news\application\Runtime\Cache\Admin\d3f8518c73fe761d1ad395b22c52639e.php 第 94 行.
NOTIC: [8] Undefined variable: row D:\www\news\application\Runtime\Cache\Admin\d3f8518c73fe761d1ad395b22c52639e.php 第 103 行.
NOTIC: [8] Undefined variable: row D:\www\news\application\Runtime\Cache\Admin\d3f8518c73fe761d1ad395b22c52639e.php 第 103 行.
NOTIC: [8] Undefined variable: row D:\www\news\application\Runtime\Cache\Admin\d3f8518c73fe761d1ad395b22c52639e.php 第 104 行.
NOTIC: [8] Undefined index: keywords D:\www\news\application\Runtime\Cache\Admin\d3f8518c73fe761d1ad395b22c52639e.php 第 94 行.
NOTIC: [8] Undefined variable: row D:\www\news\application\Runtime\Cache\Admin\d3f8518c73fe761d1ad395b22c52639e.php 第 94 行.
NOTIC: [8] Undefined variable: row D:\www\news\application\Runtime\Cache\Admin\d3f8518c73fe761d1ad395b22c52639e.php 第 103 行.
NOTIC: [8] Undefined variable: row D:\www\news\application\Runtime\Cache\Admin\d3f8518c73fe761d1ad395b22c52639e.php 第 103 行.
NOTIC: [8] Undefined variable: row D:\www\news\application\Runtime\Cache\Admin\d3f8518c73fe761d1ad395b22c52639e.php 第 104 行.
NOTIC: [8] Undefined index: keywords D:\www\news\application\Runtime\Cache\Admin\d3f8518c73fe761d1ad395b22c52639e.php 第 94 行.
NOTIC: [8] Undefined variable: row D:\www\news\application\Runtime\Cache\Admin\d3f8518c73fe761d1ad395b22c52639e.php 第 94 行.
NOTIC: [8] Undefined variable: row D:\www\news\application\Runtime\Cache\Admin\d3f8518c73fe761d1ad395b22c52639e.php 第 103 行.
NOTIC: [8] Undefined variable: row D:\www\news\application\Runtime\Cache\Admin\d3f8518c73fe761d1ad395b22c52639e.php 第 103 行.
NOTIC: [8] Undefined variable: row D:\www\news\application\Runtime\Cache\Admin\d3f8518c73fe761d1ad395b22c52639e.php 第 104 行.
NOTIC: [8] Undefined index: keywords D:\www\news\application\Runtime\Cache\Admin\d3f8518c73fe761d1ad395b22c52639e.php 第 94 行.
NOTIC: [8] Undefined variable: row D:\www\news\application\Runtime\Cache\Admin\d3f8518c73fe761d1ad395b22c52639e.php 第 94 行.
NOTIC: [8] Undefined variable: row D:\www\news\application\Runtime\Cache\Admin\d3f8518c73fe761d1ad395b22c52639e.php 第 103 行.
NOTIC: [8] Undefined variable: row D:\www\news\application\Runtime\Cache\Admin\d3f8518c73fe761d1ad395b22c52639e.php 第 103 行.
NOTIC: [8] Undefined variable: row D:\www\news\application\Runtime\Cache\Admin\d3f8518c73fe761d1ad395b22c52639e.php 第 104 行.
NOTIC: [8] Undefined index: keywords D:\www\news\application\Runtime\Cache\Admin\d3f8518c73fe761d1ad395b22c52639e.php 第 94 行.
NOTIC: [8] Undefined variable: row D:\www\news\application\Runtime\Cache\Admin\d3f8518c73fe761d1ad395b22c52639e.php 第 94 行.
NOTIC: [8] Undefined variable: row D:\www\news\application\Runtime\Cache\Admin\d3f8518c73fe761d1ad395b22c52639e.php 第 103 行.
NOTIC: [8] Undefined variable: row D:\www\news\application\Runtime\Cache\Admin\d3f8518c73fe761d1ad395b22c52639e.php 第 103 行.
NOTIC: [8] Undefined variable: row D:\www\news\application\Runtime\Cache\Admin\d3f8518c73fe761d1ad395b22c52639e.php 第 104 行.
INFO: Run Behavior\ParseTemplateBehavior [ RunTime:0.008000s ]
INFO: [ view_parse ] --END-- [ RunTime:0.008000s ]
INFO: [ view_filter ] --START--
INFO: Run Behavior\WriteHtmlCacheBehavior [ RunTime:0.000000s ]
INFO: [ view_filter ] --END-- [ RunTime:0.000000s ]
INFO: [ app_end ] --START--
INFO: Run Behavior\ShowPageTraceBehavior [ RunTime:0.001000s ]
INFO: [ app_end ] --END-- [ RunTime:0.001000s ]

[ 2017-07-03T12:44:37+08:00 ] ::1 /news/admin.php/Article/public/styles/reset.css
INFO: [ app_init ] --START--
INFO: Run Behavior\BuildLiteBehavior [ RunTime:0.000000s ]
INFO: [ app_init ] --END-- [ RunTime:0.000000s ]
INFO: [ app_begin ] --START--
INFO: Run Behavior\ReadHtmlCacheBehavior [ RunTime:0.000000s ]
INFO: [ app_begin ] --END-- [ RunTime:0.000000s ]
ERR: 非法操作:public

[ 2017-07-03T12:44:37+08:00 ] ::1 /news/admin.php/Article/public/styles/layout.css
INFO: [ app_init ] --START--
INFO: Run Behavior\BuildLiteBehavior [ RunTime:0.000000s ]
INFO: [ app_init ] --END-- [ RunTime:0.000000s ]
INFO: [ app_begin ] --START--
INFO: Run Behavior\ReadHtmlCacheBehavior [ RunTime:0.000000s ]
INFO: [ app_begin ] --END-- [ RunTime:0.000000s ]
ERR: 非法操作:public

[ 2017-07-03T12:44:37+08:00 ] ::1 /news/admin.php/Article/public/images/unchecked.png
INFO: [ app_init ] --START--
INFO: Run Behavior\BuildLiteBehavior [ RunTime:0.000000s ]
INFO: [ app_init ] --END-- [ RunTime:0.001000s ]

[ 2017-07-03T12:45:44+08:00 ] ::1 /news/admin.php/Article/index
INFO: [ app_init ] --START--
INFO: Run Behavior\BuildLiteBehavior [ RunTime:0.000000s ]
INFO: [ app_init ] --END-- [ RunTime:0.001000s ]
INFO: [ app_begin ] --START--
INFO: Run Behavior\ReadHtmlCacheBehavior [ RunTime:0.001000s ]
INFO: [ app_begin ] --END-- [ RunTime:0.001000s ]
SQL: select art.id,art_subject,add_time,is_checked,filepath,ptr_name,cate_name,ptr_url,true_name from article as art left join category as c on cate_id=c.id  left join partner as p on ptr_id=p.id  left join admin as a on admin_id=a.id  [ RunTime:0.0010s ]
INFO: [ view_parse ] --START--
INFO: [ template_filter ] --START--
INFO: Run Behavior\ContentReplaceBehavior [ RunTime:0.000000s ]
INFO: [ template_filter ] --END-- [ RunTime:0.000000s ]
NOTIC: [8] Undefined variable: session D:\www\news\application\Runtime\Cache\Admin\d3f8518c73fe761d1ad395b22c52639e.php 第 19 行.
NOTIC: [8] Undefined index: keywords D:\www\news\application\Runtime\Cache\Admin\d3f8518c73fe761d1ad395b22c52639e.php 第 94 行.
NOTIC: [8] Undefined variable: row D:\www\news\application\Runtime\Cache\Admin\d3f8518c73fe761d1ad395b22c52639e.php 第 94 行.
NOTIC: [8] Undefined variable: row D:\www\news\application\Runtime\Cache\Admin\d3f8518c73fe761d1ad395b22c52639e.php 第 103 行.
NOTIC: [8] Undefined variable: row D:\www\news\application\Runtime\Cache\Admin\d3f8518c73fe761d1ad395b22c52639e.php 第 103 行.
NOTIC: [8] Undefined variable: row D:\www\news\application\Runtime\Cache\Admin\d3f8518c73fe761d1ad395b22c52639e.php 第 104 行.
NOTIC: [8] Undefined index: keywords D:\www\news\application\Runtime\Cache\Admin\d3f8518c73fe761d1ad395b22c52639e.php 第 94 行.
NOTIC: [8] Undefined variable: row D:\www\news\application\Runtime\Cache\Admin\d3f8518c73fe761d1ad395b22c52639e.php 第 94 行.
NOTIC: [8] Undefined variable: row D:\www\news\application\Runtime\Cache\Admin\d3f8518c73fe761d1ad395b22c52639e.php 第 103 行.
NOTIC: [8] Undefined variable: row D:\www\news\application\Runtime\Cache\Admin\d3f8518c73fe761d1ad395b22c52639e.php 第 103 行.
NOTIC: [8] Undefined variable: row D:\www\news\application\Runtime\Cache\Admin\d3f8518c73fe761d1ad395b22c52639e.php 第 104 行.
NOTIC: [8] Undefined index: keywords D:\www\news\application\Runtime\Cache\Admin\d3f8518c73fe761d1ad395b22c52639e.php 第 94 行.
NOTIC: [8] Undefined variable: row D:\www\news\application\Runtime\Cache\Admin\d3f8518c73fe761d1ad395b22c52639e.php 第 94 行.
NOTIC: [8] Undefined variable: row D:\www\news\application\Runtime\Cache\Admin\d3f8518c73fe761d1ad395b22c52639e.php 第 103 行.
NOTIC: [8] Undefined variable: row D:\www\news\application\Runtime\Cache\Admin\d3f8518c73fe761d1ad395b22c52639e.php 第 103 行.
NOTIC: [8] Undefined variable: row D:\www\news\application\Runtime\Cache\Admin\d3f8518c73fe761d1ad395b22c52639e.php 第 104 行.
NOTIC: [8] Undefined index: keywords D:\www\news\application\Runtime\Cache\Admin\d3f8518c73fe761d1ad395b22c52639e.php 第 94 行.
NOTIC: [8] Undefined variable: row D:\www\news\application\Runtime\Cache\Admin\d3f8518c73fe761d1ad395b22c52639e.php 第 94 行.
NOTIC: [8] Undefined variable: row D:\www\news\application\Runtime\Cache\Admin\d3f8518c73fe761d1ad395b22c52639e.php 第 103 行.
NOTIC: [8] Undefined variable: row D:\www\news\application\Runtime\Cache\Admin\d3f8518c73fe761d1ad395b22c52639e.php 第 103 行.
NOTIC: [8] Undefined variable: row D:\www\news\application\Runtime\Cache\Admin\d3f8518c73fe761d1ad395b22c52639e.php 第 104 行.
NOTIC: [8] Undefined index: keywords D:\www\news\application\Runtime\Cache\Admin\d3f8518c73fe761d1ad395b22c52639e.php 第 94 行.
NOTIC: [8] Undefined variable: row D:\www\news\application\Runtime\Cache\Admin\d3f8518c73fe761d1ad395b22c52639e.php 第 94 行.
NOTIC: [8] Undefined variable: row D:\www\news\application\Runtime\Cache\Admin\d3f8518c73fe761d1ad395b22c52639e.php 第 103 行.
NOTIC: [8] Undefined variable: row D:\www\news\application\Runtime\Cache\Admin\d3f8518c73fe761d1ad395b22c52639e.php 第 103 行.
NOTIC: [8] Undefined variable: row D:\www\news\application\Runtime\Cache\Admin\d3f8518c73fe761d1ad395b22c52639e.php 第 104 行.
NOTIC: [8] Undefined index: keywords D:\www\news\application\Runtime\Cache\Admin\d3f8518c73fe761d1ad395b22c52639e.php 第 94 行.
NOTIC: [8] Undefined variable: row D:\www\news\application\Runtime\Cache\Admin\d3f8518c73fe761d1ad395b22c52639e.php 第 94 行.
NOTIC: [8] Undefined variable: row D:\www\news\application\Runtime\Cache\Admin\d3f8518c73fe761d1ad395b22c52639e.php 第 103 行.
NOTIC: [8] Undefined variable: row D:\www\news\application\Runtime\Cache\Admin\d3f8518c73fe761d1ad395b22c52639e.php 第 103 行.
NOTIC: [8] Undefined variable: row D:\www\news\application\Runtime\Cache\Admin\d3f8518c73fe761d1ad395b22c52639e.php 第 104 行.
NOTIC: [8] Undefined index: keywords D:\www\news\application\Runtime\Cache\Admin\d3f8518c73fe761d1ad395b22c52639e.php 第 94 行.
NOTIC: [8] Undefined variable: row D:\www\news\application\Runtime\Cache\Admin\d3f8518c73fe761d1ad395b22c52639e.php 第 94 行.
NOTIC: [8] Undefined variable: row D:\www\news\application\Runtime\Cache\Admin\d3f8518c73fe761d1ad395b22c52639e.php 第 103 行.
NOTIC: [8] Undefined variable: row D:\www\news\application\Runtime\Cache\Admin\d3f8518c73fe761d1ad395b22c52639e.php 第 103 行.
NOTIC: [8] Undefined variable: row D:\www\news\application\Runtime\Cache\Admin\d3f8518c73fe761d1ad395b22c52639e.php 第 104 行.
NOTIC: [8] Undefined index: keywords D:\www\news\application\Runtime\Cache\Admin\d3f8518c73fe761d1ad395b22c52639e.php 第 94 行.
NOTIC: [8] Undefined variable: row D:\www\news\application\Runtime\Cache\Admin\d3f8518c73fe761d1ad395b22c52639e.php 第 94 行.
NOTIC: [8] Undefined variable: row D:\www\news\application\Runtime\Cache\Admin\d3f8518c73fe761d1ad395b22c52639e.php 第 103 行.
NOTIC: [8] Undefined variable: row D:\www\news\application\Runtime\Cache\Admin\d3f8518c73fe761d1ad395b22c52639e.php 第 103 行.
NOTIC: [8] Undefined variable: row D:\www\news\application\Runtime\Cache\Admin\d3f8518c73fe761d1ad395b22c52639e.php 第 104 行.
NOTIC: [8] Undefined index: keywords D:\www\news\application\Runtime\Cache\Admin\d3f8518c73fe761d1ad395b22c52639e.php 第 94 行.
NOTIC: [8] Undefined variable: row D:\www\news\application\Runtime\Cache\Admin\d3f8518c73fe761d1ad395b22c52639e.php 第 94 行.
NOTIC: [8] Undefined variable: row D:\www\news\application\Runtime\Cache\Admin\d3f8518c73fe761d1ad395b22c52639e.php 第 103 行.
NOTIC: [8] Undefined variable: row D:\www\news\application\Runtime\Cache\Admin\d3f8518c73fe761d1ad395b22c52639e.php 第 103 行.
NOTIC: [8] Undefined variable: row D:\www\news\application\Runtime\Cache\Admin\d3f8518c73fe761d1ad395b22c52639e.php 第 104 行.
NOTIC: [8] Undefined index: keywords D:\www\news\application\Runtime\Cache\Admin\d3f8518c73fe761d1ad395b22c52639e.php 第 94 行.
NOTIC: [8] Undefined variable: row D:\www\news\application\Runtime\Cache\Admin\d3f8518c73fe761d1ad395b22c52639e.php 第 94 行.
NOTIC: [8] Undefined variable: row D:\www\news\application\Runtime\Cache\Admin\d3f8518c73fe761d1ad395b22c52639e.php 第 103 行.
NOTIC: [8] Undefined variable: row D:\www\news\application\Runtime\Cache\Admin\d3f8518c73fe761d1ad395b22c52639e.php 第 103 行.
NOTIC: [8] Undefined variable: row D:\www\news\application\Runtime\Cache\Admin\d3f8518c73fe761d1ad395b22c52639e.php 第 104 行.
NOTIC: [8] Undefined index: keywords D:\www\news\application\Runtime\Cache\Admin\d3f8518c73fe761d1ad395b22c52639e.php 第 94 行.
NOTIC: [8] Undefined variable: row D:\www\news\application\Runtime\Cache\Admin\d3f8518c73fe761d1ad395b22c52639e.php 第 94 行.
NOTIC: [8] Undefined variable: row D:\www\news\application\Runtime\Cache\Admin\d3f8518c73fe761d1ad395b22c52639e.php 第 103 行.
NOTIC: [8] Undefined variable: row D:\www\news\application\Runtime\Cache\Admin\d3f8518c73fe761d1ad395b22c52639e.php 第 103 行.
NOTIC: [8] Undefined variable: row D:\www\news\application\Runtime\Cache\Admin\d3f8518c73fe761d1ad395b22c52639e.php 第 104 行.
NOTIC: [8] Undefined index: keywords D:\www\news\application\Runtime\Cache\Admin\d3f8518c73fe761d1ad395b22c52639e.php 第 94 行.
NOTIC: [8] Undefined variable: row D:\www\news\application\Runtime\Cache\Admin\d3f8518c73fe761d1ad395b22c52639e.php 第 94 行.
NOTIC: [8] Undefined variable: row D:\www\news\application\Runtime\Cache\Admin\d3f8518c73fe761d1ad395b22c52639e.php 第 103 行.
NOTIC: [8] Undefined variable: row D:\www\news\application\Runtime\Cache\Admin\d3f8518c73fe761d1ad395b22c52639e.php 第 103 行.
NOTIC: [8] Undefined variable: row D:\www\news\application\Runtime\Cache\Admin\d3f8518c73fe761d1ad395b22c52639e.php 第 104 行.
NOTIC: [8] Undefined index: keywords D:\www\news\application\Runtime\Cache\Admin\d3f8518c73fe761d1ad395b22c52639e.php 第 94 行.
NOTIC: [8] Undefined variable: row D:\www\news\application\Runtime\Cache\Admin\d3f8518c73fe761d1ad395b22c52639e.php 第 94 行.
NOTIC: [8] Undefined variable: row D:\www\news\application\Runtime\Cache\Admin\d3f8518c73fe761d1ad395b22c52639e.php 第 103 行.
NOTIC: [8] Undefined variable: row D:\www\news\application\Runtime\Cache\Admin\d3f8518c73fe761d1ad395b22c52639e.php 第 103 行.
NOTIC: [8] Undefined variable: row D:\www\news\application\Runtime\Cache\Admin\d3f8518c73fe761d1ad395b22c52639e.php 第 104 行.
INFO: Run Behavior\ParseTemplateBehavior [ RunTime:0.005000s ]
INFO: [ view_parse ] --END-- [ RunTime:0.005000s ]
INFO: [ view_filter ] --START--
INFO: Run Behavior\WriteHtmlCacheBehavior [ RunTime:0.000000s ]
INFO: [ view_filter ] --END-- [ RunTime:0.000000s ]
INFO: [ app_end ] --START--
INFO: Run Behavior\ShowPageTraceBehavior [ RunTime:0.001000s ]
INFO: [ app_end ] --END-- [ RunTime:0.001000s ]

[ 2017-07-03T12:45:44+08:00 ] ::1 /news/admin.php/Article/public/images/unchecked.png
INFO: [ app_init ] --START--
INFO: Run Behavior\BuildLiteBehavior [ RunTime:0.000000s ]
INFO: [ app_init ] --END-- [ RunTime:0.002000s ]

[ 2017-07-03T12:55:42+08:00 ] ::1 /news/admin.php/Article/index
INFO: [ app_init ] --START--
INFO: Run Behavior\BuildLiteBehavior [ RunTime:0.000000s ]
INFO: [ app_init ] --END-- [ RunTime:0.001000s ]
ERR: syntax error, unexpected '[', expecting ')'

[ 2017-07-03T12:57:12+08:00 ] ::1 /news/admin.php/Article/index
INFO: [ app_init ] --START--
INFO: Run Behavior\BuildLiteBehavior [ RunTime:0.000000s ]
INFO: [ app_init ] --END-- [ RunTime:0.001000s ]
ERR: syntax error, unexpected '[', expecting ')'

[ 2017-07-03T12:57:14+08:00 ] ::1 /news/admin.php/Article/index
INFO: [ app_init ] --START--
INFO: Run Behavior\BuildLiteBehavior [ RunTime:0.000000s ]
INFO: [ app_init ] --END-- [ RunTime:0.001000s ]
ERR: syntax error, unexpected '[', expecting ')'

[ 2017-07-03T12:57:14+08:00 ] ::1 /news/admin.php/Article/index
INFO: [ app_init ] --START--
INFO: Run Behavior\BuildLiteBehavior [ RunTime:0.000000s ]
INFO: [ app_init ] --END-- [ RunTime:0.001000s ]
ERR: syntax error, unexpected '[', expecting ')'

[ 2017-07-03T12:57:14+08:00 ] ::1 /news/admin.php/Article/index
INFO: [ app_init ] --START--
INFO: Run Behavior\BuildLiteBehavior [ RunTime:0.000000s ]
INFO: [ app_init ] --END-- [ RunTime:0.001000s ]
ERR: syntax error, unexpected '[', expecting ')'

[ 2017-07-03T12:57:14+08:00 ] ::1 /news/admin.php/Article/index
INFO: [ app_init ] --START--
INFO: Run Behavior\BuildLiteBehavior [ RunTime:0.000000s ]
INFO: [ app_init ] --END-- [ RunTime:0.001000s ]
ERR: syntax error, unexpected '[', expecting ')'

[ 2017-07-03T12:57:14+08:00 ] ::1 /news/admin.php/Article/index
INFO: [ app_init ] --START--
INFO: Run Behavior\BuildLiteBehavior [ RunTime:0.000000s ]
INFO: [ app_init ] --END-- [ RunTime:0.000000s ]
ERR: syntax error, unexpected '[', expecting ')'

[ 2017-07-03T12:57:15+08:00 ] ::1 /news/admin.php/Article/index
INFO: [ app_init ] --START--
INFO: Run Behavior\BuildLiteBehavior [ RunTime:0.000000s ]
INFO: [ app_init ] --END-- [ RunTime:0.000000s ]
ERR: syntax error, unexpected '[', expecting ')'

[ 2017-07-03T12:57:15+08:00 ] ::1 /news/admin.php/Article/index
INFO: [ app_init ] --START--
INFO: Run Behavior\BuildLiteBehavior [ RunTime:0.000000s ]
INFO: [ app_init ] --END-- [ RunTime:0.001000s ]
ERR: syntax error, unexpected '[', expecting ')'

[ 2017-07-03T12:57:15+08:00 ] ::1 /news/admin.php/Article/index
INFO: [ app_init ] --START--
INFO: Run Behavior\BuildLiteBehavior [ RunTime:0.000000s ]
INFO: [ app_init ] --END-- [ RunTime:0.000000s ]
ERR: syntax error, unexpected '[', expecting ')'

[ 2017-07-03T12:59:35+08:00 ] ::1 /news/admin.php/Article/index
INFO: [ app_init ] --START--
INFO: Run Behavior\BuildLiteBehavior [ RunTime:0.000000s ]
INFO: [ app_init ] --END-- [ RunTime:0.001000s ]
INFO: [ app_begin ] --START--
INFO: Run Behavior\ReadHtmlCacheBehavior [ RunTime:0.000000s ]
INFO: [ app_begin ] --END-- [ RunTime:0.000000s ]
SQL: select art.id,art_subject,add_time,is_checked,filepath,ptr_name,cate_name,ptr_url,true_name from article as art left join category as c on cate_id=c.id  left join partner as p on ptr_id=p.id  left join admin as a on admin_id=a.id  [ RunTime:0.0020s ]
INFO: [ view_parse ] --START--
INFO: [ template_filter ] --START--
INFO: Run Behavior\ContentReplaceBehavior [ RunTime:0.000000s ]
INFO: [ template_filter ] --END-- [ RunTime:0.000000s ]
NOTIC: [8] Undefined variable: session D:\www\news\application\Runtime\Cache\Admin\d3f8518c73fe761d1ad395b22c52639e.php 第 19 行.
INFO: Run Behavior\ParseTemplateBehavior [ RunTime:0.005000s ]
INFO: [ view_parse ] --END-- [ RunTime:0.005000s ]
INFO: [ view_filter ] --START--
INFO: Run Behavior\WriteHtmlCacheBehavior [ RunTime:0.001000s ]
INFO: [ view_filter ] --END-- [ RunTime:0.001000s ]
INFO: [ app_end ] --START--
INFO: Run Behavior\ShowPageTraceBehavior [ RunTime:0.000000s ]
INFO: [ app_end ] --END-- [ RunTime:0.000000s ]

[ 2017-07-03T13:01:38+08:00 ] ::1 /news/admin.php/Article/create
INFO: [ app_init ] --START--
INFO: Run Behavior\BuildLiteBehavior [ RunTime:0.000000s ]
INFO: [ app_init ] --END-- [ RunTime:0.000000s ]
INFO: [ app_begin ] --START--
INFO: Run Behavior\ReadHtmlCacheBehavior [ RunTime:0.000000s ]
INFO: [ app_begin ] --END-- [ RunTime:0.000000s ]
SQL: SELECT * FROM `partner`  [ RunTime:0.0010s ]
INFO: [ view_parse ] --START--
INFO: [ template_filter ] --START--
INFO: Run Behavior\ContentReplaceBehavior [ RunTime:0.000000s ]
INFO: [ template_filter ] --END-- [ RunTime:0.000000s ]
NOTIC: [8] Undefined variable: option D:\www\news\application\Runtime\Cache\Admin\9f64657d84f21ed55e904f2fa87ba2d6.php 第 81 行.
INFO: Run Behavior\ParseTemplateBehavior [ RunTime:0.006000s ]
INFO: [ view_parse ] --END-- [ RunTime:0.006000s ]
INFO: [ view_filter ] --START--
INFO: Run Behavior\WriteHtmlCacheBehavior [ RunTime:0.001000s ]
INFO: [ view_filter ] --END-- [ RunTime:0.001000s ]
INFO: [ app_end ] --START--
INFO: Run Behavior\ShowPageTraceBehavior [ RunTime:0.001000s ]
INFO: [ app_end ] --END-- [ RunTime:0.001000s ]

[ 2017-07-03T13:01:40+08:00 ] ::1 /news/admin.php/Article/index
INFO: [ app_init ] --START--
INFO: Run Behavior\BuildLiteBehavior [ RunTime:0.000000s ]
INFO: [ app_init ] --END-- [ RunTime:0.001000s ]
INFO: [ app_begin ] --START--
INFO: Run Behavior\ReadHtmlCacheBehavior [ RunTime:0.000000s ]
INFO: [ app_begin ] --END-- [ RunTime:0.000000s ]
SQL: select art.id,art_subject,add_time,is_checked,filepath,ptr_name,cate_name,ptr_url,true_name from article as art left join category as c on cate_id=c.id  left join partner as p on ptr_id=p.id  left join admin as a on admin_id=a.id  [ RunTime:0.0030s ]
INFO: [ view_parse ] --START--
INFO: [ template_filter ] --START--
INFO: Run Behavior\ContentReplaceBehavior [ RunTime:0.000000s ]
INFO: [ template_filter ] --END-- [ RunTime:0.000000s ]
NOTIC: [8] Undefined variable: session D:\www\news\application\Runtime\Cache\Admin\d3f8518c73fe761d1ad395b22c52639e.php 第 19 行.
INFO: Run Behavior\ParseTemplateBehavior [ RunTime:0.005000s ]
INFO: [ view_parse ] --END-- [ RunTime:0.005000s ]
INFO: [ view_filter ] --START--
INFO: Run Behavior\WriteHtmlCacheBehavior [ RunTime:0.000000s ]
INFO: [ view_filter ] --END-- [ RunTime:0.000000s ]
INFO: [ app_end ] --START--
INFO: Run Behavior\ShowPageTraceBehavior [ RunTime:0.001000s ]
INFO: [ app_end ] --END-- [ RunTime:0.001000s ]

[ 2017-07-03T13:07:45+08:00 ] ::1 /news/admin.php/Article/recyclelist
INFO: [ app_init ] --START--
INFO: Run Behavior\BuildLiteBehavior [ RunTime:0.000000s ]
INFO: [ app_init ] --END-- [ RunTime:0.000000s ]
INFO: [ app_begin ] --START--
INFO: Run Behavior\ReadHtmlCacheBehavior [ RunTime:0.001000s ]
INFO: [ app_begin ] --END-- [ RunTime:0.001000s ]
INFO: [ view_parse ] --START--
INFO: [ template_filter ] --START--
INFO: Run Behavior\ContentReplaceBehavior [ RunTime:0.000000s ]
INFO: [ template_filter ] --END-- [ RunTime:0.000000s ]
NOTIC: [8] Undefined index: keywords D:\www\news\application\Runtime\Cache\Admin\a29ec9f7e0e032f1bbfd6b8313b4c981.php 第 11 行.
NOTIC: [8] Undefined variable: session D:\www\news\application\Runtime\Cache\Admin\a29ec9f7e0e032f1bbfd6b8313b4c981.php 第 73 行.
NOTIC: [8] Undefined variable: rowset D:\www\news\application\Runtime\Cache\Admin\a29ec9f7e0e032f1bbfd6b8313b4c981.php 第 143 行.
NOTIC: [2] Invalid argument supplied for foreach() D:\www\news\application\Runtime\Cache\Admin\a29ec9f7e0e032f1bbfd6b8313b4c981.php 第 143 行.
INFO: Run Behavior\ParseTemplateBehavior [ RunTime:0.007000s ]
INFO: [ view_parse ] --END-- [ RunTime:0.007000s ]
INFO: [ view_filter ] --START--
INFO: Run Behavior\WriteHtmlCacheBehavior [ RunTime:0.000000s ]
INFO: [ view_filter ] --END-- [ RunTime:0.000000s ]
INFO: [ app_end ] --START--
INFO: Run Behavior\ShowPageTraceBehavior [ RunTime:0.001000s ]
INFO: [ app_end ] --END-- [ RunTime:0.001000s ]

[ 2017-07-03T19:57:17+08:00 ] ::1 /news/admin.php
INFO: [ app_init ] --START--
INFO: Run Behavior\BuildLiteBehavior [ RunTime:0.000000s ]
INFO: [ app_init ] --END-- [ RunTime:0.000000s ]
INFO: [ app_begin ] --START--
INFO: Run Behavior\ReadHtmlCacheBehavior [ RunTime:0.000000s ]
INFO: [ app_begin ] --END-- [ RunTime:0.000000s ]
INFO: [ view_parse ] --START--
INFO: [ template_filter ] --START--
INFO: Run Behavior\ContentReplaceBehavior [ RunTime:0.000000s ]
INFO: [ template_filter ] --END-- [ RunTime:0.000000s ]
INFO: Run Behavior\ParseTemplateBehavior [ RunTime:0.006000s ]
INFO: [ view_parse ] --END-- [ RunTime:0.006000s ]
INFO: [ view_filter ] --START--
INFO: Run Behavior\WriteHtmlCacheBehavior [ RunTime:0.000000s ]
INFO: [ view_filter ] --END-- [ RunTime:0.000000s ]
INFO: [ app_end ] --START--
INFO: Run Behavior\ShowPageTraceBehavior [ RunTime:0.001000s ]
INFO: [ app_end ] --END-- [ RunTime:0.001000s ]

[ 2017-07-03T19:57:33+08:00 ] ::1 /news/admin.php/Index/login
INFO: [ app_init ] --START--
INFO: Run Behavior\BuildLiteBehavior [ RunTime:0.000000s ]
INFO: [ app_init ] --END-- [ RunTime:0.001000s ]
INFO: [ app_begin ] --START--
INFO: Run Behavior\ReadHtmlCacheBehavior [ RunTime:0.000000s ]
INFO: [ app_begin ] --END-- [ RunTime:0.000000s ]

[ 2017-07-03T19:58:34+08:00 ] ::1 /news/admin.php/Index/login
INFO: [ app_init ] --START--
INFO: Run Behavior\BuildLiteBehavior [ RunTime:0.000000s ]
INFO: [ app_init ] --END-- [ RunTime:0.000000s ]
INFO: [ app_begin ] --START--
INFO: Run Behavior\ReadHtmlCacheBehavior [ RunTime:0.000000s ]
INFO: [ app_begin ] --END-- [ RunTime:0.000000s ]

[ 2017-07-03T19:59:30+08:00 ] ::1 /news/admin.php
INFO: [ app_init ] --START--
INFO: Run Behavior\BuildLiteBehavior [ RunTime:0.000000s ]
INFO: [ app_init ] --END-- [ RunTime:0.000000s ]
INFO: [ app_begin ] --START--
INFO: Run Behavior\ReadHtmlCacheBehavior [ RunTime:0.001000s ]
INFO: [ app_begin ] --END-- [ RunTime:0.001000s ]
INFO: [ view_parse ] --START--
INFO: [ template_filter ] --START--
INFO: Run Behavior\ContentReplaceBehavior [ RunTime:0.000000s ]
INFO: [ template_filter ] --END-- [ RunTime:0.000000s ]
INFO: Run Behavior\ParseTemplateBehavior [ RunTime:0.008000s ]
INFO: [ view_parse ] --END-- [ RunTime:0.008000s ]
INFO: [ view_filter ] --START--
INFO: Run Behavior\WriteHtmlCacheBehavior [ RunTime:0.000000s ]
INFO: [ view_filter ] --END-- [ RunTime:0.000000s ]
INFO: [ app_end ] --START--
INFO: Run Behavior\ShowPageTraceBehavior [ RunTime:0.001000s ]
INFO: [ app_end ] --END-- [ RunTime:0.001000s ]

[ 2017-07-03T19:59:37+08:00 ] ::1 /news/admin.php/Admin/login
INFO: [ app_init ] --START--
INFO: Run Behavior\BuildLiteBehavior [ RunTime:0.000000s ]
INFO: [ app_init ] --END-- [ RunTime:0.000000s ]
INFO: [ app_begin ] --START--
INFO: Run Behavior\ReadHtmlCacheBehavior [ RunTime:0.001000s ]
INFO: [ app_begin ] --END-- [ RunTime:0.001000s ]
SQL: SELECT * FROM `admin` WHERE ( admin_name='rose' and admin_pass='123' ) LIMIT 1   [ RunTime:0.0010s ]
INFO: [ view_parse ] --START--
INFO: [ template_filter ] --START--
INFO: Run Behavior\ContentReplaceBehavior [ RunTime:0.000000s ]
INFO: [ template_filter ] --END-- [ RunTime:0.001000s ]
NOTIC: [8] Undefined variable: session D:\www\news\application\Runtime\Cache\Admin\180b80e477c880808520e84ec9e0407f.php 第 32 行.
INFO: Run Behavior\ParseTemplateBehavior [ RunTime:0.006000s ]
INFO: [ view_parse ] --END-- [ RunTime:0.006000s ]
INFO: [ view_filter ] --START--
INFO: Run Behavior\WriteHtmlCacheBehavior [ RunTime:0.000000s ]
INFO: [ view_filter ] --END-- [ RunTime:0.000000s ]
INFO: [ app_end ] --START--
INFO: Run Behavior\ShowPageTraceBehavior [ RunTime:0.001000s ]
INFO: [ app_end ] --END-- [ RunTime:0.001000s ]

[ 2017-07-03T19:59:42+08:00 ] ::1 /news/admin.php/Index/menu
INFO: [ app_init ] --START--
INFO: Run Behavior\BuildLiteBehavior [ RunTime:0.000000s ]
INFO: [ app_init ] --END-- [ RunTime:0.001000s ]
INFO: [ app_begin ] --START--
INFO: Run Behavior\ReadHtmlCacheBehavior [ RunTime:0.000000s ]
INFO: [ app_begin ] --END-- [ RunTime:0.000000s ]

[ 2017-07-03T20:00:49+08:00 ] ::1 /news/admin.php/Index/menu
INFO: [ app_init ] --START--
INFO: Run Behavior\BuildLiteBehavior [ RunTime:0.000000s ]
INFO: [ app_init ] --END-- [ RunTime:0.000000s ]
INFO: [ app_begin ] --START--
INFO: Run Behavior\ReadHtmlCacheBehavior [ RunTime:0.000000s ]
INFO: [ app_begin ] --END-- [ RunTime:0.000000s ]

[ 2017-07-03T20:03:06+08:00 ] ::1 /news/admin.php
INFO: [ app_init ] --START--
INFO: Run Behavior\BuildLiteBehavior [ RunTime:0.000000s ]
INFO: [ app_init ] --END-- [ RunTime:0.001000s ]
INFO: [ app_begin ] --START--
INFO: Run Behavior\ReadHtmlCacheBehavior [ RunTime:0.001000s ]
INFO: [ app_begin ] --END-- [ RunTime:0.001000s ]

[ 2017-07-03T20:04:17+08:00 ] ::1 /news/admin.php
INFO: [ app_init ] --START--
INFO: Run Behavior\BuildLiteBehavior [ RunTime:0.000000s ]
INFO: [ app_init ] --END-- [ RunTime:0.000000s ]
INFO: [ app_begin ] --START--
INFO: Run Behavior\ReadHtmlCacheBehavior [ RunTime:0.016600s ]
INFO: [ app_begin ] --END-- [ RunTime:0.016600s ]
INFO: [ view_parse ] --START--
INFO: [ template_filter ] --START--
INFO: Run Behavior\ContentReplaceBehavior [ RunTime:0.000000s ]
INFO: [ template_filter ] --END-- [ RunTime:0.000000s ]
INFO: Run Behavior\ParseTemplateBehavior [ RunTime:0.007000s ]
INFO: [ view_parse ] --END-- [ RunTime:0.008000s ]
INFO: [ view_filter ] --START--
INFO: Run Behavior\WriteHtmlCacheBehavior [ RunTime:0.000000s ]
INFO: [ view_filter ] --END-- [ RunTime:0.000000s ]
INFO: [ app_end ] --START--
INFO: Run Behavior\ShowPageTraceBehavior [ RunTime:0.001000s ]
INFO: [ app_end ] --END-- [ RunTime:0.001000s ]

[ 2017-07-03T20:04:25+08:00 ] ::1 /news/admin.php/Admin/login
INFO: [ app_init ] --START--
INFO: Run Behavior\BuildLiteBehavior [ RunTime:0.000000s ]
INFO: [ app_init ] --END-- [ RunTime:0.001000s ]
INFO: [ app_begin ] --START--
INFO: Run Behavior\ReadHtmlCacheBehavior [ RunTime:0.001000s ]
INFO: [ app_begin ] --END-- [ RunTime:0.001000s ]
SQL: SELECT * FROM `admin` WHERE ( admin_name='rose' and admin_pass='123' ) LIMIT 1   [ RunTime:0.0010s ]
INFO: [ view_parse ] --START--
INFO: [ template_filter ] --START--
INFO: Run Behavior\ContentReplaceBehavior [ RunTime:0.000000s ]
INFO: [ template_filter ] --END-- [ RunTime:0.000000s ]
NOTIC: [8] Undefined variable: session D:\www\news\application\Runtime\Cache\Admin\180b80e477c880808520e84ec9e0407f.php 第 32 行.
INFO: Run Behavior\ParseTemplateBehavior [ RunTime:0.004000s ]
INFO: [ view_parse ] --END-- [ RunTime:0.004000s ]
INFO: [ view_filter ] --START--
INFO: Run Behavior\WriteHtmlCacheBehavior [ RunTime:0.000000s ]
INFO: [ view_filter ] --END-- [ RunTime:0.000000s ]
INFO: [ app_end ] --START--
INFO: Run Behavior\ShowPageTraceBehavior [ RunTime:0.001000s ]
INFO: [ app_end ] --END-- [ RunTime:0.001000s ]

[ 2017-07-03T20:04:30+08:00 ] ::1 /news/admin.php/Index/menu
INFO: [ app_init ] --START--
INFO: Run Behavior\BuildLiteBehavior [ RunTime:0.000000s ]
INFO: [ app_init ] --END-- [ RunTime:0.001000s ]
INFO: [ app_begin ] --START--
INFO: Run Behavior\ReadHtmlCacheBehavior [ RunTime:0.000000s ]
INFO: [ app_begin ] --END-- [ RunTime:0.000000s ]
INFO: [ view_parse ] --START--
INFO: [ template_filter ] --START--
INFO: Run Behavior\ContentReplaceBehavior [ RunTime:0.000000s ]
INFO: [ template_filter ] --END-- [ RunTime:0.000000s ]
INFO: Run Behavior\ParseTemplateBehavior [ RunTime:0.004000s ]
INFO: [ view_parse ] --END-- [ RunTime:0.004000s ]
INFO: [ view_filter ] --START--
INFO: Run Behavior\WriteHtmlCacheBehavior [ RunTime:0.001000s ]
INFO: [ view_filter ] --END-- [ RunTime:0.001000s ]
INFO: [ app_end ] --START--
INFO: Run Behavior\ShowPageTraceBehavior [ RunTime:0.000000s ]
INFO: [ app_end ] --END-- [ RunTime:0.000000s ]

[ 2017-07-03T20:05:27+08:00 ] ::1 /news/admin.php/Article/create
INFO: [ app_init ] --START--
INFO: Run Behavior\BuildLiteBehavior [ RunTime:0.000000s ]
INFO: [ app_init ] --END-- [ RunTime:0.000000s ]
INFO: [ app_begin ] --START--
INFO: Run Behavior\ReadHtmlCacheBehavior [ RunTime:0.001000s ]
INFO: [ app_begin ] --END-- [ RunTime:0.001000s ]
SQL: SELECT * FROM `partner`  [ RunTime:0.0000s ]
INFO: [ view_parse ] --START--
INFO: [ template_filter ] --START--
INFO: Run Behavior\ContentReplaceBehavior [ RunTime:0.000000s ]
INFO: [ template_filter ] --END-- [ RunTime:0.000000s ]
NOTIC: [8] Undefined variable: option D:\www\news\application\Runtime\Cache\Admin\9f64657d84f21ed55e904f2fa87ba2d6.php 第 81 行.
INFO: Run Behavior\ParseTemplateBehavior [ RunTime:0.006000s ]
INFO: [ view_parse ] --END-- [ RunTime:0.006000s ]
INFO: [ view_filter ] --START--
INFO: Run Behavior\WriteHtmlCacheBehavior [ RunTime:0.000000s ]
INFO: [ view_filter ] --END-- [ RunTime:0.000000s ]
INFO: [ app_end ] --START--
INFO: Run Behavior\ShowPageTraceBehavior [ RunTime:0.001000s ]
INFO: [ app_end ] --END-- [ RunTime:0.001000s ]

[ 2017-07-03T20:05:32+08:00 ] ::1 /news/admin.php/Article/index
INFO: [ app_init ] --START--
INFO: Run Behavior\BuildLiteBehavior [ RunTime:0.000000s ]
INFO: [ app_init ] --END-- [ RunTime:0.001000s ]
INFO: [ app_begin ] --START--
INFO: Run Behavior\ReadHtmlCacheBehavior [ RunTime:0.001000s ]
INFO: [ app_begin ] --END-- [ RunTime:0.001000s ]
SQL: select art.id,art_subject,add_time,is_checked,filepath,ptr_name,cate_name,ptr_url,true_name from article as art left join category as c on cate_id=c.id  left join partner as p on ptr_id=p.id  left join admin as a on admin_id=a.id  [ RunTime:0.0010s ]
INFO: [ view_parse ] --START--
INFO: [ template_filter ] --START--
INFO: Run Behavior\ContentReplaceBehavior [ RunTime:0.000000s ]
INFO: [ template_filter ] --END-- [ RunTime:0.000000s ]
NOTIC: [8] Undefined variable: session D:\www\news\application\Runtime\Cache\Admin\d3f8518c73fe761d1ad395b22c52639e.php 第 19 行.
INFO: Run Behavior\ParseTemplateBehavior [ RunTime:0.004000s ]
INFO: [ view_parse ] --END-- [ RunTime:0.004000s ]
INFO: [ view_filter ] --START--
INFO: Run Behavior\WriteHtmlCacheBehavior [ RunTime:0.000000s ]
INFO: [ view_filter ] --END-- [ RunTime:0.000000s ]
INFO: [ app_end ] --START--
INFO: Run Behavior\ShowPageTraceBehavior [ RunTime:0.001000s ]
INFO: [ app_end ] --END-- [ RunTime:0.001000s ]

[ 2017-07-03T20:05:34+08:00 ] ::1 /news/admin.php/Article/recyclelist
INFO: [ app_init ] --START--
INFO: Run Behavior\BuildLiteBehavior [ RunTime:0.000000s ]
INFO: [ app_init ] --END-- [ RunTime:0.000000s ]
INFO: [ app_begin ] --START--
INFO: Run Behavior\ReadHtmlCacheBehavior [ RunTime:0.001000s ]
INFO: [ app_begin ] --END-- [ RunTime:0.001000s ]
INFO: [ view_parse ] --START--
INFO: [ template_filter ] --START--
INFO: Run Behavior\ContentReplaceBehavior [ RunTime:0.000000s ]
INFO: [ template_filter ] --END-- [ RunTime:0.000000s ]
NOTIC: [8] Undefined index: keywords D:\www\news\application\Runtime\Cache\Admin\a29ec9f7e0e032f1bbfd6b8313b4c981.php 第 11 行.
NOTIC: [8] Undefined variable: session D:\www\news\application\Runtime\Cache\Admin\a29ec9f7e0e032f1bbfd6b8313b4c981.php 第 73 行.
NOTIC: [8] Undefined variable: rowset D:\www\news\application\Runtime\Cache\Admin\a29ec9f7e0e032f1bbfd6b8313b4c981.php 第 143 行.
NOTIC: [2] Invalid argument supplied for foreach() D:\www\news\application\Runtime\Cache\Admin\a29ec9f7e0e032f1bbfd6b8313b4c981.php 第 143 行.
INFO: Run Behavior\ParseTemplateBehavior [ RunTime:0.007000s ]
INFO: [ view_parse ] --END-- [ RunTime:0.008000s ]
INFO: [ view_filter ] --START--
INFO: Run Behavior\WriteHtmlCacheBehavior [ RunTime:0.001000s ]
INFO: [ view_filter ] --END-- [ RunTime:0.001000s ]
INFO: [ app_end ] --START--
INFO: Run Behavior\ShowPageTraceBehavior [ RunTime:0.001000s ]
INFO: [ app_end ] --END-- [ RunTime:0.001000s ]

[ 2017-07-03T20:05:37+08:00 ] ::1 /news/admin.php/Pattner/create
INFO: [ app_init ] --START--
INFO: Run Behavior\BuildLiteBehavior [ RunTime:0.000000s ]
INFO: [ app_init ] --END-- [ RunTime:0.000000s ]
INFO: [ app_begin ] --START--
INFO: Run Behavior\ReadHtmlCacheBehavior [ RunTime:0.000000s ]
INFO: [ app_begin ] --END-- [ RunTime:0.000000s ]
ERR: 无法加载控制器:Pattner

[ 2017-07-03T20:05:41+08:00 ] ::1 /news/admin.php/Admin/create
INFO: [ app_init ] --START--
INFO: Run Behavior\BuildLiteBehavior [ RunTime:0.000000s ]
INFO: [ app_init ] --END-- [ RunTime:0.000000s ]
INFO: [ app_begin ] --START--
INFO: Run Behavior\ReadHtmlCacheBehavior [ RunTime:0.001000s ]
INFO: [ app_begin ] --END-- [ RunTime:0.001000s ]
INFO: [ view_parse ] --START--
INFO: [ template_filter ] --START--
INFO: Run Behavior\ContentReplaceBehavior [ RunTime:0.000000s ]
INFO: [ template_filter ] --END-- [ RunTime:0.000000s ]
INFO: Run Behavior\ParseTemplateBehavior [ RunTime:0.005000s ]
INFO: [ view_parse ] --END-- [ RunTime:0.005000s ]
INFO: [ view_filter ] --START--
INFO: Run Behavior\WriteHtmlCacheBehavior [ RunTime:0.001000s ]
INFO: [ view_filter ] --END-- [ RunTime:0.001000s ]
INFO: [ app_end ] --START--
INFO: Run Behavior\ShowPageTraceBehavior [ RunTime:0.000000s ]
INFO: [ app_end ] --END-- [ RunTime:0.000000s ]

[ 2017-07-03T20:05:43+08:00 ] ::1 /news/admin.php/Admin/listing
INFO: [ app_init ] --START--
INFO: Run Behavior\BuildLiteBehavior [ RunTime:0.000000s ]
INFO: [ app_init ] --END-- [ RunTime:0.001000s ]
INFO: [ app_begin ] --START--
INFO: Run Behavior\ReadHtmlCacheBehavior [ RunTime:0.001000s ]
INFO: [ app_begin ] --END-- [ RunTime:0.001000s ]
SQL: SELECT * FROM `admin`  [ RunTime:0.0000s ]
INFO: [ view_parse ] --START--
INFO: [ template_filter ] --START--
INFO: Run Behavior\ContentReplaceBehavior [ RunTime:0.000000s ]
INFO: [ template_filter ] --END-- [ RunTime:0.001000s ]
NOTIC: [8] Undefined variable: session D:\www\news\application\Runtime\Cache\Admin\f4da0b73253b8741d5be7d2a5ef4c1b6.php 第 19 行.
INFO: Run Behavior\ParseTemplateBehavior [ RunTime:0.006000s ]
INFO: [ view_parse ] --END-- [ RunTime:0.006000s ]
INFO: [ view_filter ] --START--
INFO: Run Behavior\WriteHtmlCacheBehavior [ RunTime:0.000000s ]
INFO: [ view_filter ] --END-- [ RunTime:0.000000s ]
INFO: [ app_end ] --START--
INFO: Run Behavior\ShowPageTraceBehavior [ RunTime:0.000000s ]
INFO: [ app_end ] --END-- [ RunTime:0.001000s ]

[ 2017-07-03T20:06:22+08:00 ] ::1 /news/admin.php/Admin/create
INFO: [ app_init ] --START--
INFO: Run Behavior\BuildLiteBehavior [ RunTime:0.000000s ]
INFO: [ app_init ] --END-- [ RunTime:0.000000s ]
INFO: [ app_begin ] --START--
INFO: Run Behavior\ReadHtmlCacheBehavior [ RunTime:0.001000s ]
INFO: [ app_begin ] --END-- [ RunTime:0.001000s ]
INFO: [ view_parse ] --START--
INFO: [ template_filter ] --START--
INFO: Run Behavior\ContentReplaceBehavior [ RunTime:0.000000s ]
INFO: [ template_filter ] --END-- [ RunTime:0.000000s ]
INFO: Run Behavior\ParseTemplateBehavior [ RunTime:0.007000s ]
INFO: [ view_parse ] --END-- [ RunTime:0.007000s ]
INFO: [ view_filter ] --START--
INFO: Run Behavior\WriteHtmlCacheBehavior [ RunTime:0.001000s ]
INFO: [ view_filter ] --END-- [ RunTime:0.001000s ]
INFO: [ app_end ] --START--
INFO: Run Behavior\ShowPageTraceBehavior [ RunTime:0.000000s ]
INFO: [ app_end ] --END-- [ RunTime:0.000000s ]

[ 2017-07-03T20:06:24+08:00 ] ::1 /news/admin.php/Admin/listing
INFO: [ app_init ] --START--
INFO: Run Behavior\BuildLiteBehavior [ RunTime:0.000000s ]
INFO: [ app_init ] --END-- [ RunTime:0.001000s ]
INFO: [ app_begin ] --START--
INFO: Run Behavior\ReadHtmlCacheBehavior [ RunTime:0.001000s ]
INFO: [ app_begin ] --END-- [ RunTime:0.001000s ]
SQL: SELECT * FROM `admin`  [ RunTime:0.0010s ]
INFO: [ view_parse ] --START--
INFO: [ template_filter ] --START--
INFO: Run Behavior\ContentReplaceBehavior [ RunTime:0.000000s ]
INFO: [ template_filter ] --END-- [ RunTime:0.000000s ]
NOTIC: [8] Undefined variable: session D:\www\news\application\Runtime\Cache\Admin\f4da0b73253b8741d5be7d2a5ef4c1b6.php 第 19 行.
INFO: Run Behavior\ParseTemplateBehavior [ RunTime:0.006000s ]
INFO: [ view_parse ] --END-- [ RunTime:0.006000s ]
INFO: [ view_filter ] --START--
INFO: Run Behavior\WriteHtmlCacheBehavior [ RunTime:0.000000s ]
INFO: [ view_filter ] --END-- [ RunTime:0.000000s ]
INFO: [ app_end ] --START--
INFO: Run Behavior\ShowPageTraceBehavior [ RunTime:0.001000s ]
INFO: [ app_end ] --END-- [ RunTime:0.001000s ]

[ 2017-07-03T20:07:26+08:00 ] ::1 /news/admin.php/Admin/listing
INFO: [ app_init ] --START--
INFO: Run Behavior\BuildLiteBehavior [ RunTime:0.000000s ]
INFO: [ app_init ] --END-- [ RunTime:0.001000s ]
INFO: [ app_begin ] --START--
INFO: Run Behavior\ReadHtmlCacheBehavior [ RunTime:0.001000s ]
INFO: [ app_begin ] --END-- [ RunTime:0.001000s ]
SQL: SELECT * FROM `admin`  [ RunTime:0.0010s ]
INFO: [ view_parse ] --START--
INFO: [ template_filter ] --START--
INFO: Run Behavior\ContentReplaceBehavior [ RunTime:0.000000s ]
INFO: [ template_filter ] --END-- [ RunTime:0.000000s ]
INFO: Run Behavior\ParseTemplateBehavior [ RunTime:0.004000s ]
INFO: [ view_parse ] --END-- [ RunTime:0.004000s ]
INFO: [ view_filter ] --START--
INFO: Run Behavior\WriteHtmlCacheBehavior [ RunTime:0.000000s ]
INFO: [ view_filter ] --END-- [ RunTime:0.000000s ]
INFO: [ app_end ] --START--
INFO: Run Behavior\ShowPageTraceBehavior [ RunTime:0.001000s ]
INFO: [ app_end ] --END-- [ RunTime:0.001000s ]

[ 2017-07-03T20:07:46+08:00 ] ::1 /news/admin.php/Admin/listing
INFO: [ app_init ] --START--
INFO: Run Behavior\BuildLiteBehavior [ RunTime:0.000000s ]
INFO: [ app_init ] --END-- [ RunTime:0.000000s ]
INFO: [ app_begin ] --START--
INFO: Run Behavior\ReadHtmlCacheBehavior [ RunTime:0.001000s ]
INFO: [ app_begin ] --END-- [ RunTime:0.001000s ]
NOTIC: [8] Undefined index: admin_true D:\www\news\application\Admin\Controller\BaseController.class.php 第 11 行.
SQL: SELECT * FROM `admin`  [ RunTime:0.0010s ]
INFO: [ view_parse ] --START--
INFO: [ template_filter ] --START--
INFO: Run Behavior\ContentReplaceBehavior [ RunTime:0.000000s ]
INFO: [ template_filter ] --END-- [ RunTime:0.000000s ]
INFO: Run Behavior\ParseTemplateBehavior [ RunTime:0.005000s ]
INFO: [ view_parse ] --END-- [ RunTime:0.005000s ]
INFO: [ view_filter ] --START--
INFO: Run Behavior\WriteHtmlCacheBehavior [ RunTime:0.001000s ]
INFO: [ view_filter ] --END-- [ RunTime:0.001000s ]
INFO: [ app_end ] --START--
INFO: Run Behavior\ShowPageTraceBehavior [ RunTime:0.000000s ]
INFO: [ app_end ] --END-- [ RunTime:0.000000s ]

[ 2017-07-03T20:07:48+08:00 ] ::1 /news/admin.php/Admin/listing
INFO: [ app_init ] --START--
INFO: Run Behavior\BuildLiteBehavior [ RunTime:0.000000s ]
INFO: [ app_init ] --END-- [ RunTime:0.000000s ]
INFO: [ app_begin ] --START--
INFO: Run Behavior\ReadHtmlCacheBehavior [ RunTime:0.001000s ]
INFO: [ app_begin ] --END-- [ RunTime:0.001000s ]
NOTIC: [8] Undefined index: admin_true D:\www\news\application\Admin\Controller\BaseController.class.php 第 11 行.
SQL: SELECT * FROM `admin`  [ RunTime:0.0010s ]
INFO: [ view_parse ] --START--
INFO: [ template_filter ] --START--
INFO: Run Behavior\ContentReplaceBehavior [ RunTime:0.000000s ]
INFO: [ template_filter ] --END-- [ RunTime:0.000000s ]
INFO: Run Behavior\ParseTemplateBehavior [ RunTime:0.003000s ]
INFO: [ view_parse ] --END-- [ RunTime:0.003000s ]
INFO: [ view_filter ] --START--
INFO: Run Behavior\WriteHtmlCacheBehavior [ RunTime:0.001000s ]
INFO: [ view_filter ] --END-- [ RunTime:0.001000s ]
INFO: [ app_end ] --START--
INFO: Run Behavior\ShowPageTraceBehavior [ RunTime:0.000000s ]
INFO: [ app_end ] --END-- [ RunTime:0.000000s ]

[ 2017-07-03T20:08:03+08:00 ] ::1 /news/admin.php/Admin/listing
INFO: [ app_init ] --START--
INFO: Run Behavior\BuildLiteBehavior [ RunTime:0.000000s ]
INFO: [ app_init ] --END-- [ RunTime:0.001000s ]
INFO: [ app_begin ] --START--
INFO: Run Behavior\ReadHtmlCacheBehavior [ RunTime:0.001000s ]
INFO: [ app_begin ] --END-- [ RunTime:0.001000s ]
SQL: SELECT * FROM `admin`  [ RunTime:0.0010s ]
INFO: [ view_parse ] --START--
INFO: [ template_filter ] --START--
INFO: Run Behavior\ContentReplaceBehavior [ RunTime:0.000000s ]
INFO: [ template_filter ] --END-- [ RunTime:0.000000s ]
INFO: Run Behavior\ParseTemplateBehavior [ RunTime:0.006000s ]
INFO: [ view_parse ] --END-- [ RunTime:0.006000s ]
INFO: [ view_filter ] --START--
INFO: Run Behavior\WriteHtmlCacheBehavior [ RunTime:0.000000s ]
INFO: [ view_filter ] --END-- [ RunTime:0.000000s ]
INFO: [ app_end ] --START--
INFO: Run Behavior\ShowPageTraceBehavior [ RunTime:0.001000s ]
INFO: [ app_end ] --END-- [ RunTime:0.001000s ]

[ 2017-07-03T20:09:03+08:00 ] ::1 /news/admin.php/Admin/listing
INFO: [ app_init ] --START--
INFO: Run Behavior\BuildLiteBehavior [ RunTime:0.000000s ]
INFO: [ app_init ] --END-- [ RunTime:0.001000s ]
INFO: [ app_begin ] --START--
INFO: Run Behavior\ReadHtmlCacheBehavior [ RunTime:0.000000s ]
INFO: [ app_begin ] --END-- [ RunTime:0.000000s ]
SQL: SELECT * FROM `admin`  [ RunTime:0.0010s ]
INFO: [ view_parse ] --START--
INFO: [ template_filter ] --START--
INFO: Run Behavior\ContentReplaceBehavior [ RunTime:0.000000s ]
INFO: [ template_filter ] --END-- [ RunTime:0.000000s ]
INFO: Run Behavior\ParseTemplateBehavior [ RunTime:0.005000s ]
INFO: [ view_parse ] --END-- [ RunTime:0.005000s ]
INFO: [ view_filter ] --START--
INFO: Run Behavior\WriteHtmlCacheBehavior [ RunTime:0.000000s ]
INFO: [ view_filter ] --END-- [ RunTime:0.000000s ]
INFO: [ app_end ] --START--
INFO: Run Behavior\ShowPageTraceBehavior [ RunTime:0.000000s ]
INFO: [ app_end ] --END-- [ RunTime:0.000000s ]

[ 2017-07-03T20:09:05+08:00 ] ::1 /news/admin.php/Admin/create
INFO: [ app_init ] --START--
INFO: Run Behavior\BuildLiteBehavior [ RunTime:0.000000s ]
INFO: [ app_init ] --END-- [ RunTime:0.001000s ]
INFO: [ app_begin ] --START--
INFO: Run Behavior\ReadHtmlCacheBehavior [ RunTime:0.001000s ]
INFO: [ app_begin ] --END-- [ RunTime:0.001000s ]
INFO: [ view_parse ] --START--
INFO: [ template_filter ] --START--
INFO: Run Behavior\ContentReplaceBehavior [ RunTime:0.000000s ]
INFO: [ template_filter ] --END-- [ RunTime:0.000000s ]
INFO: Run Behavior\ParseTemplateBehavior [ RunTime:0.005000s ]
INFO: [ view_parse ] --END-- [ RunTime:0.005000s ]
INFO: [ view_filter ] --START--
INFO: Run Behavior\WriteHtmlCacheBehavior [ RunTime:0.000000s ]
INFO: [ view_filter ] --END-- [ RunTime:0.000000s ]
INFO: [ app_end ] --START--
INFO: Run Behavior\ShowPageTraceBehavior [ RunTime:0.001000s ]
INFO: [ app_end ] --END-- [ RunTime:0.001000s ]

[ 2017-07-03T20:09:08+08:00 ] ::1 /news/admin.php/Admin/listing
INFO: [ app_init ] --START--
INFO: Run Behavior\BuildLiteBehavior [ RunTime:0.000000s ]
INFO: [ app_init ] --END-- [ RunTime:0.001000s ]
INFO: [ app_begin ] --START--
INFO: Run Behavior\ReadHtmlCacheBehavior [ RunTime:0.000000s ]
INFO: [ app_begin ] --END-- [ RunTime:0.000000s ]
SQL: SELECT * FROM `admin`  [ RunTime:0.0000s ]
INFO: [ view_parse ] --START--
INFO: [ template_filter ] --START--
INFO: Run Behavior\ContentReplaceBehavior [ RunTime:0.000000s ]
INFO: [ template_filter ] --END-- [ RunTime:0.000000s ]
INFO: Run Behavior\ParseTemplateBehavior [ RunTime:0.003000s ]
INFO: [ view_parse ] --END-- [ RunTime:0.003000s ]
INFO: [ view_filter ] --START--
INFO: Run Behavior\WriteHtmlCacheBehavior [ RunTime:0.001000s ]
INFO: [ view_filter ] --END-- [ RunTime:0.001000s ]
INFO: [ app_end ] --START--
INFO: Run Behavior\ShowPageTraceBehavior [ RunTime:0.000000s ]
INFO: [ app_end ] --END-- [ RunTime:0.000000s ]

[ 2017-07-03T20:09:10+08:00 ] ::1 /news/admin.php/Admin/create
INFO: [ app_init ] --START--
INFO: Run Behavior\BuildLiteBehavior [ RunTime:0.000000s ]
INFO: [ app_init ] --END-- [ RunTime:0.000000s ]
INFO: [ app_begin ] --START--
INFO: Run Behavior\ReadHtmlCacheBehavior [ RunTime:0.001000s ]
INFO: [ app_begin ] --END-- [ RunTime:0.001000s ]
INFO: [ view_parse ] --START--
INFO: [ template_filter ] --START--
INFO: Run Behavior\ContentReplaceBehavior [ RunTime:0.000000s ]
INFO: [ template_filter ] --END-- [ RunTime:0.000000s ]
INFO: Run Behavior\ParseTemplateBehavior [ RunTime:0.006000s ]
INFO: [ view_parse ] --END-- [ RunTime:0.006000s ]
INFO: [ view_filter ] --START--
INFO: Run Behavior\WriteHtmlCacheBehavior [ RunTime:0.000000s ]
INFO: [ view_filter ] --END-- [ RunTime:0.000000s ]
INFO: [ app_end ] --START--
INFO: Run Behavior\ShowPageTraceBehavior [ RunTime:0.001000s ]
INFO: [ app_end ] --END-- [ RunTime:0.001000s ]

[ 2017-07-03T20:09:14+08:00 ] ::1 /news/admin.php/Article/create
INFO: [ app_init ] --START--
INFO: Run Behavior\BuildLiteBehavior [ RunTime:0.000000s ]
INFO: [ app_init ] --END-- [ RunTime:0.000000s ]
INFO: [ app_begin ] --START--
INFO: Run Behavior\ReadHtmlCacheBehavior [ RunTime:0.000000s ]
INFO: [ app_begin ] --END-- [ RunTime:0.000000s ]
SQL: SELECT * FROM `partner`  [ RunTime:0.0000s ]
INFO: [ view_parse ] --START--
INFO: [ template_filter ] --START--
INFO: Run Behavior\ContentReplaceBehavior [ RunTime:0.000000s ]
INFO: [ template_filter ] --END-- [ RunTime:0.000000s ]
NOTIC: [8] Undefined variable: option D:\www\news\application\Runtime\Cache\Admin\9f64657d84f21ed55e904f2fa87ba2d6.php 第 81 行.
INFO: Run Behavior\ParseTemplateBehavior [ RunTime:0.003000s ]
INFO: [ view_parse ] --END-- [ RunTime:0.003000s ]
INFO: [ view_filter ] --START--
INFO: Run Behavior\WriteHtmlCacheBehavior [ RunTime:0.001000s ]
INFO: [ view_filter ] --END-- [ RunTime:0.001000s ]
INFO: [ app_end ] --START--
INFO: Run Behavior\ShowPageTraceBehavior [ RunTime:0.000000s ]
INFO: [ app_end ] --END-- [ RunTime:0.000000s ]

[ 2017-07-03T20:09:16+08:00 ] ::1 /news/admin.php/Article/index
INFO: [ app_init ] --START--
INFO: Run Behavior\BuildLiteBehavior [ RunTime:0.000000s ]
INFO: [ app_init ] --END-- [ RunTime:0.000000s ]
INFO: [ app_begin ] --START--
INFO: Run Behavior\ReadHtmlCacheBehavior [ RunTime:0.001000s ]
INFO: [ app_begin ] --END-- [ RunTime:0.001000s ]
SQL: select art.id,art_subject,add_time,is_checked,filepath,ptr_name,cate_name,ptr_url,true_name from article as art left join category as c on cate_id=c.id  left join partner as p on ptr_id=p.id  left join admin as a on admin_id=a.id  [ RunTime:0.0020s ]
INFO: [ view_parse ] --START--
INFO: [ template_filter ] --START--
INFO: Run Behavior\ContentReplaceBehavior [ RunTime:0.000000s ]
INFO: [ template_filter ] --END-- [ RunTime:0.000000s ]
NOTIC: [8] Undefined variable: session D:\www\news\application\Runtime\Cache\Admin\d3f8518c73fe761d1ad395b22c52639e.php 第 19 行.
INFO: Run Behavior\ParseTemplateBehavior [ RunTime:0.004000s ]
INFO: [ view_parse ] --END-- [ RunTime:0.004000s ]
INFO: [ view_filter ] --START--
INFO: Run Behavior\WriteHtmlCacheBehavior [ RunTime:0.000000s ]
INFO: [ view_filter ] --END-- [ RunTime:0.000000s ]
INFO: [ app_end ] --START--
INFO: Run Behavior\ShowPageTraceBehavior [ RunTime:0.000000s ]
INFO: [ app_end ] --END-- [ RunTime:0.000000s ]

[ 2017-07-03T20:09:58+08:00 ] ::1 /news/admin.php/Article/index
INFO: [ app_init ] --START--
INFO: Run Behavior\BuildLiteBehavior [ RunTime:0.000000s ]
INFO: [ app_init ] --END-- [ RunTime:0.001000s ]
INFO: [ app_begin ] --START--
INFO: Run Behavior\ReadHtmlCacheBehavior [ RunTime:0.001000s ]
INFO: [ app_begin ] --END-- [ RunTime:0.001000s ]
SQL: select art.id,art_subject,add_time,is_checked,filepath,ptr_name,cate_name,ptr_url,true_name from article as art left join category as c on cate_id=c.id  left join partner as p on ptr_id=p.id  left join admin as a on admin_id=a.id  [ RunTime:0.0020s ]
INFO: [ view_parse ] --START--
INFO: [ template_filter ] --START--
INFO: Run Behavior\ContentReplaceBehavior [ RunTime:0.001000s ]
INFO: [ template_filter ] --END-- [ RunTime:0.001000s ]
INFO: Run Behavior\ParseTemplateBehavior [ RunTime:0.004000s ]
INFO: [ view_parse ] --END-- [ RunTime:0.004000s ]
INFO: [ view_filter ] --START--
INFO: Run Behavior\WriteHtmlCacheBehavior [ RunTime:0.001000s ]
INFO: [ view_filter ] --END-- [ RunTime:0.001000s ]
INFO: [ app_end ] --START--
INFO: Run Behavior\ShowPageTraceBehavior [ RunTime:0.000000s ]
INFO: [ app_end ] --END-- [ RunTime:0.000000s ]

[ 2017-07-03T20:10:00+08:00 ] ::1 /news/admin.php/Article/create
INFO: [ app_init ] --START--
INFO: Run Behavior\BuildLiteBehavior [ RunTime:0.000000s ]
INFO: [ app_init ] --END-- [ RunTime:0.000000s ]
INFO: [ app_begin ] --START--
INFO: Run Behavior\ReadHtmlCacheBehavior [ RunTime:0.001000s ]
INFO: [ app_begin ] --END-- [ RunTime:0.001000s ]
SQL: SELECT * FROM `partner`  [ RunTime:0.0010s ]
INFO: [ view_parse ] --START--
INFO: [ template_filter ] --START--
INFO: Run Behavior\ContentReplaceBehavior [ RunTime:0.000000s ]
INFO: [ template_filter ] --END-- [ RunTime:0.000000s ]
NOTIC: [8] Undefined variable: option D:\www\news\application\Runtime\Cache\Admin\9f64657d84f21ed55e904f2fa87ba2d6.php 第 81 行.
INFO: Run Behavior\ParseTemplateBehavior [ RunTime:0.007000s ]
INFO: [ view_parse ] --END-- [ RunTime:0.007000s ]
INFO: [ view_filter ] --START--
INFO: Run Behavior\WriteHtmlCacheBehavior [ RunTime:0.000000s ]
INFO: [ view_filter ] --END-- [ RunTime:0.000000s ]
INFO: [ app_end ] --START--
INFO: Run Behavior\ShowPageTraceBehavior [ RunTime:0.000000s ]
INFO: [ app_end ] --END-- [ RunTime:0.000000s ]

[ 2017-07-03T20:10:01+08:00 ] ::1 /news/admin.php/Article/index
INFO: [ app_init ] --START--
INFO: Run Behavior\BuildLiteBehavior [ RunTime:0.000000s ]
INFO: [ app_init ] --END-- [ RunTime:0.000000s ]
INFO: [ app_begin ] --START--
INFO: Run Behavior\ReadHtmlCacheBehavior [ RunTime:0.000000s ]
INFO: [ app_begin ] --END-- [ RunTime:0.001000s ]
SQL: select art.id,art_subject,add_time,is_checked,filepath,ptr_name,cate_name,ptr_url,true_name from article as art left join category as c on cate_id=c.id  left join partner as p on ptr_id=p.id  left join admin as a on admin_id=a.id  [ RunTime:0.0020s ]
INFO: [ view_parse ] --START--
INFO: [ template_filter ] --START--
INFO: Run Behavior\ContentReplaceBehavior [ RunTime:0.001000s ]
INFO: [ template_filter ] --END-- [ RunTime:0.001000s ]
INFO: Run Behavior\ParseTemplateBehavior [ RunTime:0.006000s ]
INFO: [ view_parse ] --END-- [ RunTime:0.006000s ]
INFO: [ view_filter ] --START--
INFO: Run Behavior\WriteHtmlCacheBehavior [ RunTime:0.000000s ]
INFO: [ view_filter ] --END-- [ RunTime:0.000000s ]
INFO: [ app_end ] --START--
INFO: Run Behavior\ShowPageTraceBehavior [ RunTime:0.000000s ]
INFO: [ app_end ] --END-- [ RunTime:0.000000s ]

[ 2017-07-03T20:10:04+08:00 ] ::1 /news/admin.php/Article/recyclelist
INFO: [ app_init ] --START--
INFO: Run Behavior\BuildLiteBehavior [ RunTime:0.000000s ]
INFO: [ app_init ] --END-- [ RunTime:0.000000s ]
INFO: [ app_begin ] --START--
INFO: Run Behavior\ReadHtmlCacheBehavior [ RunTime:0.000000s ]
INFO: [ app_begin ] --END-- [ RunTime:0.000000s ]
INFO: [ view_parse ] --START--
INFO: [ template_filter ] --START--
INFO: Run Behavior\ContentReplaceBehavior [ RunTime:0.000000s ]
INFO: [ template_filter ] --END-- [ RunTime:0.000000s ]
NOTIC: [8] Undefined index: keywords D:\www\news\application\Runtime\Cache\Admin\a29ec9f7e0e032f1bbfd6b8313b4c981.php 第 11 行.
NOTIC: [8] Undefined variable: rowset D:\www\news\application\Runtime\Cache\Admin\a29ec9f7e0e032f1bbfd6b8313b4c981.php 第 143 行.
NOTIC: [2] Invalid argument supplied for foreach() D:\www\news\application\Runtime\Cache\Admin\a29ec9f7e0e032f1bbfd6b8313b4c981.php 第 143 行.
INFO: Run Behavior\ParseTemplateBehavior [ RunTime:0.000000s ]
INFO: [ view_parse ] --END-- [ RunTime:0.000000s ]
INFO: [ view_filter ] --START--
INFO: Run Behavior\WriteHtmlCacheBehavior [ RunTime:0.000000s ]
INFO: [ view_filter ] --END-- [ RunTime:0.000000s ]
INFO: [ app_end ] --START--
INFO: Run Behavior\ShowPageTraceBehavior [ RunTime:0.000000s ]
INFO: [ app_end ] --END-- [ RunTime:0.000000s ]

